2022-12-25 00:04:09,378 - INFO read_data.py [line:24]: 加载 /Users/yoga/Desktop/练手/UI自动化框架模板/framework/config/setting.json 文件......
2022-12-25 00:04:09,383 - INFO read_data.py [line:27]: 读到数据 ==>>  {'browser_type': 'chrome', 'host': 'https://passport.baidu.com/v2/?reg&tt=1668347090908&overseas=undefined&gid=5D882F4-5ABB-4058-8BD4-6E7CE0ECA9BC&tpl=mn&u=https%3A%2F%2Fwww.baidu.com%2F', 'username': 'yoga', 'pwd': 'yoga'} 
2022-12-25 00:04:09,389 - INFO test_signup.py [line:15]: signup_data is [['Register_abnormal001', '密码少于8位', 'yogachuan', '17810200310', 'y123456', '不符合要求'], ['Register_abnormal002', '密码大于14位', 'yogachuan', '17810200310', 'y123456789yyyyy', '不符合要求'], ['Register_abnormal003', '密码纯数字', 'yogachuan', '17810200310', '123456789', '不符合要求'], ['Register_abnormal004', '密码纯字母', 'yogachuan', '17810200310', 'abcdefg', '不符合要求'], ['Register_abnormal005', '密码纯符号', 'yogachuan', '17810200310', '，，，，，，，，', '不符合要求'], ['Register_abnormal005', '密码纯符号', 'yogachuan', '17810200310', '。。。。。。。。', '不符合要求'], ['Register_abnormal005', '密码纯符号', 'yogachuan', '17810200310', '、、、、、、、、', '不符合要求'], ['Register_abnormal005', '密码纯符号', 'yogachuan', '17810200310', '；；；；；；；；', '不符合要求'], ['Register_abnormal006', '密码带空格', 'yogachuan', '17810200310', 'y123 456789', '不符合要求'], ['Register_abnormal007', '密码带中文', 'yogachuan', '17810200310', 'y12345678哈', '不符合要求']]
2022-12-25 00:04:09,392 - INFO test_signup.py [line:19]: class setup content
2022-12-25 00:04:12,965 - INFO driver.py [line:49]: 打开链接: https://passport.baidu.com/v2/?reg&tt=1668347090908&overseas=undefined&gid=5D882F4-5ABB-4058-8BD4-6E7CE0ECA9BC&tpl=mn&u=https%3A%2F%2Fwww.baidu.com%2F...
2022-12-25 00:04:12,966 - INFO driver.py [line:50]: WebDriver 初始化完成！
2022-12-25 00:04:12,969 - INFO test_signup.py [line:30]: function setup content
2022-12-25 00:04:12,969 - INFO test_signup.py [line:39]: 执行测试用例:Register_abnormal001,用例说明:密码少于8位
2022-12-25 00:04:12,969 - INFO signup_page.py [line:19]: 【===开始注册操作===】
2022-12-25 00:04:12,969 - INFO basepage.py [line:27]: 等待"等待用户名输入框"元素,定位方式:('id', 'TANGRAM__PSP_4__userName')
2022-12-25 00:04:12,987 - INFO basepage.py [line:32]: 等待"等待用户名输入框"时长:0:00:00.017829
2022-12-25 00:04:12,987 - INFO basepage.py [line:41]: 查找"清空用户名输入框"元素，元素定位:('id', 'TANGRAM__PSP_4__userName')
2022-12-25 00:04:12,990 - INFO basepage.py [line:89]: 清除"清空用户名输入框",元素定位:('id', 'TANGRAM__PSP_4__userName')
2022-12-25 00:04:13,007 - INFO basepage.py [line:41]: 查找"输入用户名"元素，元素定位:('id', 'TANGRAM__PSP_4__userName')
2022-12-25 00:04:13,010 - INFO basepage.py [line:76]: 在"输入用户名"输入"yogachuan",元素定位:('id', 'TANGRAM__PSP_4__userName')
2022-12-25 00:04:13,067 - INFO basepage.py [line:27]: 等待"等待手机号输入框"元素,定位方式:('id', 'TANGRAM__PSP_4__phone')
2022-12-25 00:04:13,078 - INFO basepage.py [line:32]: 等待"等待手机号输入框"时长:0:00:00.010433
2022-12-25 00:04:13,078 - INFO basepage.py [line:41]: 查找"清空手机号输入框"元素，元素定位:('id', 'TANGRAM__PSP_4__phone')
2022-12-25 00:04:13,081 - INFO basepage.py [line:89]: 清除"清空手机号输入框",元素定位:('id', 'TANGRAM__PSP_4__phone')
2022-12-25 00:04:13,093 - INFO basepage.py [line:41]: 查找"输入手机号"元素，元素定位:('id', 'TANGRAM__PSP_4__phone')
2022-12-25 00:04:13,095 - INFO basepage.py [line:76]: 在"输入手机号"输入"17810200310",元素定位:('id', 'TANGRAM__PSP_4__phone')
2022-12-25 00:04:13,117 - INFO basepage.py [line:27]: 等待"等待密码输入框"元素,定位方式:('id', 'TANGRAM__PSP_4__password')
2022-12-25 00:04:13,127 - INFO basepage.py [line:32]: 等待"等待密码输入框"时长:0:00:00.009521
2022-12-25 00:04:13,127 - INFO basepage.py [line:41]: 查找"清空密码输入框"元素，元素定位:('id', 'TANGRAM__PSP_4__password')
2022-12-25 00:04:13,130 - INFO basepage.py [line:89]: 清除"清空密码输入框",元素定位:('id', 'TANGRAM__PSP_4__password')
2022-12-25 00:04:13,144 - INFO basepage.py [line:41]: 查找"输入密码"元素，元素定位:('id', 'TANGRAM__PSP_4__password')
2022-12-25 00:04:13,147 - INFO basepage.py [line:76]: 在"输入密码"输入"y123456",元素定位:('id', 'TANGRAM__PSP_4__password')
2022-12-25 00:04:13,181 - INFO basepage.py [line:41]: 查找"点击注册输入框"元素，元素定位:('id', 'TANGRAM__PSP_4__verifyCode')
2022-12-25 00:04:13,186 - INFO basepage.py [line:64]: 点击"点击注册输入框",元素定位:('id', 'TANGRAM__PSP_4__verifyCode')
2022-12-25 00:04:13,244 - INFO basepage.py [line:41]: 查找"获取断言文本"元素，元素定位:('class name', 'pwd-strength-detail')
2022-12-25 00:04:13,250 - INFO basepage.py [line:103]: 获取"获取断言文本"元素文本内容，元素定位:('class name', 'pwd-strength-detail')
2022-12-25 00:04:13,257 - INFO basepage.py [line:106]: 获取"获取断言文本"元素文本内容为"密码设置不符合要求",元素定位:('class name', 'pwd-strength-detail')
2022-12-25 00:04:14,262 - INFO signup_page.py [line:35]: 【===结束注册操作===】
2022-12-25 00:04:14,263 - INFO test_signup.py [line:34]: function teardown content
2022-12-25 00:04:14,270 - INFO test_signup.py [line:30]: function setup content
2022-12-25 00:04:14,270 - INFO test_signup.py [line:39]: 执行测试用例:Register_abnormal002,用例说明:密码大于14位
2022-12-25 00:04:14,270 - INFO signup_page.py [line:19]: 【===开始注册操作===】
2022-12-25 00:04:14,270 - INFO basepage.py [line:27]: 等待"等待用户名输入框"元素,定位方式:('id', 'TANGRAM__PSP_4__userName')
2022-12-25 00:04:14,285 - INFO basepage.py [line:32]: 等待"等待用户名输入框"时长:0:00:00.014751
2022-12-25 00:04:14,285 - INFO basepage.py [line:41]: 查找"清空用户名输入框"元素，元素定位:('id', 'TANGRAM__PSP_4__userName')
2022-12-25 00:04:14,291 - INFO basepage.py [line:89]: 清除"清空用户名输入框",元素定位:('id', 'TANGRAM__PSP_4__userName')
2022-12-25 00:04:14,323 - INFO basepage.py [line:41]: 查找"输入用户名"元素，元素定位:('id', 'TANGRAM__PSP_4__userName')
2022-12-25 00:04:14,327 - INFO basepage.py [line:76]: 在"输入用户名"输入"yogachuan",元素定位:('id', 'TANGRAM__PSP_4__userName')
2022-12-25 00:04:14,385 - INFO basepage.py [line:27]: 等待"等待手机号输入框"元素,定位方式:('id', 'TANGRAM__PSP_4__phone')
2022-12-25 00:04:14,393 - INFO basepage.py [line:32]: 等待"等待手机号输入框"时长:0:00:00.007314
2022-12-25 00:04:14,393 - INFO basepage.py [line:41]: 查找"清空手机号输入框"元素，元素定位:('id', 'TANGRAM__PSP_4__phone')
2022-12-25 00:04:14,395 - INFO basepage.py [line:89]: 清除"清空手机号输入框",元素定位:('id', 'TANGRAM__PSP_4__phone')
2022-12-25 00:04:14,420 - INFO basepage.py [line:41]: 查找"输入手机号"元素，元素定位:('id', 'TANGRAM__PSP_4__phone')
2022-12-25 00:04:14,423 - INFO basepage.py [line:76]: 在"输入手机号"输入"17810200310",元素定位:('id', 'TANGRAM__PSP_4__phone')
2022-12-25 00:04:14,467 - INFO basepage.py [line:27]: 等待"等待密码输入框"元素,定位方式:('id', 'TANGRAM__PSP_4__password')
2022-12-25 00:04:14,475 - INFO basepage.py [line:32]: 等待"等待密码输入框"时长:0:00:00.007715
2022-12-25 00:04:14,475 - INFO basepage.py [line:41]: 查找"清空密码输入框"元素，元素定位:('id', 'TANGRAM__PSP_4__password')
2022-12-25 00:04:14,479 - INFO basepage.py [line:89]: 清除"清空密码输入框",元素定位:('id', 'TANGRAM__PSP_4__password')
2022-12-25 00:04:14,509 - INFO basepage.py [line:41]: 查找"输入密码"元素，元素定位:('id', 'TANGRAM__PSP_4__password')
2022-12-25 00:04:14,524 - INFO basepage.py [line:76]: 在"输入密码"输入"y123456789yyyyy",元素定位:('id', 'TANGRAM__PSP_4__password')
2022-12-25 00:04:14,582 - INFO basepage.py [line:41]: 查找"点击注册输入框"元素，元素定位:('id', 'TANGRAM__PSP_4__verifyCode')
2022-12-25 00:04:14,587 - INFO basepage.py [line:64]: 点击"点击注册输入框",元素定位:('id', 'TANGRAM__PSP_4__verifyCode')
2022-12-25 00:04:14,622 - INFO basepage.py [line:41]: 查找"获取断言文本"元素，元素定位:('class name', 'pwd-strength-detail')
2022-12-25 00:04:14,627 - INFO basepage.py [line:103]: 获取"获取断言文本"元素文本内容，元素定位:('class name', 'pwd-strength-detail')
2022-12-25 00:04:14,631 - INFO basepage.py [line:106]: 获取"获取断言文本"元素文本内容为"密码设置不符合要求",元素定位:('class name', 'pwd-strength-detail')
2022-12-25 00:04:15,636 - INFO signup_page.py [line:35]: 【===结束注册操作===】
2022-12-25 00:04:15,636 - INFO test_signup.py [line:34]: function teardown content
2022-12-25 00:04:15,650 - INFO test_signup.py [line:30]: function setup content
2022-12-25 00:04:15,655 - INFO test_signup.py [line:39]: 执行测试用例:Register_abnormal003,用例说明:密码纯数字
2022-12-25 00:04:15,655 - INFO signup_page.py [line:19]: 【===开始注册操作===】
2022-12-25 00:04:15,655 - INFO basepage.py [line:27]: 等待"等待用户名输入框"元素,定位方式:('id', 'TANGRAM__PSP_4__userName')
2022-12-25 00:04:15,673 - INFO basepage.py [line:32]: 等待"等待用户名输入框"时长:0:00:00.018027
2022-12-25 00:04:15,674 - INFO basepage.py [line:41]: 查找"清空用户名输入框"元素，元素定位:('id', 'TANGRAM__PSP_4__userName')
2022-12-25 00:04:15,680 - INFO basepage.py [line:89]: 清除"清空用户名输入框",元素定位:('id', 'TANGRAM__PSP_4__userName')
2022-12-25 00:04:15,711 - INFO basepage.py [line:41]: 查找"输入用户名"元素，元素定位:('id', 'TANGRAM__PSP_4__userName')
2022-12-25 00:04:15,716 - INFO basepage.py [line:76]: 在"输入用户名"输入"yogachuan",元素定位:('id', 'TANGRAM__PSP_4__userName')
2022-12-25 00:04:15,745 - INFO basepage.py [line:27]: 等待"等待手机号输入框"元素,定位方式:('id', 'TANGRAM__PSP_4__phone')
2022-12-25 00:04:15,752 - INFO basepage.py [line:32]: 等待"等待手机号输入框"时长:0:00:00.007267
2022-12-25 00:04:15,752 - INFO basepage.py [line:41]: 查找"清空手机号输入框"元素，元素定位:('id', 'TANGRAM__PSP_4__phone')
2022-12-25 00:04:15,755 - INFO basepage.py [line:89]: 清除"清空手机号输入框",元素定位:('id', 'TANGRAM__PSP_4__phone')
2022-12-25 00:04:15,777 - INFO basepage.py [line:41]: 查找"输入手机号"元素，元素定位:('id', 'TANGRAM__PSP_4__phone')
2022-12-25 00:04:15,780 - INFO basepage.py [line:76]: 在"输入手机号"输入"17810200310",元素定位:('id', 'TANGRAM__PSP_4__phone')
2022-12-25 00:04:15,812 - INFO basepage.py [line:27]: 等待"等待密码输入框"元素,定位方式:('id', 'TANGRAM__PSP_4__password')
2022-12-25 00:04:15,824 - INFO basepage.py [line:32]: 等待"等待密码输入框"时长:0:00:00.012151
2022-12-25 00:04:15,824 - INFO basepage.py [line:41]: 查找"清空密码输入框"元素，元素定位:('id', 'TANGRAM__PSP_4__password')
2022-12-25 00:04:15,828 - INFO basepage.py [line:89]: 清除"清空密码输入框",元素定位:('id', 'TANGRAM__PSP_4__password')
2022-12-25 00:04:15,848 - INFO basepage.py [line:41]: 查找"输入密码"元素，元素定位:('id', 'TANGRAM__PSP_4__password')
2022-12-25 00:04:15,861 - INFO basepage.py [line:76]: 在"输入密码"输入"123456789",元素定位:('id', 'TANGRAM__PSP_4__password')
2022-12-25 00:04:15,885 - INFO basepage.py [line:41]: 查找"点击注册输入框"元素，元素定位:('id', 'TANGRAM__PSP_4__verifyCode')
2022-12-25 00:04:15,888 - INFO basepage.py [line:64]: 点击"点击注册输入框",元素定位:('id', 'TANGRAM__PSP_4__verifyCode')
2022-12-25 00:04:15,909 - INFO basepage.py [line:41]: 查找"获取断言文本"元素，元素定位:('class name', 'pwd-strength-detail')
2022-12-25 00:04:15,912 - INFO basepage.py [line:103]: 获取"获取断言文本"元素文本内容，元素定位:('class name', 'pwd-strength-detail')
2022-12-25 00:04:15,915 - INFO basepage.py [line:106]: 获取"获取断言文本"元素文本内容为"密码设置不符合要求",元素定位:('class name', 'pwd-strength-detail')
2022-12-25 00:04:16,919 - INFO signup_page.py [line:35]: 【===结束注册操作===】
2022-12-25 00:04:16,919 - INFO test_signup.py [line:34]: function teardown content
2022-12-25 00:04:16,925 - INFO test_signup.py [line:30]: function setup content
2022-12-25 00:04:16,925 - INFO test_signup.py [line:39]: 执行测试用例:Register_abnormal004,用例说明:密码纯字母
2022-12-25 00:04:16,925 - INFO signup_page.py [line:19]: 【===开始注册操作===】
2022-12-25 00:04:16,925 - INFO basepage.py [line:27]: 等待"等待用户名输入框"元素,定位方式:('id', 'TANGRAM__PSP_4__userName')
2022-12-25 00:04:16,940 - INFO basepage.py [line:32]: 等待"等待用户名输入框"时长:0:00:00.014922
2022-12-25 00:04:16,940 - INFO basepage.py [line:41]: 查找"清空用户名输入框"元素，元素定位:('id', 'TANGRAM__PSP_4__userName')
2022-12-25 00:04:16,946 - INFO basepage.py [line:89]: 清除"清空用户名输入框",元素定位:('id', 'TANGRAM__PSP_4__userName')
2022-12-25 00:04:16,979 - INFO basepage.py [line:41]: 查找"输入用户名"元素，元素定位:('id', 'TANGRAM__PSP_4__userName')
2022-12-25 00:04:16,985 - INFO basepage.py [line:76]: 在"输入用户名"输入"yogachuan",元素定位:('id', 'TANGRAM__PSP_4__userName')
2022-12-25 00:04:17,016 - INFO basepage.py [line:27]: 等待"等待手机号输入框"元素,定位方式:('id', 'TANGRAM__PSP_4__phone')
2022-12-25 00:04:17,023 - INFO basepage.py [line:32]: 等待"等待手机号输入框"时长:0:00:00.007284
2022-12-25 00:04:17,023 - INFO basepage.py [line:41]: 查找"清空手机号输入框"元素，元素定位:('id', 'TANGRAM__PSP_4__phone')
2022-12-25 00:04:17,027 - INFO basepage.py [line:89]: 清除"清空手机号输入框",元素定位:('id', 'TANGRAM__PSP_4__phone')
2022-12-25 00:04:17,049 - INFO basepage.py [line:41]: 查找"输入手机号"元素，元素定位:('id', 'TANGRAM__PSP_4__phone')
2022-12-25 00:04:17,053 - INFO basepage.py [line:76]: 在"输入手机号"输入"17810200310",元素定位:('id', 'TANGRAM__PSP_4__phone')
2022-12-25 00:04:17,077 - INFO basepage.py [line:27]: 等待"等待密码输入框"元素,定位方式:('id', 'TANGRAM__PSP_4__password')
2022-12-25 00:04:17,084 - INFO basepage.py [line:32]: 等待"等待密码输入框"时长:0:00:00.006699
2022-12-25 00:04:17,084 - INFO basepage.py [line:41]: 查找"清空密码输入框"元素，元素定位:('id', 'TANGRAM__PSP_4__password')
2022-12-25 00:04:17,087 - INFO basepage.py [line:89]: 清除"清空密码输入框",元素定位:('id', 'TANGRAM__PSP_4__password')
2022-12-25 00:04:17,103 - INFO basepage.py [line:41]: 查找"输入密码"元素，元素定位:('id', 'TANGRAM__PSP_4__password')
2022-12-25 00:04:17,115 - INFO basepage.py [line:76]: 在"输入密码"输入"abcdefg",元素定位:('id', 'TANGRAM__PSP_4__password')
2022-12-25 00:04:17,135 - INFO basepage.py [line:41]: 查找"点击注册输入框"元素，元素定位:('id', 'TANGRAM__PSP_4__verifyCode')
2022-12-25 00:04:17,138 - INFO basepage.py [line:64]: 点击"点击注册输入框",元素定位:('id', 'TANGRAM__PSP_4__verifyCode')
2022-12-25 00:04:17,159 - INFO basepage.py [line:41]: 查找"获取断言文本"元素，元素定位:('class name', 'pwd-strength-detail')
2022-12-25 00:04:17,162 - INFO basepage.py [line:103]: 获取"获取断言文本"元素文本内容，元素定位:('class name', 'pwd-strength-detail')
2022-12-25 00:04:17,166 - INFO basepage.py [line:106]: 获取"获取断言文本"元素文本内容为"密码设置不符合要求",元素定位:('class name', 'pwd-strength-detail')
2022-12-25 00:04:18,171 - INFO signup_page.py [line:35]: 【===结束注册操作===】
2022-12-25 00:04:18,172 - INFO test_signup.py [line:34]: function teardown content
2022-12-25 00:04:18,176 - INFO test_signup.py [line:30]: function setup content
2022-12-25 00:04:18,176 - INFO test_signup.py [line:39]: 执行测试用例:Register_abnormal005,用例说明:密码纯符号
2022-12-25 00:04:18,177 - INFO signup_page.py [line:19]: 【===开始注册操作===】
2022-12-25 00:04:18,177 - INFO basepage.py [line:27]: 等待"等待用户名输入框"元素,定位方式:('id', 'TANGRAM__PSP_4__userName')
2022-12-25 00:04:18,194 - INFO basepage.py [line:32]: 等待"等待用户名输入框"时长:0:00:00.016541
2022-12-25 00:04:18,194 - INFO basepage.py [line:41]: 查找"清空用户名输入框"元素，元素定位:('id', 'TANGRAM__PSP_4__userName')
2022-12-25 00:04:18,199 - INFO basepage.py [line:89]: 清除"清空用户名输入框",元素定位:('id', 'TANGRAM__PSP_4__userName')
2022-12-25 00:04:18,230 - INFO basepage.py [line:41]: 查找"输入用户名"元素，元素定位:('id', 'TANGRAM__PSP_4__userName')
2022-12-25 00:04:18,235 - INFO basepage.py [line:76]: 在"输入用户名"输入"yogachuan",元素定位:('id', 'TANGRAM__PSP_4__userName')
2022-12-25 00:04:18,264 - INFO basepage.py [line:27]: 等待"等待手机号输入框"元素,定位方式:('id', 'TANGRAM__PSP_4__phone')
2022-12-25 00:04:18,272 - INFO basepage.py [line:32]: 等待"等待手机号输入框"时长:0:00:00.007077
2022-12-25 00:04:18,272 - INFO basepage.py [line:41]: 查找"清空手机号输入框"元素，元素定位:('id', 'TANGRAM__PSP_4__phone')
2022-12-25 00:04:18,275 - INFO basepage.py [line:89]: 清除"清空手机号输入框",元素定位:('id', 'TANGRAM__PSP_4__phone')
2022-12-25 00:04:18,296 - INFO basepage.py [line:41]: 查找"输入手机号"元素，元素定位:('id', 'TANGRAM__PSP_4__phone')
2022-12-25 00:04:18,300 - INFO basepage.py [line:76]: 在"输入手机号"输入"17810200310",元素定位:('id', 'TANGRAM__PSP_4__phone')
2022-12-25 00:04:18,323 - INFO basepage.py [line:27]: 等待"等待密码输入框"元素,定位方式:('id', 'TANGRAM__PSP_4__password')
2022-12-25 00:04:18,330 - INFO basepage.py [line:32]: 等待"等待密码输入框"时长:0:00:00.007157
2022-12-25 00:04:18,330 - INFO basepage.py [line:41]: 查找"清空密码输入框"元素，元素定位:('id', 'TANGRAM__PSP_4__password')
2022-12-25 00:04:18,333 - INFO basepage.py [line:89]: 清除"清空密码输入框",元素定位:('id', 'TANGRAM__PSP_4__password')
2022-12-25 00:04:18,355 - INFO basepage.py [line:41]: 查找"输入密码"元素，元素定位:('id', 'TANGRAM__PSP_4__password')
2022-12-25 00:04:18,359 - INFO basepage.py [line:76]: 在"输入密码"输入"，，，，，，，，",元素定位:('id', 'TANGRAM__PSP_4__password')
2022-12-25 00:04:18,396 - INFO basepage.py [line:41]: 查找"点击注册输入框"元素，元素定位:('id', 'TANGRAM__PSP_4__verifyCode')
2022-12-25 00:04:18,399 - INFO basepage.py [line:64]: 点击"点击注册输入框",元素定位:('id', 'TANGRAM__PSP_4__verifyCode')
2022-12-25 00:04:18,419 - INFO basepage.py [line:41]: 查找"获取断言文本"元素，元素定位:('class name', 'pwd-strength-detail')
2022-12-25 00:04:18,422 - INFO basepage.py [line:103]: 获取"获取断言文本"元素文本内容，元素定位:('class name', 'pwd-strength-detail')
2022-12-25 00:04:18,425 - INFO basepage.py [line:106]: 获取"获取断言文本"元素文本内容为"密码设置不符合要求",元素定位:('class name', 'pwd-strength-detail')
2022-12-25 00:04:19,430 - INFO signup_page.py [line:35]: 【===结束注册操作===】
2022-12-25 00:04:19,430 - INFO test_signup.py [line:34]: function teardown content
2022-12-25 00:04:19,434 - INFO test_signup.py [line:30]: function setup content
2022-12-25 00:04:19,435 - INFO test_signup.py [line:39]: 执行测试用例:Register_abnormal005,用例说明:密码纯符号
2022-12-25 00:04:19,435 - INFO signup_page.py [line:19]: 【===开始注册操作===】
2022-12-25 00:04:19,435 - INFO basepage.py [line:27]: 等待"等待用户名输入框"元素,定位方式:('id', 'TANGRAM__PSP_4__userName')
2022-12-25 00:04:19,451 - INFO basepage.py [line:32]: 等待"等待用户名输入框"时长:0:00:00.016428
2022-12-25 00:04:19,452 - INFO basepage.py [line:41]: 查找"清空用户名输入框"元素，元素定位:('id', 'TANGRAM__PSP_4__userName')
2022-12-25 00:04:19,457 - INFO basepage.py [line:89]: 清除"清空用户名输入框",元素定位:('id', 'TANGRAM__PSP_4__userName')
2022-12-25 00:04:19,487 - INFO basepage.py [line:41]: 查找"输入用户名"元素，元素定位:('id', 'TANGRAM__PSP_4__userName')
2022-12-25 00:04:19,491 - INFO basepage.py [line:76]: 在"输入用户名"输入"yogachuan",元素定位:('id', 'TANGRAM__PSP_4__userName')
2022-12-25 00:04:19,520 - INFO basepage.py [line:27]: 等待"等待手机号输入框"元素,定位方式:('id', 'TANGRAM__PSP_4__phone')
2022-12-25 00:04:19,528 - INFO basepage.py [line:32]: 等待"等待手机号输入框"时长:0:00:00.007491
2022-12-25 00:04:19,528 - INFO basepage.py [line:41]: 查找"清空手机号输入框"元素，元素定位:('id', 'TANGRAM__PSP_4__phone')
2022-12-25 00:04:19,531 - INFO basepage.py [line:89]: 清除"清空手机号输入框",元素定位:('id', 'TANGRAM__PSP_4__phone')
2022-12-25 00:04:19,552 - INFO basepage.py [line:41]: 查找"输入手机号"元素，元素定位:('id', 'TANGRAM__PSP_4__phone')
2022-12-25 00:04:19,555 - INFO basepage.py [line:76]: 在"输入手机号"输入"17810200310",元素定位:('id', 'TANGRAM__PSP_4__phone')
2022-12-25 00:04:19,581 - INFO basepage.py [line:27]: 等待"等待密码输入框"元素,定位方式:('id', 'TANGRAM__PSP_4__password')
2022-12-25 00:04:19,587 - INFO basepage.py [line:32]: 等待"等待密码输入框"时长:0:00:00.006196
2022-12-25 00:04:19,588 - INFO basepage.py [line:41]: 查找"清空密码输入框"元素，元素定位:('id', 'TANGRAM__PSP_4__password')
2022-12-25 00:04:19,591 - INFO basepage.py [line:89]: 清除"清空密码输入框",元素定位:('id', 'TANGRAM__PSP_4__password')
2022-12-25 00:04:19,622 - INFO basepage.py [line:41]: 查找"输入密码"元素，元素定位:('id', 'TANGRAM__PSP_4__password')
2022-12-25 00:04:19,625 - INFO basepage.py [line:76]: 在"输入密码"输入"。。。。。。。。",元素定位:('id', 'TANGRAM__PSP_4__password')
2022-12-25 00:04:19,648 - INFO basepage.py [line:41]: 查找"点击注册输入框"元素，元素定位:('id', 'TANGRAM__PSP_4__verifyCode')
2022-12-25 00:04:19,651 - INFO basepage.py [line:64]: 点击"点击注册输入框",元素定位:('id', 'TANGRAM__PSP_4__verifyCode')
2022-12-25 00:04:19,670 - INFO basepage.py [line:41]: 查找"获取断言文本"元素，元素定位:('class name', 'pwd-strength-detail')
2022-12-25 00:04:19,673 - INFO basepage.py [line:103]: 获取"获取断言文本"元素文本内容，元素定位:('class name', 'pwd-strength-detail')
2022-12-25 00:04:19,676 - INFO basepage.py [line:106]: 获取"获取断言文本"元素文本内容为"密码设置不符合要求",元素定位:('class name', 'pwd-strength-detail')
2022-12-25 00:04:20,682 - INFO signup_page.py [line:35]: 【===结束注册操作===】
2022-12-25 00:04:20,682 - INFO test_signup.py [line:34]: function teardown content
2022-12-25 00:04:20,688 - INFO test_signup.py [line:30]: function setup content
2022-12-25 00:04:20,688 - INFO test_signup.py [line:39]: 执行测试用例:Register_abnormal005,用例说明:密码纯符号
2022-12-25 00:04:20,688 - INFO signup_page.py [line:19]: 【===开始注册操作===】
2022-12-25 00:04:20,688 - INFO basepage.py [line:27]: 等待"等待用户名输入框"元素,定位方式:('id', 'TANGRAM__PSP_4__userName')
2022-12-25 00:04:20,706 - INFO basepage.py [line:32]: 等待"等待用户名输入框"时长:0:00:00.017011
2022-12-25 00:04:20,706 - INFO basepage.py [line:41]: 查找"清空用户名输入框"元素，元素定位:('id', 'TANGRAM__PSP_4__userName')
2022-12-25 00:04:20,712 - INFO basepage.py [line:89]: 清除"清空用户名输入框",元素定位:('id', 'TANGRAM__PSP_4__userName')
2022-12-25 00:04:20,744 - INFO basepage.py [line:41]: 查找"输入用户名"元素，元素定位:('id', 'TANGRAM__PSP_4__userName')
2022-12-25 00:04:20,749 - INFO basepage.py [line:76]: 在"输入用户名"输入"yogachuan",元素定位:('id', 'TANGRAM__PSP_4__userName')
2022-12-25 00:04:20,780 - INFO basepage.py [line:27]: 等待"等待手机号输入框"元素,定位方式:('id', 'TANGRAM__PSP_4__phone')
2022-12-25 00:04:20,788 - INFO basepage.py [line:32]: 等待"等待手机号输入框"时长:0:00:00.007580
2022-12-25 00:04:20,788 - INFO basepage.py [line:41]: 查找"清空手机号输入框"元素，元素定位:('id', 'TANGRAM__PSP_4__phone')
2022-12-25 00:04:20,791 - INFO basepage.py [line:89]: 清除"清空手机号输入框",元素定位:('id', 'TANGRAM__PSP_4__phone')
2022-12-25 00:04:20,814 - INFO basepage.py [line:41]: 查找"输入手机号"元素，元素定位:('id', 'TANGRAM__PSP_4__phone')
2022-12-25 00:04:20,817 - INFO basepage.py [line:76]: 在"输入手机号"输入"17810200310",元素定位:('id', 'TANGRAM__PSP_4__phone')
2022-12-25 00:04:20,842 - INFO basepage.py [line:27]: 等待"等待密码输入框"元素,定位方式:('id', 'TANGRAM__PSP_4__password')
2022-12-25 00:04:20,849 - INFO basepage.py [line:32]: 等待"等待密码输入框"时长:0:00:00.006769
2022-12-25 00:04:20,849 - INFO basepage.py [line:41]: 查找"清空密码输入框"元素，元素定位:('id', 'TANGRAM__PSP_4__password')
2022-12-25 00:04:20,852 - INFO basepage.py [line:89]: 清除"清空密码输入框",元素定位:('id', 'TANGRAM__PSP_4__password')
2022-12-25 00:04:20,877 - INFO basepage.py [line:41]: 查找"输入密码"元素，元素定位:('id', 'TANGRAM__PSP_4__password')
2022-12-25 00:04:20,880 - INFO basepage.py [line:76]: 在"输入密码"输入"、、、、、、、、",元素定位:('id', 'TANGRAM__PSP_4__password')
2022-12-25 00:04:20,910 - INFO basepage.py [line:41]: 查找"点击注册输入框"元素，元素定位:('id', 'TANGRAM__PSP_4__verifyCode')
2022-12-25 00:04:20,913 - INFO basepage.py [line:64]: 点击"点击注册输入框",元素定位:('id', 'TANGRAM__PSP_4__verifyCode')
2022-12-25 00:04:20,932 - INFO basepage.py [line:41]: 查找"获取断言文本"元素，元素定位:('class name', 'pwd-strength-detail')
2022-12-25 00:04:20,935 - INFO basepage.py [line:103]: 获取"获取断言文本"元素文本内容，元素定位:('class name', 'pwd-strength-detail')
2022-12-25 00:04:20,938 - INFO basepage.py [line:106]: 获取"获取断言文本"元素文本内容为"密码设置不符合要求",元素定位:('class name', 'pwd-strength-detail')
2022-12-25 00:04:21,944 - INFO signup_page.py [line:35]: 【===结束注册操作===】
2022-12-25 00:04:21,944 - INFO test_signup.py [line:34]: function teardown content
2022-12-25 00:04:21,949 - INFO test_signup.py [line:30]: function setup content
2022-12-25 00:04:21,949 - INFO test_signup.py [line:39]: 执行测试用例:Register_abnormal005,用例说明:密码纯符号
2022-12-25 00:04:21,949 - INFO signup_page.py [line:19]: 【===开始注册操作===】
2022-12-25 00:04:21,949 - INFO basepage.py [line:27]: 等待"等待用户名输入框"元素,定位方式:('id', 'TANGRAM__PSP_4__userName')
2022-12-25 00:04:21,966 - INFO basepage.py [line:32]: 等待"等待用户名输入框"时长:0:00:00.016417
2022-12-25 00:04:21,966 - INFO basepage.py [line:41]: 查找"清空用户名输入框"元素，元素定位:('id', 'TANGRAM__PSP_4__userName')
2022-12-25 00:04:21,972 - INFO basepage.py [line:89]: 清除"清空用户名输入框",元素定位:('id', 'TANGRAM__PSP_4__userName')
2022-12-25 00:04:22,004 - INFO basepage.py [line:41]: 查找"输入用户名"元素，元素定位:('id', 'TANGRAM__PSP_4__userName')
2022-12-25 00:04:22,009 - INFO basepage.py [line:76]: 在"输入用户名"输入"yogachuan",元素定位:('id', 'TANGRAM__PSP_4__userName')
2022-12-25 00:04:22,039 - INFO basepage.py [line:27]: 等待"等待手机号输入框"元素,定位方式:('id', 'TANGRAM__PSP_4__phone')
2022-12-25 00:04:22,046 - INFO basepage.py [line:32]: 等待"等待手机号输入框"时长:0:00:00.007203
2022-12-25 00:04:22,046 - INFO basepage.py [line:41]: 查找"清空手机号输入框"元素，元素定位:('id', 'TANGRAM__PSP_4__phone')
2022-12-25 00:04:22,049 - INFO basepage.py [line:89]: 清除"清空手机号输入框",元素定位:('id', 'TANGRAM__PSP_4__phone')
2022-12-25 00:04:22,071 - INFO basepage.py [line:41]: 查找"输入手机号"元素，元素定位:('id', 'TANGRAM__PSP_4__phone')
2022-12-25 00:04:22,074 - INFO basepage.py [line:76]: 在"输入手机号"输入"17810200310",元素定位:('id', 'TANGRAM__PSP_4__phone')
2022-12-25 00:04:22,100 - INFO basepage.py [line:27]: 等待"等待密码输入框"元素,定位方式:('id', 'TANGRAM__PSP_4__password')
2022-12-25 00:04:22,106 - INFO basepage.py [line:32]: 等待"等待密码输入框"时长:0:00:00.006638
2022-12-25 00:04:22,106 - INFO basepage.py [line:41]: 查找"清空密码输入框"元素，元素定位:('id', 'TANGRAM__PSP_4__password')
2022-12-25 00:04:22,109 - INFO basepage.py [line:89]: 清除"清空密码输入框",元素定位:('id', 'TANGRAM__PSP_4__password')
2022-12-25 00:04:22,140 - INFO basepage.py [line:41]: 查找"输入密码"元素，元素定位:('id', 'TANGRAM__PSP_4__password')
2022-12-25 00:04:22,143 - INFO basepage.py [line:76]: 在"输入密码"输入"；；；；；；；；",元素定位:('id', 'TANGRAM__PSP_4__password')
2022-12-25 00:04:22,164 - INFO basepage.py [line:41]: 查找"点击注册输入框"元素，元素定位:('id', 'TANGRAM__PSP_4__verifyCode')
2022-12-25 00:04:22,167 - INFO basepage.py [line:64]: 点击"点击注册输入框",元素定位:('id', 'TANGRAM__PSP_4__verifyCode')
2022-12-25 00:04:22,188 - INFO basepage.py [line:41]: 查找"获取断言文本"元素，元素定位:('class name', 'pwd-strength-detail')
2022-12-25 00:04:22,191 - INFO basepage.py [line:103]: 获取"获取断言文本"元素文本内容，元素定位:('class name', 'pwd-strength-detail')
2022-12-25 00:04:22,195 - INFO basepage.py [line:106]: 获取"获取断言文本"元素文本内容为"密码设置不符合要求",元素定位:('class name', 'pwd-strength-detail')
2022-12-25 00:04:23,200 - INFO signup_page.py [line:35]: 【===结束注册操作===】
2022-12-25 00:04:23,200 - INFO test_signup.py [line:34]: function teardown content
2022-12-25 00:04:23,205 - INFO test_signup.py [line:30]: function setup content
2022-12-25 00:04:23,205 - INFO test_signup.py [line:39]: 执行测试用例:Register_abnormal006,用例说明:密码带空格
2022-12-25 00:04:23,206 - INFO signup_page.py [line:19]: 【===开始注册操作===】
2022-12-25 00:04:23,206 - INFO basepage.py [line:27]: 等待"等待用户名输入框"元素,定位方式:('id', 'TANGRAM__PSP_4__userName')
2022-12-25 00:04:23,222 - INFO basepage.py [line:32]: 等待"等待用户名输入框"时长:0:00:00.016471
2022-12-25 00:04:23,223 - INFO basepage.py [line:41]: 查找"清空用户名输入框"元素，元素定位:('id', 'TANGRAM__PSP_4__userName')
2022-12-25 00:04:23,228 - INFO basepage.py [line:89]: 清除"清空用户名输入框",元素定位:('id', 'TANGRAM__PSP_4__userName')
2022-12-25 00:04:23,259 - INFO basepage.py [line:41]: 查找"输入用户名"元素，元素定位:('id', 'TANGRAM__PSP_4__userName')
2022-12-25 00:04:23,265 - INFO basepage.py [line:76]: 在"输入用户名"输入"yogachuan",元素定位:('id', 'TANGRAM__PSP_4__userName')
2022-12-25 00:04:23,294 - INFO basepage.py [line:27]: 等待"等待手机号输入框"元素,定位方式:('id', 'TANGRAM__PSP_4__phone')
2022-12-25 00:04:23,303 - INFO basepage.py [line:32]: 等待"等待手机号输入框"时长:0:00:00.008228
2022-12-25 00:04:23,303 - INFO basepage.py [line:41]: 查找"清空手机号输入框"元素，元素定位:('id', 'TANGRAM__PSP_4__phone')
2022-12-25 00:04:23,306 - INFO basepage.py [line:89]: 清除"清空手机号输入框",元素定位:('id', 'TANGRAM__PSP_4__phone')
2022-12-25 00:04:23,329 - INFO basepage.py [line:41]: 查找"输入手机号"元素，元素定位:('id', 'TANGRAM__PSP_4__phone')
2022-12-25 00:04:23,332 - INFO basepage.py [line:76]: 在"输入手机号"输入"17810200310",元素定位:('id', 'TANGRAM__PSP_4__phone')
2022-12-25 00:04:23,357 - INFO basepage.py [line:27]: 等待"等待密码输入框"元素,定位方式:('id', 'TANGRAM__PSP_4__password')
2022-12-25 00:04:23,364 - INFO basepage.py [line:32]: 等待"等待密码输入框"时长:0:00:00.006703
2022-12-25 00:04:23,364 - INFO basepage.py [line:41]: 查找"清空密码输入框"元素，元素定位:('id', 'TANGRAM__PSP_4__password')
2022-12-25 00:04:23,367 - INFO basepage.py [line:89]: 清除"清空密码输入框",元素定位:('id', 'TANGRAM__PSP_4__password')
2022-12-25 00:04:23,387 - INFO basepage.py [line:41]: 查找"输入密码"元素，元素定位:('id', 'TANGRAM__PSP_4__password')
2022-12-25 00:04:23,399 - INFO basepage.py [line:76]: 在"输入密码"输入"y123 456789",元素定位:('id', 'TANGRAM__PSP_4__password')
2022-12-25 00:04:23,425 - INFO basepage.py [line:41]: 查找"点击注册输入框"元素，元素定位:('id', 'TANGRAM__PSP_4__verifyCode')
2022-12-25 00:04:23,428 - INFO basepage.py [line:64]: 点击"点击注册输入框",元素定位:('id', 'TANGRAM__PSP_4__verifyCode')
2022-12-25 00:04:23,448 - INFO basepage.py [line:41]: 查找"获取断言文本"元素，元素定位:('class name', 'pwd-strength-detail')
2022-12-25 00:04:23,451 - INFO basepage.py [line:103]: 获取"获取断言文本"元素文本内容，元素定位:('class name', 'pwd-strength-detail')
2022-12-25 00:04:23,455 - INFO basepage.py [line:106]: 获取"获取断言文本"元素文本内容为"密码设置不符合要求",元素定位:('class name', 'pwd-strength-detail')
2022-12-25 00:04:24,455 - INFO signup_page.py [line:35]: 【===结束注册操作===】
2022-12-25 00:04:24,456 - INFO test_signup.py [line:34]: function teardown content
2022-12-25 00:04:24,461 - INFO test_signup.py [line:30]: function setup content
2022-12-25 00:04:24,461 - INFO test_signup.py [line:39]: 执行测试用例:Register_abnormal007,用例说明:密码带中文
2022-12-25 00:04:24,462 - INFO signup_page.py [line:19]: 【===开始注册操作===】
2022-12-25 00:04:24,462 - INFO basepage.py [line:27]: 等待"等待用户名输入框"元素,定位方式:('id', 'TANGRAM__PSP_4__userName')
2022-12-25 00:04:24,478 - INFO basepage.py [line:32]: 等待"等待用户名输入框"时长:0:00:00.016237
2022-12-25 00:04:24,478 - INFO basepage.py [line:41]: 查找"清空用户名输入框"元素，元素定位:('id', 'TANGRAM__PSP_4__userName')
2022-12-25 00:04:24,484 - INFO basepage.py [line:89]: 清除"清空用户名输入框",元素定位:('id', 'TANGRAM__PSP_4__userName')
2022-12-25 00:04:24,515 - INFO basepage.py [line:41]: 查找"输入用户名"元素，元素定位:('id', 'TANGRAM__PSP_4__userName')
2022-12-25 00:04:24,520 - INFO basepage.py [line:76]: 在"输入用户名"输入"yogachuan",元素定位:('id', 'TANGRAM__PSP_4__userName')
2022-12-25 00:04:24,548 - INFO basepage.py [line:27]: 等待"等待手机号输入框"元素,定位方式:('id', 'TANGRAM__PSP_4__phone')
2022-12-25 00:04:24,555 - INFO basepage.py [line:32]: 等待"等待手机号输入框"时长:0:00:00.007002
2022-12-25 00:04:24,555 - INFO basepage.py [line:41]: 查找"清空手机号输入框"元素，元素定位:('id', 'TANGRAM__PSP_4__phone')
2022-12-25 00:04:24,558 - INFO basepage.py [line:89]: 清除"清空手机号输入框",元素定位:('id', 'TANGRAM__PSP_4__phone')
2022-12-25 00:04:24,584 - INFO basepage.py [line:41]: 查找"输入手机号"元素，元素定位:('id', 'TANGRAM__PSP_4__phone')
2022-12-25 00:04:24,587 - INFO basepage.py [line:76]: 在"输入手机号"输入"17810200310",元素定位:('id', 'TANGRAM__PSP_4__phone')
2022-12-25 00:04:24,612 - INFO basepage.py [line:27]: 等待"等待密码输入框"元素,定位方式:('id', 'TANGRAM__PSP_4__password')
2022-12-25 00:04:24,619 - INFO basepage.py [line:32]: 等待"等待密码输入框"时长:0:00:00.007052
2022-12-25 00:04:24,619 - INFO basepage.py [line:41]: 查找"清空密码输入框"元素，元素定位:('id', 'TANGRAM__PSP_4__password')
2022-12-25 00:04:24,622 - INFO basepage.py [line:89]: 清除"清空密码输入框",元素定位:('id', 'TANGRAM__PSP_4__password')
2022-12-25 00:04:24,642 - INFO basepage.py [line:41]: 查找"输入密码"元素，元素定位:('id', 'TANGRAM__PSP_4__password')
2022-12-25 00:04:24,653 - INFO basepage.py [line:76]: 在"输入密码"输入"y12345678哈",元素定位:('id', 'TANGRAM__PSP_4__password')
2022-12-25 00:04:24,677 - INFO basepage.py [line:41]: 查找"点击注册输入框"元素，元素定位:('id', 'TANGRAM__PSP_4__verifyCode')
2022-12-25 00:04:24,680 - INFO basepage.py [line:64]: 点击"点击注册输入框",元素定位:('id', 'TANGRAM__PSP_4__verifyCode')
2022-12-25 00:04:24,700 - INFO basepage.py [line:41]: 查找"获取断言文本"元素，元素定位:('class name', 'pwd-strength-detail')
2022-12-25 00:04:24,703 - INFO basepage.py [line:103]: 获取"获取断言文本"元素文本内容，元素定位:('class name', 'pwd-strength-detail')
2022-12-25 00:04:24,706 - INFO basepage.py [line:106]: 获取"获取断言文本"元素文本内容为"密码设置不符合要求",元素定位:('class name', 'pwd-strength-detail')
2022-12-25 00:04:25,711 - INFO signup_page.py [line:35]: 【===结束注册操作===】
2022-12-25 00:04:25,711 - INFO test_signup.py [line:34]: function teardown content
2022-12-25 00:04:25,712 - INFO test_signup.py [line:24]: Class teardown content
