2022-12-25 00:04:42,783 - INFO run.py [line:32]: RunCase执行用例--开始
2022-12-25 00:04:42,819 - INFO read_data.py [line:24]: 加载 /Users/yoga/Desktop/练手/UI自动化框架模板/framework/config/setting.json 文件......
2022-12-25 00:04:42,823 - INFO read_data.py [line:27]: 读到数据 ==>>  {'browser_type': 'chrome', 'host': 'https://passport.baidu.com/v2/?reg&tt=1668347090908&overseas=undefined&gid=5D882F4-5ABB-4058-8BD4-6E7CE0ECA9BC&tpl=mn&u=https%3A%2F%2Fwww.baidu.com%2F', 'username': 'yoga', 'pwd': 'yoga'} 
2022-12-25 00:04:42,830 - INFO test_signup.py [line:15]: signup_data is [['Register_abnormal001', '密码少于8位', 'yogachuan', '17810200310', 'y123456', '不符合要求'], ['Register_abnormal002', '密码大于14位', 'yogachuan', '17810200310', 'y123456789yyyyy', '不符合要求'], ['Register_abnormal003', '密码纯数字', 'yogachuan', '17810200310', '123456789', '不符合要求'], ['Register_abnormal004', '密码纯字母', 'yogachuan', '17810200310', 'abcdefg', '不符合要求'], ['Register_abnormal005', '密码纯符号', 'yogachuan', '17810200310', '，，，，，，，，', '不符合要求'], ['Register_abnormal005', '密码纯符号', 'yogachuan', '17810200310', '。。。。。。。。', '不符合要求'], ['Register_abnormal005', '密码纯符号', 'yogachuan', '17810200310', '、、、、、、、、', '不符合要求'], ['Register_abnormal005', '密码纯符号', 'yogachuan', '17810200310', '；；；；；；；；', '不符合要求'], ['Register_abnormal006', '密码带空格', 'yogachuan', '17810200310', 'y123 456789', '不符合要求'], ['Register_abnormal007', '密码带中文', 'yogachuan', '17810200310', 'y12345678哈', '不符合要求']]
2022-12-25 00:04:42,847 - INFO test_signup.py [line:19]: class setup content
2022-12-25 00:04:46,029 - INFO driver.py [line:49]: 打开链接: https://passport.baidu.com/v2/?reg&tt=1668347090908&overseas=undefined&gid=5D882F4-5ABB-4058-8BD4-6E7CE0ECA9BC&tpl=mn&u=https%3A%2F%2Fwww.baidu.com%2F...
2022-12-25 00:04:46,029 - INFO driver.py [line:50]: WebDriver 初始化完成！
2022-12-25 00:04:46,029 - INFO test_signup.py [line:30]: function setup content
2022-12-25 00:04:46,029 - INFO test_signup.py [line:39]: 执行测试用例:Register_abnormal001,用例说明:密码少于8位
2022-12-25 00:04:46,029 - INFO signup_page.py [line:19]: 【===开始注册操作===】
2022-12-25 00:04:46,029 - INFO basepage.py [line:27]: 等待"等待用户名输入框"元素,定位方式:('id', 'TANGRAM__PSP_4__userName')
2022-12-25 00:04:46,042 - INFO basepage.py [line:32]: 等待"等待用户名输入框"时长:0:00:00.013000
2022-12-25 00:04:46,043 - INFO basepage.py [line:41]: 查找"清空用户名输入框"元素，元素定位:('id', 'TANGRAM__PSP_4__userName')
2022-12-25 00:04:46,046 - INFO basepage.py [line:89]: 清除"清空用户名输入框",元素定位:('id', 'TANGRAM__PSP_4__userName')
2022-12-25 00:04:46,065 - INFO basepage.py [line:41]: 查找"输入用户名"元素，元素定位:('id', 'TANGRAM__PSP_4__userName')
2022-12-25 00:04:46,067 - INFO basepage.py [line:76]: 在"输入用户名"输入"yogachuan",元素定位:('id', 'TANGRAM__PSP_4__userName')
2022-12-25 00:04:46,117 - INFO basepage.py [line:27]: 等待"等待手机号输入框"元素,定位方式:('id', 'TANGRAM__PSP_4__phone')
2022-12-25 00:04:46,128 - INFO basepage.py [line:32]: 等待"等待手机号输入框"时长:0:00:00.010745
2022-12-25 00:04:46,128 - INFO basepage.py [line:41]: 查找"清空手机号输入框"元素，元素定位:('id', 'TANGRAM__PSP_4__phone')
2022-12-25 00:04:46,130 - INFO basepage.py [line:89]: 清除"清空手机号输入框",元素定位:('id', 'TANGRAM__PSP_4__phone')
2022-12-25 00:04:46,142 - INFO basepage.py [line:41]: 查找"输入手机号"元素，元素定位:('id', 'TANGRAM__PSP_4__phone')
2022-12-25 00:04:46,145 - INFO basepage.py [line:76]: 在"输入手机号"输入"17810200310",元素定位:('id', 'TANGRAM__PSP_4__phone')
2022-12-25 00:04:46,170 - INFO basepage.py [line:27]: 等待"等待密码输入框"元素,定位方式:('id', 'TANGRAM__PSP_4__password')
2022-12-25 00:04:46,180 - INFO basepage.py [line:32]: 等待"等待密码输入框"时长:0:00:00.009724
2022-12-25 00:04:46,180 - INFO basepage.py [line:41]: 查找"清空密码输入框"元素，元素定位:('id', 'TANGRAM__PSP_4__password')
2022-12-25 00:04:46,182 - INFO basepage.py [line:89]: 清除"清空密码输入框",元素定位:('id', 'TANGRAM__PSP_4__password')
2022-12-25 00:04:46,196 - INFO basepage.py [line:41]: 查找"输入密码"元素，元素定位:('id', 'TANGRAM__PSP_4__password')
2022-12-25 00:04:46,199 - INFO basepage.py [line:76]: 在"输入密码"输入"y123456",元素定位:('id', 'TANGRAM__PSP_4__password')
2022-12-25 00:04:46,235 - INFO basepage.py [line:41]: 查找"点击注册输入框"元素，元素定位:('id', 'TANGRAM__PSP_4__verifyCode')
2022-12-25 00:04:46,241 - INFO basepage.py [line:64]: 点击"点击注册输入框",元素定位:('id', 'TANGRAM__PSP_4__verifyCode')
2022-12-25 00:04:46,303 - INFO basepage.py [line:41]: 查找"获取断言文本"元素，元素定位:('class name', 'pwd-strength-detail')
2022-12-25 00:04:46,310 - INFO basepage.py [line:103]: 获取"获取断言文本"元素文本内容，元素定位:('class name', 'pwd-strength-detail')
2022-12-25 00:04:46,320 - INFO basepage.py [line:106]: 获取"获取断言文本"元素文本内容为"密码设置不符合要求",元素定位:('class name', 'pwd-strength-detail')
2022-12-25 00:04:47,325 - INFO signup_page.py [line:35]: 【===结束注册操作===】
2022-12-25 00:04:47,326 - INFO test_signup.py [line:34]: function teardown content
2022-12-25 00:04:47,326 - INFO test_signup.py [line:30]: function setup content
2022-12-25 00:04:47,327 - INFO test_signup.py [line:39]: 执行测试用例:Register_abnormal002,用例说明:密码大于14位
2022-12-25 00:04:47,327 - INFO signup_page.py [line:19]: 【===开始注册操作===】
2022-12-25 00:04:47,327 - INFO basepage.py [line:27]: 等待"等待用户名输入框"元素,定位方式:('id', 'TANGRAM__PSP_4__userName')
2022-12-25 00:04:47,344 - INFO basepage.py [line:32]: 等待"等待用户名输入框"时长:0:00:00.017131
2022-12-25 00:04:47,344 - INFO basepage.py [line:41]: 查找"清空用户名输入框"元素，元素定位:('id', 'TANGRAM__PSP_4__userName')
2022-12-25 00:04:47,350 - INFO basepage.py [line:89]: 清除"清空用户名输入框",元素定位:('id', 'TANGRAM__PSP_4__userName')
2022-12-25 00:04:47,383 - INFO basepage.py [line:41]: 查找"输入用户名"元素，元素定位:('id', 'TANGRAM__PSP_4__userName')
2022-12-25 00:04:47,387 - INFO basepage.py [line:76]: 在"输入用户名"输入"yogachuan",元素定位:('id', 'TANGRAM__PSP_4__userName')
2022-12-25 00:04:47,418 - INFO basepage.py [line:27]: 等待"等待手机号输入框"元素,定位方式:('id', 'TANGRAM__PSP_4__phone')
2022-12-25 00:04:47,425 - INFO basepage.py [line:32]: 等待"等待手机号输入框"时长:0:00:00.006976
2022-12-25 00:04:47,425 - INFO basepage.py [line:41]: 查找"清空手机号输入框"元素，元素定位:('id', 'TANGRAM__PSP_4__phone')
2022-12-25 00:04:47,429 - INFO basepage.py [line:89]: 清除"清空手机号输入框",元素定位:('id', 'TANGRAM__PSP_4__phone')
2022-12-25 00:04:47,450 - INFO basepage.py [line:41]: 查找"输入手机号"元素，元素定位:('id', 'TANGRAM__PSP_4__phone')
2022-12-25 00:04:47,453 - INFO basepage.py [line:76]: 在"输入手机号"输入"17810200310",元素定位:('id', 'TANGRAM__PSP_4__phone')
2022-12-25 00:04:47,480 - INFO basepage.py [line:27]: 等待"等待密码输入框"元素,定位方式:('id', 'TANGRAM__PSP_4__password')
2022-12-25 00:04:47,486 - INFO basepage.py [line:32]: 等待"等待密码输入框"时长:0:00:00.006294
2022-12-25 00:04:47,486 - INFO basepage.py [line:41]: 查找"清空密码输入框"元素，元素定位:('id', 'TANGRAM__PSP_4__password')
2022-12-25 00:04:47,489 - INFO basepage.py [line:89]: 清除"清空密码输入框",元素定位:('id', 'TANGRAM__PSP_4__password')
2022-12-25 00:04:47,513 - INFO basepage.py [line:41]: 查找"输入密码"元素，元素定位:('id', 'TANGRAM__PSP_4__password')
2022-12-25 00:04:47,516 - INFO basepage.py [line:76]: 在"输入密码"输入"y123456789yyyyy",元素定位:('id', 'TANGRAM__PSP_4__password')
2022-12-25 00:04:47,567 - INFO basepage.py [line:41]: 查找"点击注册输入框"元素，元素定位:('id', 'TANGRAM__PSP_4__verifyCode')
2022-12-25 00:04:47,572 - INFO basepage.py [line:64]: 点击"点击注册输入框",元素定位:('id', 'TANGRAM__PSP_4__verifyCode')
2022-12-25 00:04:47,603 - INFO basepage.py [line:41]: 查找"获取断言文本"元素，元素定位:('class name', 'pwd-strength-detail')
2022-12-25 00:04:47,609 - INFO basepage.py [line:103]: 获取"获取断言文本"元素文本内容，元素定位:('class name', 'pwd-strength-detail')
2022-12-25 00:04:47,615 - INFO basepage.py [line:106]: 获取"获取断言文本"元素文本内容为"密码设置不符合要求",元素定位:('class name', 'pwd-strength-detail')
2022-12-25 00:04:48,620 - INFO signup_page.py [line:35]: 【===结束注册操作===】
2022-12-25 00:04:48,621 - INFO test_signup.py [line:34]: function teardown content
2022-12-25 00:04:48,621 - INFO test_signup.py [line:30]: function setup content
2022-12-25 00:04:48,621 - INFO test_signup.py [line:39]: 执行测试用例:Register_abnormal003,用例说明:密码纯数字
2022-12-25 00:04:48,622 - INFO signup_page.py [line:19]: 【===开始注册操作===】
2022-12-25 00:04:48,622 - INFO basepage.py [line:27]: 等待"等待用户名输入框"元素,定位方式:('id', 'TANGRAM__PSP_4__userName')
2022-12-25 00:04:48,640 - INFO basepage.py [line:32]: 等待"等待用户名输入框"时长:0:00:00.017668
2022-12-25 00:04:48,640 - INFO basepage.py [line:41]: 查找"清空用户名输入框"元素，元素定位:('id', 'TANGRAM__PSP_4__userName')
2022-12-25 00:04:48,646 - INFO basepage.py [line:89]: 清除"清空用户名输入框",元素定位:('id', 'TANGRAM__PSP_4__userName')
2022-12-25 00:04:48,677 - INFO basepage.py [line:41]: 查找"输入用户名"元素，元素定位:('id', 'TANGRAM__PSP_4__userName')
2022-12-25 00:04:48,682 - INFO basepage.py [line:76]: 在"输入用户名"输入"yogachuan",元素定位:('id', 'TANGRAM__PSP_4__userName')
2022-12-25 00:04:48,709 - INFO basepage.py [line:27]: 等待"等待手机号输入框"元素,定位方式:('id', 'TANGRAM__PSP_4__phone')
2022-12-25 00:04:48,716 - INFO basepage.py [line:32]: 等待"等待手机号输入框"时长:0:00:00.006955
2022-12-25 00:04:48,717 - INFO basepage.py [line:41]: 查找"清空手机号输入框"元素，元素定位:('id', 'TANGRAM__PSP_4__phone')
2022-12-25 00:04:48,720 - INFO basepage.py [line:89]: 清除"清空手机号输入框",元素定位:('id', 'TANGRAM__PSP_4__phone')
2022-12-25 00:04:48,741 - INFO basepage.py [line:41]: 查找"输入手机号"元素，元素定位:('id', 'TANGRAM__PSP_4__phone')
2022-12-25 00:04:48,744 - INFO basepage.py [line:76]: 在"输入手机号"输入"17810200310",元素定位:('id', 'TANGRAM__PSP_4__phone')
2022-12-25 00:04:48,770 - INFO basepage.py [line:27]: 等待"等待密码输入框"元素,定位方式:('id', 'TANGRAM__PSP_4__password')
2022-12-25 00:04:48,776 - INFO basepage.py [line:32]: 等待"等待密码输入框"时长:0:00:00.006562
2022-12-25 00:04:48,776 - INFO basepage.py [line:41]: 查找"清空密码输入框"元素，元素定位:('id', 'TANGRAM__PSP_4__password')
2022-12-25 00:04:48,780 - INFO basepage.py [line:89]: 清除"清空密码输入框",元素定位:('id', 'TANGRAM__PSP_4__password')
2022-12-25 00:04:48,812 - INFO basepage.py [line:41]: 查找"输入密码"元素，元素定位:('id', 'TANGRAM__PSP_4__password')
2022-12-25 00:04:48,816 - INFO basepage.py [line:76]: 在"输入密码"输入"123456789",元素定位:('id', 'TANGRAM__PSP_4__password')
2022-12-25 00:04:48,845 - INFO basepage.py [line:41]: 查找"点击注册输入框"元素，元素定位:('id', 'TANGRAM__PSP_4__verifyCode')
2022-12-25 00:04:48,849 - INFO basepage.py [line:64]: 点击"点击注册输入框",元素定位:('id', 'TANGRAM__PSP_4__verifyCode')
2022-12-25 00:04:48,882 - INFO basepage.py [line:41]: 查找"获取断言文本"元素，元素定位:('class name', 'pwd-strength-detail')
2022-12-25 00:04:48,888 - INFO basepage.py [line:103]: 获取"获取断言文本"元素文本内容，元素定位:('class name', 'pwd-strength-detail')
2022-12-25 00:04:48,894 - INFO basepage.py [line:106]: 获取"获取断言文本"元素文本内容为"密码设置不符合要求",元素定位:('class name', 'pwd-strength-detail')
2022-12-25 00:04:49,900 - INFO signup_page.py [line:35]: 【===结束注册操作===】
2022-12-25 00:04:49,901 - INFO test_signup.py [line:34]: function teardown content
2022-12-25 00:04:49,901 - INFO test_signup.py [line:30]: function setup content
2022-12-25 00:04:49,901 - INFO test_signup.py [line:39]: 执行测试用例:Register_abnormal004,用例说明:密码纯字母
2022-12-25 00:04:49,901 - INFO signup_page.py [line:19]: 【===开始注册操作===】
2022-12-25 00:04:49,901 - INFO basepage.py [line:27]: 等待"等待用户名输入框"元素,定位方式:('id', 'TANGRAM__PSP_4__userName')
2022-12-25 00:04:49,919 - INFO basepage.py [line:32]: 等待"等待用户名输入框"时长:0:00:00.017277
2022-12-25 00:04:49,919 - INFO basepage.py [line:41]: 查找"清空用户名输入框"元素，元素定位:('id', 'TANGRAM__PSP_4__userName')
2022-12-25 00:04:49,925 - INFO basepage.py [line:89]: 清除"清空用户名输入框",元素定位:('id', 'TANGRAM__PSP_4__userName')
2022-12-25 00:04:49,956 - INFO basepage.py [line:41]: 查找"输入用户名"元素，元素定位:('id', 'TANGRAM__PSP_4__userName')
2022-12-25 00:04:49,961 - INFO basepage.py [line:76]: 在"输入用户名"输入"yogachuan",元素定位:('id', 'TANGRAM__PSP_4__userName')
2022-12-25 00:04:49,991 - INFO basepage.py [line:27]: 等待"等待手机号输入框"元素,定位方式:('id', 'TANGRAM__PSP_4__phone')
2022-12-25 00:04:49,999 - INFO basepage.py [line:32]: 等待"等待手机号输入框"时长:0:00:00.006935
2022-12-25 00:04:49,999 - INFO basepage.py [line:41]: 查找"清空手机号输入框"元素，元素定位:('id', 'TANGRAM__PSP_4__phone')
2022-12-25 00:04:50,002 - INFO basepage.py [line:89]: 清除"清空手机号输入框",元素定位:('id', 'TANGRAM__PSP_4__phone')
2022-12-25 00:04:50,025 - INFO basepage.py [line:41]: 查找"输入手机号"元素，元素定位:('id', 'TANGRAM__PSP_4__phone')
2022-12-25 00:04:50,028 - INFO basepage.py [line:76]: 在"输入手机号"输入"17810200310",元素定位:('id', 'TANGRAM__PSP_4__phone')
2022-12-25 00:04:50,053 - INFO basepage.py [line:27]: 等待"等待密码输入框"元素,定位方式:('id', 'TANGRAM__PSP_4__password')
2022-12-25 00:04:50,060 - INFO basepage.py [line:32]: 等待"等待密码输入框"时长:0:00:00.007235
2022-12-25 00:04:50,060 - INFO basepage.py [line:41]: 查找"清空密码输入框"元素，元素定位:('id', 'TANGRAM__PSP_4__password')
2022-12-25 00:04:50,063 - INFO basepage.py [line:89]: 清除"清空密码输入框",元素定位:('id', 'TANGRAM__PSP_4__password')
2022-12-25 00:04:50,085 - INFO basepage.py [line:41]: 查找"输入密码"元素，元素定位:('id', 'TANGRAM__PSP_4__password')
2022-12-25 00:04:50,095 - INFO basepage.py [line:76]: 在"输入密码"输入"abcdefg",元素定位:('id', 'TANGRAM__PSP_4__password')
2022-12-25 00:04:50,122 - INFO basepage.py [line:41]: 查找"点击注册输入框"元素，元素定位:('id', 'TANGRAM__PSP_4__verifyCode')
2022-12-25 00:04:50,127 - INFO basepage.py [line:64]: 点击"点击注册输入框",元素定位:('id', 'TANGRAM__PSP_4__verifyCode')
2022-12-25 00:04:50,159 - INFO basepage.py [line:41]: 查找"获取断言文本"元素，元素定位:('class name', 'pwd-strength-detail')
2022-12-25 00:04:50,164 - INFO basepage.py [line:103]: 获取"获取断言文本"元素文本内容，元素定位:('class name', 'pwd-strength-detail')
2022-12-25 00:04:50,168 - INFO basepage.py [line:106]: 获取"获取断言文本"元素文本内容为"密码设置不符合要求",元素定位:('class name', 'pwd-strength-detail')
2022-12-25 00:04:51,174 - INFO signup_page.py [line:35]: 【===结束注册操作===】
2022-12-25 00:04:51,175 - INFO test_signup.py [line:34]: function teardown content
2022-12-25 00:04:51,176 - INFO test_signup.py [line:30]: function setup content
2022-12-25 00:04:51,176 - INFO test_signup.py [line:39]: 执行测试用例:Register_abnormal005,用例说明:密码纯符号
2022-12-25 00:04:51,176 - INFO signup_page.py [line:19]: 【===开始注册操作===】
2022-12-25 00:04:51,176 - INFO basepage.py [line:27]: 等待"等待用户名输入框"元素,定位方式:('id', 'TANGRAM__PSP_4__userName')
2022-12-25 00:04:51,195 - INFO basepage.py [line:32]: 等待"等待用户名输入框"时长:0:00:00.018318
2022-12-25 00:04:51,195 - INFO basepage.py [line:41]: 查找"清空用户名输入框"元素，元素定位:('id', 'TANGRAM__PSP_4__userName')
2022-12-25 00:04:51,200 - INFO basepage.py [line:89]: 清除"清空用户名输入框",元素定位:('id', 'TANGRAM__PSP_4__userName')
2022-12-25 00:04:51,233 - INFO basepage.py [line:41]: 查找"输入用户名"元素，元素定位:('id', 'TANGRAM__PSP_4__userName')
2022-12-25 00:04:51,237 - INFO basepage.py [line:76]: 在"输入用户名"输入"yogachuan",元素定位:('id', 'TANGRAM__PSP_4__userName')
2022-12-25 00:04:51,265 - INFO basepage.py [line:27]: 等待"等待手机号输入框"元素,定位方式:('id', 'TANGRAM__PSP_4__phone')
2022-12-25 00:04:51,272 - INFO basepage.py [line:32]: 等待"等待手机号输入框"时长:0:00:00.007081
2022-12-25 00:04:51,273 - INFO basepage.py [line:41]: 查找"清空手机号输入框"元素，元素定位:('id', 'TANGRAM__PSP_4__phone')
2022-12-25 00:04:51,276 - INFO basepage.py [line:89]: 清除"清空手机号输入框",元素定位:('id', 'TANGRAM__PSP_4__phone')
2022-12-25 00:04:51,296 - INFO basepage.py [line:41]: 查找"输入手机号"元素，元素定位:('id', 'TANGRAM__PSP_4__phone')
2022-12-25 00:04:51,299 - INFO basepage.py [line:76]: 在"输入手机号"输入"17810200310",元素定位:('id', 'TANGRAM__PSP_4__phone')
2022-12-25 00:04:51,323 - INFO basepage.py [line:27]: 等待"等待密码输入框"元素,定位方式:('id', 'TANGRAM__PSP_4__password')
2022-12-25 00:04:51,331 - INFO basepage.py [line:32]: 等待"等待密码输入框"时长:0:00:00.007809
2022-12-25 00:04:51,331 - INFO basepage.py [line:41]: 查找"清空密码输入框"元素，元素定位:('id', 'TANGRAM__PSP_4__password')
2022-12-25 00:04:51,334 - INFO basepage.py [line:89]: 清除"清空密码输入框",元素定位:('id', 'TANGRAM__PSP_4__password')
2022-12-25 00:04:51,352 - INFO basepage.py [line:41]: 查找"输入密码"元素，元素定位:('id', 'TANGRAM__PSP_4__password')
2022-12-25 00:04:51,363 - INFO basepage.py [line:76]: 在"输入密码"输入"，，，，，，，，",元素定位:('id', 'TANGRAM__PSP_4__password')
2022-12-25 00:04:51,393 - INFO basepage.py [line:41]: 查找"点击注册输入框"元素，元素定位:('id', 'TANGRAM__PSP_4__verifyCode')
2022-12-25 00:04:51,398 - INFO basepage.py [line:64]: 点击"点击注册输入框",元素定位:('id', 'TANGRAM__PSP_4__verifyCode')
2022-12-25 00:04:51,429 - INFO basepage.py [line:41]: 查找"获取断言文本"元素，元素定位:('class name', 'pwd-strength-detail')
2022-12-25 00:04:51,434 - INFO basepage.py [line:103]: 获取"获取断言文本"元素文本内容，元素定位:('class name', 'pwd-strength-detail')
2022-12-25 00:04:51,439 - INFO basepage.py [line:106]: 获取"获取断言文本"元素文本内容为"密码设置不符合要求",元素定位:('class name', 'pwd-strength-detail')
2022-12-25 00:04:52,445 - INFO signup_page.py [line:35]: 【===结束注册操作===】
2022-12-25 00:04:52,445 - INFO test_signup.py [line:34]: function teardown content
2022-12-25 00:04:52,446 - INFO test_signup.py [line:30]: function setup content
2022-12-25 00:04:52,446 - INFO test_signup.py [line:39]: 执行测试用例:Register_abnormal005,用例说明:密码纯符号
2022-12-25 00:04:52,446 - INFO signup_page.py [line:19]: 【===开始注册操作===】
2022-12-25 00:04:52,446 - INFO basepage.py [line:27]: 等待"等待用户名输入框"元素,定位方式:('id', 'TANGRAM__PSP_4__userName')
2022-12-25 00:04:52,464 - INFO basepage.py [line:32]: 等待"等待用户名输入框"时长:0:00:00.017668
2022-12-25 00:04:52,464 - INFO basepage.py [line:41]: 查找"清空用户名输入框"元素，元素定位:('id', 'TANGRAM__PSP_4__userName')
2022-12-25 00:04:52,470 - INFO basepage.py [line:89]: 清除"清空用户名输入框",元素定位:('id', 'TANGRAM__PSP_4__userName')
2022-12-25 00:04:52,502 - INFO basepage.py [line:41]: 查找"输入用户名"元素，元素定位:('id', 'TANGRAM__PSP_4__userName')
2022-12-25 00:04:52,506 - INFO basepage.py [line:76]: 在"输入用户名"输入"yogachuan",元素定位:('id', 'TANGRAM__PSP_4__userName')
2022-12-25 00:04:52,534 - INFO basepage.py [line:27]: 等待"等待手机号输入框"元素,定位方式:('id', 'TANGRAM__PSP_4__phone')
2022-12-25 00:04:52,541 - INFO basepage.py [line:32]: 等待"等待手机号输入框"时长:0:00:00.007361
2022-12-25 00:04:52,541 - INFO basepage.py [line:41]: 查找"清空手机号输入框"元素，元素定位:('id', 'TANGRAM__PSP_4__phone')
2022-12-25 00:04:52,544 - INFO basepage.py [line:89]: 清除"清空手机号输入框",元素定位:('id', 'TANGRAM__PSP_4__phone')
2022-12-25 00:04:52,566 - INFO basepage.py [line:41]: 查找"输入手机号"元素，元素定位:('id', 'TANGRAM__PSP_4__phone')
2022-12-25 00:04:52,569 - INFO basepage.py [line:76]: 在"输入手机号"输入"17810200310",元素定位:('id', 'TANGRAM__PSP_4__phone')
2022-12-25 00:04:52,595 - INFO basepage.py [line:27]: 等待"等待密码输入框"元素,定位方式:('id', 'TANGRAM__PSP_4__password')
2022-12-25 00:04:52,602 - INFO basepage.py [line:32]: 等待"等待密码输入框"时长:0:00:00.006953
2022-12-25 00:04:52,602 - INFO basepage.py [line:41]: 查找"清空密码输入框"元素，元素定位:('id', 'TANGRAM__PSP_4__password')
2022-12-25 00:04:52,605 - INFO basepage.py [line:89]: 清除"清空密码输入框",元素定位:('id', 'TANGRAM__PSP_4__password')
2022-12-25 00:04:52,622 - INFO basepage.py [line:41]: 查找"输入密码"元素，元素定位:('id', 'TANGRAM__PSP_4__password')
2022-12-25 00:04:52,625 - INFO basepage.py [line:76]: 在"输入密码"输入"。。。。。。。。",元素定位:('id', 'TANGRAM__PSP_4__password')
2022-12-25 00:04:52,656 - INFO basepage.py [line:41]: 查找"点击注册输入框"元素，元素定位:('id', 'TANGRAM__PSP_4__verifyCode')
2022-12-25 00:04:52,660 - INFO basepage.py [line:64]: 点击"点击注册输入框",元素定位:('id', 'TANGRAM__PSP_4__verifyCode')
2022-12-25 00:04:52,684 - INFO basepage.py [line:41]: 查找"获取断言文本"元素，元素定位:('class name', 'pwd-strength-detail')
2022-12-25 00:04:52,687 - INFO basepage.py [line:103]: 获取"获取断言文本"元素文本内容，元素定位:('class name', 'pwd-strength-detail')
2022-12-25 00:04:52,691 - INFO basepage.py [line:106]: 获取"获取断言文本"元素文本内容为"密码设置不符合要求",元素定位:('class name', 'pwd-strength-detail')
2022-12-25 00:04:53,696 - INFO signup_page.py [line:35]: 【===结束注册操作===】
2022-12-25 00:04:53,696 - INFO test_signup.py [line:34]: function teardown content
2022-12-25 00:04:53,696 - INFO test_signup.py [line:30]: function setup content
2022-12-25 00:04:53,697 - INFO test_signup.py [line:39]: 执行测试用例:Register_abnormal005,用例说明:密码纯符号
2022-12-25 00:04:53,697 - INFO signup_page.py [line:19]: 【===开始注册操作===】
2022-12-25 00:04:53,697 - INFO basepage.py [line:27]: 等待"等待用户名输入框"元素,定位方式:('id', 'TANGRAM__PSP_4__userName')
2022-12-25 00:04:53,712 - INFO basepage.py [line:32]: 等待"等待用户名输入框"时长:0:00:00.014882
2022-12-25 00:04:53,715 - INFO basepage.py [line:41]: 查找"清空用户名输入框"元素，元素定位:('id', 'TANGRAM__PSP_4__userName')
2022-12-25 00:04:53,721 - INFO basepage.py [line:89]: 清除"清空用户名输入框",元素定位:('id', 'TANGRAM__PSP_4__userName')
2022-12-25 00:04:53,756 - INFO basepage.py [line:41]: 查找"输入用户名"元素，元素定位:('id', 'TANGRAM__PSP_4__userName')
2022-12-25 00:04:53,761 - INFO basepage.py [line:76]: 在"输入用户名"输入"yogachuan",元素定位:('id', 'TANGRAM__PSP_4__userName')
2022-12-25 00:04:53,791 - INFO basepage.py [line:27]: 等待"等待手机号输入框"元素,定位方式:('id', 'TANGRAM__PSP_4__phone')
2022-12-25 00:04:53,798 - INFO basepage.py [line:32]: 等待"等待手机号输入框"时长:0:00:00.006913
2022-12-25 00:04:53,798 - INFO basepage.py [line:41]: 查找"清空手机号输入框"元素，元素定位:('id', 'TANGRAM__PSP_4__phone')
2022-12-25 00:04:53,801 - INFO basepage.py [line:89]: 清除"清空手机号输入框",元素定位:('id', 'TANGRAM__PSP_4__phone')
2022-12-25 00:04:53,822 - INFO basepage.py [line:41]: 查找"输入手机号"元素，元素定位:('id', 'TANGRAM__PSP_4__phone')
2022-12-25 00:04:53,825 - INFO basepage.py [line:76]: 在"输入手机号"输入"17810200310",元素定位:('id', 'TANGRAM__PSP_4__phone')
2022-12-25 00:04:53,849 - INFO basepage.py [line:27]: 等待"等待密码输入框"元素,定位方式:('id', 'TANGRAM__PSP_4__password')
2022-12-25 00:04:53,855 - INFO basepage.py [line:32]: 等待"等待密码输入框"时长:0:00:00.006192
2022-12-25 00:04:53,855 - INFO basepage.py [line:41]: 查找"清空密码输入框"元素，元素定位:('id', 'TANGRAM__PSP_4__password')
2022-12-25 00:04:53,858 - INFO basepage.py [line:89]: 清除"清空密码输入框",元素定位:('id', 'TANGRAM__PSP_4__password')
2022-12-25 00:04:53,877 - INFO basepage.py [line:41]: 查找"输入密码"元素，元素定位:('id', 'TANGRAM__PSP_4__password')
2022-12-25 00:04:53,889 - INFO basepage.py [line:76]: 在"输入密码"输入"、、、、、、、、",元素定位:('id', 'TANGRAM__PSP_4__password')
2022-12-25 00:04:53,912 - INFO basepage.py [line:41]: 查找"点击注册输入框"元素，元素定位:('id', 'TANGRAM__PSP_4__verifyCode')
2022-12-25 00:04:53,915 - INFO basepage.py [line:64]: 点击"点击注册输入框",元素定位:('id', 'TANGRAM__PSP_4__verifyCode')
2022-12-25 00:04:53,939 - INFO basepage.py [line:41]: 查找"获取断言文本"元素，元素定位:('class name', 'pwd-strength-detail')
2022-12-25 00:04:53,943 - INFO basepage.py [line:103]: 获取"获取断言文本"元素文本内容，元素定位:('class name', 'pwd-strength-detail')
2022-12-25 00:04:53,948 - INFO basepage.py [line:106]: 获取"获取断言文本"元素文本内容为"密码设置不符合要求",元素定位:('class name', 'pwd-strength-detail')
2022-12-25 00:04:54,953 - INFO signup_page.py [line:35]: 【===结束注册操作===】
2022-12-25 00:04:54,954 - INFO test_signup.py [line:34]: function teardown content
2022-12-25 00:04:54,954 - INFO test_signup.py [line:30]: function setup content
2022-12-25 00:04:54,955 - INFO test_signup.py [line:39]: 执行测试用例:Register_abnormal005,用例说明:密码纯符号
2022-12-25 00:04:54,955 - INFO signup_page.py [line:19]: 【===开始注册操作===】
2022-12-25 00:04:54,955 - INFO basepage.py [line:27]: 等待"等待用户名输入框"元素,定位方式:('id', 'TANGRAM__PSP_4__userName')
2022-12-25 00:04:54,972 - INFO basepage.py [line:32]: 等待"等待用户名输入框"时长:0:00:00.017270
2022-12-25 00:04:54,972 - INFO basepage.py [line:41]: 查找"清空用户名输入框"元素，元素定位:('id', 'TANGRAM__PSP_4__userName')
2022-12-25 00:04:54,978 - INFO basepage.py [line:89]: 清除"清空用户名输入框",元素定位:('id', 'TANGRAM__PSP_4__userName')
2022-12-25 00:04:55,015 - INFO basepage.py [line:41]: 查找"输入用户名"元素，元素定位:('id', 'TANGRAM__PSP_4__userName')
2022-12-25 00:04:55,019 - INFO basepage.py [line:76]: 在"输入用户名"输入"yogachuan",元素定位:('id', 'TANGRAM__PSP_4__userName')
2022-12-25 00:04:55,048 - INFO basepage.py [line:27]: 等待"等待手机号输入框"元素,定位方式:('id', 'TANGRAM__PSP_4__phone')
2022-12-25 00:04:55,055 - INFO basepage.py [line:32]: 等待"等待手机号输入框"时长:0:00:00.007368
2022-12-25 00:04:55,055 - INFO basepage.py [line:41]: 查找"清空手机号输入框"元素，元素定位:('id', 'TANGRAM__PSP_4__phone')
2022-12-25 00:04:55,058 - INFO basepage.py [line:89]: 清除"清空手机号输入框",元素定位:('id', 'TANGRAM__PSP_4__phone')
2022-12-25 00:04:55,083 - INFO basepage.py [line:41]: 查找"输入手机号"元素，元素定位:('id', 'TANGRAM__PSP_4__phone')
2022-12-25 00:04:55,086 - INFO basepage.py [line:76]: 在"输入手机号"输入"17810200310",元素定位:('id', 'TANGRAM__PSP_4__phone')
2022-12-25 00:04:55,111 - INFO basepage.py [line:27]: 等待"等待密码输入框"元素,定位方式:('id', 'TANGRAM__PSP_4__password')
2022-12-25 00:04:55,118 - INFO basepage.py [line:32]: 等待"等待密码输入框"时长:0:00:00.007196
2022-12-25 00:04:55,118 - INFO basepage.py [line:41]: 查找"清空密码输入框"元素，元素定位:('id', 'TANGRAM__PSP_4__password')
2022-12-25 00:04:55,121 - INFO basepage.py [line:89]: 清除"清空密码输入框",元素定位:('id', 'TANGRAM__PSP_4__password')
2022-12-25 00:04:55,139 - INFO basepage.py [line:41]: 查找"输入密码"元素，元素定位:('id', 'TANGRAM__PSP_4__password')
2022-12-25 00:04:55,150 - INFO basepage.py [line:76]: 在"输入密码"输入"；；；；；；；；",元素定位:('id', 'TANGRAM__PSP_4__password')
2022-12-25 00:04:55,181 - INFO basepage.py [line:41]: 查找"点击注册输入框"元素，元素定位:('id', 'TANGRAM__PSP_4__verifyCode')
2022-12-25 00:04:55,185 - INFO basepage.py [line:64]: 点击"点击注册输入框",元素定位:('id', 'TANGRAM__PSP_4__verifyCode')
2022-12-25 00:04:55,212 - INFO basepage.py [line:41]: 查找"获取断言文本"元素，元素定位:('class name', 'pwd-strength-detail')
2022-12-25 00:04:55,216 - INFO basepage.py [line:103]: 获取"获取断言文本"元素文本内容，元素定位:('class name', 'pwd-strength-detail')
2022-12-25 00:04:55,220 - INFO basepage.py [line:106]: 获取"获取断言文本"元素文本内容为"密码设置不符合要求",元素定位:('class name', 'pwd-strength-detail')
2022-12-25 00:04:56,225 - INFO signup_page.py [line:35]: 【===结束注册操作===】
2022-12-25 00:04:56,225 - INFO test_signup.py [line:34]: function teardown content
2022-12-25 00:04:56,226 - INFO test_signup.py [line:30]: function setup content
2022-12-25 00:04:56,226 - INFO test_signup.py [line:39]: 执行测试用例:Register_abnormal006,用例说明:密码带空格
2022-12-25 00:04:56,226 - INFO signup_page.py [line:19]: 【===开始注册操作===】
2022-12-25 00:04:56,226 - INFO basepage.py [line:27]: 等待"等待用户名输入框"元素,定位方式:('id', 'TANGRAM__PSP_4__userName')
2022-12-25 00:04:56,244 - INFO basepage.py [line:32]: 等待"等待用户名输入框"时长:0:00:00.017407
2022-12-25 00:04:56,244 - INFO basepage.py [line:41]: 查找"清空用户名输入框"元素，元素定位:('id', 'TANGRAM__PSP_4__userName')
2022-12-25 00:04:56,249 - INFO basepage.py [line:89]: 清除"清空用户名输入框",元素定位:('id', 'TANGRAM__PSP_4__userName')
2022-12-25 00:04:56,282 - INFO basepage.py [line:41]: 查找"输入用户名"元素，元素定位:('id', 'TANGRAM__PSP_4__userName')
2022-12-25 00:04:56,286 - INFO basepage.py [line:76]: 在"输入用户名"输入"yogachuan",元素定位:('id', 'TANGRAM__PSP_4__userName')
2022-12-25 00:04:56,315 - INFO basepage.py [line:27]: 等待"等待手机号输入框"元素,定位方式:('id', 'TANGRAM__PSP_4__phone')
2022-12-25 00:04:56,322 - INFO basepage.py [line:32]: 等待"等待手机号输入框"时长:0:00:00.006910
2022-12-25 00:04:56,322 - INFO basepage.py [line:41]: 查找"清空手机号输入框"元素，元素定位:('id', 'TANGRAM__PSP_4__phone')
2022-12-25 00:04:56,325 - INFO basepage.py [line:89]: 清除"清空手机号输入框",元素定位:('id', 'TANGRAM__PSP_4__phone')
2022-12-25 00:04:56,346 - INFO basepage.py [line:41]: 查找"输入手机号"元素，元素定位:('id', 'TANGRAM__PSP_4__phone')
2022-12-25 00:04:56,349 - INFO basepage.py [line:76]: 在"输入手机号"输入"17810200310",元素定位:('id', 'TANGRAM__PSP_4__phone')
2022-12-25 00:04:56,370 - INFO basepage.py [line:27]: 等待"等待密码输入框"元素,定位方式:('id', 'TANGRAM__PSP_4__password')
2022-12-25 00:04:56,377 - INFO basepage.py [line:32]: 等待"等待密码输入框"时长:0:00:00.006281
2022-12-25 00:04:56,377 - INFO basepage.py [line:41]: 查找"清空密码输入框"元素，元素定位:('id', 'TANGRAM__PSP_4__password')
2022-12-25 00:04:56,379 - INFO basepage.py [line:89]: 清除"清空密码输入框",元素定位:('id', 'TANGRAM__PSP_4__password')
2022-12-25 00:04:56,398 - INFO basepage.py [line:41]: 查找"输入密码"元素，元素定位:('id', 'TANGRAM__PSP_4__password')
2022-12-25 00:04:56,401 - INFO basepage.py [line:76]: 在"输入密码"输入"y123 456789",元素定位:('id', 'TANGRAM__PSP_4__password')
2022-12-25 00:04:56,437 - INFO basepage.py [line:41]: 查找"点击注册输入框"元素，元素定位:('id', 'TANGRAM__PSP_4__verifyCode')
2022-12-25 00:04:56,442 - INFO basepage.py [line:64]: 点击"点击注册输入框",元素定位:('id', 'TANGRAM__PSP_4__verifyCode')
2022-12-25 00:04:56,468 - INFO basepage.py [line:41]: 查找"获取断言文本"元素，元素定位:('class name', 'pwd-strength-detail')
2022-12-25 00:04:56,474 - INFO basepage.py [line:103]: 获取"获取断言文本"元素文本内容，元素定位:('class name', 'pwd-strength-detail')
2022-12-25 00:04:56,479 - INFO basepage.py [line:106]: 获取"获取断言文本"元素文本内容为"密码设置不符合要求",元素定位:('class name', 'pwd-strength-detail')
2022-12-25 00:04:57,485 - INFO signup_page.py [line:35]: 【===结束注册操作===】
2022-12-25 00:04:57,485 - INFO test_signup.py [line:34]: function teardown content
2022-12-25 00:04:57,486 - INFO test_signup.py [line:30]: function setup content
2022-12-25 00:04:57,486 - INFO test_signup.py [line:39]: 执行测试用例:Register_abnormal007,用例说明:密码带中文
2022-12-25 00:04:57,486 - INFO signup_page.py [line:19]: 【===开始注册操作===】
2022-12-25 00:04:57,486 - INFO basepage.py [line:27]: 等待"等待用户名输入框"元素,定位方式:('id', 'TANGRAM__PSP_4__userName')
2022-12-25 00:04:57,503 - INFO basepage.py [line:32]: 等待"等待用户名输入框"时长:0:00:00.016600
2022-12-25 00:04:57,503 - INFO basepage.py [line:41]: 查找"清空用户名输入框"元素，元素定位:('id', 'TANGRAM__PSP_4__userName')
2022-12-25 00:04:57,509 - INFO basepage.py [line:89]: 清除"清空用户名输入框",元素定位:('id', 'TANGRAM__PSP_4__userName')
2022-12-25 00:04:57,542 - INFO basepage.py [line:41]: 查找"输入用户名"元素，元素定位:('id', 'TANGRAM__PSP_4__userName')
2022-12-25 00:04:57,546 - INFO basepage.py [line:76]: 在"输入用户名"输入"yogachuan",元素定位:('id', 'TANGRAM__PSP_4__userName')
2022-12-25 00:04:57,573 - INFO basepage.py [line:27]: 等待"等待手机号输入框"元素,定位方式:('id', 'TANGRAM__PSP_4__phone')
2022-12-25 00:04:57,579 - INFO basepage.py [line:32]: 等待"等待手机号输入框"时长:0:00:00.006639
2022-12-25 00:04:57,579 - INFO basepage.py [line:41]: 查找"清空手机号输入框"元素，元素定位:('id', 'TANGRAM__PSP_4__phone')
2022-12-25 00:04:57,582 - INFO basepage.py [line:89]: 清除"清空手机号输入框",元素定位:('id', 'TANGRAM__PSP_4__phone')
2022-12-25 00:04:57,601 - INFO basepage.py [line:41]: 查找"输入手机号"元素，元素定位:('id', 'TANGRAM__PSP_4__phone')
2022-12-25 00:04:57,604 - INFO basepage.py [line:76]: 在"输入手机号"输入"17810200310",元素定位:('id', 'TANGRAM__PSP_4__phone')
2022-12-25 00:04:57,627 - INFO basepage.py [line:27]: 等待"等待密码输入框"元素,定位方式:('id', 'TANGRAM__PSP_4__password')
2022-12-25 00:04:57,633 - INFO basepage.py [line:32]: 等待"等待密码输入框"时长:0:00:00.006336
2022-12-25 00:04:57,633 - INFO basepage.py [line:41]: 查找"清空密码输入框"元素，元素定位:('id', 'TANGRAM__PSP_4__password')
2022-12-25 00:04:57,636 - INFO basepage.py [line:89]: 清除"清空密码输入框",元素定位:('id', 'TANGRAM__PSP_4__password')
2022-12-25 00:04:57,654 - INFO basepage.py [line:41]: 查找"输入密码"元素，元素定位:('id', 'TANGRAM__PSP_4__password')
2022-12-25 00:04:57,665 - INFO basepage.py [line:76]: 在"输入密码"输入"y12345678哈",元素定位:('id', 'TANGRAM__PSP_4__password')
2022-12-25 00:04:57,690 - INFO basepage.py [line:41]: 查找"点击注册输入框"元素，元素定位:('id', 'TANGRAM__PSP_4__verifyCode')
2022-12-25 00:04:57,693 - INFO basepage.py [line:64]: 点击"点击注册输入框",元素定位:('id', 'TANGRAM__PSP_4__verifyCode')
2022-12-25 00:04:57,714 - INFO basepage.py [line:41]: 查找"获取断言文本"元素，元素定位:('class name', 'pwd-strength-detail')
2022-12-25 00:04:57,719 - INFO basepage.py [line:103]: 获取"获取断言文本"元素文本内容，元素定位:('class name', 'pwd-strength-detail')
2022-12-25 00:04:57,723 - INFO basepage.py [line:106]: 获取"获取断言文本"元素文本内容为"密码设置不符合要求",元素定位:('class name', 'pwd-strength-detail')
2022-12-25 00:04:58,729 - INFO signup_page.py [line:35]: 【===结束注册操作===】
2022-12-25 00:04:58,729 - INFO test_signup.py [line:34]: function teardown content
2022-12-25 00:04:58,729 - INFO test_signup.py [line:24]: Class teardown content
2022-12-25 00:04:58,822 - INFO run.py [line:45]: RunCase执行用例--结束
