2022-11-15 08:47:50,159 - INFO read_data.py [line:24]: 加载 /Users/yoga/Desktop/练手/框架模板/framework/config/setting.json 文件......
2022-11-15 08:47:50,162 - INFO read_data.py [line:27]: 读到数据 ==>>  {'browser_type': 'chrome', 'host': 'https://passport.baidu.com/v2/?reg&tt=1668347090908&overseas=undefined&gid=5D882F4-5ABB-4058-8BD4-6E7CE0ECA9BC&tpl=mn&u=https%3A%2F%2Fwww.baidu.com%2F', 'username': 'yoga', 'pwd': 'yoga'} 
2022-11-15 08:47:50,168 - INFO test_signup.py [line:15]: add_user_data is [['yoga', '17274810086', 'y123456', '手机已注册'], ['yoga2', '17274810086', 'y12345', '手机已注册']]
2022-11-15 08:47:50,169 - INFO test_signup.py [line:19]: class setup content
2022-11-15 08:47:50,169 - INFO test_signup.py [line:26]: function setup content
2022-11-15 08:47:53,698 - INFO driver.py [line:44]: 打开链接: https://passport.baidu.com/v2/?reg&tt=1668347090908&overseas=undefined&gid=5D882F4-5ABB-4058-8BD4-6E7CE0ECA9BC&tpl=mn&u=https%3A%2F%2Fwww.baidu.com%2F...
2022-11-15 08:47:53,698 - INFO driver.py [line:45]: WebDriver 初始化完成！
2022-11-15 08:47:53,699 - INFO signup_page.py [line:18]: 【===开始注册操作===】
2022-11-15 08:47:56,704 - INFO basepage.py [line:26]: 等待"等待用户名输入框"元素,定位方式:('id', 'TANGRAM__PSP_4__userName')
2022-11-15 08:47:56,730 - INFO basepage.py [line:31]: 等待"等待用户名输入框"时长:0:00:00.025671
2022-11-15 08:47:56,730 - INFO basepage.py [line:40]: 查找"清空用户名输入框"元素，元素定位:('id', 'TANGRAM__PSP_4__userName')
2022-11-15 08:47:56,734 - INFO basepage.py [line:88]: 清除"清空用户名输入框",元素定位:('id', 'TANGRAM__PSP_4__userName')
2022-11-15 08:47:56,754 - INFO basepage.py [line:40]: 查找"输入用户名"元素，元素定位:('id', 'TANGRAM__PSP_4__userName')
2022-11-15 08:47:56,757 - INFO basepage.py [line:75]: 在"输入用户名"输入"yoga",元素定位:('id', 'TANGRAM__PSP_4__userName')
2022-11-15 08:47:56,832 - INFO basepage.py [line:26]: 等待"等待手机号输入框"元素,定位方式:('id', 'TANGRAM__PSP_4__phone')
2022-11-15 08:47:56,844 - INFO basepage.py [line:31]: 等待"等待手机号输入框"时长:0:00:00.011955
2022-11-15 08:47:56,844 - INFO basepage.py [line:40]: 查找"清空手机号输入框"元素，元素定位:('id', 'TANGRAM__PSP_4__phone')
2022-11-15 08:47:56,847 - INFO basepage.py [line:88]: 清除"清空手机号输入框",元素定位:('id', 'TANGRAM__PSP_4__phone')
2022-11-15 08:47:56,859 - INFO basepage.py [line:40]: 查找"输入手机号"元素，元素定位:('id', 'TANGRAM__PSP_4__phone')
2022-11-15 08:47:56,862 - INFO basepage.py [line:75]: 在"输入手机号"输入"17274810086",元素定位:('id', 'TANGRAM__PSP_4__phone')
2022-11-15 08:47:56,882 - INFO basepage.py [line:26]: 等待"等待密码输入框"元素,定位方式:('id', 'TANGRAM__PSP_4__password')
2022-11-15 08:47:56,895 - INFO basepage.py [line:31]: 等待"等待密码输入框"时长:0:00:00.012900
2022-11-15 08:47:56,895 - INFO basepage.py [line:40]: 查找"清空密码输入框"元素，元素定位:('id', 'TANGRAM__PSP_4__password')
2022-11-15 08:47:56,897 - INFO basepage.py [line:88]: 清除"清空密码输入框",元素定位:('id', 'TANGRAM__PSP_4__password')
2022-11-15 08:47:56,910 - INFO basepage.py [line:40]: 查找"输入密码"元素，元素定位:('id', 'TANGRAM__PSP_4__password')
2022-11-15 08:47:56,913 - INFO basepage.py [line:75]: 在"输入密码"输入"y123456",元素定位:('id', 'TANGRAM__PSP_4__password')
2022-11-15 08:47:56,953 - INFO basepage.py [line:40]: 查找"点击注册按钮"元素，元素定位:('id', 'TANGRAM__PSP_4__submit')
2022-11-15 08:47:56,958 - INFO basepage.py [line:63]: 点击"点击注册按钮",元素定位:('id', 'TANGRAM__PSP_4__submit')
2022-11-15 08:47:58,981 - INFO basepage.py [line:40]: 查找"预期结果"元素，元素定位:('xpath', "//span[text()='密码设置不符合要求']")
2022-11-15 08:48:09,008 - ERROR basepage.py [line:44]: 查找"预期结果"元素失败,定位方式:('xpath', "//span[text()='密码设置不符合要求']")
Traceback (most recent call last):
  File "/Users/yoga/Desktop/练手/框架模板/framework/common/basepage.py", line 42, in find_element
    return self.driver.find_element(*loc)
  File "/Library/Frameworks/Python.framework/Versions/3.9/lib/python3.9/site-packages/selenium/webdriver/remote/webdriver.py", line 856, in find_element
    return self.execute(Command.FIND_ELEMENT, {
  File "/Library/Frameworks/Python.framework/Versions/3.9/lib/python3.9/site-packages/selenium/webdriver/remote/webdriver.py", line 429, in execute
    self.error_handler.check_response(response)
  File "/Library/Frameworks/Python.framework/Versions/3.9/lib/python3.9/site-packages/selenium/webdriver/remote/errorhandler.py", line 243, in check_response
    raise exception_class(message, screen, stacktrace)
selenium.common.exceptions.NoSuchElementException: Message: no such element: Unable to locate element: {"method":"xpath","selector":"//span[text()='密码设置不符合要求']"}
  (Session info: chrome=107.0.5304.110)
Stacktrace:
0   chromedriver                        0x00000001023eaf44 chromedriver + 3813188
1   chromedriver                        0x000000010237cae0 chromedriver + 3361504
2   chromedriver                        0x0000000102080c5c chromedriver + 232540
3   chromedriver                        0x00000001020b2380 chromedriver + 435072
4   chromedriver                        0x00000001020dff44 chromedriver + 622404
5   chromedriver                        0x00000001020a7358 chromedriver + 389976
6   chromedriver                        0x00000001020a8284 chromedriver + 393860
7   chromedriver                        0x00000001023bee18 chromedriver + 3632664
8   chromedriver                        0x00000001023c297c chromedriver + 3647868
9   chromedriver                        0x00000001023c8b58 chromedriver + 3672920
10  chromedriver                        0x00000001023c3350 chromedriver + 3650384
11  chromedriver                        0x00000001023a08dc chromedriver + 3508444
12  chromedriver                        0x00000001023dd914 chromedriver + 3758356
13  chromedriver                        0x00000001023dda78 chromedriver + 3758712
14  chromedriver                        0x00000001023f16cc chromedriver + 3839692
15  libsystem_pthread.dylib             0x000000019c2d206c _pthread_start + 148
16  libsystem_pthread.dylib             0x000000019c2cce2c thread_start + 8

2022-11-15 08:48:09,835 - INFO basepage.py [line:142]: 截屏成功,图片路径为/Users/yoga/Desktop/练手/框架模板/framework/screenshots/2022-11-15/查找元素[预期结果]异常_20221115_084809.png
2022-11-15 08:48:09,835 - INFO test_signup.py [line:31]: function teardown content
2022-11-15 08:48:09,908 - INFO test_signup.py [line:26]: function setup content
2022-11-15 08:48:09,908 - INFO signup_page.py [line:18]: 【===开始注册操作===】
2022-11-15 08:48:12,914 - INFO basepage.py [line:26]: 等待"等待用户名输入框"元素,定位方式:('id', 'TANGRAM__PSP_4__userName')
2022-11-15 08:48:12,918 - WARNING connectionpool.py [line:812]: Retrying (Retry(total=2, connect=None, read=None, redirect=None, status=None)) after connection broken by 'NewConnectionError('<urllib3.connection.HTTPConnection object at 0x1056c6550>: Failed to establish a new connection: [Errno 61] Connection refused')': /session/b46cded46b141c31b63f68271e508b42/element
2022-11-15 08:48:12,919 - WARNING connectionpool.py [line:812]: Retrying (Retry(total=1, connect=None, read=None, redirect=None, status=None)) after connection broken by 'NewConnectionError('<urllib3.connection.HTTPConnection object at 0x1056c68e0>: Failed to establish a new connection: [Errno 61] Connection refused')': /session/b46cded46b141c31b63f68271e508b42/element
2022-11-15 08:48:12,920 - WARNING connectionpool.py [line:812]: Retrying (Retry(total=0, connect=None, read=None, redirect=None, status=None)) after connection broken by 'NewConnectionError('<urllib3.connection.HTTPConnection object at 0x1056c6a90>: Failed to establish a new connection: [Errno 61] Connection refused')': /session/b46cded46b141c31b63f68271e508b42/element
2022-11-15 08:48:12,921 - INFO test_signup.py [line:31]: function teardown content
2022-11-15 08:48:12,922 - WARNING connectionpool.py [line:812]: Retrying (Retry(total=2, connect=None, read=None, redirect=None, status=None)) after connection broken by 'NewConnectionError('<urllib3.connection.HTTPConnection object at 0x1056c6dc0>: Failed to establish a new connection: [Errno 61] Connection refused')': /session/b46cded46b141c31b63f68271e508b42
2022-11-15 08:48:12,923 - WARNING connectionpool.py [line:812]: Retrying (Retry(total=1, connect=None, read=None, redirect=None, status=None)) after connection broken by 'NewConnectionError('<urllib3.connection.HTTPConnection object at 0x1056c6fd0>: Failed to establish a new connection: [Errno 61] Connection refused')': /session/b46cded46b141c31b63f68271e508b42
2022-11-15 08:48:12,924 - WARNING connectionpool.py [line:812]: Retrying (Retry(total=0, connect=None, read=None, redirect=None, status=None)) after connection broken by 'NewConnectionError('<urllib3.connection.HTTPConnection object at 0x105746130>: Failed to establish a new connection: [Errno 61] Connection refused')': /session/b46cded46b141c31b63f68271e508b42
2022-11-15 08:48:12,934 - INFO test_signup.py [line:23]: Class teardown content
