2022-11-15 11:32:52,006 - INFO run.py [line:32]: RunCase执行用例--开始
2022-11-15 11:32:52,048 - INFO read_data.py [line:24]: 加载 /Users/yoga/Desktop/练手/框架模板/framework/config/setting.json 文件......
2022-11-15 11:32:52,050 - INFO read_data.py [line:27]: 读到数据 ==>>  {'browser_type': 'chrome', 'host': 'https://passport.baidu.com/v2/?reg&tt=1668347090908&overseas=undefined&gid=5D882F4-5ABB-4058-8BD4-6E7CE0ECA9BC&tpl=mn&u=https%3A%2F%2Fwww.baidu.com%2F', 'username': 'yoga', 'pwd': 'yoga'} 
2022-11-15 11:32:52,057 - INFO test_signup.py [line:15]: add_user_data is [['yogachuan', '17810200310', 'y123456', '不符合要求'], ['yogachuan', '17810200310', 'y123456789yyyyy', '不符合要求'], ['yogachuan', '17810200310', '123456789', '不符合要求'], ['yogachuan', '17810200310', 'abcdefg', '不符合要求'], ['yogachuan', '17810200310', '，，，，，，，，', '不符合要求'], ['yogachuan', '17810200310', '。。。。。。。。', '不符合要求'], ['yogachuan', '17810200310', '、、、、、、、、', '不符合要求'], ['yogachuan', '17810200310', '；；；；；；；；', '不符合要求'], ['yogachuan', '17810200310', 'y123 456789', '不符合要求'], ['yogachuan', '17810200310', 'y12345678哈', '不符合要求']]
2022-11-15 11:32:52,070 - INFO test_signup.py [line:19]: class setup content
2022-11-15 11:32:55,317 - INFO driver.py [line:44]: 打开链接: https://passport.baidu.com/v2/?reg&tt=1668347090908&overseas=undefined&gid=5D882F4-5ABB-4058-8BD4-6E7CE0ECA9BC&tpl=mn&u=https%3A%2F%2Fwww.baidu.com%2F...
2022-11-15 11:32:55,317 - INFO driver.py [line:45]: WebDriver 初始化完成！
2022-11-15 11:32:55,318 - INFO test_signup.py [line:28]: function setup content
2022-11-15 11:32:55,318 - INFO signup_page.py [line:18]: 【===开始注册操作===】
2022-11-15 11:32:55,318 - INFO basepage.py [line:26]: 等待"等待用户名输入框"元素,定位方式:('id', 'TANGRAM__PSP_4__userName')
2022-11-15 11:32:55,330 - INFO basepage.py [line:31]: 等待"等待用户名输入框"时长:0:00:00.011803
2022-11-15 11:32:55,330 - INFO basepage.py [line:40]: 查找"清空用户名输入框"元素，元素定位:('id', 'TANGRAM__PSP_4__userName')
2022-11-15 11:32:55,332 - INFO basepage.py [line:88]: 清除"清空用户名输入框",元素定位:('id', 'TANGRAM__PSP_4__userName')
2022-11-15 11:32:55,344 - INFO basepage.py [line:40]: 查找"输入用户名"元素，元素定位:('id', 'TANGRAM__PSP_4__userName')
2022-11-15 11:32:55,347 - INFO basepage.py [line:75]: 在"输入用户名"输入"yogachuan",元素定位:('id', 'TANGRAM__PSP_4__userName')
2022-11-15 11:32:55,426 - INFO basepage.py [line:26]: 等待"等待手机号输入框"元素,定位方式:('id', 'TANGRAM__PSP_4__phone')
2022-11-15 11:32:55,437 - INFO basepage.py [line:31]: 等待"等待手机号输入框"时长:0:00:00.011229
2022-11-15 11:32:55,437 - INFO basepage.py [line:40]: 查找"清空手机号输入框"元素，元素定位:('id', 'TANGRAM__PSP_4__phone')
2022-11-15 11:32:55,440 - INFO basepage.py [line:88]: 清除"清空手机号输入框",元素定位:('id', 'TANGRAM__PSP_4__phone')
2022-11-15 11:32:55,452 - INFO basepage.py [line:40]: 查找"输入手机号"元素，元素定位:('id', 'TANGRAM__PSP_4__phone')
2022-11-15 11:32:55,454 - INFO basepage.py [line:75]: 在"输入手机号"输入"17810200310",元素定位:('id', 'TANGRAM__PSP_4__phone')
2022-11-15 11:32:55,478 - INFO basepage.py [line:26]: 等待"等待密码输入框"元素,定位方式:('id', 'TANGRAM__PSP_4__password')
2022-11-15 11:32:55,488 - INFO basepage.py [line:31]: 等待"等待密码输入框"时长:0:00:00.010468
2022-11-15 11:32:55,488 - INFO basepage.py [line:40]: 查找"清空密码输入框"元素，元素定位:('id', 'TANGRAM__PSP_4__password')
2022-11-15 11:32:55,491 - INFO basepage.py [line:88]: 清除"清空密码输入框",元素定位:('id', 'TANGRAM__PSP_4__password')
2022-11-15 11:32:55,503 - INFO basepage.py [line:40]: 查找"输入密码"元素，元素定位:('id', 'TANGRAM__PSP_4__password')
2022-11-15 11:32:55,506 - INFO basepage.py [line:75]: 在"输入密码"输入"y123456",元素定位:('id', 'TANGRAM__PSP_4__password')
2022-11-15 11:32:55,554 - INFO basepage.py [line:40]: 查找"点击注册输入框"元素，元素定位:('id', 'TANGRAM__PSP_4__verifyCode')
2022-11-15 11:32:55,560 - INFO basepage.py [line:63]: 点击"点击注册输入框",元素定位:('id', 'TANGRAM__PSP_4__verifyCode')
2022-11-15 11:32:55,636 - INFO basepage.py [line:40]: 查找"获取断言文本"元素，元素定位:('class name', 'pwd-strength-detail')
2022-11-15 11:32:55,642 - INFO basepage.py [line:102]: 获取"获取断言文本"元素文本内容，元素定位:('class name', 'pwd-strength-detail')
2022-11-15 11:32:55,651 - INFO basepage.py [line:105]: 获取"获取断言文本"元素文本内容为"密码设置不符合要求",元素定位:('class name', 'pwd-strength-detail')
2022-11-15 11:32:56,654 - INFO signup_page.py [line:34]: 【===结束注册操作===】
2022-11-15 11:32:56,655 - INFO test_signup.py [line:32]: function teardown content
2022-11-15 11:32:56,655 - INFO test_signup.py [line:28]: function setup content
2022-11-15 11:32:56,655 - INFO signup_page.py [line:18]: 【===开始注册操作===】
2022-11-15 11:32:56,655 - INFO basepage.py [line:26]: 等待"等待用户名输入框"元素,定位方式:('id', 'TANGRAM__PSP_4__userName')
2022-11-15 11:32:56,673 - INFO basepage.py [line:31]: 等待"等待用户名输入框"时长:0:00:00.017673
2022-11-15 11:32:56,673 - INFO basepage.py [line:40]: 查找"清空用户名输入框"元素，元素定位:('id', 'TANGRAM__PSP_4__userName')
2022-11-15 11:32:56,679 - INFO basepage.py [line:88]: 清除"清空用户名输入框",元素定位:('id', 'TANGRAM__PSP_4__userName')
2022-11-15 11:32:56,712 - INFO basepage.py [line:40]: 查找"输入用户名"元素，元素定位:('id', 'TANGRAM__PSP_4__userName')
2022-11-15 11:32:56,716 - INFO basepage.py [line:75]: 在"输入用户名"输入"yogachuan",元素定位:('id', 'TANGRAM__PSP_4__userName')
2022-11-15 11:32:56,779 - INFO basepage.py [line:26]: 等待"等待手机号输入框"元素,定位方式:('id', 'TANGRAM__PSP_4__phone')
2022-11-15 11:32:56,787 - INFO basepage.py [line:31]: 等待"等待手机号输入框"时长:0:00:00.008015
2022-11-15 11:32:56,788 - INFO basepage.py [line:40]: 查找"清空手机号输入框"元素，元素定位:('id', 'TANGRAM__PSP_4__phone')
2022-11-15 11:32:56,790 - INFO basepage.py [line:88]: 清除"清空手机号输入框",元素定位:('id', 'TANGRAM__PSP_4__phone')
2022-11-15 11:32:56,803 - INFO basepage.py [line:40]: 查找"输入手机号"元素，元素定位:('id', 'TANGRAM__PSP_4__phone')
2022-11-15 11:32:56,806 - INFO basepage.py [line:75]: 在"输入手机号"输入"17810200310",元素定位:('id', 'TANGRAM__PSP_4__phone')
2022-11-15 11:32:56,866 - INFO basepage.py [line:26]: 等待"等待密码输入框"元素,定位方式:('id', 'TANGRAM__PSP_4__password')
2022-11-15 11:32:56,877 - INFO basepage.py [line:31]: 等待"等待密码输入框"时长:0:00:00.010947
2022-11-15 11:32:56,877 - INFO basepage.py [line:40]: 查找"清空密码输入框"元素，元素定位:('id', 'TANGRAM__PSP_4__password')
2022-11-15 11:32:56,883 - INFO basepage.py [line:88]: 清除"清空密码输入框",元素定位:('id', 'TANGRAM__PSP_4__password')
2022-11-15 11:32:56,943 - INFO basepage.py [line:40]: 查找"输入密码"元素，元素定位:('id', 'TANGRAM__PSP_4__password')
2022-11-15 11:32:56,960 - INFO basepage.py [line:75]: 在"输入密码"输入"y123456789yyyyy",元素定位:('id', 'TANGRAM__PSP_4__password')
2022-11-15 11:32:57,012 - INFO basepage.py [line:40]: 查找"点击注册输入框"元素，元素定位:('id', 'TANGRAM__PSP_4__verifyCode')
2022-11-15 11:32:57,020 - INFO basepage.py [line:63]: 点击"点击注册输入框",元素定位:('id', 'TANGRAM__PSP_4__verifyCode')
2022-11-15 11:32:57,039 - INFO basepage.py [line:40]: 查找"获取断言文本"元素，元素定位:('class name', 'pwd-strength-detail')
2022-11-15 11:32:57,042 - INFO basepage.py [line:102]: 获取"获取断言文本"元素文本内容，元素定位:('class name', 'pwd-strength-detail')
2022-11-15 11:32:57,057 - INFO basepage.py [line:105]: 获取"获取断言文本"元素文本内容为"密码设置不符合要求",元素定位:('class name', 'pwd-strength-detail')
2022-11-15 11:32:58,062 - INFO signup_page.py [line:34]: 【===结束注册操作===】
2022-11-15 11:32:58,062 - INFO test_signup.py [line:32]: function teardown content
2022-11-15 11:32:58,063 - INFO test_signup.py [line:28]: function setup content
2022-11-15 11:32:58,063 - INFO signup_page.py [line:18]: 【===开始注册操作===】
2022-11-15 11:32:58,063 - INFO basepage.py [line:26]: 等待"等待用户名输入框"元素,定位方式:('id', 'TANGRAM__PSP_4__userName')
2022-11-15 11:32:58,088 - INFO basepage.py [line:31]: 等待"等待用户名输入框"时长:0:00:00.025483
2022-11-15 11:32:58,089 - INFO basepage.py [line:40]: 查找"清空用户名输入框"元素，元素定位:('id', 'TANGRAM__PSP_4__userName')
2022-11-15 11:32:58,096 - INFO basepage.py [line:88]: 清除"清空用户名输入框",元素定位:('id', 'TANGRAM__PSP_4__userName')
2022-11-15 11:32:58,114 - INFO basepage.py [line:40]: 查找"输入用户名"元素，元素定位:('id', 'TANGRAM__PSP_4__userName')
2022-11-15 11:32:58,119 - INFO basepage.py [line:75]: 在"输入用户名"输入"yogachuan",元素定位:('id', 'TANGRAM__PSP_4__userName')
2022-11-15 11:32:58,139 - INFO basepage.py [line:26]: 等待"等待手机号输入框"元素,定位方式:('id', 'TANGRAM__PSP_4__phone')
2022-11-15 11:32:58,146 - INFO basepage.py [line:31]: 等待"等待手机号输入框"时长:0:00:00.007329
2022-11-15 11:32:58,146 - INFO basepage.py [line:40]: 查找"清空手机号输入框"元素，元素定位:('id', 'TANGRAM__PSP_4__phone')
2022-11-15 11:32:58,149 - INFO basepage.py [line:88]: 清除"清空手机号输入框",元素定位:('id', 'TANGRAM__PSP_4__phone')
2022-11-15 11:32:58,159 - INFO basepage.py [line:40]: 查找"输入手机号"元素，元素定位:('id', 'TANGRAM__PSP_4__phone')
2022-11-15 11:32:58,162 - INFO basepage.py [line:75]: 在"输入手机号"输入"17810200310",元素定位:('id', 'TANGRAM__PSP_4__phone')
2022-11-15 11:32:58,176 - INFO basepage.py [line:26]: 等待"等待密码输入框"元素,定位方式:('id', 'TANGRAM__PSP_4__password')
2022-11-15 11:32:58,182 - INFO basepage.py [line:31]: 等待"等待密码输入框"时长:0:00:00.005974
2022-11-15 11:32:58,182 - INFO basepage.py [line:40]: 查找"清空密码输入框"元素，元素定位:('id', 'TANGRAM__PSP_4__password')
2022-11-15 11:32:58,184 - INFO basepage.py [line:88]: 清除"清空密码输入框",元素定位:('id', 'TANGRAM__PSP_4__password')
2022-11-15 11:32:58,202 - INFO basepage.py [line:40]: 查找"输入密码"元素，元素定位:('id', 'TANGRAM__PSP_4__password')
2022-11-15 11:32:58,206 - INFO basepage.py [line:75]: 在"输入密码"输入"123456789",元素定位:('id', 'TANGRAM__PSP_4__password')
2022-11-15 11:32:58,222 - INFO basepage.py [line:40]: 查找"点击注册输入框"元素，元素定位:('id', 'TANGRAM__PSP_4__verifyCode')
2022-11-15 11:32:58,224 - INFO basepage.py [line:63]: 点击"点击注册输入框",元素定位:('id', 'TANGRAM__PSP_4__verifyCode')
2022-11-15 11:32:58,243 - INFO basepage.py [line:40]: 查找"获取断言文本"元素，元素定位:('class name', 'pwd-strength-detail')
2022-11-15 11:32:58,245 - INFO basepage.py [line:102]: 获取"获取断言文本"元素文本内容，元素定位:('class name', 'pwd-strength-detail')
2022-11-15 11:32:58,249 - INFO basepage.py [line:105]: 获取"获取断言文本"元素文本内容为"密码设置不符合要求",元素定位:('class name', 'pwd-strength-detail')
2022-11-15 11:32:59,250 - INFO signup_page.py [line:34]: 【===结束注册操作===】
2022-11-15 11:32:59,250 - INFO test_signup.py [line:32]: function teardown content
2022-11-15 11:32:59,251 - INFO test_signup.py [line:28]: function setup content
2022-11-15 11:32:59,251 - INFO signup_page.py [line:18]: 【===开始注册操作===】
2022-11-15 11:32:59,251 - INFO basepage.py [line:26]: 等待"等待用户名输入框"元素,定位方式:('id', 'TANGRAM__PSP_4__userName')
2022-11-15 11:32:59,272 - INFO basepage.py [line:31]: 等待"等待用户名输入框"时长:0:00:00.020944
2022-11-15 11:32:59,273 - INFO basepage.py [line:40]: 查找"清空用户名输入框"元素，元素定位:('id', 'TANGRAM__PSP_4__userName')
2022-11-15 11:32:59,281 - INFO basepage.py [line:88]: 清除"清空用户名输入框",元素定位:('id', 'TANGRAM__PSP_4__userName')
2022-11-15 11:32:59,300 - INFO basepage.py [line:40]: 查找"输入用户名"元素，元素定位:('id', 'TANGRAM__PSP_4__userName')
2022-11-15 11:32:59,305 - INFO basepage.py [line:75]: 在"输入用户名"输入"yogachuan",元素定位:('id', 'TANGRAM__PSP_4__userName')
2022-11-15 11:32:59,327 - INFO basepage.py [line:26]: 等待"等待手机号输入框"元素,定位方式:('id', 'TANGRAM__PSP_4__phone')
2022-11-15 11:32:59,335 - INFO basepage.py [line:31]: 等待"等待手机号输入框"时长:0:00:00.007737
2022-11-15 11:32:59,335 - INFO basepage.py [line:40]: 查找"清空手机号输入框"元素，元素定位:('id', 'TANGRAM__PSP_4__phone')
2022-11-15 11:32:59,338 - INFO basepage.py [line:88]: 清除"清空手机号输入框",元素定位:('id', 'TANGRAM__PSP_4__phone')
2022-11-15 11:32:59,347 - INFO basepage.py [line:40]: 查找"输入手机号"元素，元素定位:('id', 'TANGRAM__PSP_4__phone')
2022-11-15 11:32:59,350 - INFO basepage.py [line:75]: 在"输入手机号"输入"17810200310",元素定位:('id', 'TANGRAM__PSP_4__phone')
2022-11-15 11:32:59,368 - INFO basepage.py [line:26]: 等待"等待密码输入框"元素,定位方式:('id', 'TANGRAM__PSP_4__password')
2022-11-15 11:32:59,374 - INFO basepage.py [line:31]: 等待"等待密码输入框"时长:0:00:00.006088
2022-11-15 11:32:59,374 - INFO basepage.py [line:40]: 查找"清空密码输入框"元素，元素定位:('id', 'TANGRAM__PSP_4__password')
2022-11-15 11:32:59,376 - INFO basepage.py [line:88]: 清除"清空密码输入框",元素定位:('id', 'TANGRAM__PSP_4__password')
2022-11-15 11:32:59,392 - INFO basepage.py [line:40]: 查找"输入密码"元素，元素定位:('id', 'TANGRAM__PSP_4__password')
2022-11-15 11:32:59,395 - INFO basepage.py [line:75]: 在"输入密码"输入"abcdefg",元素定位:('id', 'TANGRAM__PSP_4__password')
2022-11-15 11:32:59,412 - INFO basepage.py [line:40]: 查找"点击注册输入框"元素，元素定位:('id', 'TANGRAM__PSP_4__verifyCode')
2022-11-15 11:32:59,415 - INFO basepage.py [line:63]: 点击"点击注册输入框",元素定位:('id', 'TANGRAM__PSP_4__verifyCode')
2022-11-15 11:32:59,432 - INFO basepage.py [line:40]: 查找"获取断言文本"元素，元素定位:('class name', 'pwd-strength-detail')
2022-11-15 11:32:59,434 - INFO basepage.py [line:102]: 获取"获取断言文本"元素文本内容，元素定位:('class name', 'pwd-strength-detail')
2022-11-15 11:32:59,437 - INFO basepage.py [line:105]: 获取"获取断言文本"元素文本内容为"密码设置不符合要求",元素定位:('class name', 'pwd-strength-detail')
2022-11-15 11:33:00,442 - INFO signup_page.py [line:34]: 【===结束注册操作===】
2022-11-15 11:33:00,444 - INFO test_signup.py [line:32]: function teardown content
2022-11-15 11:33:00,444 - INFO test_signup.py [line:28]: function setup content
2022-11-15 11:33:00,444 - INFO signup_page.py [line:18]: 【===开始注册操作===】
2022-11-15 11:33:00,444 - INFO basepage.py [line:26]: 等待"等待用户名输入框"元素,定位方式:('id', 'TANGRAM__PSP_4__userName')
2022-11-15 11:33:00,463 - INFO basepage.py [line:31]: 等待"等待用户名输入框"时长:0:00:00.018838
2022-11-15 11:33:00,464 - INFO basepage.py [line:40]: 查找"清空用户名输入框"元素，元素定位:('id', 'TANGRAM__PSP_4__userName')
2022-11-15 11:33:00,469 - INFO basepage.py [line:88]: 清除"清空用户名输入框",元素定位:('id', 'TANGRAM__PSP_4__userName')
2022-11-15 11:33:00,539 - INFO basepage.py [line:40]: 查找"输入用户名"元素，元素定位:('id', 'TANGRAM__PSP_4__userName')
2022-11-15 11:33:00,544 - INFO basepage.py [line:75]: 在"输入用户名"输入"yogachuan",元素定位:('id', 'TANGRAM__PSP_4__userName')
2022-11-15 11:33:00,608 - INFO basepage.py [line:26]: 等待"等待手机号输入框"元素,定位方式:('id', 'TANGRAM__PSP_4__phone')
2022-11-15 11:33:00,615 - INFO basepage.py [line:31]: 等待"等待手机号输入框"时长:0:00:00.007057
2022-11-15 11:33:00,615 - INFO basepage.py [line:40]: 查找"清空手机号输入框"元素，元素定位:('id', 'TANGRAM__PSP_4__phone')
2022-11-15 11:33:00,618 - INFO basepage.py [line:88]: 清除"清空手机号输入框",元素定位:('id', 'TANGRAM__PSP_4__phone')
2022-11-15 11:33:00,628 - INFO basepage.py [line:40]: 查找"输入手机号"元素，元素定位:('id', 'TANGRAM__PSP_4__phone')
2022-11-15 11:33:00,640 - INFO basepage.py [line:75]: 在"输入手机号"输入"17810200310",元素定位:('id', 'TANGRAM__PSP_4__phone')
2022-11-15 11:33:00,690 - INFO basepage.py [line:26]: 等待"等待密码输入框"元素,定位方式:('id', 'TANGRAM__PSP_4__password')
2022-11-15 11:33:00,700 - INFO basepage.py [line:31]: 等待"等待密码输入框"时长:0:00:00.009885
2022-11-15 11:33:00,700 - INFO basepage.py [line:40]: 查找"清空密码输入框"元素，元素定位:('id', 'TANGRAM__PSP_4__password')
2022-11-15 11:33:00,704 - INFO basepage.py [line:88]: 清除"清空密码输入框",元素定位:('id', 'TANGRAM__PSP_4__password')
2022-11-15 11:33:00,731 - INFO basepage.py [line:40]: 查找"输入密码"元素，元素定位:('id', 'TANGRAM__PSP_4__password')
2022-11-15 11:33:00,743 - INFO basepage.py [line:75]: 在"输入密码"输入"，，，，，，，，",元素定位:('id', 'TANGRAM__PSP_4__password')
2022-11-15 11:33:00,771 - INFO basepage.py [line:40]: 查找"点击注册输入框"元素，元素定位:('id', 'TANGRAM__PSP_4__verifyCode')
2022-11-15 11:33:00,774 - INFO basepage.py [line:63]: 点击"点击注册输入框",元素定位:('id', 'TANGRAM__PSP_4__verifyCode')
2022-11-15 11:33:00,808 - INFO basepage.py [line:40]: 查找"获取断言文本"元素，元素定位:('class name', 'pwd-strength-detail')
2022-11-15 11:33:00,811 - INFO basepage.py [line:102]: 获取"获取断言文本"元素文本内容，元素定位:('class name', 'pwd-strength-detail')
2022-11-15 11:33:00,816 - INFO basepage.py [line:105]: 获取"获取断言文本"元素文本内容为"密码设置不符合要求",元素定位:('class name', 'pwd-strength-detail')
2022-11-15 11:33:01,821 - INFO signup_page.py [line:34]: 【===结束注册操作===】
2022-11-15 11:33:01,821 - INFO test_signup.py [line:32]: function teardown content
2022-11-15 11:33:01,822 - INFO test_signup.py [line:28]: function setup content
2022-11-15 11:33:01,822 - INFO signup_page.py [line:18]: 【===开始注册操作===】
2022-11-15 11:33:01,822 - INFO basepage.py [line:26]: 等待"等待用户名输入框"元素,定位方式:('id', 'TANGRAM__PSP_4__userName')
2022-11-15 11:33:01,842 - INFO basepage.py [line:31]: 等待"等待用户名输入框"时长:0:00:00.019992
2022-11-15 11:33:01,842 - INFO basepage.py [line:40]: 查找"清空用户名输入框"元素，元素定位:('id', 'TANGRAM__PSP_4__userName')
2022-11-15 11:33:01,848 - INFO basepage.py [line:88]: 清除"清空用户名输入框",元素定位:('id', 'TANGRAM__PSP_4__userName')
2022-11-15 11:33:01,880 - INFO basepage.py [line:40]: 查找"输入用户名"元素，元素定位:('id', 'TANGRAM__PSP_4__userName')
2022-11-15 11:33:01,884 - INFO basepage.py [line:75]: 在"输入用户名"输入"yogachuan",元素定位:('id', 'TANGRAM__PSP_4__userName')
2022-11-15 11:33:01,912 - INFO basepage.py [line:26]: 等待"等待手机号输入框"元素,定位方式:('id', 'TANGRAM__PSP_4__phone')
2022-11-15 11:33:01,919 - INFO basepage.py [line:31]: 等待"等待手机号输入框"时长:0:00:00.006666
2022-11-15 11:33:01,919 - INFO basepage.py [line:40]: 查找"清空手机号输入框"元素，元素定位:('id', 'TANGRAM__PSP_4__phone')
2022-11-15 11:33:01,921 - INFO basepage.py [line:88]: 清除"清空手机号输入框",元素定位:('id', 'TANGRAM__PSP_4__phone')
2022-11-15 11:33:01,942 - INFO basepage.py [line:40]: 查找"输入手机号"元素，元素定位:('id', 'TANGRAM__PSP_4__phone')
2022-11-15 11:33:01,945 - INFO basepage.py [line:75]: 在"输入手机号"输入"17810200310",元素定位:('id', 'TANGRAM__PSP_4__phone')
2022-11-15 11:33:01,966 - INFO basepage.py [line:26]: 等待"等待密码输入框"元素,定位方式:('id', 'TANGRAM__PSP_4__password')
2022-11-15 11:33:01,972 - INFO basepage.py [line:31]: 等待"等待密码输入框"时长:0:00:00.005811
2022-11-15 11:33:01,972 - INFO basepage.py [line:40]: 查找"清空密码输入框"元素，元素定位:('id', 'TANGRAM__PSP_4__password')
2022-11-15 11:33:01,975 - INFO basepage.py [line:88]: 清除"清空密码输入框",元素定位:('id', 'TANGRAM__PSP_4__password')
2022-11-15 11:33:01,993 - INFO basepage.py [line:40]: 查找"输入密码"元素，元素定位:('id', 'TANGRAM__PSP_4__password')
2022-11-15 11:33:01,996 - INFO basepage.py [line:75]: 在"输入密码"输入"。。。。。。。。",元素定位:('id', 'TANGRAM__PSP_4__password')
2022-11-15 11:33:02,036 - INFO basepage.py [line:40]: 查找"点击注册输入框"元素，元素定位:('id', 'TANGRAM__PSP_4__verifyCode')
2022-11-15 11:33:02,040 - INFO basepage.py [line:63]: 点击"点击注册输入框",元素定位:('id', 'TANGRAM__PSP_4__verifyCode')
2022-11-15 11:33:02,064 - INFO basepage.py [line:40]: 查找"获取断言文本"元素，元素定位:('class name', 'pwd-strength-detail')
2022-11-15 11:33:02,068 - INFO basepage.py [line:102]: 获取"获取断言文本"元素文本内容，元素定位:('class name', 'pwd-strength-detail')
2022-11-15 11:33:02,071 - INFO basepage.py [line:105]: 获取"获取断言文本"元素文本内容为"密码设置不符合要求",元素定位:('class name', 'pwd-strength-detail')
2022-11-15 11:33:03,077 - INFO signup_page.py [line:34]: 【===结束注册操作===】
2022-11-15 11:33:03,077 - INFO test_signup.py [line:32]: function teardown content
2022-11-15 11:33:03,078 - INFO test_signup.py [line:28]: function setup content
2022-11-15 11:33:03,078 - INFO signup_page.py [line:18]: 【===开始注册操作===】
2022-11-15 11:33:03,078 - INFO basepage.py [line:26]: 等待"等待用户名输入框"元素,定位方式:('id', 'TANGRAM__PSP_4__userName')
2022-11-15 11:33:03,097 - INFO basepage.py [line:31]: 等待"等待用户名输入框"时长:0:00:00.018301
2022-11-15 11:33:03,097 - INFO basepage.py [line:40]: 查找"清空用户名输入框"元素，元素定位:('id', 'TANGRAM__PSP_4__userName')
2022-11-15 11:33:03,102 - INFO basepage.py [line:88]: 清除"清空用户名输入框",元素定位:('id', 'TANGRAM__PSP_4__userName')
2022-11-15 11:33:03,134 - INFO basepage.py [line:40]: 查找"输入用户名"元素，元素定位:('id', 'TANGRAM__PSP_4__userName')
2022-11-15 11:33:03,138 - INFO basepage.py [line:75]: 在"输入用户名"输入"yogachuan",元素定位:('id', 'TANGRAM__PSP_4__userName')
2022-11-15 11:33:03,165 - INFO basepage.py [line:26]: 等待"等待手机号输入框"元素,定位方式:('id', 'TANGRAM__PSP_4__phone')
2022-11-15 11:33:03,171 - INFO basepage.py [line:31]: 等待"等待手机号输入框"时长:0:00:00.006578
2022-11-15 11:33:03,171 - INFO basepage.py [line:40]: 查找"清空手机号输入框"元素，元素定位:('id', 'TANGRAM__PSP_4__phone')
2022-11-15 11:33:03,174 - INFO basepage.py [line:88]: 清除"清空手机号输入框",元素定位:('id', 'TANGRAM__PSP_4__phone')
2022-11-15 11:33:03,188 - INFO basepage.py [line:40]: 查找"输入手机号"元素，元素定位:('id', 'TANGRAM__PSP_4__phone')
2022-11-15 11:33:03,191 - INFO basepage.py [line:75]: 在"输入手机号"输入"17810200310",元素定位:('id', 'TANGRAM__PSP_4__phone')
2022-11-15 11:33:03,222 - INFO basepage.py [line:26]: 等待"等待密码输入框"元素,定位方式:('id', 'TANGRAM__PSP_4__password')
2022-11-15 11:33:03,228 - INFO basepage.py [line:31]: 等待"等待密码输入框"时长:0:00:00.006067
2022-11-15 11:33:03,228 - INFO basepage.py [line:40]: 查找"清空密码输入框"元素，元素定位:('id', 'TANGRAM__PSP_4__password')
2022-11-15 11:33:03,231 - INFO basepage.py [line:88]: 清除"清空密码输入框",元素定位:('id', 'TANGRAM__PSP_4__password')
2022-11-15 11:33:03,258 - INFO basepage.py [line:40]: 查找"输入密码"元素，元素定位:('id', 'TANGRAM__PSP_4__password')
2022-11-15 11:33:03,261 - INFO basepage.py [line:75]: 在"输入密码"输入"、、、、、、、、",元素定位:('id', 'TANGRAM__PSP_4__password')
2022-11-15 11:33:03,292 - INFO basepage.py [line:40]: 查找"点击注册输入框"元素，元素定位:('id', 'TANGRAM__PSP_4__verifyCode')
2022-11-15 11:33:03,295 - INFO basepage.py [line:63]: 点击"点击注册输入框",元素定位:('id', 'TANGRAM__PSP_4__verifyCode')
2022-11-15 11:33:03,315 - INFO basepage.py [line:40]: 查找"获取断言文本"元素，元素定位:('class name', 'pwd-strength-detail')
2022-11-15 11:33:03,318 - INFO basepage.py [line:102]: 获取"获取断言文本"元素文本内容，元素定位:('class name', 'pwd-strength-detail')
2022-11-15 11:33:03,321 - INFO basepage.py [line:105]: 获取"获取断言文本"元素文本内容为"密码设置不符合要求",元素定位:('class name', 'pwd-strength-detail')
2022-11-15 11:33:04,326 - INFO signup_page.py [line:34]: 【===结束注册操作===】
2022-11-15 11:33:04,327 - INFO test_signup.py [line:32]: function teardown content
2022-11-15 11:33:04,327 - INFO test_signup.py [line:28]: function setup content
2022-11-15 11:33:04,327 - INFO signup_page.py [line:18]: 【===开始注册操作===】
2022-11-15 11:33:04,327 - INFO basepage.py [line:26]: 等待"等待用户名输入框"元素,定位方式:('id', 'TANGRAM__PSP_4__userName')
2022-11-15 11:33:04,346 - INFO basepage.py [line:31]: 等待"等待用户名输入框"时长:0:00:00.018182
2022-11-15 11:33:04,346 - INFO basepage.py [line:40]: 查找"清空用户名输入框"元素，元素定位:('id', 'TANGRAM__PSP_4__userName')
2022-11-15 11:33:04,351 - INFO basepage.py [line:88]: 清除"清空用户名输入框",元素定位:('id', 'TANGRAM__PSP_4__userName')
2022-11-15 11:33:04,383 - INFO basepage.py [line:40]: 查找"输入用户名"元素，元素定位:('id', 'TANGRAM__PSP_4__userName')
2022-11-15 11:33:04,387 - INFO basepage.py [line:75]: 在"输入用户名"输入"yogachuan",元素定位:('id', 'TANGRAM__PSP_4__userName')
2022-11-15 11:33:04,415 - INFO basepage.py [line:26]: 等待"等待手机号输入框"元素,定位方式:('id', 'TANGRAM__PSP_4__phone')
2022-11-15 11:33:04,421 - INFO basepage.py [line:31]: 等待"等待手机号输入框"时长:0:00:00.006595
2022-11-15 11:33:04,421 - INFO basepage.py [line:40]: 查找"清空手机号输入框"元素，元素定位:('id', 'TANGRAM__PSP_4__phone')
2022-11-15 11:33:04,424 - INFO basepage.py [line:88]: 清除"清空手机号输入框",元素定位:('id', 'TANGRAM__PSP_4__phone')
2022-11-15 11:33:04,444 - INFO basepage.py [line:40]: 查找"输入手机号"元素，元素定位:('id', 'TANGRAM__PSP_4__phone')
2022-11-15 11:33:04,447 - INFO basepage.py [line:75]: 在"输入手机号"输入"17810200310",元素定位:('id', 'TANGRAM__PSP_4__phone')
2022-11-15 11:33:04,468 - INFO basepage.py [line:26]: 等待"等待密码输入框"元素,定位方式:('id', 'TANGRAM__PSP_4__password')
2022-11-15 11:33:04,474 - INFO basepage.py [line:31]: 等待"等待密码输入框"时长:0:00:00.005982
2022-11-15 11:33:04,474 - INFO basepage.py [line:40]: 查找"清空密码输入框"元素，元素定位:('id', 'TANGRAM__PSP_4__password')
2022-11-15 11:33:04,477 - INFO basepage.py [line:88]: 清除"清空密码输入框",元素定位:('id', 'TANGRAM__PSP_4__password')
2022-11-15 11:33:04,494 - INFO basepage.py [line:40]: 查找"输入密码"元素，元素定位:('id', 'TANGRAM__PSP_4__password')
2022-11-15 11:33:04,509 - INFO basepage.py [line:75]: 在"输入密码"输入"；；；；；；；；",元素定位:('id', 'TANGRAM__PSP_4__password')
2022-11-15 11:33:04,536 - INFO basepage.py [line:40]: 查找"点击注册输入框"元素，元素定位:('id', 'TANGRAM__PSP_4__verifyCode')
2022-11-15 11:33:04,539 - INFO basepage.py [line:63]: 点击"点击注册输入框",元素定位:('id', 'TANGRAM__PSP_4__verifyCode')
2022-11-15 11:33:04,559 - INFO basepage.py [line:40]: 查找"获取断言文本"元素，元素定位:('class name', 'pwd-strength-detail')
2022-11-15 11:33:04,563 - INFO basepage.py [line:102]: 获取"获取断言文本"元素文本内容，元素定位:('class name', 'pwd-strength-detail')
2022-11-15 11:33:04,567 - INFO basepage.py [line:105]: 获取"获取断言文本"元素文本内容为"密码设置不符合要求",元素定位:('class name', 'pwd-strength-detail')
2022-11-15 11:33:05,572 - INFO signup_page.py [line:34]: 【===结束注册操作===】
2022-11-15 11:33:05,573 - INFO test_signup.py [line:32]: function teardown content
2022-11-15 11:33:05,573 - INFO test_signup.py [line:28]: function setup content
2022-11-15 11:33:05,573 - INFO signup_page.py [line:18]: 【===开始注册操作===】
2022-11-15 11:33:05,573 - INFO basepage.py [line:26]: 等待"等待用户名输入框"元素,定位方式:('id', 'TANGRAM__PSP_4__userName')
2022-11-15 11:33:05,592 - INFO basepage.py [line:31]: 等待"等待用户名输入框"时长:0:00:00.018171
2022-11-15 11:33:05,592 - INFO basepage.py [line:40]: 查找"清空用户名输入框"元素，元素定位:('id', 'TANGRAM__PSP_4__userName')
2022-11-15 11:33:05,597 - INFO basepage.py [line:88]: 清除"清空用户名输入框",元素定位:('id', 'TANGRAM__PSP_4__userName')
2022-11-15 11:33:05,630 - INFO basepage.py [line:40]: 查找"输入用户名"元素，元素定位:('id', 'TANGRAM__PSP_4__userName')
2022-11-15 11:33:05,634 - INFO basepage.py [line:75]: 在"输入用户名"输入"yogachuan",元素定位:('id', 'TANGRAM__PSP_4__userName')
2022-11-15 11:33:05,660 - INFO basepage.py [line:26]: 等待"等待手机号输入框"元素,定位方式:('id', 'TANGRAM__PSP_4__phone')
2022-11-15 11:33:05,667 - INFO basepage.py [line:31]: 等待"等待手机号输入框"时长:0:00:00.006938
2022-11-15 11:33:05,667 - INFO basepage.py [line:40]: 查找"清空手机号输入框"元素，元素定位:('id', 'TANGRAM__PSP_4__phone')
2022-11-15 11:33:05,670 - INFO basepage.py [line:88]: 清除"清空手机号输入框",元素定位:('id', 'TANGRAM__PSP_4__phone')
2022-11-15 11:33:05,691 - INFO basepage.py [line:40]: 查找"输入手机号"元素，元素定位:('id', 'TANGRAM__PSP_4__phone')
2022-11-15 11:33:05,694 - INFO basepage.py [line:75]: 在"输入手机号"输入"17810200310",元素定位:('id', 'TANGRAM__PSP_4__phone')
2022-11-15 11:33:05,716 - INFO basepage.py [line:26]: 等待"等待密码输入框"元素,定位方式:('id', 'TANGRAM__PSP_4__password')
2022-11-15 11:33:05,722 - INFO basepage.py [line:31]: 等待"等待密码输入框"时长:0:00:00.005979
2022-11-15 11:33:05,722 - INFO basepage.py [line:40]: 查找"清空密码输入框"元素，元素定位:('id', 'TANGRAM__PSP_4__password')
2022-11-15 11:33:05,725 - INFO basepage.py [line:88]: 清除"清空密码输入框",元素定位:('id', 'TANGRAM__PSP_4__password')
2022-11-15 11:33:05,743 - INFO basepage.py [line:40]: 查找"输入密码"元素，元素定位:('id', 'TANGRAM__PSP_4__password')
2022-11-15 11:33:05,761 - INFO basepage.py [line:75]: 在"输入密码"输入"y123 456789",元素定位:('id', 'TANGRAM__PSP_4__password')
2022-11-15 11:33:05,785 - INFO basepage.py [line:40]: 查找"点击注册输入框"元素，元素定位:('id', 'TANGRAM__PSP_4__verifyCode')
2022-11-15 11:33:05,788 - INFO basepage.py [line:63]: 点击"点击注册输入框",元素定位:('id', 'TANGRAM__PSP_4__verifyCode')
2022-11-15 11:33:05,807 - INFO basepage.py [line:40]: 查找"获取断言文本"元素，元素定位:('class name', 'pwd-strength-detail')
2022-11-15 11:33:05,810 - INFO basepage.py [line:102]: 获取"获取断言文本"元素文本内容，元素定位:('class name', 'pwd-strength-detail')
2022-11-15 11:33:05,814 - INFO basepage.py [line:105]: 获取"获取断言文本"元素文本内容为"密码设置不符合要求",元素定位:('class name', 'pwd-strength-detail')
2022-11-15 11:33:06,819 - INFO signup_page.py [line:34]: 【===结束注册操作===】
2022-11-15 11:33:06,820 - INFO test_signup.py [line:32]: function teardown content
2022-11-15 11:33:06,820 - INFO test_signup.py [line:28]: function setup content
2022-11-15 11:33:06,820 - INFO signup_page.py [line:18]: 【===开始注册操作===】
2022-11-15 11:33:06,821 - INFO basepage.py [line:26]: 等待"等待用户名输入框"元素,定位方式:('id', 'TANGRAM__PSP_4__userName')
2022-11-15 11:33:06,839 - INFO basepage.py [line:31]: 等待"等待用户名输入框"时长:0:00:00.018328
2022-11-15 11:33:06,839 - INFO basepage.py [line:40]: 查找"清空用户名输入框"元素，元素定位:('id', 'TANGRAM__PSP_4__userName')
2022-11-15 11:33:06,845 - INFO basepage.py [line:88]: 清除"清空用户名输入框",元素定位:('id', 'TANGRAM__PSP_4__userName')
2022-11-15 11:33:06,876 - INFO basepage.py [line:40]: 查找"输入用户名"元素，元素定位:('id', 'TANGRAM__PSP_4__userName')
2022-11-15 11:33:06,880 - INFO basepage.py [line:75]: 在"输入用户名"输入"yogachuan",元素定位:('id', 'TANGRAM__PSP_4__userName')
2022-11-15 11:33:06,907 - INFO basepage.py [line:26]: 等待"等待手机号输入框"元素,定位方式:('id', 'TANGRAM__PSP_4__phone')
2022-11-15 11:33:06,914 - INFO basepage.py [line:31]: 等待"等待手机号输入框"时长:0:00:00.006856
2022-11-15 11:33:06,914 - INFO basepage.py [line:40]: 查找"清空手机号输入框"元素，元素定位:('id', 'TANGRAM__PSP_4__phone')
2022-11-15 11:33:06,917 - INFO basepage.py [line:88]: 清除"清空手机号输入框",元素定位:('id', 'TANGRAM__PSP_4__phone')
2022-11-15 11:33:06,928 - INFO basepage.py [line:40]: 查找"输入手机号"元素，元素定位:('id', 'TANGRAM__PSP_4__phone')
2022-11-15 11:33:06,940 - INFO basepage.py [line:75]: 在"输入手机号"输入"17810200310",元素定位:('id', 'TANGRAM__PSP_4__phone')
2022-11-15 11:33:06,962 - INFO basepage.py [line:26]: 等待"等待密码输入框"元素,定位方式:('id', 'TANGRAM__PSP_4__password')
2022-11-15 11:33:06,968 - INFO basepage.py [line:31]: 等待"等待密码输入框"时长:0:00:00.006179
2022-11-15 11:33:06,968 - INFO basepage.py [line:40]: 查找"清空密码输入框"元素，元素定位:('id', 'TANGRAM__PSP_4__password')
2022-11-15 11:33:06,971 - INFO basepage.py [line:88]: 清除"清空密码输入框",元素定位:('id', 'TANGRAM__PSP_4__password')
2022-11-15 11:33:06,990 - INFO basepage.py [line:40]: 查找"输入密码"元素，元素定位:('id', 'TANGRAM__PSP_4__password')
2022-11-15 11:33:06,993 - INFO basepage.py [line:75]: 在"输入密码"输入"y12345678哈",元素定位:('id', 'TANGRAM__PSP_4__password')
2022-11-15 11:33:07,025 - INFO basepage.py [line:40]: 查找"点击注册输入框"元素，元素定位:('id', 'TANGRAM__PSP_4__verifyCode')
2022-11-15 11:33:07,029 - INFO basepage.py [line:63]: 点击"点击注册输入框",元素定位:('id', 'TANGRAM__PSP_4__verifyCode')
2022-11-15 11:33:07,048 - INFO basepage.py [line:40]: 查找"获取断言文本"元素，元素定位:('class name', 'pwd-strength-detail')
2022-11-15 11:33:07,051 - INFO basepage.py [line:102]: 获取"获取断言文本"元素文本内容，元素定位:('class name', 'pwd-strength-detail')
2022-11-15 11:33:07,055 - INFO basepage.py [line:105]: 获取"获取断言文本"元素文本内容为"密码设置不符合要求",元素定位:('class name', 'pwd-strength-detail')
2022-11-15 11:33:08,060 - INFO signup_page.py [line:34]: 【===结束注册操作===】
2022-11-15 11:33:08,061 - INFO test_signup.py [line:32]: function teardown content
2022-11-15 11:33:08,061 - INFO test_signup.py [line:24]: Class teardown content
2022-11-15 11:33:08,153 - INFO run.py [line:45]: RunCase执行用例--结束
