2022-11-15 10:10:40,431 - INFO run.py [line:32]: RunCase执行用例--开始
2022-11-15 10:10:40,479 - INFO read_data.py [line:24]: 加载 /Users/yoga/Desktop/练手/框架模板/framework/config/setting.json 文件......
2022-11-15 10:10:40,482 - INFO read_data.py [line:27]: 读到数据 ==>>  {'browser_type': 'chrome', 'host': 'https://passport.baidu.com/v2/?reg&tt=1668347090908&overseas=undefined&gid=5D882F4-5ABB-4058-8BD4-6E7CE0ECA9BC&tpl=mn&u=https%3A%2F%2Fwww.baidu.com%2F', 'username': 'yoga', 'pwd': 'yoga'} 
2022-11-15 10:10:40,493 - INFO test_signup.py [line:15]: add_user_data is [['yogachuan', '17810200310', 'y123456', '不符合要求'], ['yogachuan', '17810200310', 'y123456789yyyyy', '不符合要求'], ['yogachuan', '17810200310', '123456789', '不符合要求'], ['yogachuan', '17810200310', 'abcdefg', '不符合要求'], ['yogachuan', '17810200310', '，，，，，，，，', '不符合要求'], ['yogachuan', '17810200310', '。。。。。。。。', '不符合要求'], ['yogachuan', '17810200310', '、、、、、、、、', '不符合要求'], ['yogachuan', '17810200310', '；；；；；；；；', '不符合要求'], ['yogachuan', '17810200310', 'y123 456789', '不符合要求'], ['yogachuan', '17810200310', 'y12345678哈', '不符合要求']]
2022-11-15 10:10:40,510 - INFO test_signup.py [line:19]: class setup content
2022-11-15 10:10:43,534 - INFO driver.py [line:44]: 打开链接: https://passport.baidu.com/v2/?reg&tt=1668347090908&overseas=undefined&gid=5D882F4-5ABB-4058-8BD4-6E7CE0ECA9BC&tpl=mn&u=https%3A%2F%2Fwww.baidu.com%2F...
2022-11-15 10:10:43,534 - INFO driver.py [line:45]: WebDriver 初始化完成！
2022-11-15 10:10:43,534 - INFO test_signup.py [line:28]: function setup content
2022-11-15 10:10:43,534 - INFO signup_page.py [line:18]: 【===开始注册操作===】
2022-11-15 10:10:43,535 - INFO basepage.py [line:26]: 等待"等待用户名输入框"元素,定位方式:('id', 'TANGRAM__PSP_4__userName')
2022-11-15 10:10:43,548 - INFO basepage.py [line:31]: 等待"等待用户名输入框"时长:0:00:00.013698
2022-11-15 10:10:43,548 - INFO basepage.py [line:40]: 查找"清空用户名输入框"元素，元素定位:('id', 'TANGRAM__PSP_4__userName')
2022-11-15 10:10:43,551 - INFO basepage.py [line:88]: 清除"清空用户名输入框",元素定位:('id', 'TANGRAM__PSP_4__userName')
2022-11-15 10:10:43,563 - INFO basepage.py [line:40]: 查找"输入用户名"元素，元素定位:('id', 'TANGRAM__PSP_4__userName')
2022-11-15 10:10:43,565 - INFO basepage.py [line:75]: 在"输入用户名"输入"yogachuan",元素定位:('id', 'TANGRAM__PSP_4__userName')
2022-11-15 10:10:43,632 - INFO basepage.py [line:26]: 等待"等待手机号输入框"元素,定位方式:('id', 'TANGRAM__PSP_4__phone')
2022-11-15 10:10:43,644 - INFO basepage.py [line:31]: 等待"等待手机号输入框"时长:0:00:00.011534
2022-11-15 10:10:43,644 - INFO basepage.py [line:40]: 查找"清空手机号输入框"元素，元素定位:('id', 'TANGRAM__PSP_4__phone')
2022-11-15 10:10:43,646 - INFO basepage.py [line:88]: 清除"清空手机号输入框",元素定位:('id', 'TANGRAM__PSP_4__phone')
2022-11-15 10:10:43,659 - INFO basepage.py [line:40]: 查找"输入手机号"元素，元素定位:('id', 'TANGRAM__PSP_4__phone')
2022-11-15 10:10:43,661 - INFO basepage.py [line:75]: 在"输入手机号"输入"17810200310",元素定位:('id', 'TANGRAM__PSP_4__phone')
2022-11-15 10:10:43,683 - INFO basepage.py [line:26]: 等待"等待密码输入框"元素,定位方式:('id', 'TANGRAM__PSP_4__password')
2022-11-15 10:10:43,691 - INFO basepage.py [line:31]: 等待"等待密码输入框"时长:0:00:00.008024
2022-11-15 10:10:43,691 - INFO basepage.py [line:40]: 查找"清空密码输入框"元素，元素定位:('id', 'TANGRAM__PSP_4__password')
2022-11-15 10:10:43,695 - INFO basepage.py [line:88]: 清除"清空密码输入框",元素定位:('id', 'TANGRAM__PSP_4__password')
2022-11-15 10:10:43,707 - INFO basepage.py [line:40]: 查找"输入密码"元素，元素定位:('id', 'TANGRAM__PSP_4__password')
2022-11-15 10:10:43,710 - INFO basepage.py [line:75]: 在"输入密码"输入"y123456",元素定位:('id', 'TANGRAM__PSP_4__password')
2022-11-15 10:10:43,757 - INFO basepage.py [line:40]: 查找"点击注册输入框"元素，元素定位:('id', 'TANGRAM__PSP_4__verifyCode')
2022-11-15 10:10:43,784 - INFO basepage.py [line:63]: 点击"点击注册输入框",元素定位:('id', 'TANGRAM__PSP_4__verifyCode')
2022-11-15 10:10:43,870 - INFO basepage.py [line:40]: 查找"获取断言文本"元素，元素定位:('class name', 'pwd-strength-detail')
2022-11-15 10:10:43,884 - INFO basepage.py [line:102]: 获取"获取断言文本"元素文本内容，元素定位:('class name', 'pwd-strength-detail')
2022-11-15 10:10:43,901 - INFO basepage.py [line:105]: 获取"获取断言文本"元素文本内容为"密码设置不符合要求",元素定位:('class name', 'pwd-strength-detail')
2022-11-15 10:10:44,907 - INFO signup_page.py [line:34]: 【===结束注册操作===】
2022-11-15 10:10:44,907 - INFO test_signup.py [line:32]: function teardown content
2022-11-15 10:10:44,911 - INFO test_signup.py [line:28]: function setup content
2022-11-15 10:10:44,911 - INFO signup_page.py [line:18]: 【===开始注册操作===】
2022-11-15 10:10:44,911 - INFO basepage.py [line:26]: 等待"等待用户名输入框"元素,定位方式:('id', 'TANGRAM__PSP_4__userName')
2022-11-15 10:10:44,929 - INFO basepage.py [line:31]: 等待"等待用户名输入框"时长:0:00:00.018111
2022-11-15 10:10:44,929 - INFO basepage.py [line:40]: 查找"清空用户名输入框"元素，元素定位:('id', 'TANGRAM__PSP_4__userName')
2022-11-15 10:10:44,935 - INFO basepage.py [line:88]: 清除"清空用户名输入框",元素定位:('id', 'TANGRAM__PSP_4__userName')
2022-11-15 10:10:44,967 - INFO basepage.py [line:40]: 查找"输入用户名"元素，元素定位:('id', 'TANGRAM__PSP_4__userName')
2022-11-15 10:10:44,971 - INFO basepage.py [line:75]: 在"输入用户名"输入"yogachuan",元素定位:('id', 'TANGRAM__PSP_4__userName')
2022-11-15 10:10:45,016 - INFO basepage.py [line:26]: 等待"等待手机号输入框"元素,定位方式:('id', 'TANGRAM__PSP_4__phone')
2022-11-15 10:10:45,022 - INFO basepage.py [line:31]: 等待"等待手机号输入框"时长:0:00:00.006070
2022-11-15 10:10:45,022 - INFO basepage.py [line:40]: 查找"清空手机号输入框"元素，元素定位:('id', 'TANGRAM__PSP_4__phone')
2022-11-15 10:10:45,025 - INFO basepage.py [line:88]: 清除"清空手机号输入框",元素定位:('id', 'TANGRAM__PSP_4__phone')
2022-11-15 10:10:45,036 - INFO basepage.py [line:40]: 查找"输入手机号"元素，元素定位:('id', 'TANGRAM__PSP_4__phone')
2022-11-15 10:10:45,039 - INFO basepage.py [line:75]: 在"输入手机号"输入"17810200310",元素定位:('id', 'TANGRAM__PSP_4__phone')
2022-11-15 10:10:45,097 - INFO basepage.py [line:26]: 等待"等待密码输入框"元素,定位方式:('id', 'TANGRAM__PSP_4__password')
2022-11-15 10:10:45,103 - INFO basepage.py [line:31]: 等待"等待密码输入框"时长:0:00:00.006173
2022-11-15 10:10:45,103 - INFO basepage.py [line:40]: 查找"清空密码输入框"元素，元素定位:('id', 'TANGRAM__PSP_4__password')
2022-11-15 10:10:45,105 - INFO basepage.py [line:88]: 清除"清空密码输入框",元素定位:('id', 'TANGRAM__PSP_4__password')
2022-11-15 10:10:45,123 - INFO basepage.py [line:40]: 查找"输入密码"元素，元素定位:('id', 'TANGRAM__PSP_4__password')
2022-11-15 10:10:45,139 - INFO basepage.py [line:75]: 在"输入密码"输入"y123456789yyyyy",元素定位:('id', 'TANGRAM__PSP_4__password')
2022-11-15 10:10:45,172 - INFO basepage.py [line:40]: 查找"点击注册输入框"元素，元素定位:('id', 'TANGRAM__PSP_4__verifyCode')
2022-11-15 10:10:45,177 - INFO basepage.py [line:63]: 点击"点击注册输入框",元素定位:('id', 'TANGRAM__PSP_4__verifyCode')
2022-11-15 10:10:45,211 - INFO basepage.py [line:40]: 查找"获取断言文本"元素，元素定位:('class name', 'pwd-strength-detail')
2022-11-15 10:10:45,215 - INFO basepage.py [line:102]: 获取"获取断言文本"元素文本内容，元素定位:('class name', 'pwd-strength-detail')
2022-11-15 10:10:45,219 - INFO basepage.py [line:105]: 获取"获取断言文本"元素文本内容为"密码设置不符合要求",元素定位:('class name', 'pwd-strength-detail')
2022-11-15 10:10:46,222 - INFO signup_page.py [line:34]: 【===结束注册操作===】
2022-11-15 10:10:46,223 - INFO test_signup.py [line:32]: function teardown content
2022-11-15 10:10:46,224 - INFO test_signup.py [line:28]: function setup content
2022-11-15 10:10:46,225 - INFO signup_page.py [line:18]: 【===开始注册操作===】
2022-11-15 10:10:46,225 - INFO basepage.py [line:26]: 等待"等待用户名输入框"元素,定位方式:('id', 'TANGRAM__PSP_4__userName')
2022-11-15 10:10:46,243 - INFO basepage.py [line:31]: 等待"等待用户名输入框"时长:0:00:00.018498
2022-11-15 10:10:46,244 - INFO basepage.py [line:40]: 查找"清空用户名输入框"元素，元素定位:('id', 'TANGRAM__PSP_4__userName')
2022-11-15 10:10:46,249 - INFO basepage.py [line:88]: 清除"清空用户名输入框",元素定位:('id', 'TANGRAM__PSP_4__userName')
2022-11-15 10:10:46,281 - INFO basepage.py [line:40]: 查找"输入用户名"元素，元素定位:('id', 'TANGRAM__PSP_4__userName')
2022-11-15 10:10:46,285 - INFO basepage.py [line:75]: 在"输入用户名"输入"yogachuan",元素定位:('id', 'TANGRAM__PSP_4__userName')
2022-11-15 10:10:46,312 - INFO basepage.py [line:26]: 等待"等待手机号输入框"元素,定位方式:('id', 'TANGRAM__PSP_4__phone')
2022-11-15 10:10:46,318 - INFO basepage.py [line:31]: 等待"等待手机号输入框"时长:0:00:00.006504
2022-11-15 10:10:46,318 - INFO basepage.py [line:40]: 查找"清空手机号输入框"元素，元素定位:('id', 'TANGRAM__PSP_4__phone')
2022-11-15 10:10:46,321 - INFO basepage.py [line:88]: 清除"清空手机号输入框",元素定位:('id', 'TANGRAM__PSP_4__phone')
2022-11-15 10:10:46,333 - INFO basepage.py [line:40]: 查找"输入手机号"元素，元素定位:('id', 'TANGRAM__PSP_4__phone')
2022-11-15 10:10:46,336 - INFO basepage.py [line:75]: 在"输入手机号"输入"17810200310",元素定位:('id', 'TANGRAM__PSP_4__phone')
2022-11-15 10:10:46,368 - INFO basepage.py [line:26]: 等待"等待密码输入框"元素,定位方式:('id', 'TANGRAM__PSP_4__password')
2022-11-15 10:10:46,373 - INFO basepage.py [line:31]: 等待"等待密码输入框"时长:0:00:00.005621
2022-11-15 10:10:46,373 - INFO basepage.py [line:40]: 查找"清空密码输入框"元素，元素定位:('id', 'TANGRAM__PSP_4__password')
2022-11-15 10:10:46,376 - INFO basepage.py [line:88]: 清除"清空密码输入框",元素定位:('id', 'TANGRAM__PSP_4__password')
2022-11-15 10:10:46,391 - INFO basepage.py [line:40]: 查找"输入密码"元素，元素定位:('id', 'TANGRAM__PSP_4__password')
2022-11-15 10:10:46,404 - INFO basepage.py [line:75]: 在"输入密码"输入"123456789",元素定位:('id', 'TANGRAM__PSP_4__password')
2022-11-15 10:10:46,426 - INFO basepage.py [line:40]: 查找"点击注册输入框"元素，元素定位:('id', 'TANGRAM__PSP_4__verifyCode')
2022-11-15 10:10:46,431 - INFO basepage.py [line:63]: 点击"点击注册输入框",元素定位:('id', 'TANGRAM__PSP_4__verifyCode')
2022-11-15 10:10:46,458 - INFO basepage.py [line:40]: 查找"获取断言文本"元素，元素定位:('class name', 'pwd-strength-detail')
2022-11-15 10:10:46,462 - INFO basepage.py [line:102]: 获取"获取断言文本"元素文本内容，元素定位:('class name', 'pwd-strength-detail')
2022-11-15 10:10:46,466 - INFO basepage.py [line:105]: 获取"获取断言文本"元素文本内容为"密码设置不符合要求",元素定位:('class name', 'pwd-strength-detail')
2022-11-15 10:10:47,471 - INFO signup_page.py [line:34]: 【===结束注册操作===】
2022-11-15 10:10:47,472 - INFO test_signup.py [line:32]: function teardown content
2022-11-15 10:10:47,473 - INFO test_signup.py [line:28]: function setup content
2022-11-15 10:10:47,473 - INFO signup_page.py [line:18]: 【===开始注册操作===】
2022-11-15 10:10:47,473 - INFO basepage.py [line:26]: 等待"等待用户名输入框"元素,定位方式:('id', 'TANGRAM__PSP_4__userName')
2022-11-15 10:10:47,493 - INFO basepage.py [line:31]: 等待"等待用户名输入框"时长:0:00:00.019184
2022-11-15 10:10:47,493 - INFO basepage.py [line:40]: 查找"清空用户名输入框"元素，元素定位:('id', 'TANGRAM__PSP_4__userName')
2022-11-15 10:10:47,498 - INFO basepage.py [line:88]: 清除"清空用户名输入框",元素定位:('id', 'TANGRAM__PSP_4__userName')
2022-11-15 10:10:47,530 - INFO basepage.py [line:40]: 查找"输入用户名"元素，元素定位:('id', 'TANGRAM__PSP_4__userName')
2022-11-15 10:10:47,534 - INFO basepage.py [line:75]: 在"输入用户名"输入"yogachuan",元素定位:('id', 'TANGRAM__PSP_4__userName')
2022-11-15 10:10:47,564 - INFO basepage.py [line:26]: 等待"等待手机号输入框"元素,定位方式:('id', 'TANGRAM__PSP_4__phone')
2022-11-15 10:10:47,570 - INFO basepage.py [line:31]: 等待"等待手机号输入框"时长:0:00:00.006342
2022-11-15 10:10:47,570 - INFO basepage.py [line:40]: 查找"清空手机号输入框"元素，元素定位:('id', 'TANGRAM__PSP_4__phone')
2022-11-15 10:10:47,573 - INFO basepage.py [line:88]: 清除"清空手机号输入框",元素定位:('id', 'TANGRAM__PSP_4__phone')
2022-11-15 10:10:47,586 - INFO basepage.py [line:40]: 查找"输入手机号"元素，元素定位:('id', 'TANGRAM__PSP_4__phone')
2022-11-15 10:10:47,588 - INFO basepage.py [line:75]: 在"输入手机号"输入"17810200310",元素定位:('id', 'TANGRAM__PSP_4__phone')
2022-11-15 10:10:47,618 - INFO basepage.py [line:26]: 等待"等待密码输入框"元素,定位方式:('id', 'TANGRAM__PSP_4__password')
2022-11-15 10:10:47,624 - INFO basepage.py [line:31]: 等待"等待密码输入框"时长:0:00:00.005820
2022-11-15 10:10:47,624 - INFO basepage.py [line:40]: 查找"清空密码输入框"元素，元素定位:('id', 'TANGRAM__PSP_4__password')
2022-11-15 10:10:47,627 - INFO basepage.py [line:88]: 清除"清空密码输入框",元素定位:('id', 'TANGRAM__PSP_4__password')
2022-11-15 10:10:47,641 - INFO basepage.py [line:40]: 查找"输入密码"元素，元素定位:('id', 'TANGRAM__PSP_4__password')
2022-11-15 10:10:47,655 - INFO basepage.py [line:75]: 在"输入密码"输入"abcdefg",元素定位:('id', 'TANGRAM__PSP_4__password')
2022-11-15 10:10:47,677 - INFO basepage.py [line:40]: 查找"点击注册输入框"元素，元素定位:('id', 'TANGRAM__PSP_4__verifyCode')
2022-11-15 10:10:47,680 - INFO basepage.py [line:63]: 点击"点击注册输入框",元素定位:('id', 'TANGRAM__PSP_4__verifyCode')
2022-11-15 10:10:47,705 - INFO basepage.py [line:40]: 查找"获取断言文本"元素，元素定位:('class name', 'pwd-strength-detail')
2022-11-15 10:10:47,709 - INFO basepage.py [line:102]: 获取"获取断言文本"元素文本内容，元素定位:('class name', 'pwd-strength-detail')
2022-11-15 10:10:47,713 - INFO basepage.py [line:105]: 获取"获取断言文本"元素文本内容为"密码设置不符合要求",元素定位:('class name', 'pwd-strength-detail')
2022-11-15 10:10:48,718 - INFO signup_page.py [line:34]: 【===结束注册操作===】
2022-11-15 10:10:48,719 - INFO test_signup.py [line:32]: function teardown content
2022-11-15 10:10:48,720 - INFO test_signup.py [line:28]: function setup content
2022-11-15 10:10:48,720 - INFO signup_page.py [line:18]: 【===开始注册操作===】
2022-11-15 10:10:48,721 - INFO basepage.py [line:26]: 等待"等待用户名输入框"元素,定位方式:('id', 'TANGRAM__PSP_4__userName')
2022-11-15 10:10:48,739 - INFO basepage.py [line:31]: 等待"等待用户名输入框"时长:0:00:00.018116
2022-11-15 10:10:48,739 - INFO basepage.py [line:40]: 查找"清空用户名输入框"元素，元素定位:('id', 'TANGRAM__PSP_4__userName')
2022-11-15 10:10:48,744 - INFO basepage.py [line:88]: 清除"清空用户名输入框",元素定位:('id', 'TANGRAM__PSP_4__userName')
2022-11-15 10:10:48,776 - INFO basepage.py [line:40]: 查找"输入用户名"元素，元素定位:('id', 'TANGRAM__PSP_4__userName')
2022-11-15 10:10:48,780 - INFO basepage.py [line:75]: 在"输入用户名"输入"yogachuan",元素定位:('id', 'TANGRAM__PSP_4__userName')
2022-11-15 10:10:48,806 - INFO basepage.py [line:26]: 等待"等待手机号输入框"元素,定位方式:('id', 'TANGRAM__PSP_4__phone')
2022-11-15 10:10:48,813 - INFO basepage.py [line:31]: 等待"等待手机号输入框"时长:0:00:00.006647
2022-11-15 10:10:48,813 - INFO basepage.py [line:40]: 查找"清空手机号输入框"元素，元素定位:('id', 'TANGRAM__PSP_4__phone')
2022-11-15 10:10:48,815 - INFO basepage.py [line:88]: 清除"清空手机号输入框",元素定位:('id', 'TANGRAM__PSP_4__phone')
2022-11-15 10:10:48,834 - INFO basepage.py [line:40]: 查找"输入手机号"元素，元素定位:('id', 'TANGRAM__PSP_4__phone')
2022-11-15 10:10:48,837 - INFO basepage.py [line:75]: 在"输入手机号"输入"17810200310",元素定位:('id', 'TANGRAM__PSP_4__phone')
2022-11-15 10:10:48,859 - INFO basepage.py [line:26]: 等待"等待密码输入框"元素,定位方式:('id', 'TANGRAM__PSP_4__password')
2022-11-15 10:10:48,865 - INFO basepage.py [line:31]: 等待"等待密码输入框"时长:0:00:00.006132
2022-11-15 10:10:48,865 - INFO basepage.py [line:40]: 查找"清空密码输入框"元素，元素定位:('id', 'TANGRAM__PSP_4__password')
2022-11-15 10:10:48,867 - INFO basepage.py [line:88]: 清除"清空密码输入框",元素定位:('id', 'TANGRAM__PSP_4__password')
2022-11-15 10:10:48,884 - INFO basepage.py [line:40]: 查找"输入密码"元素，元素定位:('id', 'TANGRAM__PSP_4__password')
2022-11-15 10:10:48,886 - INFO basepage.py [line:75]: 在"输入密码"输入"，，，，，，，，",元素定位:('id', 'TANGRAM__PSP_4__password')
2022-11-15 10:10:48,915 - INFO basepage.py [line:40]: 查找"点击注册输入框"元素，元素定位:('id', 'TANGRAM__PSP_4__verifyCode')
2022-11-15 10:10:48,918 - INFO basepage.py [line:63]: 点击"点击注册输入框",元素定位:('id', 'TANGRAM__PSP_4__verifyCode')
2022-11-15 10:10:48,938 - INFO basepage.py [line:40]: 查找"获取断言文本"元素，元素定位:('class name', 'pwd-strength-detail')
2022-11-15 10:10:48,941 - INFO basepage.py [line:102]: 获取"获取断言文本"元素文本内容，元素定位:('class name', 'pwd-strength-detail')
2022-11-15 10:10:48,945 - INFO basepage.py [line:105]: 获取"获取断言文本"元素文本内容为"密码设置不符合要求",元素定位:('class name', 'pwd-strength-detail')
2022-11-15 10:10:49,950 - INFO signup_page.py [line:34]: 【===结束注册操作===】
2022-11-15 10:10:49,951 - INFO test_signup.py [line:32]: function teardown content
2022-11-15 10:10:49,952 - INFO test_signup.py [line:28]: function setup content
2022-11-15 10:10:49,952 - INFO signup_page.py [line:18]: 【===开始注册操作===】
2022-11-15 10:10:49,952 - INFO basepage.py [line:26]: 等待"等待用户名输入框"元素,定位方式:('id', 'TANGRAM__PSP_4__userName')
2022-11-15 10:10:49,970 - INFO basepage.py [line:31]: 等待"等待用户名输入框"时长:0:00:00.017850
2022-11-15 10:10:49,971 - INFO basepage.py [line:40]: 查找"清空用户名输入框"元素，元素定位:('id', 'TANGRAM__PSP_4__userName')
2022-11-15 10:10:49,976 - INFO basepage.py [line:88]: 清除"清空用户名输入框",元素定位:('id', 'TANGRAM__PSP_4__userName')
2022-11-15 10:10:50,008 - INFO basepage.py [line:40]: 查找"输入用户名"元素，元素定位:('id', 'TANGRAM__PSP_4__userName')
2022-11-15 10:10:50,012 - INFO basepage.py [line:75]: 在"输入用户名"输入"yogachuan",元素定位:('id', 'TANGRAM__PSP_4__userName')
2022-11-15 10:10:50,039 - INFO basepage.py [line:26]: 等待"等待手机号输入框"元素,定位方式:('id', 'TANGRAM__PSP_4__phone')
2022-11-15 10:10:50,046 - INFO basepage.py [line:31]: 等待"等待手机号输入框"时长:0:00:00.006621
2022-11-15 10:10:50,046 - INFO basepage.py [line:40]: 查找"清空手机号输入框"元素，元素定位:('id', 'TANGRAM__PSP_4__phone')
2022-11-15 10:10:50,048 - INFO basepage.py [line:88]: 清除"清空手机号输入框",元素定位:('id', 'TANGRAM__PSP_4__phone')
2022-11-15 10:10:50,068 - INFO basepage.py [line:40]: 查找"输入手机号"元素，元素定位:('id', 'TANGRAM__PSP_4__phone')
2022-11-15 10:10:50,070 - INFO basepage.py [line:75]: 在"输入手机号"输入"17810200310",元素定位:('id', 'TANGRAM__PSP_4__phone')
2022-11-15 10:10:50,094 - INFO basepage.py [line:26]: 等待"等待密码输入框"元素,定位方式:('id', 'TANGRAM__PSP_4__password')
2022-11-15 10:10:50,100 - INFO basepage.py [line:31]: 等待"等待密码输入框"时长:0:00:00.006270
2022-11-15 10:10:50,100 - INFO basepage.py [line:40]: 查找"清空密码输入框"元素，元素定位:('id', 'TANGRAM__PSP_4__password')
2022-11-15 10:10:50,102 - INFO basepage.py [line:88]: 清除"清空密码输入框",元素定位:('id', 'TANGRAM__PSP_4__password')
2022-11-15 10:10:50,116 - INFO basepage.py [line:40]: 查找"输入密码"元素，元素定位:('id', 'TANGRAM__PSP_4__password')
2022-11-15 10:10:50,119 - INFO basepage.py [line:75]: 在"输入密码"输入"。。。。。。。。",元素定位:('id', 'TANGRAM__PSP_4__password')
2022-11-15 10:10:50,152 - INFO basepage.py [line:40]: 查找"点击注册输入框"元素，元素定位:('id', 'TANGRAM__PSP_4__verifyCode')
2022-11-15 10:10:50,155 - INFO basepage.py [line:63]: 点击"点击注册输入框",元素定位:('id', 'TANGRAM__PSP_4__verifyCode')
2022-11-15 10:10:50,177 - INFO basepage.py [line:40]: 查找"获取断言文本"元素，元素定位:('class name', 'pwd-strength-detail')
2022-11-15 10:10:50,181 - INFO basepage.py [line:102]: 获取"获取断言文本"元素文本内容，元素定位:('class name', 'pwd-strength-detail')
2022-11-15 10:10:50,185 - INFO basepage.py [line:105]: 获取"获取断言文本"元素文本内容为"密码设置不符合要求",元素定位:('class name', 'pwd-strength-detail')
2022-11-15 10:10:51,190 - INFO signup_page.py [line:34]: 【===结束注册操作===】
2022-11-15 10:10:51,191 - INFO test_signup.py [line:32]: function teardown content
2022-11-15 10:10:51,192 - INFO test_signup.py [line:28]: function setup content
2022-11-15 10:10:51,192 - INFO signup_page.py [line:18]: 【===开始注册操作===】
2022-11-15 10:10:51,192 - INFO basepage.py [line:26]: 等待"等待用户名输入框"元素,定位方式:('id', 'TANGRAM__PSP_4__userName')
2022-11-15 10:10:51,210 - INFO basepage.py [line:31]: 等待"等待用户名输入框"时长:0:00:00.017793
2022-11-15 10:10:51,210 - INFO basepage.py [line:40]: 查找"清空用户名输入框"元素，元素定位:('id', 'TANGRAM__PSP_4__userName')
2022-11-15 10:10:51,216 - INFO basepage.py [line:88]: 清除"清空用户名输入框",元素定位:('id', 'TANGRAM__PSP_4__userName')
2022-11-15 10:10:51,247 - INFO basepage.py [line:40]: 查找"输入用户名"元素，元素定位:('id', 'TANGRAM__PSP_4__userName')
2022-11-15 10:10:51,252 - INFO basepage.py [line:75]: 在"输入用户名"输入"yogachuan",元素定位:('id', 'TANGRAM__PSP_4__userName')
2022-11-15 10:10:51,282 - INFO basepage.py [line:26]: 等待"等待手机号输入框"元素,定位方式:('id', 'TANGRAM__PSP_4__phone')
2022-11-15 10:10:51,289 - INFO basepage.py [line:31]: 等待"等待手机号输入框"时长:0:00:00.006127
2022-11-15 10:10:51,289 - INFO basepage.py [line:40]: 查找"清空手机号输入框"元素，元素定位:('id', 'TANGRAM__PSP_4__phone')
2022-11-15 10:10:51,291 - INFO basepage.py [line:88]: 清除"清空手机号输入框",元素定位:('id', 'TANGRAM__PSP_4__phone')
2022-11-15 10:10:51,305 - INFO basepage.py [line:40]: 查找"输入手机号"元素，元素定位:('id', 'TANGRAM__PSP_4__phone')
2022-11-15 10:10:51,308 - INFO basepage.py [line:75]: 在"输入手机号"输入"17810200310",元素定位:('id', 'TANGRAM__PSP_4__phone')
2022-11-15 10:10:51,338 - INFO basepage.py [line:26]: 等待"等待密码输入框"元素,定位方式:('id', 'TANGRAM__PSP_4__password')
2022-11-15 10:10:51,345 - INFO basepage.py [line:31]: 等待"等待密码输入框"时长:0:00:00.006620
2022-11-15 10:10:51,345 - INFO basepage.py [line:40]: 查找"清空密码输入框"元素，元素定位:('id', 'TANGRAM__PSP_4__password')
2022-11-15 10:10:51,347 - INFO basepage.py [line:88]: 清除"清空密码输入框",元素定位:('id', 'TANGRAM__PSP_4__password')
2022-11-15 10:10:51,367 - INFO basepage.py [line:40]: 查找"输入密码"元素，元素定位:('id', 'TANGRAM__PSP_4__password')
2022-11-15 10:10:51,369 - INFO basepage.py [line:75]: 在"输入密码"输入"、、、、、、、、",元素定位:('id', 'TANGRAM__PSP_4__password')
2022-11-15 10:10:51,404 - INFO basepage.py [line:40]: 查找"点击注册输入框"元素，元素定位:('id', 'TANGRAM__PSP_4__verifyCode')
2022-11-15 10:10:51,407 - INFO basepage.py [line:63]: 点击"点击注册输入框",元素定位:('id', 'TANGRAM__PSP_4__verifyCode')
2022-11-15 10:10:51,428 - INFO basepage.py [line:40]: 查找"获取断言文本"元素，元素定位:('class name', 'pwd-strength-detail')
2022-11-15 10:10:51,431 - INFO basepage.py [line:102]: 获取"获取断言文本"元素文本内容，元素定位:('class name', 'pwd-strength-detail')
2022-11-15 10:10:51,434 - INFO basepage.py [line:105]: 获取"获取断言文本"元素文本内容为"密码设置不符合要求",元素定位:('class name', 'pwd-strength-detail')
2022-11-15 10:10:52,439 - INFO signup_page.py [line:34]: 【===结束注册操作===】
2022-11-15 10:10:52,439 - INFO test_signup.py [line:32]: function teardown content
2022-11-15 10:10:52,440 - INFO test_signup.py [line:28]: function setup content
2022-11-15 10:10:52,440 - INFO signup_page.py [line:18]: 【===开始注册操作===】
2022-11-15 10:10:52,441 - INFO basepage.py [line:26]: 等待"等待用户名输入框"元素,定位方式:('id', 'TANGRAM__PSP_4__userName')
2022-11-15 10:10:52,458 - INFO basepage.py [line:31]: 等待"等待用户名输入框"时长:0:00:00.017477
2022-11-15 10:10:52,458 - INFO basepage.py [line:40]: 查找"清空用户名输入框"元素，元素定位:('id', 'TANGRAM__PSP_4__userName')
2022-11-15 10:10:52,464 - INFO basepage.py [line:88]: 清除"清空用户名输入框",元素定位:('id', 'TANGRAM__PSP_4__userName')
2022-11-15 10:10:52,495 - INFO basepage.py [line:40]: 查找"输入用户名"元素，元素定位:('id', 'TANGRAM__PSP_4__userName')
2022-11-15 10:10:52,499 - INFO basepage.py [line:75]: 在"输入用户名"输入"yogachuan",元素定位:('id', 'TANGRAM__PSP_4__userName')
2022-11-15 10:10:52,525 - INFO basepage.py [line:26]: 等待"等待手机号输入框"元素,定位方式:('id', 'TANGRAM__PSP_4__phone')
2022-11-15 10:10:52,532 - INFO basepage.py [line:31]: 等待"等待手机号输入框"时长:0:00:00.006558
2022-11-15 10:10:52,532 - INFO basepage.py [line:40]: 查找"清空手机号输入框"元素，元素定位:('id', 'TANGRAM__PSP_4__phone')
2022-11-15 10:10:52,534 - INFO basepage.py [line:88]: 清除"清空手机号输入框",元素定位:('id', 'TANGRAM__PSP_4__phone')
2022-11-15 10:10:52,555 - INFO basepage.py [line:40]: 查找"输入手机号"元素，元素定位:('id', 'TANGRAM__PSP_4__phone')
2022-11-15 10:10:52,558 - INFO basepage.py [line:75]: 在"输入手机号"输入"17810200310",元素定位:('id', 'TANGRAM__PSP_4__phone')
2022-11-15 10:10:52,581 - INFO basepage.py [line:26]: 等待"等待密码输入框"元素,定位方式:('id', 'TANGRAM__PSP_4__password')
2022-11-15 10:10:52,587 - INFO basepage.py [line:31]: 等待"等待密码输入框"时长:0:00:00.006319
2022-11-15 10:10:52,587 - INFO basepage.py [line:40]: 查找"清空密码输入框"元素，元素定位:('id', 'TANGRAM__PSP_4__password')
2022-11-15 10:10:52,590 - INFO basepage.py [line:88]: 清除"清空密码输入框",元素定位:('id', 'TANGRAM__PSP_4__password')
2022-11-15 10:10:52,605 - INFO basepage.py [line:40]: 查找"输入密码"元素，元素定位:('id', 'TANGRAM__PSP_4__password')
2022-11-15 10:10:52,608 - INFO basepage.py [line:75]: 在"输入密码"输入"；；；；；；；；",元素定位:('id', 'TANGRAM__PSP_4__password')
2022-11-15 10:10:52,640 - INFO basepage.py [line:40]: 查找"点击注册输入框"元素，元素定位:('id', 'TANGRAM__PSP_4__verifyCode')
2022-11-15 10:10:52,643 - INFO basepage.py [line:63]: 点击"点击注册输入框",元素定位:('id', 'TANGRAM__PSP_4__verifyCode')
2022-11-15 10:10:52,662 - INFO basepage.py [line:40]: 查找"获取断言文本"元素，元素定位:('class name', 'pwd-strength-detail')
2022-11-15 10:10:52,665 - INFO basepage.py [line:102]: 获取"获取断言文本"元素文本内容，元素定位:('class name', 'pwd-strength-detail')
2022-11-15 10:10:52,668 - INFO basepage.py [line:105]: 获取"获取断言文本"元素文本内容为"密码设置不符合要求",元素定位:('class name', 'pwd-strength-detail')
2022-11-15 10:10:53,674 - INFO signup_page.py [line:34]: 【===结束注册操作===】
2022-11-15 10:10:53,674 - INFO test_signup.py [line:32]: function teardown content
2022-11-15 10:10:53,675 - INFO test_signup.py [line:28]: function setup content
2022-11-15 10:10:53,676 - INFO signup_page.py [line:18]: 【===开始注册操作===】
2022-11-15 10:10:53,676 - INFO basepage.py [line:26]: 等待"等待用户名输入框"元素,定位方式:('id', 'TANGRAM__PSP_4__userName')
2022-11-15 10:10:53,696 - INFO basepage.py [line:31]: 等待"等待用户名输入框"时长:0:00:00.019814
2022-11-15 10:10:53,696 - INFO basepage.py [line:40]: 查找"清空用户名输入框"元素，元素定位:('id', 'TANGRAM__PSP_4__userName')
2022-11-15 10:10:53,701 - INFO basepage.py [line:88]: 清除"清空用户名输入框",元素定位:('id', 'TANGRAM__PSP_4__userName')
2022-11-15 10:10:53,733 - INFO basepage.py [line:40]: 查找"输入用户名"元素，元素定位:('id', 'TANGRAM__PSP_4__userName')
2022-11-15 10:10:53,737 - INFO basepage.py [line:75]: 在"输入用户名"输入"yogachuan",元素定位:('id', 'TANGRAM__PSP_4__userName')
2022-11-15 10:10:53,765 - INFO basepage.py [line:26]: 等待"等待手机号输入框"元素,定位方式:('id', 'TANGRAM__PSP_4__phone')
2022-11-15 10:10:53,771 - INFO basepage.py [line:31]: 等待"等待手机号输入框"时长:0:00:00.006419
2022-11-15 10:10:53,771 - INFO basepage.py [line:40]: 查找"清空手机号输入框"元素，元素定位:('id', 'TANGRAM__PSP_4__phone')
2022-11-15 10:10:53,774 - INFO basepage.py [line:88]: 清除"清空手机号输入框",元素定位:('id', 'TANGRAM__PSP_4__phone')
2022-11-15 10:10:53,790 - INFO basepage.py [line:40]: 查找"输入手机号"元素，元素定位:('id', 'TANGRAM__PSP_4__phone')
2022-11-15 10:10:53,802 - INFO basepage.py [line:75]: 在"输入手机号"输入"17810200310",元素定位:('id', 'TANGRAM__PSP_4__phone')
2022-11-15 10:10:53,823 - INFO basepage.py [line:26]: 等待"等待密码输入框"元素,定位方式:('id', 'TANGRAM__PSP_4__password')
2022-11-15 10:10:53,830 - INFO basepage.py [line:31]: 等待"等待密码输入框"时长:0:00:00.006240
2022-11-15 10:10:53,830 - INFO basepage.py [line:40]: 查找"清空密码输入框"元素，元素定位:('id', 'TANGRAM__PSP_4__password')
2022-11-15 10:10:53,832 - INFO basepage.py [line:88]: 清除"清空密码输入框",元素定位:('id', 'TANGRAM__PSP_4__password')
2022-11-15 10:10:53,849 - INFO basepage.py [line:40]: 查找"输入密码"元素，元素定位:('id', 'TANGRAM__PSP_4__password')
2022-11-15 10:10:53,852 - INFO basepage.py [line:75]: 在"输入密码"输入"y123 456789",元素定位:('id', 'TANGRAM__PSP_4__password')
2022-11-15 10:10:53,881 - INFO basepage.py [line:40]: 查找"点击注册输入框"元素，元素定位:('id', 'TANGRAM__PSP_4__verifyCode')
2022-11-15 10:10:53,885 - INFO basepage.py [line:63]: 点击"点击注册输入框",元素定位:('id', 'TANGRAM__PSP_4__verifyCode')
2022-11-15 10:10:53,905 - INFO basepage.py [line:40]: 查找"获取断言文本"元素，元素定位:('class name', 'pwd-strength-detail')
2022-11-15 10:10:53,908 - INFO basepage.py [line:102]: 获取"获取断言文本"元素文本内容，元素定位:('class name', 'pwd-strength-detail')
2022-11-15 10:10:53,911 - INFO basepage.py [line:105]: 获取"获取断言文本"元素文本内容为"密码设置不符合要求",元素定位:('class name', 'pwd-strength-detail')
2022-11-15 10:10:54,917 - INFO signup_page.py [line:34]: 【===结束注册操作===】
2022-11-15 10:10:54,918 - INFO test_signup.py [line:32]: function teardown content
2022-11-15 10:10:54,919 - INFO test_signup.py [line:28]: function setup content
2022-11-15 10:10:54,919 - INFO signup_page.py [line:18]: 【===开始注册操作===】
2022-11-15 10:10:54,919 - INFO basepage.py [line:26]: 等待"等待用户名输入框"元素,定位方式:('id', 'TANGRAM__PSP_4__userName')
2022-11-15 10:10:54,938 - INFO basepage.py [line:31]: 等待"等待用户名输入框"时长:0:00:00.018865
2022-11-15 10:10:54,938 - INFO basepage.py [line:40]: 查找"清空用户名输入框"元素，元素定位:('id', 'TANGRAM__PSP_4__userName')
2022-11-15 10:10:54,943 - INFO basepage.py [line:88]: 清除"清空用户名输入框",元素定位:('id', 'TANGRAM__PSP_4__userName')
2022-11-15 10:10:54,976 - INFO basepage.py [line:40]: 查找"输入用户名"元素，元素定位:('id', 'TANGRAM__PSP_4__userName')
2022-11-15 10:10:54,980 - INFO basepage.py [line:75]: 在"输入用户名"输入"yogachuan",元素定位:('id', 'TANGRAM__PSP_4__userName')
2022-11-15 10:10:55,006 - INFO basepage.py [line:26]: 等待"等待手机号输入框"元素,定位方式:('id', 'TANGRAM__PSP_4__phone')
2022-11-15 10:10:55,013 - INFO basepage.py [line:31]: 等待"等待手机号输入框"时长:0:00:00.006746
2022-11-15 10:10:55,013 - INFO basepage.py [line:40]: 查找"清空手机号输入框"元素，元素定位:('id', 'TANGRAM__PSP_4__phone')
2022-11-15 10:10:55,016 - INFO basepage.py [line:88]: 清除"清空手机号输入框",元素定位:('id', 'TANGRAM__PSP_4__phone')
2022-11-15 10:10:55,035 - INFO basepage.py [line:40]: 查找"输入手机号"元素，元素定位:('id', 'TANGRAM__PSP_4__phone')
2022-11-15 10:10:55,037 - INFO basepage.py [line:75]: 在"输入手机号"输入"17810200310",元素定位:('id', 'TANGRAM__PSP_4__phone')
2022-11-15 10:10:55,063 - INFO basepage.py [line:26]: 等待"等待密码输入框"元素,定位方式:('id', 'TANGRAM__PSP_4__password')
2022-11-15 10:10:55,069 - INFO basepage.py [line:31]: 等待"等待密码输入框"时长:0:00:00.006128
2022-11-15 10:10:55,069 - INFO basepage.py [line:40]: 查找"清空密码输入框"元素，元素定位:('id', 'TANGRAM__PSP_4__password')
2022-11-15 10:10:55,072 - INFO basepage.py [line:88]: 清除"清空密码输入框",元素定位:('id', 'TANGRAM__PSP_4__password')
2022-11-15 10:10:55,095 - INFO basepage.py [line:40]: 查找"输入密码"元素，元素定位:('id', 'TANGRAM__PSP_4__password')
2022-11-15 10:10:55,098 - INFO basepage.py [line:75]: 在"输入密码"输入"y12345678哈",元素定位:('id', 'TANGRAM__PSP_4__password')
2022-11-15 10:10:55,118 - INFO basepage.py [line:40]: 查找"点击注册输入框"元素，元素定位:('id', 'TANGRAM__PSP_4__verifyCode')
2022-11-15 10:10:55,121 - INFO basepage.py [line:63]: 点击"点击注册输入框",元素定位:('id', 'TANGRAM__PSP_4__verifyCode')
2022-11-15 10:10:55,139 - INFO basepage.py [line:40]: 查找"获取断言文本"元素，元素定位:('class name', 'pwd-strength-detail')
2022-11-15 10:10:55,143 - INFO basepage.py [line:102]: 获取"获取断言文本"元素文本内容，元素定位:('class name', 'pwd-strength-detail')
2022-11-15 10:10:55,146 - INFO basepage.py [line:105]: 获取"获取断言文本"元素文本内容为"密码设置不符合要求",元素定位:('class name', 'pwd-strength-detail')
2022-11-15 10:10:56,152 - INFO signup_page.py [line:34]: 【===结束注册操作===】
2022-11-15 10:10:56,152 - INFO test_signup.py [line:32]: function teardown content
2022-11-15 10:10:56,153 - INFO test_signup.py [line:24]: Class teardown content
2022-11-15 10:10:56,252 - INFO run.py [line:45]: RunCase执行用例--结束
