2022-11-15 08:57:12,087 - INFO read_data.py [line:24]: 加载 /Users/yoga/Desktop/练手/框架模板/framework/config/setting.json 文件......
2022-11-15 08:57:12,090 - INFO read_data.py [line:27]: 读到数据 ==>>  {'browser_type': 'chrome', 'host': 'https://passport.baidu.com/v2/?reg&tt=1668347090908&overseas=undefined&gid=5D882F4-5ABB-4058-8BD4-6E7CE0ECA9BC&tpl=mn&u=https%3A%2F%2Fwww.baidu.com%2F', 'username': 'yoga', 'pwd': 'yoga'} 
2022-11-15 08:57:12,097 - INFO test_signup.py [line:15]: add_user_data is [['yoga', '17274810086', 'y123456', '手机已注册'], ['yoga2', '17274810086', 'y12345', '手机已注册']]
2022-11-15 08:57:12,098 - INFO test_signup.py [line:19]: class setup content
2022-11-15 08:57:12,098 - INFO test_signup.py [line:26]: function setup content
2022-11-15 08:57:14,977 - INFO driver.py [line:44]: 打开链接: https://passport.baidu.com/v2/?reg&tt=1668347090908&overseas=undefined&gid=5D882F4-5ABB-4058-8BD4-6E7CE0ECA9BC&tpl=mn&u=https%3A%2F%2Fwww.baidu.com%2F...
2022-11-15 08:57:14,977 - INFO driver.py [line:45]: WebDriver 初始化完成！
2022-11-15 08:57:14,977 - INFO signup_page.py [line:19]: 【===开始注册操作===】
2022-11-15 08:57:15,982 - INFO basepage.py [line:40]: 查找"清空用户名输入框"元素，元素定位:('id', 'TANGRAM__PSP_4__userName')
2022-11-15 08:57:16,001 - INFO basepage.py [line:88]: 清除"清空用户名输入框",元素定位:('id', 'TANGRAM__PSP_4__userName')
2022-11-15 08:57:16,027 - INFO basepage.py [line:40]: 查找"输入用户名"元素，元素定位:('id', 'TANGRAM__PSP_4__userName')
2022-11-15 08:57:16,032 - INFO basepage.py [line:75]: 在"输入用户名"输入"yoga",元素定位:('id', 'TANGRAM__PSP_4__userName')
2022-11-15 08:57:17,116 - INFO basepage.py [line:40]: 查找"清空手机号输入框"元素，元素定位:('id', 'TANGRAM__PSP_4__phone')
2022-11-15 08:57:17,130 - INFO basepage.py [line:88]: 清除"清空手机号输入框",元素定位:('id', 'TANGRAM__PSP_4__phone')
2022-11-15 08:57:17,163 - INFO basepage.py [line:40]: 查找"输入手机号"元素，元素定位:('id', 'TANGRAM__PSP_4__phone')
2022-11-15 08:57:17,167 - INFO basepage.py [line:75]: 在"输入手机号"输入"17274810086",元素定位:('id', 'TANGRAM__PSP_4__phone')
2022-11-15 08:57:18,198 - INFO basepage.py [line:40]: 查找"清空密码输入框"元素，元素定位:('id', 'TANGRAM__PSP_4__password')
2022-11-15 08:57:18,211 - INFO basepage.py [line:88]: 清除"清空密码输入框",元素定位:('id', 'TANGRAM__PSP_4__password')
2022-11-15 08:57:18,231 - INFO basepage.py [line:40]: 查找"输入密码"元素，元素定位:('id', 'TANGRAM__PSP_4__password')
2022-11-15 08:57:18,234 - INFO basepage.py [line:75]: 在"输入密码"输入"y123456",元素定位:('id', 'TANGRAM__PSP_4__password')
2022-11-15 08:57:19,271 - INFO basepage.py [line:40]: 查找"点击注册输入框"元素，元素定位:('id', 'TANGRAM__PSP_4__verifyCode')
2022-11-15 08:57:19,287 - INFO basepage.py [line:63]: 点击"点击注册输入框",元素定位:('id', 'TANGRAM__PSP_4__verifyCode')
2022-11-15 08:57:21,344 - INFO basepage.py [line:40]: 查找"预期结果"元素，元素定位:('xpath', "//span[text()='密码设置不符合要求']")
2022-11-15 08:57:21,376 - INFO basepage.py [line:115]: 刷新None
2022-11-15 08:57:24,372 - INFO signup_page.py [line:44]: 【===结束注册操作===】
2022-11-15 08:57:24,373 - INFO test_signup.py [line:31]: function teardown content
2022-11-15 08:57:24,457 - INFO test_signup.py [line:26]: function setup content
2022-11-15 08:57:24,458 - INFO signup_page.py [line:19]: 【===开始注册操作===】
2022-11-15 08:57:25,458 - INFO basepage.py [line:40]: 查找"清空用户名输入框"元素，元素定位:('id', 'TANGRAM__PSP_4__userName')
2022-11-15 08:57:25,461 - WARNING connectionpool.py [line:812]: Retrying (Retry(total=2, connect=None, read=None, redirect=None, status=None)) after connection broken by 'NewConnectionError('<urllib3.connection.HTTPConnection object at 0x103a3f550>: Failed to establish a new connection: [Errno 61] Connection refused')': /session/6ac6676902b9e5d2c47ea5265b8d9a1b/element
2022-11-15 08:57:25,462 - WARNING connectionpool.py [line:812]: Retrying (Retry(total=1, connect=None, read=None, redirect=None, status=None)) after connection broken by 'NewConnectionError('<urllib3.connection.HTTPConnection object at 0x103a3f2e0>: Failed to establish a new connection: [Errno 61] Connection refused')': /session/6ac6676902b9e5d2c47ea5265b8d9a1b/element
2022-11-15 08:57:25,463 - WARNING connectionpool.py [line:812]: Retrying (Retry(total=0, connect=None, read=None, redirect=None, status=None)) after connection broken by 'NewConnectionError('<urllib3.connection.HTTPConnection object at 0x103a3f700>: Failed to establish a new connection: [Errno 61] Connection refused')': /session/6ac6676902b9e5d2c47ea5265b8d9a1b/element
2022-11-15 08:57:25,464 - INFO test_signup.py [line:31]: function teardown content
2022-11-15 08:57:25,466 - WARNING connectionpool.py [line:812]: Retrying (Retry(total=2, connect=None, read=None, redirect=None, status=None)) after connection broken by 'NewConnectionError('<urllib3.connection.HTTPConnection object at 0x103a3fa60>: Failed to establish a new connection: [Errno 61] Connection refused')': /session/6ac6676902b9e5d2c47ea5265b8d9a1b
2022-11-15 08:57:25,467 - WARNING connectionpool.py [line:812]: Retrying (Retry(total=1, connect=None, read=None, redirect=None, status=None)) after connection broken by 'NewConnectionError('<urllib3.connection.HTTPConnection object at 0x103a3fc70>: Failed to establish a new connection: [Errno 61] Connection refused')': /session/6ac6676902b9e5d2c47ea5265b8d9a1b
2022-11-15 08:57:25,468 - WARNING connectionpool.py [line:812]: Retrying (Retry(total=0, connect=None, read=None, redirect=None, status=None)) after connection broken by 'NewConnectionError('<urllib3.connection.HTTPConnection object at 0x103a3fd90>: Failed to establish a new connection: [Errno 61] Connection refused')': /session/6ac6676902b9e5d2c47ea5265b8d9a1b
2022-11-15 08:57:25,478 - INFO test_signup.py [line:23]: Class teardown content
