2022-11-15 10:01:08,894 - INFO read_data.py [line:24]: 加载 /Users/yoga/Desktop/练手/框架模板/framework/config/setting.json 文件......
2022-11-15 10:01:08,897 - INFO read_data.py [line:27]: 读到数据 ==>>  {'browser_type': 'chrome', 'host': 'https://passport.baidu.com/v2/?reg&tt=1668347090908&overseas=undefined&gid=5D882F4-5ABB-4058-8BD4-6E7CE0ECA9BC&tpl=mn&u=https%3A%2F%2Fwww.baidu.com%2F', 'username': 'yoga', 'pwd': 'yoga'} 
2022-11-15 10:01:08,904 - INFO test_signup.py [line:15]: add_user_data is [['yogachuan', '17810200310', 'y123456', '手机已注册'], ['yogachuan', '17810200310', 'y123456789yyyyy', '手机已注册'], ['yogachuan', '17810200310', '123456789', ''], ['yogachuan', '17810200310', 'abcdefg', ''], ['yogachuan', '17810200310', '，，，，，，，，', ''], ['yogachuan', '17810200310', '。。。。。。。。', ''], ['yogachuan', '17810200310', '、、、、、、、、', ''], ['yogachuan', '17810200310', '；；；；；；；；', ''], ['yogachuan', '17810200310', 'y123 456789', ''], ['yogachuan', '17810200310', 'y12345678哈', '']]
2022-11-15 10:01:08,904 - INFO test_signup.py [line:19]: class setup content
2022-11-15 10:01:11,411 - INFO driver.py [line:44]: 打开链接: https://passport.baidu.com/v2/?reg&tt=1668347090908&overseas=undefined&gid=5D882F4-5ABB-4058-8BD4-6E7CE0ECA9BC&tpl=mn&u=https%3A%2F%2Fwww.baidu.com%2F...
2022-11-15 10:01:11,411 - INFO driver.py [line:45]: WebDriver 初始化完成！
2022-11-15 10:01:11,412 - INFO test_signup.py [line:28]: function setup content
2022-11-15 10:01:11,412 - INFO signup_page.py [line:19]: 【===开始注册操作===】
2022-11-15 10:01:11,412 - INFO basepage.py [line:26]: 等待"等待用户名输入框"元素,定位方式:('id', 'TANGRAM__PSP_4__userName')
2022-11-15 10:01:11,424 - INFO basepage.py [line:31]: 等待"等待用户名输入框"时长:0:00:00.012135
2022-11-15 10:01:11,424 - INFO basepage.py [line:40]: 查找"清空用户名输入框"元素，元素定位:('id', 'TANGRAM__PSP_4__userName')
2022-11-15 10:01:11,427 - INFO basepage.py [line:88]: 清除"清空用户名输入框",元素定位:('id', 'TANGRAM__PSP_4__userName')
2022-11-15 10:01:11,440 - INFO basepage.py [line:40]: 查找"输入用户名"元素，元素定位:('id', 'TANGRAM__PSP_4__userName')
2022-11-15 10:01:11,443 - INFO basepage.py [line:75]: 在"输入用户名"输入"yogachuan",元素定位:('id', 'TANGRAM__PSP_4__userName')
2022-11-15 10:01:11,498 - INFO basepage.py [line:26]: 等待"等待手机号输入框"元素,定位方式:('id', 'TANGRAM__PSP_4__phone')
2022-11-15 10:01:11,508 - INFO basepage.py [line:31]: 等待"等待手机号输入框"时长:0:00:00.010151
2022-11-15 10:01:11,509 - INFO basepage.py [line:40]: 查找"清空手机号输入框"元素，元素定位:('id', 'TANGRAM__PSP_4__phone')
2022-11-15 10:01:11,511 - INFO basepage.py [line:88]: 清除"清空手机号输入框",元素定位:('id', 'TANGRAM__PSP_4__phone')
2022-11-15 10:01:11,523 - INFO basepage.py [line:40]: 查找"输入手机号"元素，元素定位:('id', 'TANGRAM__PSP_4__phone')
2022-11-15 10:01:11,526 - INFO basepage.py [line:75]: 在"输入手机号"输入"17810200310",元素定位:('id', 'TANGRAM__PSP_4__phone')
2022-11-15 10:01:11,551 - INFO basepage.py [line:26]: 等待"等待密码输入框"元素,定位方式:('id', 'TANGRAM__PSP_4__password')
2022-11-15 10:01:11,559 - INFO basepage.py [line:31]: 等待"等待密码输入框"时长:0:00:00.008141
2022-11-15 10:01:11,559 - INFO basepage.py [line:40]: 查找"清空密码输入框"元素，元素定位:('id', 'TANGRAM__PSP_4__password')
2022-11-15 10:01:11,561 - INFO basepage.py [line:88]: 清除"清空密码输入框",元素定位:('id', 'TANGRAM__PSP_4__password')
2022-11-15 10:01:11,573 - INFO basepage.py [line:40]: 查找"输入密码"元素，元素定位:('id', 'TANGRAM__PSP_4__password')
2022-11-15 10:01:11,576 - INFO basepage.py [line:75]: 在"输入密码"输入"y123456",元素定位:('id', 'TANGRAM__PSP_4__password')
2022-11-15 10:01:11,608 - INFO basepage.py [line:40]: 查找"点击注册输入框"元素，元素定位:('id', 'TANGRAM__PSP_4__verifyCode')
2022-11-15 10:01:11,613 - INFO basepage.py [line:63]: 点击"点击注册输入框",元素定位:('id', 'TANGRAM__PSP_4__verifyCode')
2022-11-15 10:01:11,671 - INFO basepage.py [line:40]: 查找"预期结果"元素，元素定位:('xpath', "//span[text()='密码设置不符合要求']")
2022-11-15 10:01:12,688 - INFO signup_page.py [line:35]: 【===结束注册操作===】
2022-11-15 10:01:12,688 - INFO test_signup.py [line:32]: function teardown content
2022-11-15 10:01:12,690 - INFO test_signup.py [line:28]: function setup content
2022-11-15 10:01:12,690 - INFO signup_page.py [line:19]: 【===开始注册操作===】
2022-11-15 10:01:12,690 - INFO basepage.py [line:26]: 等待"等待用户名输入框"元素,定位方式:('id', 'TANGRAM__PSP_4__userName')
2022-11-15 10:01:12,708 - INFO basepage.py [line:31]: 等待"等待用户名输入框"时长:0:00:00.017739
2022-11-15 10:01:12,708 - INFO basepage.py [line:40]: 查找"清空用户名输入框"元素，元素定位:('id', 'TANGRAM__PSP_4__userName')
2022-11-15 10:01:12,713 - INFO basepage.py [line:88]: 清除"清空用户名输入框",元素定位:('id', 'TANGRAM__PSP_4__userName')
2022-11-15 10:01:12,746 - INFO basepage.py [line:40]: 查找"输入用户名"元素，元素定位:('id', 'TANGRAM__PSP_4__userName')
2022-11-15 10:01:12,751 - INFO basepage.py [line:75]: 在"输入用户名"输入"yogachuan",元素定位:('id', 'TANGRAM__PSP_4__userName')
2022-11-15 10:01:12,802 - INFO basepage.py [line:26]: 等待"等待手机号输入框"元素,定位方式:('id', 'TANGRAM__PSP_4__phone')
2022-11-15 10:01:12,808 - INFO basepage.py [line:31]: 等待"等待手机号输入框"时长:0:00:00.006220
2022-11-15 10:01:12,808 - INFO basepage.py [line:40]: 查找"清空手机号输入框"元素，元素定位:('id', 'TANGRAM__PSP_4__phone')
2022-11-15 10:01:12,811 - INFO basepage.py [line:88]: 清除"清空手机号输入框",元素定位:('id', 'TANGRAM__PSP_4__phone')
2022-11-15 10:01:12,824 - INFO basepage.py [line:40]: 查找"输入手机号"元素，元素定位:('id', 'TANGRAM__PSP_4__phone')
2022-11-15 10:01:12,827 - INFO basepage.py [line:75]: 在"输入手机号"输入"17810200310",元素定位:('id', 'TANGRAM__PSP_4__phone')
2022-11-15 10:01:12,885 - INFO basepage.py [line:26]: 等待"等待密码输入框"元素,定位方式:('id', 'TANGRAM__PSP_4__password')
2022-11-15 10:01:12,891 - INFO basepage.py [line:31]: 等待"等待密码输入框"时长:0:00:00.005921
2022-11-15 10:01:12,891 - INFO basepage.py [line:40]: 查找"清空密码输入框"元素，元素定位:('id', 'TANGRAM__PSP_4__password')
2022-11-15 10:01:12,894 - INFO basepage.py [line:88]: 清除"清空密码输入框",元素定位:('id', 'TANGRAM__PSP_4__password')
2022-11-15 10:01:12,912 - INFO basepage.py [line:40]: 查找"输入密码"元素，元素定位:('id', 'TANGRAM__PSP_4__password')
2022-11-15 10:01:12,925 - INFO basepage.py [line:75]: 在"输入密码"输入"y123456789yyyyy",元素定位:('id', 'TANGRAM__PSP_4__password')
2022-11-15 10:01:12,953 - INFO basepage.py [line:40]: 查找"点击注册输入框"元素，元素定位:('id', 'TANGRAM__PSP_4__verifyCode')
2022-11-15 10:01:12,957 - INFO basepage.py [line:63]: 点击"点击注册输入框",元素定位:('id', 'TANGRAM__PSP_4__verifyCode')
2022-11-15 10:01:12,997 - INFO basepage.py [line:40]: 查找"预期结果"元素，元素定位:('xpath', "//span[text()='密码设置不符合要求']")
2022-11-15 10:01:14,012 - INFO signup_page.py [line:35]: 【===结束注册操作===】
2022-11-15 10:01:14,012 - INFO test_signup.py [line:32]: function teardown content
2022-11-15 10:01:14,013 - INFO test_signup.py [line:28]: function setup content
2022-11-15 10:01:14,013 - INFO signup_page.py [line:19]: 【===开始注册操作===】
2022-11-15 10:01:14,013 - INFO basepage.py [line:26]: 等待"等待用户名输入框"元素,定位方式:('id', 'TANGRAM__PSP_4__userName')
2022-11-15 10:01:14,031 - INFO basepage.py [line:31]: 等待"等待用户名输入框"时长:0:00:00.017353
2022-11-15 10:01:14,031 - INFO basepage.py [line:40]: 查找"清空用户名输入框"元素，元素定位:('id', 'TANGRAM__PSP_4__userName')
2022-11-15 10:01:14,036 - INFO basepage.py [line:88]: 清除"清空用户名输入框",元素定位:('id', 'TANGRAM__PSP_4__userName')
2022-11-15 10:01:14,070 - INFO basepage.py [line:40]: 查找"输入用户名"元素，元素定位:('id', 'TANGRAM__PSP_4__userName')
2022-11-15 10:01:14,077 - INFO basepage.py [line:75]: 在"输入用户名"输入"yogachuan",元素定位:('id', 'TANGRAM__PSP_4__userName')
2022-11-15 10:01:14,103 - INFO basepage.py [line:26]: 等待"等待手机号输入框"元素,定位方式:('id', 'TANGRAM__PSP_4__phone')
2022-11-15 10:01:14,110 - INFO basepage.py [line:31]: 等待"等待手机号输入框"时长:0:00:00.006181
2022-11-15 10:01:14,111 - INFO basepage.py [line:40]: 查找"清空手机号输入框"元素，元素定位:('id', 'TANGRAM__PSP_4__phone')
2022-11-15 10:01:14,113 - INFO basepage.py [line:88]: 清除"清空手机号输入框",元素定位:('id', 'TANGRAM__PSP_4__phone')
2022-11-15 10:01:14,125 - INFO basepage.py [line:40]: 查找"输入手机号"元素，元素定位:('id', 'TANGRAM__PSP_4__phone')
2022-11-15 10:01:14,128 - INFO basepage.py [line:75]: 在"输入手机号"输入"17810200310",元素定位:('id', 'TANGRAM__PSP_4__phone')
2022-11-15 10:01:14,160 - INFO basepage.py [line:26]: 等待"等待密码输入框"元素,定位方式:('id', 'TANGRAM__PSP_4__password')
2022-11-15 10:01:14,166 - INFO basepage.py [line:31]: 等待"等待密码输入框"时长:0:00:00.006339
2022-11-15 10:01:14,166 - INFO basepage.py [line:40]: 查找"清空密码输入框"元素，元素定位:('id', 'TANGRAM__PSP_4__password')
2022-11-15 10:01:14,168 - INFO basepage.py [line:88]: 清除"清空密码输入框",元素定位:('id', 'TANGRAM__PSP_4__password')
2022-11-15 10:01:14,190 - INFO basepage.py [line:40]: 查找"输入密码"元素，元素定位:('id', 'TANGRAM__PSP_4__password')
2022-11-15 10:01:14,193 - INFO basepage.py [line:75]: 在"输入密码"输入"123456789",元素定位:('id', 'TANGRAM__PSP_4__password')
2022-11-15 10:01:14,227 - INFO basepage.py [line:40]: 查找"点击注册输入框"元素，元素定位:('id', 'TANGRAM__PSP_4__verifyCode')
2022-11-15 10:01:14,231 - INFO basepage.py [line:63]: 点击"点击注册输入框",元素定位:('id', 'TANGRAM__PSP_4__verifyCode')
2022-11-15 10:01:14,249 - INFO basepage.py [line:40]: 查找"预期结果"元素，元素定位:('xpath', "//span[text()='密码设置不符合要求']")
2022-11-15 10:01:15,261 - INFO signup_page.py [line:35]: 【===结束注册操作===】
2022-11-15 10:01:15,262 - INFO test_signup.py [line:32]: function teardown content
2022-11-15 10:01:15,263 - INFO test_signup.py [line:28]: function setup content
2022-11-15 10:01:15,263 - INFO signup_page.py [line:19]: 【===开始注册操作===】
2022-11-15 10:01:15,263 - INFO basepage.py [line:26]: 等待"等待用户名输入框"元素,定位方式:('id', 'TANGRAM__PSP_4__userName')
2022-11-15 10:01:15,281 - INFO basepage.py [line:31]: 等待"等待用户名输入框"时长:0:00:00.017600
2022-11-15 10:01:15,281 - INFO basepage.py [line:40]: 查找"清空用户名输入框"元素，元素定位:('id', 'TANGRAM__PSP_4__userName')
2022-11-15 10:01:15,286 - INFO basepage.py [line:88]: 清除"清空用户名输入框",元素定位:('id', 'TANGRAM__PSP_4__userName')
2022-11-15 10:01:15,318 - INFO basepage.py [line:40]: 查找"输入用户名"元素，元素定位:('id', 'TANGRAM__PSP_4__userName')
2022-11-15 10:01:15,321 - INFO basepage.py [line:75]: 在"输入用户名"输入"yogachuan",元素定位:('id', 'TANGRAM__PSP_4__userName')
2022-11-15 10:01:15,351 - INFO basepage.py [line:26]: 等待"等待手机号输入框"元素,定位方式:('id', 'TANGRAM__PSP_4__phone')
2022-11-15 10:01:15,357 - INFO basepage.py [line:31]: 等待"等待手机号输入框"时长:0:00:00.006318
2022-11-15 10:01:15,357 - INFO basepage.py [line:40]: 查找"清空手机号输入框"元素，元素定位:('id', 'TANGRAM__PSP_4__phone')
2022-11-15 10:01:15,359 - INFO basepage.py [line:88]: 清除"清空手机号输入框",元素定位:('id', 'TANGRAM__PSP_4__phone')
2022-11-15 10:01:15,369 - INFO basepage.py [line:40]: 查找"输入手机号"元素，元素定位:('id', 'TANGRAM__PSP_4__phone')
2022-11-15 10:01:15,372 - INFO basepage.py [line:75]: 在"输入手机号"输入"17810200310",元素定位:('id', 'TANGRAM__PSP_4__phone')
2022-11-15 10:01:15,395 - INFO basepage.py [line:26]: 等待"等待密码输入框"元素,定位方式:('id', 'TANGRAM__PSP_4__password')
2022-11-15 10:01:15,410 - INFO basepage.py [line:31]: 等待"等待密码输入框"时长:0:00:00.014368
2022-11-15 10:01:15,410 - INFO basepage.py [line:40]: 查找"清空密码输入框"元素，元素定位:('id', 'TANGRAM__PSP_4__password')
2022-11-15 10:01:15,412 - INFO basepage.py [line:88]: 清除"清空密码输入框",元素定位:('id', 'TANGRAM__PSP_4__password')
2022-11-15 10:01:15,428 - INFO basepage.py [line:40]: 查找"输入密码"元素，元素定位:('id', 'TANGRAM__PSP_4__password')
2022-11-15 10:01:15,442 - INFO basepage.py [line:75]: 在"输入密码"输入"abcdefg",元素定位:('id', 'TANGRAM__PSP_4__password')
2022-11-15 10:01:15,463 - INFO basepage.py [line:40]: 查找"点击注册输入框"元素，元素定位:('id', 'TANGRAM__PSP_4__verifyCode')
2022-11-15 10:01:15,467 - INFO basepage.py [line:63]: 点击"点击注册输入框",元素定位:('id', 'TANGRAM__PSP_4__verifyCode')
2022-11-15 10:01:15,485 - INFO basepage.py [line:40]: 查找"预期结果"元素，元素定位:('xpath', "//span[text()='密码设置不符合要求']")
2022-11-15 10:01:16,498 - INFO signup_page.py [line:35]: 【===结束注册操作===】
2022-11-15 10:01:16,498 - INFO test_signup.py [line:32]: function teardown content
2022-11-15 10:01:16,500 - INFO test_signup.py [line:28]: function setup content
2022-11-15 10:01:16,500 - INFO signup_page.py [line:19]: 【===开始注册操作===】
2022-11-15 10:01:16,501 - INFO basepage.py [line:26]: 等待"等待用户名输入框"元素,定位方式:('id', 'TANGRAM__PSP_4__userName')
2022-11-15 10:01:16,520 - INFO basepage.py [line:31]: 等待"等待用户名输入框"时长:0:00:00.018851
2022-11-15 10:01:16,520 - INFO basepage.py [line:40]: 查找"清空用户名输入框"元素，元素定位:('id', 'TANGRAM__PSP_4__userName')
2022-11-15 10:01:16,525 - INFO basepage.py [line:88]: 清除"清空用户名输入框",元素定位:('id', 'TANGRAM__PSP_4__userName')
2022-11-15 10:01:16,557 - INFO basepage.py [line:40]: 查找"输入用户名"元素，元素定位:('id', 'TANGRAM__PSP_4__userName')
2022-11-15 10:01:16,561 - INFO basepage.py [line:75]: 在"输入用户名"输入"yogachuan",元素定位:('id', 'TANGRAM__PSP_4__userName')
2022-11-15 10:01:16,588 - INFO basepage.py [line:26]: 等待"等待手机号输入框"元素,定位方式:('id', 'TANGRAM__PSP_4__phone')
2022-11-15 10:01:16,595 - INFO basepage.py [line:31]: 等待"等待手机号输入框"时长:0:00:00.006459
2022-11-15 10:01:16,595 - INFO basepage.py [line:40]: 查找"清空手机号输入框"元素，元素定位:('id', 'TANGRAM__PSP_4__phone')
2022-11-15 10:01:16,598 - INFO basepage.py [line:88]: 清除"清空手机号输入框",元素定位:('id', 'TANGRAM__PSP_4__phone')
2022-11-15 10:01:16,609 - INFO basepage.py [line:40]: 查找"输入手机号"元素，元素定位:('id', 'TANGRAM__PSP_4__phone')
2022-11-15 10:01:16,612 - INFO basepage.py [line:75]: 在"输入手机号"输入"17810200310",元素定位:('id', 'TANGRAM__PSP_4__phone')
2022-11-15 10:01:16,645 - INFO basepage.py [line:26]: 等待"等待密码输入框"元素,定位方式:('id', 'TANGRAM__PSP_4__password')
2022-11-15 10:01:16,651 - INFO basepage.py [line:31]: 等待"等待密码输入框"时长:0:00:00.006712
2022-11-15 10:01:16,651 - INFO basepage.py [line:40]: 查找"清空密码输入框"元素，元素定位:('id', 'TANGRAM__PSP_4__password')
2022-11-15 10:01:16,654 - INFO basepage.py [line:88]: 清除"清空密码输入框",元素定位:('id', 'TANGRAM__PSP_4__password')
2022-11-15 10:01:16,674 - INFO basepage.py [line:40]: 查找"输入密码"元素，元素定位:('id', 'TANGRAM__PSP_4__password')
2022-11-15 10:01:16,676 - INFO basepage.py [line:75]: 在"输入密码"输入"，，，，，，，，",元素定位:('id', 'TANGRAM__PSP_4__password')
2022-11-15 10:01:16,710 - INFO basepage.py [line:40]: 查找"点击注册输入框"元素，元素定位:('id', 'TANGRAM__PSP_4__verifyCode')
2022-11-15 10:01:16,714 - INFO basepage.py [line:63]: 点击"点击注册输入框",元素定位:('id', 'TANGRAM__PSP_4__verifyCode')
2022-11-15 10:01:16,733 - INFO basepage.py [line:40]: 查找"预期结果"元素，元素定位:('xpath', "//span[text()='密码设置不符合要求']")
2022-11-15 10:01:17,744 - INFO signup_page.py [line:35]: 【===结束注册操作===】
2022-11-15 10:01:17,745 - INFO test_signup.py [line:32]: function teardown content
2022-11-15 10:01:17,746 - INFO test_signup.py [line:28]: function setup content
2022-11-15 10:01:17,746 - INFO signup_page.py [line:19]: 【===开始注册操作===】
2022-11-15 10:01:17,746 - INFO basepage.py [line:26]: 等待"等待用户名输入框"元素,定位方式:('id', 'TANGRAM__PSP_4__userName')
2022-11-15 10:01:17,765 - INFO basepage.py [line:31]: 等待"等待用户名输入框"时长:0:00:00.018309
2022-11-15 10:01:17,765 - INFO basepage.py [line:40]: 查找"清空用户名输入框"元素，元素定位:('id', 'TANGRAM__PSP_4__userName')
2022-11-15 10:01:17,770 - INFO basepage.py [line:88]: 清除"清空用户名输入框",元素定位:('id', 'TANGRAM__PSP_4__userName')
2022-11-15 10:01:17,802 - INFO basepage.py [line:40]: 查找"输入用户名"元素，元素定位:('id', 'TANGRAM__PSP_4__userName')
2022-11-15 10:01:17,806 - INFO basepage.py [line:75]: 在"输入用户名"输入"yogachuan",元素定位:('id', 'TANGRAM__PSP_4__userName')
2022-11-15 10:01:17,835 - INFO basepage.py [line:26]: 等待"等待手机号输入框"元素,定位方式:('id', 'TANGRAM__PSP_4__phone')
2022-11-15 10:01:17,841 - INFO basepage.py [line:31]: 等待"等待手机号输入框"时长:0:00:00.006286
2022-11-15 10:01:17,841 - INFO basepage.py [line:40]: 查找"清空手机号输入框"元素，元素定位:('id', 'TANGRAM__PSP_4__phone')
2022-11-15 10:01:17,844 - INFO basepage.py [line:88]: 清除"清空手机号输入框",元素定位:('id', 'TANGRAM__PSP_4__phone')
2022-11-15 10:01:17,855 - INFO basepage.py [line:40]: 查找"输入手机号"元素，元素定位:('id', 'TANGRAM__PSP_4__phone')
2022-11-15 10:01:17,858 - INFO basepage.py [line:75]: 在"输入手机号"输入"17810200310",元素定位:('id', 'TANGRAM__PSP_4__phone')
2022-11-15 10:01:17,890 - INFO basepage.py [line:26]: 等待"等待密码输入框"元素,定位方式:('id', 'TANGRAM__PSP_4__password')
2022-11-15 10:01:17,897 - INFO basepage.py [line:31]: 等待"等待密码输入框"时长:0:00:00.006667
2022-11-15 10:01:17,897 - INFO basepage.py [line:40]: 查找"清空密码输入框"元素，元素定位:('id', 'TANGRAM__PSP_4__password')
2022-11-15 10:01:17,900 - INFO basepage.py [line:88]: 清除"清空密码输入框",元素定位:('id', 'TANGRAM__PSP_4__password')
2022-11-15 10:01:17,924 - INFO basepage.py [line:40]: 查找"输入密码"元素，元素定位:('id', 'TANGRAM__PSP_4__password')
2022-11-15 10:01:17,927 - INFO basepage.py [line:75]: 在"输入密码"输入"。。。。。。。。",元素定位:('id', 'TANGRAM__PSP_4__password')
2022-11-15 10:01:17,962 - INFO basepage.py [line:40]: 查找"点击注册输入框"元素，元素定位:('id', 'TANGRAM__PSP_4__verifyCode')
2022-11-15 10:01:17,965 - INFO basepage.py [line:63]: 点击"点击注册输入框",元素定位:('id', 'TANGRAM__PSP_4__verifyCode')
2022-11-15 10:01:17,982 - INFO basepage.py [line:40]: 查找"预期结果"元素，元素定位:('xpath', "//span[text()='密码设置不符合要求']")
2022-11-15 10:01:18,994 - INFO signup_page.py [line:35]: 【===结束注册操作===】
2022-11-15 10:01:18,994 - INFO test_signup.py [line:32]: function teardown content
2022-11-15 10:01:18,995 - INFO test_signup.py [line:28]: function setup content
2022-11-15 10:01:18,996 - INFO signup_page.py [line:19]: 【===开始注册操作===】
2022-11-15 10:01:18,996 - INFO basepage.py [line:26]: 等待"等待用户名输入框"元素,定位方式:('id', 'TANGRAM__PSP_4__userName')
2022-11-15 10:01:19,014 - INFO basepage.py [line:31]: 等待"等待用户名输入框"时长:0:00:00.018465
2022-11-15 10:01:19,015 - INFO basepage.py [line:40]: 查找"清空用户名输入框"元素，元素定位:('id', 'TANGRAM__PSP_4__userName')
2022-11-15 10:01:19,020 - INFO basepage.py [line:88]: 清除"清空用户名输入框",元素定位:('id', 'TANGRAM__PSP_4__userName')
2022-11-15 10:01:19,054 - INFO basepage.py [line:40]: 查找"输入用户名"元素，元素定位:('id', 'TANGRAM__PSP_4__userName')
2022-11-15 10:01:19,059 - INFO basepage.py [line:75]: 在"输入用户名"输入"yogachuan",元素定位:('id', 'TANGRAM__PSP_4__userName')
2022-11-15 10:01:19,089 - INFO basepage.py [line:26]: 等待"等待手机号输入框"元素,定位方式:('id', 'TANGRAM__PSP_4__phone')
2022-11-15 10:01:19,096 - INFO basepage.py [line:31]: 等待"等待手机号输入框"时长:0:00:00.007428
2022-11-15 10:01:19,096 - INFO basepage.py [line:40]: 查找"清空手机号输入框"元素，元素定位:('id', 'TANGRAM__PSP_4__phone')
2022-11-15 10:01:19,100 - INFO basepage.py [line:88]: 清除"清空手机号输入框",元素定位:('id', 'TANGRAM__PSP_4__phone')
2022-11-15 10:01:19,112 - INFO basepage.py [line:40]: 查找"输入手机号"元素，元素定位:('id', 'TANGRAM__PSP_4__phone')
2022-11-15 10:01:19,126 - INFO basepage.py [line:75]: 在"输入手机号"输入"17810200310",元素定位:('id', 'TANGRAM__PSP_4__phone')
2022-11-15 10:01:19,154 - INFO basepage.py [line:26]: 等待"等待密码输入框"元素,定位方式:('id', 'TANGRAM__PSP_4__password')
2022-11-15 10:01:19,161 - INFO basepage.py [line:31]: 等待"等待密码输入框"时长:0:00:00.007296
2022-11-15 10:01:19,161 - INFO basepage.py [line:40]: 查找"清空密码输入框"元素，元素定位:('id', 'TANGRAM__PSP_4__password')
2022-11-15 10:01:19,165 - INFO basepage.py [line:88]: 清除"清空密码输入框",元素定位:('id', 'TANGRAM__PSP_4__password')
2022-11-15 10:01:19,190 - INFO basepage.py [line:40]: 查找"输入密码"元素，元素定位:('id', 'TANGRAM__PSP_4__password')
2022-11-15 10:01:19,201 - INFO basepage.py [line:75]: 在"输入密码"输入"、、、、、、、、",元素定位:('id', 'TANGRAM__PSP_4__password')
2022-11-15 10:01:19,254 - INFO basepage.py [line:40]: 查找"点击注册输入框"元素，元素定位:('id', 'TANGRAM__PSP_4__verifyCode')
2022-11-15 10:01:19,261 - INFO basepage.py [line:63]: 点击"点击注册输入框",元素定位:('id', 'TANGRAM__PSP_4__verifyCode')
2022-11-15 10:01:19,293 - INFO basepage.py [line:40]: 查找"预期结果"元素，元素定位:('xpath', "//span[text()='密码设置不符合要求']")
2022-11-15 10:01:20,310 - INFO signup_page.py [line:35]: 【===结束注册操作===】
2022-11-15 10:01:20,312 - INFO test_signup.py [line:32]: function teardown content
2022-11-15 10:01:20,313 - INFO test_signup.py [line:28]: function setup content
2022-11-15 10:01:20,313 - INFO signup_page.py [line:19]: 【===开始注册操作===】
2022-11-15 10:01:20,313 - INFO basepage.py [line:26]: 等待"等待用户名输入框"元素,定位方式:('id', 'TANGRAM__PSP_4__userName')
2022-11-15 10:01:20,332 - INFO basepage.py [line:31]: 等待"等待用户名输入框"时长:0:00:00.018254
2022-11-15 10:01:20,332 - INFO basepage.py [line:40]: 查找"清空用户名输入框"元素，元素定位:('id', 'TANGRAM__PSP_4__userName')
2022-11-15 10:01:20,337 - INFO basepage.py [line:88]: 清除"清空用户名输入框",元素定位:('id', 'TANGRAM__PSP_4__userName')
2022-11-15 10:01:20,368 - INFO basepage.py [line:40]: 查找"输入用户名"元素，元素定位:('id', 'TANGRAM__PSP_4__userName')
2022-11-15 10:01:20,372 - INFO basepage.py [line:75]: 在"输入用户名"输入"yogachuan",元素定位:('id', 'TANGRAM__PSP_4__userName')
2022-11-15 10:01:20,401 - INFO basepage.py [line:26]: 等待"等待手机号输入框"元素,定位方式:('id', 'TANGRAM__PSP_4__phone')
2022-11-15 10:01:20,407 - INFO basepage.py [line:31]: 等待"等待手机号输入框"时长:0:00:00.006059
2022-11-15 10:01:20,407 - INFO basepage.py [line:40]: 查找"清空手机号输入框"元素，元素定位:('id', 'TANGRAM__PSP_4__phone')
2022-11-15 10:01:20,410 - INFO basepage.py [line:88]: 清除"清空手机号输入框",元素定位:('id', 'TANGRAM__PSP_4__phone')
2022-11-15 10:01:20,419 - INFO basepage.py [line:40]: 查找"输入手机号"元素，元素定位:('id', 'TANGRAM__PSP_4__phone')
2022-11-15 10:01:20,422 - INFO basepage.py [line:75]: 在"输入手机号"输入"17810200310",元素定位:('id', 'TANGRAM__PSP_4__phone')
2022-11-15 10:01:20,446 - INFO basepage.py [line:26]: 等待"等待密码输入框"元素,定位方式:('id', 'TANGRAM__PSP_4__password')
2022-11-15 10:01:20,460 - INFO basepage.py [line:31]: 等待"等待密码输入框"时长:0:00:00.013851
2022-11-15 10:01:20,460 - INFO basepage.py [line:40]: 查找"清空密码输入框"元素，元素定位:('id', 'TANGRAM__PSP_4__password')
2022-11-15 10:01:20,463 - INFO basepage.py [line:88]: 清除"清空密码输入框",元素定位:('id', 'TANGRAM__PSP_4__password')
2022-11-15 10:01:20,485 - INFO basepage.py [line:40]: 查找"输入密码"元素，元素定位:('id', 'TANGRAM__PSP_4__password')
2022-11-15 10:01:20,488 - INFO basepage.py [line:75]: 在"输入密码"输入"；；；；；；；；",元素定位:('id', 'TANGRAM__PSP_4__password')
2022-11-15 10:01:20,513 - INFO basepage.py [line:40]: 查找"点击注册输入框"元素，元素定位:('id', 'TANGRAM__PSP_4__verifyCode')
2022-11-15 10:01:20,522 - INFO basepage.py [line:63]: 点击"点击注册输入框",元素定位:('id', 'TANGRAM__PSP_4__verifyCode')
2022-11-15 10:01:20,542 - INFO basepage.py [line:40]: 查找"预期结果"元素，元素定位:('xpath', "//span[text()='密码设置不符合要求']")
2022-11-15 10:01:21,550 - INFO signup_page.py [line:35]: 【===结束注册操作===】
2022-11-15 10:01:21,551 - INFO test_signup.py [line:32]: function teardown content
2022-11-15 10:01:21,551 - INFO test_signup.py [line:28]: function setup content
2022-11-15 10:01:21,551 - INFO signup_page.py [line:19]: 【===开始注册操作===】
2022-11-15 10:01:21,551 - INFO basepage.py [line:26]: 等待"等待用户名输入框"元素,定位方式:('id', 'TANGRAM__PSP_4__userName')
2022-11-15 10:01:21,572 - INFO basepage.py [line:31]: 等待"等待用户名输入框"时长:0:00:00.020355
2022-11-15 10:01:21,572 - INFO basepage.py [line:40]: 查找"清空用户名输入框"元素，元素定位:('id', 'TANGRAM__PSP_4__userName')
2022-11-15 10:01:21,577 - INFO basepage.py [line:88]: 清除"清空用户名输入框",元素定位:('id', 'TANGRAM__PSP_4__userName')
2022-11-15 10:01:21,607 - INFO basepage.py [line:40]: 查找"输入用户名"元素，元素定位:('id', 'TANGRAM__PSP_4__userName')
2022-11-15 10:01:21,610 - INFO basepage.py [line:75]: 在"输入用户名"输入"yogachuan",元素定位:('id', 'TANGRAM__PSP_4__userName')
2022-11-15 10:01:21,638 - INFO basepage.py [line:26]: 等待"等待手机号输入框"元素,定位方式:('id', 'TANGRAM__PSP_4__phone')
2022-11-15 10:01:21,645 - INFO basepage.py [line:31]: 等待"等待手机号输入框"时长:0:00:00.006312
2022-11-15 10:01:21,645 - INFO basepage.py [line:40]: 查找"清空手机号输入框"元素，元素定位:('id', 'TANGRAM__PSP_4__phone')
2022-11-15 10:01:21,648 - INFO basepage.py [line:88]: 清除"清空手机号输入框",元素定位:('id', 'TANGRAM__PSP_4__phone')
2022-11-15 10:01:21,659 - INFO basepage.py [line:40]: 查找"输入手机号"元素，元素定位:('id', 'TANGRAM__PSP_4__phone')
2022-11-15 10:01:21,662 - INFO basepage.py [line:75]: 在"输入手机号"输入"17810200310",元素定位:('id', 'TANGRAM__PSP_4__phone')
2022-11-15 10:01:21,694 - INFO basepage.py [line:26]: 等待"等待密码输入框"元素,定位方式:('id', 'TANGRAM__PSP_4__password')
2022-11-15 10:01:21,701 - INFO basepage.py [line:31]: 等待"等待密码输入框"时长:0:00:00.006605
2022-11-15 10:01:21,701 - INFO basepage.py [line:40]: 查找"清空密码输入框"元素，元素定位:('id', 'TANGRAM__PSP_4__password')
2022-11-15 10:01:21,703 - INFO basepage.py [line:88]: 清除"清空密码输入框",元素定位:('id', 'TANGRAM__PSP_4__password')
2022-11-15 10:01:21,723 - INFO basepage.py [line:40]: 查找"输入密码"元素，元素定位:('id', 'TANGRAM__PSP_4__password')
2022-11-15 10:01:21,727 - INFO basepage.py [line:75]: 在"输入密码"输入"y123 456789",元素定位:('id', 'TANGRAM__PSP_4__password')
2022-11-15 10:01:21,760 - INFO basepage.py [line:40]: 查找"点击注册输入框"元素，元素定位:('id', 'TANGRAM__PSP_4__verifyCode')
2022-11-15 10:01:21,763 - INFO basepage.py [line:63]: 点击"点击注册输入框",元素定位:('id', 'TANGRAM__PSP_4__verifyCode')
2022-11-15 10:01:21,781 - INFO basepage.py [line:40]: 查找"预期结果"元素，元素定位:('xpath', "//span[text()='密码设置不符合要求']")
2022-11-15 10:01:22,793 - INFO signup_page.py [line:35]: 【===结束注册操作===】
2022-11-15 10:01:22,793 - INFO test_signup.py [line:32]: function teardown content
2022-11-15 10:01:22,795 - INFO test_signup.py [line:28]: function setup content
2022-11-15 10:01:22,795 - INFO signup_page.py [line:19]: 【===开始注册操作===】
2022-11-15 10:01:22,795 - INFO basepage.py [line:26]: 等待"等待用户名输入框"元素,定位方式:('id', 'TANGRAM__PSP_4__userName')
2022-11-15 10:01:22,814 - INFO basepage.py [line:31]: 等待"等待用户名输入框"时长:0:00:00.018577
2022-11-15 10:01:22,814 - INFO basepage.py [line:40]: 查找"清空用户名输入框"元素，元素定位:('id', 'TANGRAM__PSP_4__userName')
2022-11-15 10:01:22,819 - INFO basepage.py [line:88]: 清除"清空用户名输入框",元素定位:('id', 'TANGRAM__PSP_4__userName')
2022-11-15 10:01:22,851 - INFO basepage.py [line:40]: 查找"输入用户名"元素，元素定位:('id', 'TANGRAM__PSP_4__userName')
2022-11-15 10:01:22,855 - INFO basepage.py [line:75]: 在"输入用户名"输入"yogachuan",元素定位:('id', 'TANGRAM__PSP_4__userName')
2022-11-15 10:01:22,883 - INFO basepage.py [line:26]: 等待"等待手机号输入框"元素,定位方式:('id', 'TANGRAM__PSP_4__phone')
2022-11-15 10:01:22,889 - INFO basepage.py [line:31]: 等待"等待手机号输入框"时长:0:00:00.006411
2022-11-15 10:01:22,889 - INFO basepage.py [line:40]: 查找"清空手机号输入框"元素，元素定位:('id', 'TANGRAM__PSP_4__phone')
2022-11-15 10:01:22,892 - INFO basepage.py [line:88]: 清除"清空手机号输入框",元素定位:('id', 'TANGRAM__PSP_4__phone')
2022-11-15 10:01:22,903 - INFO basepage.py [line:40]: 查找"输入手机号"元素，元素定位:('id', 'TANGRAM__PSP_4__phone')
2022-11-15 10:01:22,905 - INFO basepage.py [line:75]: 在"输入手机号"输入"17810200310",元素定位:('id', 'TANGRAM__PSP_4__phone')
2022-11-15 10:01:22,929 - INFO basepage.py [line:26]: 等待"等待密码输入框"元素,定位方式:('id', 'TANGRAM__PSP_4__password')
2022-11-15 10:01:22,944 - INFO basepage.py [line:31]: 等待"等待密码输入框"时长:0:00:00.014216
2022-11-15 10:01:22,944 - INFO basepage.py [line:40]: 查找"清空密码输入框"元素，元素定位:('id', 'TANGRAM__PSP_4__password')
2022-11-15 10:01:22,946 - INFO basepage.py [line:88]: 清除"清空密码输入框",元素定位:('id', 'TANGRAM__PSP_4__password')
2022-11-15 10:01:22,975 - INFO basepage.py [line:40]: 查找"输入密码"元素，元素定位:('id', 'TANGRAM__PSP_4__password')
2022-11-15 10:01:22,978 - INFO basepage.py [line:75]: 在"输入密码"输入"y12345678哈",元素定位:('id', 'TANGRAM__PSP_4__password')
2022-11-15 10:01:23,001 - INFO basepage.py [line:40]: 查找"点击注册输入框"元素，元素定位:('id', 'TANGRAM__PSP_4__verifyCode')
2022-11-15 10:01:23,004 - INFO basepage.py [line:63]: 点击"点击注册输入框",元素定位:('id', 'TANGRAM__PSP_4__verifyCode')
2022-11-15 10:01:23,024 - INFO basepage.py [line:40]: 查找"预期结果"元素，元素定位:('xpath', "//span[text()='密码设置不符合要求']")
2022-11-15 10:01:24,036 - INFO signup_page.py [line:35]: 【===结束注册操作===】
2022-11-15 10:01:24,037 - INFO test_signup.py [line:32]: function teardown content
2022-11-15 10:01:24,037 - INFO test_signup.py [line:24]: Class teardown content
