2022-11-15 09:47:12,934 - INFO read_data.py [line:24]: 加载 /Users/yoga/Desktop/练手/框架模板/framework/config/setting.json 文件......
2022-11-15 09:47:12,937 - INFO read_data.py [line:27]: 读到数据 ==>>  {'browser_type': 'chrome', 'host': 'https://passport.baidu.com/v2/?reg&tt=1668347090908&overseas=undefined&gid=5D882F4-5ABB-4058-8BD4-6E7CE0ECA9BC&tpl=mn&u=https%3A%2F%2Fwww.baidu.com%2F', 'username': 'yoga', 'pwd': 'yoga'} 
2022-11-15 09:47:12,944 - INFO test_signup.py [line:15]: add_user_data is [['yoga', '17274810086', 'y123456', '手机已注册'], ['yoga2', '17274810086', 'y12345', '手机已注册']]
2022-11-15 09:47:12,945 - INFO test_signup.py [line:19]: class setup content
2022-11-15 09:47:15,787 - INFO driver.py [line:44]: 打开链接: https://passport.baidu.com/v2/?reg&tt=1668347090908&overseas=undefined&gid=5D882F4-5ABB-4058-8BD4-6E7CE0ECA9BC&tpl=mn&u=https%3A%2F%2Fwww.baidu.com%2F...
2022-11-15 09:47:15,787 - INFO driver.py [line:45]: WebDriver 初始化完成！
2022-11-15 09:47:15,788 - INFO test_signup.py [line:28]: function setup content
2022-11-15 09:47:15,788 - INFO signup_page.py [line:19]: 【===开始注册操作===】
2022-11-15 09:47:15,789 - INFO basepage.py [line:26]: 等待"等待用户名输入框"元素,定位方式:('id', 'TANGRAM__PSP_4__userName')
2022-11-15 09:47:15,800 - INFO basepage.py [line:31]: 等待"等待用户名输入框"时长:0:00:00.011340
2022-11-15 09:47:15,800 - INFO basepage.py [line:40]: 查找"清空用户名输入框"元素，元素定位:('id', 'TANGRAM__PSP_4__userName')
2022-11-15 09:47:15,802 - INFO basepage.py [line:88]: 清除"清空用户名输入框",元素定位:('id', 'TANGRAM__PSP_4__userName')
2022-11-15 09:47:15,817 - INFO basepage.py [line:40]: 查找"输入用户名"元素，元素定位:('id', 'TANGRAM__PSP_4__userName')
2022-11-15 09:47:15,820 - INFO basepage.py [line:75]: 在"输入用户名"输入"yoga",元素定位:('id', 'TANGRAM__PSP_4__userName')
2022-11-15 09:47:15,895 - INFO basepage.py [line:26]: 等待"等待手机号输入框"元素,定位方式:('id', 'TANGRAM__PSP_4__phone')
2022-11-15 09:47:15,907 - INFO basepage.py [line:31]: 等待"等待手机号输入框"时长:0:00:00.011568
2022-11-15 09:47:15,907 - INFO basepage.py [line:40]: 查找"清空手机号输入框"元素，元素定位:('id', 'TANGRAM__PSP_4__phone')
2022-11-15 09:47:15,910 - INFO basepage.py [line:88]: 清除"清空手机号输入框",元素定位:('id', 'TANGRAM__PSP_4__phone')
2022-11-15 09:47:15,922 - INFO basepage.py [line:40]: 查找"输入手机号"元素，元素定位:('id', 'TANGRAM__PSP_4__phone')
2022-11-15 09:47:15,925 - INFO basepage.py [line:75]: 在"输入手机号"输入"17274810086",元素定位:('id', 'TANGRAM__PSP_4__phone')
2022-11-15 09:47:15,950 - INFO basepage.py [line:26]: 等待"等待密码输入框"元素,定位方式:('id', 'TANGRAM__PSP_4__password')
2022-11-15 09:47:15,958 - INFO basepage.py [line:31]: 等待"等待密码输入框"时长:0:00:00.008425
2022-11-15 09:47:15,959 - INFO basepage.py [line:40]: 查找"清空密码输入框"元素，元素定位:('id', 'TANGRAM__PSP_4__password')
2022-11-15 09:47:15,961 - INFO basepage.py [line:88]: 清除"清空密码输入框",元素定位:('id', 'TANGRAM__PSP_4__password')
2022-11-15 09:47:15,973 - INFO basepage.py [line:40]: 查找"输入密码"元素，元素定位:('id', 'TANGRAM__PSP_4__password')
2022-11-15 09:47:15,975 - INFO basepage.py [line:75]: 在"输入密码"输入"y123456",元素定位:('id', 'TANGRAM__PSP_4__password')
2022-11-15 09:47:16,004 - INFO basepage.py [line:40]: 查找"点击注册输入框"元素，元素定位:('id', 'TANGRAM__PSP_4__verifyCode')
2022-11-15 09:47:16,009 - INFO basepage.py [line:63]: 点击"点击注册输入框",元素定位:('id', 'TANGRAM__PSP_4__verifyCode')
2022-11-15 09:47:18,040 - INFO basepage.py [line:40]: 查找"预期结果"元素，元素定位:('xpath', "//span[text()='密码设置不符合要求']")
2022-11-15 09:47:21,897 - INFO signup_page.py [line:40]: 【===结束注册操作===】
2022-11-15 09:47:21,897 - INFO test_signup.py [line:32]: function teardown content
2022-11-15 09:47:21,897 - INFO test_signup.py [line:28]: function setup content
2022-11-15 09:47:21,897 - INFO signup_page.py [line:19]: 【===开始注册操作===】
2022-11-15 09:47:21,897 - INFO basepage.py [line:26]: 等待"等待用户名输入框"元素,定位方式:('id', 'TANGRAM__PSP_4__userName')
2022-11-15 09:47:21,904 - INFO basepage.py [line:31]: 等待"等待用户名输入框"时长:0:00:00.006946
2022-11-15 09:47:21,904 - INFO basepage.py [line:40]: 查找"清空用户名输入框"元素，元素定位:('id', 'TANGRAM__PSP_4__userName')
2022-11-15 09:47:21,907 - INFO basepage.py [line:88]: 清除"清空用户名输入框",元素定位:('id', 'TANGRAM__PSP_4__userName')
2022-11-15 09:47:21,927 - INFO basepage.py [line:40]: 查找"输入用户名"元素，元素定位:('id', 'TANGRAM__PSP_4__userName')
2022-11-15 09:47:21,930 - INFO basepage.py [line:75]: 在"输入用户名"输入"yoga2",元素定位:('id', 'TANGRAM__PSP_4__userName')
2022-11-15 09:47:21,954 - INFO basepage.py [line:26]: 等待"等待手机号输入框"元素,定位方式:('id', 'TANGRAM__PSP_4__phone')
2022-11-15 09:47:21,965 - INFO basepage.py [line:31]: 等待"等待手机号输入框"时长:0:00:00.010834
2022-11-15 09:47:21,965 - INFO basepage.py [line:40]: 查找"清空手机号输入框"元素，元素定位:('id', 'TANGRAM__PSP_4__phone')
2022-11-15 09:47:21,968 - INFO basepage.py [line:88]: 清除"清空手机号输入框",元素定位:('id', 'TANGRAM__PSP_4__phone')
2022-11-15 09:47:21,978 - INFO basepage.py [line:40]: 查找"输入手机号"元素，元素定位:('id', 'TANGRAM__PSP_4__phone')
2022-11-15 09:47:21,981 - INFO basepage.py [line:75]: 在"输入手机号"输入"17274810086",元素定位:('id', 'TANGRAM__PSP_4__phone')
2022-11-15 09:47:22,005 - INFO basepage.py [line:26]: 等待"等待密码输入框"元素,定位方式:('id', 'TANGRAM__PSP_4__password')
2022-11-15 09:47:22,020 - INFO basepage.py [line:31]: 等待"等待密码输入框"时长:0:00:00.014424
2022-11-15 09:47:22,020 - INFO basepage.py [line:40]: 查找"清空密码输入框"元素，元素定位:('id', 'TANGRAM__PSP_4__password')
2022-11-15 09:47:22,023 - INFO basepage.py [line:88]: 清除"清空密码输入框",元素定位:('id', 'TANGRAM__PSP_4__password')
2022-11-15 09:47:22,043 - INFO basepage.py [line:40]: 查找"输入密码"元素，元素定位:('id', 'TANGRAM__PSP_4__password')
2022-11-15 09:47:22,046 - INFO basepage.py [line:75]: 在"输入密码"输入"y12345",元素定位:('id', 'TANGRAM__PSP_4__password')
2022-11-15 09:47:22,073 - INFO basepage.py [line:40]: 查找"点击注册输入框"元素，元素定位:('id', 'TANGRAM__PSP_4__verifyCode')
2022-11-15 09:47:22,079 - INFO basepage.py [line:63]: 点击"点击注册输入框",元素定位:('id', 'TANGRAM__PSP_4__verifyCode')
2022-11-15 09:47:24,106 - INFO basepage.py [line:40]: 查找"预期结果"元素，元素定位:('xpath', "//span[text()='密码设置不符合要求']")
2022-11-15 09:47:25,131 - INFO signup_page.py [line:40]: 【===结束注册操作===】
2022-11-15 09:47:25,132 - INFO test_signup.py [line:32]: function teardown content
2022-11-15 09:47:25,133 - INFO test_signup.py [line:24]: Class teardown content
