2022-11-15 08:52:16,201 - INFO read_data.py [line:24]: 加载 /Users/yoga/Desktop/练手/框架模板/framework/config/setting.json 文件......
2022-11-15 08:52:16,204 - INFO read_data.py [line:27]: 读到数据 ==>>  {'browser_type': 'chrome', 'host': 'https://passport.baidu.com/v2/?reg&tt=1668347090908&overseas=undefined&gid=5D882F4-5ABB-4058-8BD4-6E7CE0ECA9BC&tpl=mn&u=https%3A%2F%2Fwww.baidu.com%2F', 'username': 'yoga', 'pwd': 'yoga'} 
2022-11-15 08:52:16,210 - INFO test_signup.py [line:15]: add_user_data is [['yoga', '17274810086', 'y123456', '手机已注册'], ['yoga2', '17274810086', 'y12345', '手机已注册']]
2022-11-15 08:52:16,210 - INFO test_signup.py [line:19]: class setup content
2022-11-15 08:52:16,211 - INFO test_signup.py [line:26]: function setup content
2022-11-15 08:52:19,044 - INFO driver.py [line:44]: 打开链接: https://passport.baidu.com/v2/?reg&tt=1668347090908&overseas=undefined&gid=5D882F4-5ABB-4058-8BD4-6E7CE0ECA9BC&tpl=mn&u=https%3A%2F%2Fwww.baidu.com%2F...
2022-11-15 08:52:19,044 - INFO driver.py [line:45]: WebDriver 初始化完成！
2022-11-15 08:52:19,044 - INFO signup_page.py [line:19]: 【===开始注册操作===】
2022-11-15 08:52:22,042 - INFO basepage.py [line:26]: 等待"等待用户名输入框"元素,定位方式:('id', 'TANGRAM__PSP_4__userName')
2022-11-15 08:52:22,075 - INFO basepage.py [line:31]: 等待"等待用户名输入框"时长:0:00:00.032474
2022-11-15 08:52:22,075 - INFO basepage.py [line:40]: 查找"清空用户名输入框"元素，元素定位:('id', 'TANGRAM__PSP_4__userName')
2022-11-15 08:52:22,080 - INFO basepage.py [line:88]: 清除"清空用户名输入框",元素定位:('id', 'TANGRAM__PSP_4__userName')
2022-11-15 08:52:22,106 - INFO basepage.py [line:40]: 查找"输入用户名"元素，元素定位:('id', 'TANGRAM__PSP_4__userName')
2022-11-15 08:52:22,109 - INFO basepage.py [line:75]: 在"输入用户名"输入"yoga",元素定位:('id', 'TANGRAM__PSP_4__userName')
2022-11-15 08:52:22,181 - INFO basepage.py [line:26]: 等待"等待手机号输入框"元素,定位方式:('id', 'TANGRAM__PSP_4__phone')
2022-11-15 08:52:22,192 - INFO basepage.py [line:31]: 等待"等待手机号输入框"时长:0:00:00.011370
2022-11-15 08:52:22,192 - INFO basepage.py [line:40]: 查找"清空手机号输入框"元素，元素定位:('id', 'TANGRAM__PSP_4__phone')
2022-11-15 08:52:22,195 - INFO basepage.py [line:88]: 清除"清空手机号输入框",元素定位:('id', 'TANGRAM__PSP_4__phone')
2022-11-15 08:52:22,207 - INFO basepage.py [line:40]: 查找"输入手机号"元素，元素定位:('id', 'TANGRAM__PSP_4__phone')
2022-11-15 08:52:22,210 - INFO basepage.py [line:75]: 在"输入手机号"输入"17274810086",元素定位:('id', 'TANGRAM__PSP_4__phone')
2022-11-15 08:52:22,236 - INFO basepage.py [line:26]: 等待"等待密码输入框"元素,定位方式:('id', 'TANGRAM__PSP_4__password')
2022-11-15 08:52:22,244 - INFO basepage.py [line:31]: 等待"等待密码输入框"时长:0:00:00.008587
2022-11-15 08:52:22,245 - INFO basepage.py [line:40]: 查找"清空密码输入框"元素，元素定位:('id', 'TANGRAM__PSP_4__password')
2022-11-15 08:52:22,247 - INFO basepage.py [line:88]: 清除"清空密码输入框",元素定位:('id', 'TANGRAM__PSP_4__password')
2022-11-15 08:52:22,261 - INFO basepage.py [line:40]: 查找"输入密码"元素，元素定位:('id', 'TANGRAM__PSP_4__password')
2022-11-15 08:52:22,266 - INFO basepage.py [line:75]: 在"输入密码"输入"y123456",元素定位:('id', 'TANGRAM__PSP_4__password')
2022-11-15 08:52:22,311 - INFO basepage.py [line:40]: 查找"点击注册输入框"元素，元素定位:('id', 'TANGRAM__PSP_4__verifyCode')
2022-11-15 08:52:22,315 - INFO basepage.py [line:63]: 点击"点击注册输入框",元素定位:('id', 'TANGRAM__PSP_4__verifyCode')
2022-11-15 08:52:24,367 - INFO basepage.py [line:40]: 查找"预期结果"元素，元素定位:('xpath', "//span[text()='密码设置不符合要求']")
2022-11-15 08:52:26,396 - INFO signup_page.py [line:41]: 【===结束注册操作===】
2022-11-15 08:52:26,396 - INFO test_signup.py [line:31]: function teardown content
2022-11-15 08:52:26,483 - INFO test_signup.py [line:26]: function setup content
2022-11-15 08:52:26,483 - INFO signup_page.py [line:19]: 【===开始注册操作===】
2022-11-15 08:52:29,483 - INFO basepage.py [line:26]: 等待"等待用户名输入框"元素,定位方式:('id', 'TANGRAM__PSP_4__userName')
2022-11-15 08:52:29,486 - WARNING connectionpool.py [line:812]: Retrying (Retry(total=2, connect=None, read=None, redirect=None, status=None)) after connection broken by 'NewConnectionError('<urllib3.connection.HTTPConnection object at 0x103cca6a0>: Failed to establish a new connection: [Errno 61] Connection refused')': /session/d25c26a0af439d1ea991741063728f86/element
2022-11-15 08:52:29,488 - WARNING connectionpool.py [line:812]: Retrying (Retry(total=1, connect=None, read=None, redirect=None, status=None)) after connection broken by 'NewConnectionError('<urllib3.connection.HTTPConnection object at 0x103cca8e0>: Failed to establish a new connection: [Errno 61] Connection refused')': /session/d25c26a0af439d1ea991741063728f86/element
2022-11-15 08:52:29,488 - WARNING connectionpool.py [line:812]: Retrying (Retry(total=0, connect=None, read=None, redirect=None, status=None)) after connection broken by 'NewConnectionError('<urllib3.connection.HTTPConnection object at 0x103ccaa30>: Failed to establish a new connection: [Errno 61] Connection refused')': /session/d25c26a0af439d1ea991741063728f86/element
2022-11-15 08:52:29,490 - INFO test_signup.py [line:31]: function teardown content
2022-11-15 08:52:29,492 - WARNING connectionpool.py [line:812]: Retrying (Retry(total=2, connect=None, read=None, redirect=None, status=None)) after connection broken by 'NewConnectionError('<urllib3.connection.HTTPConnection object at 0x103ccad90>: Failed to establish a new connection: [Errno 61] Connection refused')': /session/d25c26a0af439d1ea991741063728f86
2022-11-15 08:52:29,493 - WARNING connectionpool.py [line:812]: Retrying (Retry(total=1, connect=None, read=None, redirect=None, status=None)) after connection broken by 'NewConnectionError('<urllib3.connection.HTTPConnection object at 0x103ccafa0>: Failed to establish a new connection: [Errno 61] Connection refused')': /session/d25c26a0af439d1ea991741063728f86
2022-11-15 08:52:29,494 - WARNING connectionpool.py [line:812]: Retrying (Retry(total=0, connect=None, read=None, redirect=None, status=None)) after connection broken by 'NewConnectionError('<urllib3.connection.HTTPConnection object at 0x103d4c100>: Failed to establish a new connection: [Errno 61] Connection refused')': /session/d25c26a0af439d1ea991741063728f86
2022-11-15 08:52:29,505 - INFO test_signup.py [line:23]: Class teardown content
