2022-11-15 08:51:22,306 - INFO read_data.py [line:24]: 加载 /Users/yoga/Desktop/练手/框架模板/framework/config/setting.json 文件......
2022-11-15 08:51:22,310 - INFO read_data.py [line:27]: 读到数据 ==>>  {'browser_type': 'chrome', 'host': 'https://passport.baidu.com/v2/?reg&tt=1668347090908&overseas=undefined&gid=5D882F4-5ABB-4058-8BD4-6E7CE0ECA9BC&tpl=mn&u=https%3A%2F%2Fwww.baidu.com%2F', 'username': 'yoga', 'pwd': 'yoga'} 
2022-11-15 08:51:22,319 - INFO test_signup.py [line:15]: add_user_data is [['yoga', '17274810086', 'y123456', '手机已注册'], ['yoga2', '17274810086', 'y12345', '手机已注册']]
2022-11-15 08:51:22,320 - INFO test_signup.py [line:19]: class setup content
2022-11-15 08:51:22,320 - INFO test_signup.py [line:26]: function setup content
2022-11-15 08:51:25,290 - INFO driver.py [line:44]: 打开链接: https://passport.baidu.com/v2/?reg&tt=1668347090908&overseas=undefined&gid=5D882F4-5ABB-4058-8BD4-6E7CE0ECA9BC&tpl=mn&u=https%3A%2F%2Fwww.baidu.com%2F...
2022-11-15 08:51:25,290 - INFO driver.py [line:45]: WebDriver 初始化完成！
2022-11-15 08:51:25,290 - INFO signup_page.py [line:19]: 【===开始注册操作===】
2022-11-15 08:51:28,296 - INFO basepage.py [line:26]: 等待"等待用户名输入框"元素,定位方式:('id', 'TANGRAM__PSP_4__userName')
2022-11-15 08:51:28,326 - INFO basepage.py [line:31]: 等待"等待用户名输入框"时长:0:00:00.030140
2022-11-15 08:51:28,326 - INFO basepage.py [line:40]: 查找"清空用户名输入框"元素，元素定位:('id', 'TANGRAM__PSP_4__userName')
2022-11-15 08:51:28,331 - INFO basepage.py [line:88]: 清除"清空用户名输入框",元素定位:('id', 'TANGRAM__PSP_4__userName')
2022-11-15 08:51:28,353 - INFO basepage.py [line:40]: 查找"输入用户名"元素，元素定位:('id', 'TANGRAM__PSP_4__userName')
2022-11-15 08:51:28,356 - INFO basepage.py [line:75]: 在"输入用户名"输入"yoga",元素定位:('id', 'TANGRAM__PSP_4__userName')
2022-11-15 08:51:28,444 - INFO basepage.py [line:26]: 等待"等待手机号输入框"元素,定位方式:('id', 'TANGRAM__PSP_4__phone')
2022-11-15 08:51:28,456 - INFO basepage.py [line:31]: 等待"等待手机号输入框"时长:0:00:00.011848
2022-11-15 08:51:28,456 - INFO basepage.py [line:40]: 查找"清空手机号输入框"元素，元素定位:('id', 'TANGRAM__PSP_4__phone')
2022-11-15 08:51:28,458 - INFO basepage.py [line:88]: 清除"清空手机号输入框",元素定位:('id', 'TANGRAM__PSP_4__phone')
2022-11-15 08:51:28,471 - INFO basepage.py [line:40]: 查找"输入手机号"元素，元素定位:('id', 'TANGRAM__PSP_4__phone')
2022-11-15 08:51:28,474 - INFO basepage.py [line:75]: 在"输入手机号"输入"17274810086",元素定位:('id', 'TANGRAM__PSP_4__phone')
2022-11-15 08:51:28,503 - INFO basepage.py [line:26]: 等待"等待密码输入框"元素,定位方式:('id', 'TANGRAM__PSP_4__password')
2022-11-15 08:51:28,513 - INFO basepage.py [line:31]: 等待"等待密码输入框"时长:0:00:00.009424
2022-11-15 08:51:28,513 - INFO basepage.py [line:40]: 查找"清空密码输入框"元素，元素定位:('id', 'TANGRAM__PSP_4__password')
2022-11-15 08:51:28,516 - INFO basepage.py [line:88]: 清除"清空密码输入框",元素定位:('id', 'TANGRAM__PSP_4__password')
2022-11-15 08:51:28,529 - INFO basepage.py [line:40]: 查找"输入密码"元素，元素定位:('id', 'TANGRAM__PSP_4__password')
2022-11-15 08:51:28,532 - INFO basepage.py [line:75]: 在"输入密码"输入"y123456",元素定位:('id', 'TANGRAM__PSP_4__password')
2022-11-15 08:51:28,567 - INFO basepage.py [line:40]: 查找"点击注册输入框"元素，元素定位:('id', 'TANGRAM__PSP_4__verifyCode')
2022-11-15 08:51:28,572 - INFO basepage.py [line:63]: 点击"点击注册输入框",元素定位:('id', 'TANGRAM__PSP_4__verifyCode')
2022-11-15 08:51:30,636 - INFO basepage.py [line:40]: 查找"预期结果"元素，元素定位:('xpath', "//span[text()='密码设置不符合要求']")
2022-11-15 08:51:30,652 - INFO test_signup.py [line:31]: function teardown content
2022-11-15 08:51:30,733 - INFO test_signup.py [line:26]: function setup content
2022-11-15 08:51:30,733 - INFO signup_page.py [line:19]: 【===开始注册操作===】
2022-11-15 08:51:33,738 - INFO basepage.py [line:26]: 等待"等待用户名输入框"元素,定位方式:('id', 'TANGRAM__PSP_4__userName')
2022-11-15 08:51:33,742 - WARNING connectionpool.py [line:812]: Retrying (Retry(total=2, connect=None, read=None, redirect=None, status=None)) after connection broken by 'NewConnectionError('<urllib3.connection.HTTPConnection object at 0x10632b520>: Failed to establish a new connection: [Errno 61] Connection refused')': /session/ca6af697f69d0b87feefa020ed379d06/element
2022-11-15 08:51:33,743 - WARNING connectionpool.py [line:812]: Retrying (Retry(total=1, connect=None, read=None, redirect=None, status=None)) after connection broken by 'NewConnectionError('<urllib3.connection.HTTPConnection object at 0x10632b8e0>: Failed to establish a new connection: [Errno 61] Connection refused')': /session/ca6af697f69d0b87feefa020ed379d06/element
2022-11-15 08:51:33,744 - WARNING connectionpool.py [line:812]: Retrying (Retry(total=0, connect=None, read=None, redirect=None, status=None)) after connection broken by 'NewConnectionError('<urllib3.connection.HTTPConnection object at 0x10632ba30>: Failed to establish a new connection: [Errno 61] Connection refused')': /session/ca6af697f69d0b87feefa020ed379d06/element
2022-11-15 08:51:33,746 - INFO test_signup.py [line:31]: function teardown content
2022-11-15 08:51:33,747 - WARNING connectionpool.py [line:812]: Retrying (Retry(total=2, connect=None, read=None, redirect=None, status=None)) after connection broken by 'NewConnectionError('<urllib3.connection.HTTPConnection object at 0x10632bd90>: Failed to establish a new connection: [Errno 61] Connection refused')': /session/ca6af697f69d0b87feefa020ed379d06
2022-11-15 08:51:33,748 - WARNING connectionpool.py [line:812]: Retrying (Retry(total=1, connect=None, read=None, redirect=None, status=None)) after connection broken by 'NewConnectionError('<urllib3.connection.HTTPConnection object at 0x10632bfa0>: Failed to establish a new connection: [Errno 61] Connection refused')': /session/ca6af697f69d0b87feefa020ed379d06
2022-11-15 08:51:33,749 - WARNING connectionpool.py [line:812]: Retrying (Retry(total=0, connect=None, read=None, redirect=None, status=None)) after connection broken by 'NewConnectionError('<urllib3.connection.HTTPConnection object at 0x1063ae100>: Failed to establish a new connection: [Errno 61] Connection refused')': /session/ca6af697f69d0b87feefa020ed379d06
2022-11-15 08:51:33,761 - INFO test_signup.py [line:23]: Class teardown content
