2022-11-15 08:54:41,809 - INFO read_data.py [line:24]: 加载 /Users/yoga/Desktop/练手/框架模板/framework/config/setting.json 文件......
2022-11-15 08:54:41,812 - INFO read_data.py [line:27]: 读到数据 ==>>  {'browser_type': 'chrome', 'host': 'https://passport.baidu.com/v2/?reg&tt=1668347090908&overseas=undefined&gid=5D882F4-5ABB-4058-8BD4-6E7CE0ECA9BC&tpl=mn&u=https%3A%2F%2Fwww.baidu.com%2F', 'username': 'yoga', 'pwd': 'yoga'} 
2022-11-15 08:54:41,819 - INFO test_signup.py [line:15]: add_user_data is [['yoga', '17274810086', 'y123456', '手机已注册'], ['yoga2', '17274810086', 'y12345', '手机已注册']]
2022-11-15 08:54:41,819 - INFO test_signup.py [line:19]: class setup content
2022-11-15 08:54:41,820 - INFO test_signup.py [line:26]: function setup content
2022-11-15 08:54:44,673 - INFO driver.py [line:44]: 打开链接: https://passport.baidu.com/v2/?reg&tt=1668347090908&overseas=undefined&gid=5D882F4-5ABB-4058-8BD4-6E7CE0ECA9BC&tpl=mn&u=https%3A%2F%2Fwww.baidu.com%2F...
2022-11-15 08:54:44,673 - INFO driver.py [line:45]: WebDriver 初始化完成！
2022-11-15 08:54:44,673 - INFO signup_page.py [line:19]: 【===开始注册操作===】
2022-11-15 08:54:47,679 - INFO basepage.py [line:26]: 等待"等待用户名输入框"元素,定位方式:('id', 'TANGRAM__PSP_4__userName')
2022-11-15 08:54:47,713 - INFO basepage.py [line:31]: 等待"等待用户名输入框"时长:0:00:00.033191
2022-11-15 08:54:47,713 - INFO basepage.py [line:40]: 查找"清空用户名输入框"元素，元素定位:('id', 'TANGRAM__PSP_4__userName')
2022-11-15 08:54:47,718 - INFO basepage.py [line:88]: 清除"清空用户名输入框",元素定位:('id', 'TANGRAM__PSP_4__userName')
2022-11-15 08:54:47,738 - INFO basepage.py [line:40]: 查找"输入用户名"元素，元素定位:('id', 'TANGRAM__PSP_4__userName')
2022-11-15 08:54:47,742 - INFO basepage.py [line:75]: 在"输入用户名"输入"yoga",元素定位:('id', 'TANGRAM__PSP_4__userName')
2022-11-15 08:54:47,909 - INFO basepage.py [line:26]: 等待"等待手机号输入框"元素,定位方式:('id', 'TANGRAM__PSP_4__phone')
2022-11-15 08:54:47,923 - INFO basepage.py [line:31]: 等待"等待手机号输入框"时长:0:00:00.013754
2022-11-15 08:54:47,923 - INFO basepage.py [line:40]: 查找"清空手机号输入框"元素，元素定位:('id', 'TANGRAM__PSP_4__phone')
2022-11-15 08:54:47,926 - INFO basepage.py [line:88]: 清除"清空手机号输入框",元素定位:('id', 'TANGRAM__PSP_4__phone')
2022-11-15 08:54:47,940 - INFO basepage.py [line:40]: 查找"输入手机号"元素，元素定位:('id', 'TANGRAM__PSP_4__phone')
2022-11-15 08:54:47,943 - INFO basepage.py [line:75]: 在"输入手机号"输入"17274810086",元素定位:('id', 'TANGRAM__PSP_4__phone')
2022-11-15 08:54:47,969 - INFO basepage.py [line:26]: 等待"等待密码输入框"元素,定位方式:('id', 'TANGRAM__PSP_4__password')
2022-11-15 08:54:47,979 - INFO basepage.py [line:31]: 等待"等待密码输入框"时长:0:00:00.009047
2022-11-15 08:54:47,979 - INFO basepage.py [line:40]: 查找"清空密码输入框"元素，元素定位:('id', 'TANGRAM__PSP_4__password')
2022-11-15 08:54:47,981 - INFO basepage.py [line:88]: 清除"清空密码输入框",元素定位:('id', 'TANGRAM__PSP_4__password')
2022-11-15 08:54:47,993 - INFO basepage.py [line:40]: 查找"输入密码"元素，元素定位:('id', 'TANGRAM__PSP_4__password')
2022-11-15 08:54:47,996 - INFO basepage.py [line:75]: 在"输入密码"输入"y123456",元素定位:('id', 'TANGRAM__PSP_4__password')
2022-11-15 08:54:48,044 - INFO basepage.py [line:40]: 查找"点击注册输入框"元素，元素定位:('id', 'TANGRAM__PSP_4__verifyCode')
2022-11-15 08:54:48,050 - INFO basepage.py [line:63]: 点击"点击注册输入框",元素定位:('id', 'TANGRAM__PSP_4__verifyCode')
2022-11-15 08:54:50,106 - INFO basepage.py [line:40]: 查找"预期结果"元素，元素定位:('xpath', "//span[text()='密码设置不符合要求']")
2022-11-15 08:54:50,134 - INFO basepage.py [line:115]: 刷新None
2022-11-15 08:54:53,149 - INFO signup_page.py [line:42]: 【===结束注册操作===】
2022-11-15 08:54:53,151 - INFO test_signup.py [line:31]: function teardown content
2022-11-15 08:54:53,232 - INFO test_signup.py [line:26]: function setup content
2022-11-15 08:54:53,232 - INFO signup_page.py [line:19]: 【===开始注册操作===】
2022-11-15 08:54:56,237 - INFO basepage.py [line:26]: 等待"等待用户名输入框"元素,定位方式:('id', 'TANGRAM__PSP_4__userName')
2022-11-15 08:54:56,240 - WARNING connectionpool.py [line:812]: Retrying (Retry(total=2, connect=None, read=None, redirect=None, status=None)) after connection broken by 'NewConnectionError('<urllib3.connection.HTTPConnection object at 0x103a0b6a0>: Failed to establish a new connection: [Errno 61] Connection refused')': /session/4a83fba920f352d483c6ce49372124d7/element
2022-11-15 08:54:56,241 - WARNING connectionpool.py [line:812]: Retrying (Retry(total=1, connect=None, read=None, redirect=None, status=None)) after connection broken by 'NewConnectionError('<urllib3.connection.HTTPConnection object at 0x103a0b460>: Failed to establish a new connection: [Errno 61] Connection refused')': /session/4a83fba920f352d483c6ce49372124d7/element
2022-11-15 08:54:56,243 - WARNING connectionpool.py [line:812]: Retrying (Retry(total=0, connect=None, read=None, redirect=None, status=None)) after connection broken by 'NewConnectionError('<urllib3.connection.HTTPConnection object at 0x103a0b850>: Failed to establish a new connection: [Errno 61] Connection refused')': /session/4a83fba920f352d483c6ce49372124d7/element
2022-11-15 08:54:56,245 - INFO test_signup.py [line:31]: function teardown content
2022-11-15 08:54:56,247 - WARNING connectionpool.py [line:812]: Retrying (Retry(total=2, connect=None, read=None, redirect=None, status=None)) after connection broken by 'NewConnectionError('<urllib3.connection.HTTPConnection object at 0x103a0bb80>: Failed to establish a new connection: [Errno 61] Connection refused')': /session/4a83fba920f352d483c6ce49372124d7
2022-11-15 08:54:56,248 - WARNING connectionpool.py [line:812]: Retrying (Retry(total=1, connect=None, read=None, redirect=None, status=None)) after connection broken by 'NewConnectionError('<urllib3.connection.HTTPConnection object at 0x103a0bd90>: Failed to establish a new connection: [Errno 61] Connection refused')': /session/4a83fba920f352d483c6ce49372124d7
2022-11-15 08:54:56,249 - WARNING connectionpool.py [line:812]: Retrying (Retry(total=0, connect=None, read=None, redirect=None, status=None)) after connection broken by 'NewConnectionError('<urllib3.connection.HTTPConnection object at 0x103a0beb0>: Failed to establish a new connection: [Errno 61] Connection refused')': /session/4a83fba920f352d483c6ce49372124d7
2022-11-15 08:54:56,261 - INFO test_signup.py [line:23]: Class teardown content
