2022-11-15 09:37:03,138 - INFO read_data.py [line:24]: 加载 /Users/yoga/Desktop/练手/框架模板/framework/config/setting.json 文件......
2022-11-15 09:37:03,142 - INFO read_data.py [line:27]: 读到数据 ==>>  {'browser_type': 'chrome', 'host': 'https://passport.baidu.com/v2/?reg&tt=1668347090908&overseas=undefined&gid=5D882F4-5ABB-4058-8BD4-6E7CE0ECA9BC&tpl=mn&u=https%3A%2F%2Fwww.baidu.com%2F', 'username': 'yoga', 'pwd': 'yoga'} 
2022-11-15 09:37:03,150 - INFO test_signup.py [line:15]: add_user_data is [['yoga', '17274810086', 'y123456', '手机已注册'], ['yoga2', '17274810086', 'y12345', '手机已注册']]
2022-11-15 09:37:03,151 - INFO test_signup.py [line:19]: class setup content
2022-11-15 09:37:03,152 - INFO test_signup.py [line:26]: function setup content
2022-11-15 09:37:05,633 - INFO driver.py [line:44]: 打开链接: https://passport.baidu.com/v2/?reg&tt=1668347090908&overseas=undefined&gid=5D882F4-5ABB-4058-8BD4-6E7CE0ECA9BC&tpl=mn&u=https%3A%2F%2Fwww.baidu.com%2F...
2022-11-15 09:37:05,633 - INFO driver.py [line:45]: WebDriver 初始化完成！
2022-11-15 09:37:05,633 - INFO signup_page.py [line:19]: 【===开始注册操作===】
2022-11-15 09:37:06,638 - INFO basepage.py [line:40]: 查找"清空用户名输入框"元素，元素定位:('id', 'TANGRAM__PSP_4__userName')
2022-11-15 09:37:06,658 - INFO basepage.py [line:88]: 清除"清空用户名输入框",元素定位:('id', 'TANGRAM__PSP_4__userName')
2022-11-15 09:37:06,691 - INFO basepage.py [line:40]: 查找"输入用户名"元素，元素定位:('id', 'TANGRAM__PSP_4__userName')
2022-11-15 09:37:06,696 - INFO basepage.py [line:75]: 在"输入用户名"输入"yoga",元素定位:('id', 'TANGRAM__PSP_4__userName')
2022-11-15 09:37:07,784 - INFO basepage.py [line:40]: 查找"清空手机号输入框"元素，元素定位:('id', 'TANGRAM__PSP_4__phone')
2022-11-15 09:37:07,805 - INFO basepage.py [line:88]: 清除"清空手机号输入框",元素定位:('id', 'TANGRAM__PSP_4__phone')
2022-11-15 09:37:07,835 - INFO basepage.py [line:40]: 查找"输入手机号"元素，元素定位:('id', 'TANGRAM__PSP_4__phone')
2022-11-15 09:37:07,840 - INFO basepage.py [line:75]: 在"输入手机号"输入"17274810086",元素定位:('id', 'TANGRAM__PSP_4__phone')
2022-11-15 09:37:08,876 - INFO basepage.py [line:40]: 查找"清空密码输入框"元素，元素定位:('id', 'TANGRAM__PSP_4__password')
2022-11-15 09:37:08,890 - INFO basepage.py [line:88]: 清除"清空密码输入框",元素定位:('id', 'TANGRAM__PSP_4__password')
2022-11-15 09:37:08,914 - INFO basepage.py [line:40]: 查找"输入密码"元素，元素定位:('id', 'TANGRAM__PSP_4__password')
2022-11-15 09:37:08,918 - INFO basepage.py [line:75]: 在"输入密码"输入"y123456",元素定位:('id', 'TANGRAM__PSP_4__password')
2022-11-15 09:37:09,962 - INFO basepage.py [line:40]: 查找"点击注册输入框"元素，元素定位:('id', 'TANGRAM__PSP_4__verifyCode')
2022-11-15 09:37:09,983 - INFO basepage.py [line:63]: 点击"点击注册输入框",元素定位:('id', 'TANGRAM__PSP_4__verifyCode')
2022-11-15 09:37:12,031 - INFO basepage.py [line:40]: 查找"预期结果"元素，元素定位:('xpath', "//span[text()='密码设置不符合要求']")
2022-11-15 09:37:22,075 - INFO signup_page.py [line:40]: 【===结束注册操作===】
2022-11-15 09:37:22,077 - INFO test_signup.py [line:31]: function teardown content
2022-11-15 09:37:22,163 - INFO test_signup.py [line:26]: function setup content
2022-11-15 09:37:22,163 - INFO signup_page.py [line:19]: 【===开始注册操作===】
2022-11-15 09:37:23,168 - INFO basepage.py [line:40]: 查找"清空用户名输入框"元素，元素定位:('id', 'TANGRAM__PSP_4__userName')
2022-11-15 09:37:23,173 - WARNING connectionpool.py [line:812]: Retrying (Retry(total=2, connect=None, read=None, redirect=None, status=None)) after connection broken by 'NewConnectionError('<urllib3.connection.HTTPConnection object at 0x1059d7580>: Failed to establish a new connection: [Errno 61] Connection refused')': /session/288d8d41d13d86f400dba6a37995f75d/element
2022-11-15 09:37:23,175 - WARNING connectionpool.py [line:812]: Retrying (Retry(total=1, connect=None, read=None, redirect=None, status=None)) after connection broken by 'NewConnectionError('<urllib3.connection.HTTPConnection object at 0x1059d7040>: Failed to establish a new connection: [Errno 61] Connection refused')': /session/288d8d41d13d86f400dba6a37995f75d/element
2022-11-15 09:37:23,177 - WARNING connectionpool.py [line:812]: Retrying (Retry(total=0, connect=None, read=None, redirect=None, status=None)) after connection broken by 'NewConnectionError('<urllib3.connection.HTTPConnection object at 0x1059d7730>: Failed to establish a new connection: [Errno 61] Connection refused')': /session/288d8d41d13d86f400dba6a37995f75d/element
2022-11-15 09:37:23,178 - INFO test_signup.py [line:31]: function teardown content
2022-11-15 09:37:23,180 - WARNING connectionpool.py [line:812]: Retrying (Retry(total=2, connect=None, read=None, redirect=None, status=None)) after connection broken by 'NewConnectionError('<urllib3.connection.HTTPConnection object at 0x1059d7a90>: Failed to establish a new connection: [Errno 61] Connection refused')': /session/288d8d41d13d86f400dba6a37995f75d
2022-11-15 09:37:23,182 - WARNING connectionpool.py [line:812]: Retrying (Retry(total=1, connect=None, read=None, redirect=None, status=None)) after connection broken by 'NewConnectionError('<urllib3.connection.HTTPConnection object at 0x1059d7ca0>: Failed to establish a new connection: [Errno 61] Connection refused')': /session/288d8d41d13d86f400dba6a37995f75d
2022-11-15 09:37:23,183 - WARNING connectionpool.py [line:812]: Retrying (Retry(total=0, connect=None, read=None, redirect=None, status=None)) after connection broken by 'NewConnectionError('<urllib3.connection.HTTPConnection object at 0x1059d7dc0>: Failed to establish a new connection: [Errno 61] Connection refused')': /session/288d8d41d13d86f400dba6a37995f75d
2022-11-15 09:37:23,198 - INFO test_signup.py [line:23]: Class teardown content
