2023-03-23 14:37:52,992 - INFO run.py [line:32]: RunCase执行用例--开始
2023-03-23 14:37:53,017 - INFO read_data.py [line:24]: 加载 /Users/yoga/学习/练手/UI自动化框架模板/framework/config/setting.json 文件......
2023-03-23 14:37:53,018 - INFO read_data.py [line:27]: 读到数据 ==>>  {'browser_type': 'chrome', 'host': 'https://passport.baidu.com/v2/?reg&tt=1668347090908&overseas=undefined&gid=5D882F4-5ABB-4058-8BD4-6E7CE0ECA9BC&tpl=mn&u=https%3A%2F%2Fwww.baidu.com%2F', 'username': 'yoga', 'pwd': 'yoga'} 
2023-03-23 14:37:53,027 - INFO test_signup.py [line:15]: signup_data is [['Register_abnormal001', '密码少于8位', 'yogachuan', '17810200310', 'y123456', '不符合要求'], ['Register_abnormal002', '密码大于14位', 'yogachuan', '17810200310', 'y123456789yyyyy', '不符合要求'], ['Register_abnormal003', '密码纯数字', 'yogachuan', '17810200310', '123456789', '不符合要求'], ['Register_abnormal004', '密码纯字母', 'yogachuan', '17810200310', 'abcdefg', '不符合要求'], ['Register_abnormal005', '密码纯符号', 'yogachuan', '17810200310', '，，，，，，，，', '不符合要求'], ['Register_abnormal005', '密码纯符号', 'yogachuan', '17810200310', '。。。。。。。。', '不符合要求'], ['Register_abnormal005', '密码纯符号', 'yogachuan', '17810200310', '、、、、、、、、', '不符合要求'], ['Register_abnormal005', '密码纯符号', 'yogachuan', '17810200310', '；；；；；；；；', '不符合要求'], ['Register_abnormal006', '密码带空格', 'yogachuan', '17810200310', 'y123 456789', '不符合要求'], ['Register_abnormal007', '密码带中文', 'yogachuan', '17810200310', 'y12345678哈', '不符合要求']]
2023-03-23 14:37:53,042 - INFO test_signup.py [line:19]: class setup content
2023-03-23 14:37:55,932 - INFO driver.py [line:49]: 打开链接: https://passport.baidu.com/v2/?reg&tt=1668347090908&overseas=undefined&gid=5D882F4-5ABB-4058-8BD4-6E7CE0ECA9BC&tpl=mn&u=https%3A%2F%2Fwww.baidu.com%2F...
2023-03-23 14:37:55,932 - INFO driver.py [line:50]: WebDriver 初始化完成！
2023-03-23 14:37:55,932 - INFO test_signup.py [line:30]: function setup content
2023-03-23 14:37:55,932 - INFO test_signup.py [line:39]: 执行测试用例:Register_abnormal001,用例说明:密码少于8位
2023-03-23 14:37:55,932 - INFO signup_page.py [line:26]: 【===开始注册操作===】
2023-03-23 14:37:55,932 - INFO basepage.py [line:27]: 等待"等待用户名输入框"元素,定位方式:('id', 'TANGRAM__PSP_4__userName')
2023-03-23 14:37:55,942 - INFO basepage.py [line:32]: 等待"等待用户名输入框"时长:0:00:00.010091
2023-03-23 14:37:55,942 - INFO basepage.py [line:41]: 查找"清空用户名输入框"元素，元素定位:('id', 'TANGRAM__PSP_4__userName')
2023-03-23 14:37:55,945 - INFO basepage.py [line:89]: 清除"清空用户名输入框",元素定位:('id', 'TANGRAM__PSP_4__userName')
2023-03-23 14:37:55,961 - INFO basepage.py [line:41]: 查找"输入用户名"元素，元素定位:('id', 'TANGRAM__PSP_4__userName')
2023-03-23 14:37:55,964 - INFO basepage.py [line:76]: 在"输入用户名"输入"yogachuan",元素定位:('id', 'TANGRAM__PSP_4__userName')
2023-03-23 14:37:56,032 - INFO basepage.py [line:27]: 等待"等待手机号输入框"元素,定位方式:('id', 'TANGRAM__PSP_4__phone')
2023-03-23 14:37:56,043 - INFO basepage.py [line:32]: 等待"等待手机号输入框"时长:0:00:00.010848
2023-03-23 14:37:56,043 - INFO basepage.py [line:41]: 查找"清空手机号输入框"元素，元素定位:('id', 'TANGRAM__PSP_4__phone')
2023-03-23 14:37:56,046 - INFO basepage.py [line:89]: 清除"清空手机号输入框",元素定位:('id', 'TANGRAM__PSP_4__phone')
2023-03-23 14:37:56,059 - INFO basepage.py [line:41]: 查找"输入手机号"元素，元素定位:('id', 'TANGRAM__PSP_4__phone')
2023-03-23 14:37:56,061 - INFO basepage.py [line:76]: 在"输入手机号"输入"17810200310",元素定位:('id', 'TANGRAM__PSP_4__phone')
2023-03-23 14:37:56,088 - INFO basepage.py [line:27]: 等待"等待密码输入框"元素,定位方式:('id', 'TANGRAM__PSP_4__password')
2023-03-23 14:37:56,096 - INFO basepage.py [line:32]: 等待"等待密码输入框"时长:0:00:00.007695
2023-03-23 14:37:56,096 - INFO basepage.py [line:41]: 查找"清空密码输入框"元素，元素定位:('id', 'TANGRAM__PSP_4__password')
2023-03-23 14:37:56,099 - INFO basepage.py [line:89]: 清除"清空密码输入框",元素定位:('id', 'TANGRAM__PSP_4__password')
2023-03-23 14:37:56,110 - INFO basepage.py [line:41]: 查找"输入密码"元素，元素定位:('id', 'TANGRAM__PSP_4__password')
2023-03-23 14:37:56,113 - INFO basepage.py [line:76]: 在"输入密码"输入"y123456",元素定位:('id', 'TANGRAM__PSP_4__password')
2023-03-23 14:37:56,150 - INFO basepage.py [line:41]: 查找"点击注册输入框"元素，元素定位:('id', 'TANGRAM__PSP_4__verifyCode')
2023-03-23 14:37:56,155 - INFO basepage.py [line:64]: 点击"点击注册输入框",元素定位:('id', 'TANGRAM__PSP_4__verifyCode')
2023-03-23 14:37:56,175 - INFO basepage.py [line:41]: 查找"获取断言文本"元素，元素定位:('class name', 'pwd-strength-detail')
2023-03-23 14:37:56,187 - INFO basepage.py [line:103]: 获取"获取断言文本"元素文本内容，元素定位:('class name', 'pwd-strength-detail')
2023-03-23 14:37:56,193 - INFO basepage.py [line:106]: 获取"获取断言文本"元素文本内容为"密码设置不符合要求",元素定位:('class name', 'pwd-strength-detail')
2023-03-23 14:37:57,198 - INFO signup_page.py [line:42]: 【===结束注册操作===】
2023-03-23 14:37:57,199 - INFO test_signup.py [line:34]: function teardown content
2023-03-23 14:37:57,199 - INFO test_signup.py [line:30]: function setup content
2023-03-23 14:37:57,199 - INFO test_signup.py [line:39]: 执行测试用例:Register_abnormal002,用例说明:密码大于14位
2023-03-23 14:37:57,200 - INFO signup_page.py [line:26]: 【===开始注册操作===】
2023-03-23 14:37:57,200 - INFO basepage.py [line:27]: 等待"等待用户名输入框"元素,定位方式:('id', 'TANGRAM__PSP_4__userName')
2023-03-23 14:37:57,219 - INFO basepage.py [line:32]: 等待"等待用户名输入框"时长:0:00:00.019559
2023-03-23 14:37:57,220 - INFO basepage.py [line:41]: 查找"清空用户名输入框"元素，元素定位:('id', 'TANGRAM__PSP_4__userName')
2023-03-23 14:37:57,225 - INFO basepage.py [line:89]: 清除"清空用户名输入框",元素定位:('id', 'TANGRAM__PSP_4__userName')
2023-03-23 14:37:57,255 - INFO basepage.py [line:41]: 查找"输入用户名"元素，元素定位:('id', 'TANGRAM__PSP_4__userName')
2023-03-23 14:37:57,259 - INFO basepage.py [line:76]: 在"输入用户名"输入"yogachuan",元素定位:('id', 'TANGRAM__PSP_4__userName')
2023-03-23 14:37:57,287 - INFO basepage.py [line:27]: 等待"等待手机号输入框"元素,定位方式:('id', 'TANGRAM__PSP_4__phone')
2023-03-23 14:37:57,293 - INFO basepage.py [line:32]: 等待"等待手机号输入框"时长:0:00:00.006328
2023-03-23 14:37:57,293 - INFO basepage.py [line:41]: 查找"清空手机号输入框"元素，元素定位:('id', 'TANGRAM__PSP_4__phone')
2023-03-23 14:37:57,295 - INFO basepage.py [line:89]: 清除"清空手机号输入框",元素定位:('id', 'TANGRAM__PSP_4__phone')
2023-03-23 14:37:57,305 - INFO basepage.py [line:41]: 查找"输入手机号"元素，元素定位:('id', 'TANGRAM__PSP_4__phone')
2023-03-23 14:37:57,308 - INFO basepage.py [line:76]: 在"输入手机号"输入"17810200310",元素定位:('id', 'TANGRAM__PSP_4__phone')
2023-03-23 14:37:57,336 - INFO basepage.py [line:27]: 等待"等待密码输入框"元素,定位方式:('id', 'TANGRAM__PSP_4__password')
2023-03-23 14:37:57,342 - INFO basepage.py [line:32]: 等待"等待密码输入框"时长:0:00:00.005771
2023-03-23 14:37:57,342 - INFO basepage.py [line:41]: 查找"清空密码输入框"元素，元素定位:('id', 'TANGRAM__PSP_4__password')
2023-03-23 14:37:57,345 - INFO basepage.py [line:89]: 清除"清空密码输入框",元素定位:('id', 'TANGRAM__PSP_4__password')
2023-03-23 14:37:57,362 - INFO basepage.py [line:41]: 查找"输入密码"元素，元素定位:('id', 'TANGRAM__PSP_4__password')
2023-03-23 14:37:57,372 - INFO basepage.py [line:76]: 在"输入密码"输入"y123456789yyyyy",元素定位:('id', 'TANGRAM__PSP_4__password')
2023-03-23 14:37:57,395 - INFO basepage.py [line:41]: 查找"点击注册输入框"元素，元素定位:('id', 'TANGRAM__PSP_4__verifyCode')
2023-03-23 14:37:57,398 - INFO basepage.py [line:64]: 点击"点击注册输入框",元素定位:('id', 'TANGRAM__PSP_4__verifyCode')
2023-03-23 14:37:57,418 - INFO basepage.py [line:41]: 查找"获取断言文本"元素，元素定位:('class name', 'pwd-strength-detail')
2023-03-23 14:37:57,421 - INFO basepage.py [line:103]: 获取"获取断言文本"元素文本内容，元素定位:('class name', 'pwd-strength-detail')
2023-03-23 14:37:57,426 - INFO basepage.py [line:106]: 获取"获取断言文本"元素文本内容为"密码设置不符合要求",元素定位:('class name', 'pwd-strength-detail')
2023-03-23 14:37:58,431 - INFO signup_page.py [line:42]: 【===结束注册操作===】
2023-03-23 14:37:58,431 - INFO test_signup.py [line:34]: function teardown content
2023-03-23 14:37:58,432 - INFO test_signup.py [line:30]: function setup content
2023-03-23 14:37:58,432 - INFO test_signup.py [line:39]: 执行测试用例:Register_abnormal003,用例说明:密码纯数字
2023-03-23 14:37:58,432 - INFO signup_page.py [line:26]: 【===开始注册操作===】
2023-03-23 14:37:58,432 - INFO basepage.py [line:27]: 等待"等待用户名输入框"元素,定位方式:('id', 'TANGRAM__PSP_4__userName')
2023-03-23 14:37:58,451 - INFO basepage.py [line:32]: 等待"等待用户名输入框"时长:0:00:00.018326
2023-03-23 14:37:58,451 - INFO basepage.py [line:41]: 查找"清空用户名输入框"元素，元素定位:('id', 'TANGRAM__PSP_4__userName')
2023-03-23 14:37:58,456 - INFO basepage.py [line:89]: 清除"清空用户名输入框",元素定位:('id', 'TANGRAM__PSP_4__userName')
2023-03-23 14:37:58,486 - INFO basepage.py [line:41]: 查找"输入用户名"元素，元素定位:('id', 'TANGRAM__PSP_4__userName')
2023-03-23 14:37:58,490 - INFO basepage.py [line:76]: 在"输入用户名"输入"yogachuan",元素定位:('id', 'TANGRAM__PSP_4__userName')
2023-03-23 14:37:58,516 - INFO basepage.py [line:27]: 等待"等待手机号输入框"元素,定位方式:('id', 'TANGRAM__PSP_4__phone')
2023-03-23 14:37:58,523 - INFO basepage.py [line:32]: 等待"等待手机号输入框"时长:0:00:00.006598
2023-03-23 14:37:58,523 - INFO basepage.py [line:41]: 查找"清空手机号输入框"元素，元素定位:('id', 'TANGRAM__PSP_4__phone')
2023-03-23 14:37:58,525 - INFO basepage.py [line:89]: 清除"清空手机号输入框",元素定位:('id', 'TANGRAM__PSP_4__phone')
2023-03-23 14:37:58,538 - INFO basepage.py [line:41]: 查找"输入手机号"元素，元素定位:('id', 'TANGRAM__PSP_4__phone')
2023-03-23 14:37:58,540 - INFO basepage.py [line:76]: 在"输入手机号"输入"17810200310",元素定位:('id', 'TANGRAM__PSP_4__phone')
2023-03-23 14:37:58,570 - INFO basepage.py [line:27]: 等待"等待密码输入框"元素,定位方式:('id', 'TANGRAM__PSP_4__password')
2023-03-23 14:37:58,576 - INFO basepage.py [line:32]: 等待"等待密码输入框"时长:0:00:00.005882
2023-03-23 14:37:58,576 - INFO basepage.py [line:41]: 查找"清空密码输入框"元素，元素定位:('id', 'TANGRAM__PSP_4__password')
2023-03-23 14:37:58,578 - INFO basepage.py [line:89]: 清除"清空密码输入框",元素定位:('id', 'TANGRAM__PSP_4__password')
2023-03-23 14:37:58,592 - INFO basepage.py [line:41]: 查找"输入密码"元素，元素定位:('id', 'TANGRAM__PSP_4__password')
2023-03-23 14:37:58,595 - INFO basepage.py [line:76]: 在"输入密码"输入"123456789",元素定位:('id', 'TANGRAM__PSP_4__password')
2023-03-23 14:37:58,622 - INFO basepage.py [line:41]: 查找"点击注册输入框"元素，元素定位:('id', 'TANGRAM__PSP_4__verifyCode')
2023-03-23 14:37:58,625 - INFO basepage.py [line:64]: 点击"点击注册输入框",元素定位:('id', 'TANGRAM__PSP_4__verifyCode')
2023-03-23 14:37:58,642 - INFO basepage.py [line:41]: 查找"获取断言文本"元素，元素定位:('class name', 'pwd-strength-detail')
2023-03-23 14:37:58,646 - INFO basepage.py [line:103]: 获取"获取断言文本"元素文本内容，元素定位:('class name', 'pwd-strength-detail')
2023-03-23 14:37:58,651 - INFO basepage.py [line:106]: 获取"获取断言文本"元素文本内容为"密码设置不符合要求",元素定位:('class name', 'pwd-strength-detail')
2023-03-23 14:37:59,656 - INFO signup_page.py [line:42]: 【===结束注册操作===】
2023-03-23 14:37:59,657 - INFO test_signup.py [line:34]: function teardown content
2023-03-23 14:37:59,657 - INFO test_signup.py [line:30]: function setup content
2023-03-23 14:37:59,657 - INFO test_signup.py [line:39]: 执行测试用例:Register_abnormal004,用例说明:密码纯字母
2023-03-23 14:37:59,657 - INFO signup_page.py [line:26]: 【===开始注册操作===】
2023-03-23 14:37:59,658 - INFO basepage.py [line:27]: 等待"等待用户名输入框"元素,定位方式:('id', 'TANGRAM__PSP_4__userName')
2023-03-23 14:37:59,675 - INFO basepage.py [line:32]: 等待"等待用户名输入框"时长:0:00:00.017571
2023-03-23 14:37:59,676 - INFO basepage.py [line:41]: 查找"清空用户名输入框"元素，元素定位:('id', 'TANGRAM__PSP_4__userName')
2023-03-23 14:37:59,681 - INFO basepage.py [line:89]: 清除"清空用户名输入框",元素定位:('id', 'TANGRAM__PSP_4__userName')
2023-03-23 14:37:59,711 - INFO basepage.py [line:41]: 查找"输入用户名"元素，元素定位:('id', 'TANGRAM__PSP_4__userName')
2023-03-23 14:37:59,715 - INFO basepage.py [line:76]: 在"输入用户名"输入"yogachuan",元素定位:('id', 'TANGRAM__PSP_4__userName')
2023-03-23 14:37:59,742 - INFO basepage.py [line:27]: 等待"等待手机号输入框"元素,定位方式:('id', 'TANGRAM__PSP_4__phone')
2023-03-23 14:37:59,748 - INFO basepage.py [line:32]: 等待"等待手机号输入框"时长:0:00:00.006681
2023-03-23 14:37:59,748 - INFO basepage.py [line:41]: 查找"清空手机号输入框"元素，元素定位:('id', 'TANGRAM__PSP_4__phone')
2023-03-23 14:37:59,751 - INFO basepage.py [line:89]: 清除"清空手机号输入框",元素定位:('id', 'TANGRAM__PSP_4__phone')
2023-03-23 14:37:59,761 - INFO basepage.py [line:41]: 查找"输入手机号"元素，元素定位:('id', 'TANGRAM__PSP_4__phone')
2023-03-23 14:37:59,772 - INFO basepage.py [line:76]: 在"输入手机号"输入"17810200310",元素定位:('id', 'TANGRAM__PSP_4__phone')
2023-03-23 14:37:59,793 - INFO basepage.py [line:27]: 等待"等待密码输入框"元素,定位方式:('id', 'TANGRAM__PSP_4__password')
2023-03-23 14:37:59,799 - INFO basepage.py [line:32]: 等待"等待密码输入框"时长:0:00:00.006208
2023-03-23 14:37:59,799 - INFO basepage.py [line:41]: 查找"清空密码输入框"元素，元素定位:('id', 'TANGRAM__PSP_4__password')
2023-03-23 14:37:59,802 - INFO basepage.py [line:89]: 清除"清空密码输入框",元素定位:('id', 'TANGRAM__PSP_4__password')
2023-03-23 14:37:59,819 - INFO basepage.py [line:41]: 查找"输入密码"元素，元素定位:('id', 'TANGRAM__PSP_4__password')
2023-03-23 14:37:59,822 - INFO basepage.py [line:76]: 在"输入密码"输入"abcdefg",元素定位:('id', 'TANGRAM__PSP_4__password')
2023-03-23 14:37:59,844 - INFO basepage.py [line:41]: 查找"点击注册输入框"元素，元素定位:('id', 'TANGRAM__PSP_4__verifyCode')
2023-03-23 14:37:59,849 - INFO basepage.py [line:64]: 点击"点击注册输入框",元素定位:('id', 'TANGRAM__PSP_4__verifyCode')
2023-03-23 14:37:59,862 - INFO basepage.py [line:41]: 查找"获取断言文本"元素，元素定位:('class name', 'pwd-strength-detail')
2023-03-23 14:37:59,871 - INFO basepage.py [line:103]: 获取"获取断言文本"元素文本内容，元素定位:('class name', 'pwd-strength-detail')
2023-03-23 14:37:59,875 - INFO basepage.py [line:106]: 获取"获取断言文本"元素文本内容为"密码设置不符合要求",元素定位:('class name', 'pwd-strength-detail')
2023-03-23 14:38:00,880 - INFO signup_page.py [line:42]: 【===结束注册操作===】
2023-03-23 14:38:00,881 - INFO test_signup.py [line:34]: function teardown content
2023-03-23 14:38:00,881 - INFO test_signup.py [line:30]: function setup content
2023-03-23 14:38:00,881 - INFO test_signup.py [line:39]: 执行测试用例:Register_abnormal005,用例说明:密码纯符号
2023-03-23 14:38:00,882 - INFO signup_page.py [line:26]: 【===开始注册操作===】
2023-03-23 14:38:00,882 - INFO basepage.py [line:27]: 等待"等待用户名输入框"元素,定位方式:('id', 'TANGRAM__PSP_4__userName')
2023-03-23 14:38:00,900 - INFO basepage.py [line:32]: 等待"等待用户名输入框"时长:0:00:00.018102
2023-03-23 14:38:00,900 - INFO basepage.py [line:41]: 查找"清空用户名输入框"元素，元素定位:('id', 'TANGRAM__PSP_4__userName')
2023-03-23 14:38:00,906 - INFO basepage.py [line:89]: 清除"清空用户名输入框",元素定位:('id', 'TANGRAM__PSP_4__userName')
2023-03-23 14:38:00,934 - INFO basepage.py [line:41]: 查找"输入用户名"元素，元素定位:('id', 'TANGRAM__PSP_4__userName')
2023-03-23 14:38:00,938 - INFO basepage.py [line:76]: 在"输入用户名"输入"yogachuan",元素定位:('id', 'TANGRAM__PSP_4__userName')
2023-03-23 14:38:00,963 - INFO basepage.py [line:27]: 等待"等待手机号输入框"元素,定位方式:('id', 'TANGRAM__PSP_4__phone')
2023-03-23 14:38:00,970 - INFO basepage.py [line:32]: 等待"等待手机号输入框"时长:0:00:00.006576
2023-03-23 14:38:00,970 - INFO basepage.py [line:41]: 查找"清空手机号输入框"元素，元素定位:('id', 'TANGRAM__PSP_4__phone')
2023-03-23 14:38:00,972 - INFO basepage.py [line:89]: 清除"清空手机号输入框",元素定位:('id', 'TANGRAM__PSP_4__phone')
2023-03-23 14:38:00,990 - INFO basepage.py [line:41]: 查找"输入手机号"元素，元素定位:('id', 'TANGRAM__PSP_4__phone')
2023-03-23 14:38:00,992 - INFO basepage.py [line:76]: 在"输入手机号"输入"17810200310",元素定位:('id', 'TANGRAM__PSP_4__phone')
2023-03-23 14:38:01,013 - INFO basepage.py [line:27]: 等待"等待密码输入框"元素,定位方式:('id', 'TANGRAM__PSP_4__password')
2023-03-23 14:38:01,020 - INFO basepage.py [line:32]: 等待"等待密码输入框"时长:0:00:00.006842
2023-03-23 14:38:01,020 - INFO basepage.py [line:41]: 查找"清空密码输入框"元素，元素定位:('id', 'TANGRAM__PSP_4__password')
2023-03-23 14:38:01,023 - INFO basepage.py [line:89]: 清除"清空密码输入框",元素定位:('id', 'TANGRAM__PSP_4__password')
2023-03-23 14:38:01,045 - INFO basepage.py [line:41]: 查找"输入密码"元素，元素定位:('id', 'TANGRAM__PSP_4__password')
2023-03-23 14:38:01,054 - INFO basepage.py [line:76]: 在"输入密码"输入"，，，，，，，，",元素定位:('id', 'TANGRAM__PSP_4__password')
2023-03-23 14:38:01,075 - INFO basepage.py [line:41]: 查找"点击注册输入框"元素，元素定位:('id', 'TANGRAM__PSP_4__verifyCode')
2023-03-23 14:38:01,077 - INFO basepage.py [line:64]: 点击"点击注册输入框",元素定位:('id', 'TANGRAM__PSP_4__verifyCode')
2023-03-23 14:38:01,096 - INFO basepage.py [line:41]: 查找"获取断言文本"元素，元素定位:('class name', 'pwd-strength-detail')
2023-03-23 14:38:01,100 - INFO basepage.py [line:103]: 获取"获取断言文本"元素文本内容，元素定位:('class name', 'pwd-strength-detail')
2023-03-23 14:38:01,104 - INFO basepage.py [line:106]: 获取"获取断言文本"元素文本内容为"密码设置不符合要求",元素定位:('class name', 'pwd-strength-detail')
2023-03-23 14:38:02,110 - INFO signup_page.py [line:42]: 【===结束注册操作===】
2023-03-23 14:38:02,110 - INFO test_signup.py [line:34]: function teardown content
2023-03-23 14:38:02,111 - INFO test_signup.py [line:30]: function setup content
2023-03-23 14:38:02,111 - INFO test_signup.py [line:39]: 执行测试用例:Register_abnormal005,用例说明:密码纯符号
2023-03-23 14:38:02,111 - INFO signup_page.py [line:26]: 【===开始注册操作===】
2023-03-23 14:38:02,111 - INFO basepage.py [line:27]: 等待"等待用户名输入框"元素,定位方式:('id', 'TANGRAM__PSP_4__userName')
2023-03-23 14:38:02,130 - INFO basepage.py [line:32]: 等待"等待用户名输入框"时长:0:00:00.018686
2023-03-23 14:38:02,130 - INFO basepage.py [line:41]: 查找"清空用户名输入框"元素，元素定位:('id', 'TANGRAM__PSP_4__userName')
2023-03-23 14:38:02,136 - INFO basepage.py [line:89]: 清除"清空用户名输入框",元素定位:('id', 'TANGRAM__PSP_4__userName')
2023-03-23 14:38:02,165 - INFO basepage.py [line:41]: 查找"输入用户名"元素，元素定位:('id', 'TANGRAM__PSP_4__userName')
2023-03-23 14:38:02,169 - INFO basepage.py [line:76]: 在"输入用户名"输入"yogachuan",元素定位:('id', 'TANGRAM__PSP_4__userName')
2023-03-23 14:38:02,194 - INFO basepage.py [line:27]: 等待"等待手机号输入框"元素,定位方式:('id', 'TANGRAM__PSP_4__phone')
2023-03-23 14:38:02,201 - INFO basepage.py [line:32]: 等待"等待手机号输入框"时长:0:00:00.006951
2023-03-23 14:38:02,201 - INFO basepage.py [line:41]: 查找"清空手机号输入框"元素，元素定位:('id', 'TANGRAM__PSP_4__phone')
2023-03-23 14:38:02,204 - INFO basepage.py [line:89]: 清除"清空手机号输入框",元素定位:('id', 'TANGRAM__PSP_4__phone')
2023-03-23 14:38:02,223 - INFO basepage.py [line:41]: 查找"输入手机号"元素，元素定位:('id', 'TANGRAM__PSP_4__phone')
2023-03-23 14:38:02,226 - INFO basepage.py [line:76]: 在"输入手机号"输入"17810200310",元素定位:('id', 'TANGRAM__PSP_4__phone')
2023-03-23 14:38:02,248 - INFO basepage.py [line:27]: 等待"等待密码输入框"元素,定位方式:('id', 'TANGRAM__PSP_4__password')
2023-03-23 14:38:02,254 - INFO basepage.py [line:32]: 等待"等待密码输入框"时长:0:00:00.006059
2023-03-23 14:38:02,254 - INFO basepage.py [line:41]: 查找"清空密码输入框"元素，元素定位:('id', 'TANGRAM__PSP_4__password')
2023-03-23 14:38:02,256 - INFO basepage.py [line:89]: 清除"清空密码输入框",元素定位:('id', 'TANGRAM__PSP_4__password')
2023-03-23 14:38:02,271 - INFO basepage.py [line:41]: 查找"输入密码"元素，元素定位:('id', 'TANGRAM__PSP_4__password')
2023-03-23 14:38:02,274 - INFO basepage.py [line:76]: 在"输入密码"输入"。。。。。。。。",元素定位:('id', 'TANGRAM__PSP_4__password')
2023-03-23 14:38:02,307 - INFO basepage.py [line:41]: 查找"点击注册输入框"元素，元素定位:('id', 'TANGRAM__PSP_4__verifyCode')
2023-03-23 14:38:02,310 - INFO basepage.py [line:64]: 点击"点击注册输入框",元素定位:('id', 'TANGRAM__PSP_4__verifyCode')
2023-03-23 14:38:02,328 - INFO basepage.py [line:41]: 查找"获取断言文本"元素，元素定位:('class name', 'pwd-strength-detail')
2023-03-23 14:38:02,332 - INFO basepage.py [line:103]: 获取"获取断言文本"元素文本内容，元素定位:('class name', 'pwd-strength-detail')
2023-03-23 14:38:02,336 - INFO basepage.py [line:106]: 获取"获取断言文本"元素文本内容为"密码设置不符合要求",元素定位:('class name', 'pwd-strength-detail')
2023-03-23 14:38:03,341 - INFO signup_page.py [line:42]: 【===结束注册操作===】
2023-03-23 14:38:03,341 - INFO test_signup.py [line:34]: function teardown content
2023-03-23 14:38:03,342 - INFO test_signup.py [line:30]: function setup content
2023-03-23 14:38:03,342 - INFO test_signup.py [line:39]: 执行测试用例:Register_abnormal005,用例说明:密码纯符号
2023-03-23 14:38:03,342 - INFO signup_page.py [line:26]: 【===开始注册操作===】
2023-03-23 14:38:03,342 - INFO basepage.py [line:27]: 等待"等待用户名输入框"元素,定位方式:('id', 'TANGRAM__PSP_4__userName')
2023-03-23 14:38:03,359 - INFO basepage.py [line:32]: 等待"等待用户名输入框"时长:0:00:00.015976
2023-03-23 14:38:03,359 - INFO basepage.py [line:41]: 查找"清空用户名输入框"元素，元素定位:('id', 'TANGRAM__PSP_4__userName')
2023-03-23 14:38:03,363 - INFO basepage.py [line:89]: 清除"清空用户名输入框",元素定位:('id', 'TANGRAM__PSP_4__userName')
2023-03-23 14:38:03,392 - INFO basepage.py [line:41]: 查找"输入用户名"元素，元素定位:('id', 'TANGRAM__PSP_4__userName')
2023-03-23 14:38:03,396 - INFO basepage.py [line:76]: 在"输入用户名"输入"yogachuan",元素定位:('id', 'TANGRAM__PSP_4__userName')
2023-03-23 14:38:03,424 - INFO basepage.py [line:27]: 等待"等待手机号输入框"元素,定位方式:('id', 'TANGRAM__PSP_4__phone')
2023-03-23 14:38:03,431 - INFO basepage.py [line:32]: 等待"等待手机号输入框"时长:0:00:00.006754
2023-03-23 14:38:03,431 - INFO basepage.py [line:41]: 查找"清空手机号输入框"元素，元素定位:('id', 'TANGRAM__PSP_4__phone')
2023-03-23 14:38:03,433 - INFO basepage.py [line:89]: 清除"清空手机号输入框",元素定位:('id', 'TANGRAM__PSP_4__phone')
2023-03-23 14:38:03,454 - INFO basepage.py [line:41]: 查找"输入手机号"元素，元素定位:('id', 'TANGRAM__PSP_4__phone')
2023-03-23 14:38:03,457 - INFO basepage.py [line:76]: 在"输入手机号"输入"17810200310",元素定位:('id', 'TANGRAM__PSP_4__phone')
2023-03-23 14:38:03,478 - INFO basepage.py [line:27]: 等待"等待密码输入框"元素,定位方式:('id', 'TANGRAM__PSP_4__password')
2023-03-23 14:38:03,484 - INFO basepage.py [line:32]: 等待"等待密码输入框"时长:0:00:00.005958
2023-03-23 14:38:03,484 - INFO basepage.py [line:41]: 查找"清空密码输入框"元素，元素定位:('id', 'TANGRAM__PSP_4__password')
2023-03-23 14:38:03,487 - INFO basepage.py [line:89]: 清除"清空密码输入框",元素定位:('id', 'TANGRAM__PSP_4__password')
2023-03-23 14:38:03,509 - INFO basepage.py [line:41]: 查找"输入密码"元素，元素定位:('id', 'TANGRAM__PSP_4__password')
2023-03-23 14:38:03,512 - INFO basepage.py [line:76]: 在"输入密码"输入"、、、、、、、、",元素定位:('id', 'TANGRAM__PSP_4__password')
2023-03-23 14:38:03,542 - INFO basepage.py [line:41]: 查找"点击注册输入框"元素，元素定位:('id', 'TANGRAM__PSP_4__verifyCode')
2023-03-23 14:38:03,545 - INFO basepage.py [line:64]: 点击"点击注册输入框",元素定位:('id', 'TANGRAM__PSP_4__verifyCode')
2023-03-23 14:38:03,563 - INFO basepage.py [line:41]: 查找"获取断言文本"元素，元素定位:('class name', 'pwd-strength-detail')
2023-03-23 14:38:03,566 - INFO basepage.py [line:103]: 获取"获取断言文本"元素文本内容，元素定位:('class name', 'pwd-strength-detail')
2023-03-23 14:38:03,569 - INFO basepage.py [line:106]: 获取"获取断言文本"元素文本内容为"密码设置不符合要求",元素定位:('class name', 'pwd-strength-detail')
2023-03-23 14:38:04,575 - INFO signup_page.py [line:42]: 【===结束注册操作===】
2023-03-23 14:38:04,575 - INFO test_signup.py [line:34]: function teardown content
2023-03-23 14:38:04,576 - INFO test_signup.py [line:30]: function setup content
2023-03-23 14:38:04,576 - INFO test_signup.py [line:39]: 执行测试用例:Register_abnormal005,用例说明:密码纯符号
2023-03-23 14:38:04,576 - INFO signup_page.py [line:26]: 【===开始注册操作===】
2023-03-23 14:38:04,576 - INFO basepage.py [line:27]: 等待"等待用户名输入框"元素,定位方式:('id', 'TANGRAM__PSP_4__userName')
2023-03-23 14:38:04,596 - INFO basepage.py [line:32]: 等待"等待用户名输入框"时长:0:00:00.019245
2023-03-23 14:38:04,596 - INFO basepage.py [line:41]: 查找"清空用户名输入框"元素，元素定位:('id', 'TANGRAM__PSP_4__userName')
2023-03-23 14:38:04,601 - INFO basepage.py [line:89]: 清除"清空用户名输入框",元素定位:('id', 'TANGRAM__PSP_4__userName')
2023-03-23 14:38:04,631 - INFO basepage.py [line:41]: 查找"输入用户名"元素，元素定位:('id', 'TANGRAM__PSP_4__userName')
2023-03-23 14:38:04,635 - INFO basepage.py [line:76]: 在"输入用户名"输入"yogachuan",元素定位:('id', 'TANGRAM__PSP_4__userName')
2023-03-23 14:38:04,660 - INFO basepage.py [line:27]: 等待"等待手机号输入框"元素,定位方式:('id', 'TANGRAM__PSP_4__phone')
2023-03-23 14:38:04,667 - INFO basepage.py [line:32]: 等待"等待手机号输入框"时长:0:00:00.006514
2023-03-23 14:38:04,667 - INFO basepage.py [line:41]: 查找"清空手机号输入框"元素，元素定位:('id', 'TANGRAM__PSP_4__phone')
2023-03-23 14:38:04,670 - INFO basepage.py [line:89]: 清除"清空手机号输入框",元素定位:('id', 'TANGRAM__PSP_4__phone')
2023-03-23 14:38:04,688 - INFO basepage.py [line:41]: 查找"输入手机号"元素，元素定位:('id', 'TANGRAM__PSP_4__phone')
2023-03-23 14:38:04,690 - INFO basepage.py [line:76]: 在"输入手机号"输入"17810200310",元素定位:('id', 'TANGRAM__PSP_4__phone')
2023-03-23 14:38:04,713 - INFO basepage.py [line:27]: 等待"等待密码输入框"元素,定位方式:('id', 'TANGRAM__PSP_4__password')
2023-03-23 14:38:04,719 - INFO basepage.py [line:32]: 等待"等待密码输入框"时长:0:00:00.005887
2023-03-23 14:38:04,719 - INFO basepage.py [line:41]: 查找"清空密码输入框"元素，元素定位:('id', 'TANGRAM__PSP_4__password')
2023-03-23 14:38:04,721 - INFO basepage.py [line:89]: 清除"清空密码输入框",元素定位:('id', 'TANGRAM__PSP_4__password')
2023-03-23 14:38:04,738 - INFO basepage.py [line:41]: 查找"输入密码"元素，元素定位:('id', 'TANGRAM__PSP_4__password')
2023-03-23 14:38:04,741 - INFO basepage.py [line:76]: 在"输入密码"输入"；；；；；；；；",元素定位:('id', 'TANGRAM__PSP_4__password')
2023-03-23 14:38:04,772 - INFO basepage.py [line:41]: 查找"点击注册输入框"元素，元素定位:('id', 'TANGRAM__PSP_4__verifyCode')
2023-03-23 14:38:04,774 - INFO basepage.py [line:64]: 点击"点击注册输入框",元素定位:('id', 'TANGRAM__PSP_4__verifyCode')
2023-03-23 14:38:04,793 - INFO basepage.py [line:41]: 查找"获取断言文本"元素，元素定位:('class name', 'pwd-strength-detail')
2023-03-23 14:38:04,796 - INFO basepage.py [line:103]: 获取"获取断言文本"元素文本内容，元素定位:('class name', 'pwd-strength-detail')
2023-03-23 14:38:04,800 - INFO basepage.py [line:106]: 获取"获取断言文本"元素文本内容为"密码设置不符合要求",元素定位:('class name', 'pwd-strength-detail')
2023-03-23 14:38:05,800 - INFO signup_page.py [line:42]: 【===结束注册操作===】
2023-03-23 14:38:05,801 - INFO test_signup.py [line:34]: function teardown content
2023-03-23 14:38:05,801 - INFO test_signup.py [line:30]: function setup content
2023-03-23 14:38:05,801 - INFO test_signup.py [line:39]: 执行测试用例:Register_abnormal006,用例说明:密码带空格
2023-03-23 14:38:05,801 - INFO signup_page.py [line:26]: 【===开始注册操作===】
2023-03-23 14:38:05,801 - INFO basepage.py [line:27]: 等待"等待用户名输入框"元素,定位方式:('id', 'TANGRAM__PSP_4__userName')
2023-03-23 14:38:05,813 - INFO basepage.py [line:32]: 等待"等待用户名输入框"时长:0:00:00.012417
2023-03-23 14:38:05,814 - INFO basepage.py [line:41]: 查找"清空用户名输入框"元素，元素定位:('id', 'TANGRAM__PSP_4__userName')
2023-03-23 14:38:05,818 - INFO basepage.py [line:89]: 清除"清空用户名输入框",元素定位:('id', 'TANGRAM__PSP_4__userName')
2023-03-23 14:38:05,843 - INFO basepage.py [line:41]: 查找"输入用户名"元素，元素定位:('id', 'TANGRAM__PSP_4__userName')
2023-03-23 14:38:05,847 - INFO basepage.py [line:76]: 在"输入用户名"输入"yogachuan",元素定位:('id', 'TANGRAM__PSP_4__userName')
2023-03-23 14:38:05,871 - INFO basepage.py [line:27]: 等待"等待手机号输入框"元素,定位方式:('id', 'TANGRAM__PSP_4__phone')
2023-03-23 14:38:05,877 - INFO basepage.py [line:32]: 等待"等待手机号输入框"时长:0:00:00.006287
2023-03-23 14:38:05,877 - INFO basepage.py [line:41]: 查找"清空手机号输入框"元素，元素定位:('id', 'TANGRAM__PSP_4__phone')
2023-03-23 14:38:05,880 - INFO basepage.py [line:89]: 清除"清空手机号输入框",元素定位:('id', 'TANGRAM__PSP_4__phone')
2023-03-23 14:38:05,894 - INFO basepage.py [line:41]: 查找"输入手机号"元素，元素定位:('id', 'TANGRAM__PSP_4__phone')
2023-03-23 14:38:05,896 - INFO basepage.py [line:76]: 在"输入手机号"输入"17810200310",元素定位:('id', 'TANGRAM__PSP_4__phone')
2023-03-23 14:38:05,925 - INFO basepage.py [line:27]: 等待"等待密码输入框"元素,定位方式:('id', 'TANGRAM__PSP_4__password')
2023-03-23 14:38:05,931 - INFO basepage.py [line:32]: 等待"等待密码输入框"时长:0:00:00.006165
2023-03-23 14:38:05,931 - INFO basepage.py [line:41]: 查找"清空密码输入框"元素，元素定位:('id', 'TANGRAM__PSP_4__password')
2023-03-23 14:38:05,934 - INFO basepage.py [line:89]: 清除"清空密码输入框",元素定位:('id', 'TANGRAM__PSP_4__password')
2023-03-23 14:38:05,953 - INFO basepage.py [line:41]: 查找"输入密码"元素，元素定位:('id', 'TANGRAM__PSP_4__password')
2023-03-23 14:38:05,956 - INFO basepage.py [line:76]: 在"输入密码"输入"y123 456789",元素定位:('id', 'TANGRAM__PSP_4__password')
2023-03-23 14:38:05,983 - INFO basepage.py [line:41]: 查找"点击注册输入框"元素，元素定位:('id', 'TANGRAM__PSP_4__verifyCode')
2023-03-23 14:38:05,986 - INFO basepage.py [line:64]: 点击"点击注册输入框",元素定位:('id', 'TANGRAM__PSP_4__verifyCode')
2023-03-23 14:38:06,006 - INFO basepage.py [line:41]: 查找"获取断言文本"元素，元素定位:('class name', 'pwd-strength-detail')
2023-03-23 14:38:06,009 - INFO basepage.py [line:103]: 获取"获取断言文本"元素文本内容，元素定位:('class name', 'pwd-strength-detail')
2023-03-23 14:38:06,013 - INFO basepage.py [line:106]: 获取"获取断言文本"元素文本内容为"密码设置不符合要求",元素定位:('class name', 'pwd-strength-detail')
2023-03-23 14:38:07,018 - INFO signup_page.py [line:42]: 【===结束注册操作===】
2023-03-23 14:38:07,019 - INFO test_signup.py [line:34]: function teardown content
2023-03-23 14:38:07,019 - INFO test_signup.py [line:30]: function setup content
2023-03-23 14:38:07,019 - INFO test_signup.py [line:39]: 执行测试用例:Register_abnormal007,用例说明:密码带中文
2023-03-23 14:38:07,019 - INFO signup_page.py [line:26]: 【===开始注册操作===】
2023-03-23 14:38:07,020 - INFO basepage.py [line:27]: 等待"等待用户名输入框"元素,定位方式:('id', 'TANGRAM__PSP_4__userName')
2023-03-23 14:38:07,038 - INFO basepage.py [line:32]: 等待"等待用户名输入框"时长:0:00:00.017952
2023-03-23 14:38:07,038 - INFO basepage.py [line:41]: 查找"清空用户名输入框"元素，元素定位:('id', 'TANGRAM__PSP_4__userName')
2023-03-23 14:38:07,044 - INFO basepage.py [line:89]: 清除"清空用户名输入框",元素定位:('id', 'TANGRAM__PSP_4__userName')
2023-03-23 14:38:07,073 - INFO basepage.py [line:41]: 查找"输入用户名"元素，元素定位:('id', 'TANGRAM__PSP_4__userName')
2023-03-23 14:38:07,077 - INFO basepage.py [line:76]: 在"输入用户名"输入"yogachuan",元素定位:('id', 'TANGRAM__PSP_4__userName')
2023-03-23 14:38:07,103 - INFO basepage.py [line:27]: 等待"等待手机号输入框"元素,定位方式:('id', 'TANGRAM__PSP_4__phone')
2023-03-23 14:38:07,109 - INFO basepage.py [line:32]: 等待"等待手机号输入框"时长:0:00:00.006315
2023-03-23 14:38:07,109 - INFO basepage.py [line:41]: 查找"清空手机号输入框"元素，元素定位:('id', 'TANGRAM__PSP_4__phone')
2023-03-23 14:38:07,112 - INFO basepage.py [line:89]: 清除"清空手机号输入框",元素定位:('id', 'TANGRAM__PSP_4__phone')
2023-03-23 14:38:07,124 - INFO basepage.py [line:41]: 查找"输入手机号"元素，元素定位:('id', 'TANGRAM__PSP_4__phone')
2023-03-23 14:38:07,127 - INFO basepage.py [line:76]: 在"输入手机号"输入"17810200310",元素定位:('id', 'TANGRAM__PSP_4__phone')
2023-03-23 14:38:07,155 - INFO basepage.py [line:27]: 等待"等待密码输入框"元素,定位方式:('id', 'TANGRAM__PSP_4__password')
2023-03-23 14:38:07,161 - INFO basepage.py [line:32]: 等待"等待密码输入框"时长:0:00:00.006003
2023-03-23 14:38:07,161 - INFO basepage.py [line:41]: 查找"清空密码输入框"元素，元素定位:('id', 'TANGRAM__PSP_4__password')
2023-03-23 14:38:07,164 - INFO basepage.py [line:89]: 清除"清空密码输入框",元素定位:('id', 'TANGRAM__PSP_4__password')
2023-03-23 14:38:07,186 - INFO basepage.py [line:41]: 查找"输入密码"元素，元素定位:('id', 'TANGRAM__PSP_4__password')
2023-03-23 14:38:07,189 - INFO basepage.py [line:76]: 在"输入密码"输入"y12345678哈",元素定位:('id', 'TANGRAM__PSP_4__password')
2023-03-23 14:38:07,212 - INFO basepage.py [line:41]: 查找"点击注册输入框"元素，元素定位:('id', 'TANGRAM__PSP_4__verifyCode')
2023-03-23 14:38:07,218 - INFO basepage.py [line:64]: 点击"点击注册输入框",元素定位:('id', 'TANGRAM__PSP_4__verifyCode')
2023-03-23 14:38:07,235 - INFO basepage.py [line:41]: 查找"获取断言文本"元素，元素定位:('class name', 'pwd-strength-detail')
2023-03-23 14:38:07,239 - INFO basepage.py [line:103]: 获取"获取断言文本"元素文本内容，元素定位:('class name', 'pwd-strength-detail')
2023-03-23 14:38:07,242 - INFO basepage.py [line:106]: 获取"获取断言文本"元素文本内容为"密码设置不符合要求",元素定位:('class name', 'pwd-strength-detail')
2023-03-23 14:38:08,248 - INFO signup_page.py [line:42]: 【===结束注册操作===】
2023-03-23 14:38:08,248 - INFO test_signup.py [line:34]: function teardown content
2023-03-23 14:38:08,248 - INFO test_signup.py [line:24]: Class teardown content
2023-03-23 14:38:08,339 - INFO run.py [line:45]: RunCase执行用例--结束
