2023-03-23 14:43:23,451 - INFO run.py [line:32]: RunCase执行用例--开始
2023-03-23 14:43:23,481 - INFO read_data.py [line:24]: 加载 /Users/yoga/学习/练手/UI自动化框架模板/framework/config/setting.json 文件......
2023-03-23 14:43:23,483 - INFO read_data.py [line:27]: 读到数据 ==>>  {'browser_type': 'chrome', 'host': 'https://passport.baidu.com/v2/?reg&tt=1668347090908&overseas=undefined&gid=5D882F4-5ABB-4058-8BD4-6E7CE0ECA9BC&tpl=mn&u=https%3A%2F%2Fwww.baidu.com%2F', 'username': 'yoga', 'pwd': 'yoga'} 
2023-03-23 14:43:23,488 - INFO test_signup.py [line:15]: signup_data is [['Register_abnormal001', '密码少于8位', 'yogachuan', '17810200310', 'y123456', '不符合要求'], ['Register_abnormal002', '密码大于14位', 'yogachuan', '17810200310', 'y123456789yyyyy', '不符合要求'], ['Register_abnormal003', '密码纯数字', 'yogachuan', '17810200310', '123456789', '不符合要求'], ['Register_abnormal004', '密码纯字母', 'yogachuan', '17810200310', 'abcdefg', '不符合要求'], ['Register_abnormal005', '密码纯符号', 'yogachuan', '17810200310', '，，，，，，，，', '不符合要求'], ['Register_abnormal005', '密码纯符号', 'yogachuan', '17810200310', '。。。。。。。。', '不符合要求'], ['Register_abnormal005', '密码纯符号', 'yogachuan', '17810200310', '、、、、、、、、', '不符合要求'], ['Register_abnormal005', '密码纯符号', 'yogachuan', '17810200310', '；；；；；；；；', '不符合要求'], ['Register_abnormal006', '密码带空格', 'yogachuan', '17810200310', 'y123 456789', '不符合要求'], ['Register_abnormal007', '密码带中文', 'yogachuan', '17810200310', 'y12345678哈', '不符合要求']]
2023-03-23 14:43:23,496 - INFO test_signup.py [line:19]: class setup content
2023-03-23 14:43:26,760 - INFO driver.py [line:49]: 打开链接: https://passport.baidu.com/v2/?reg&tt=1668347090908&overseas=undefined&gid=5D882F4-5ABB-4058-8BD4-6E7CE0ECA9BC&tpl=mn&u=https%3A%2F%2Fwww.baidu.com%2F...
2023-03-23 14:43:26,760 - INFO driver.py [line:50]: WebDriver 初始化完成！
2023-03-23 14:43:26,760 - INFO test_signup.py [line:30]: function setup content
2023-03-23 14:43:26,761 - INFO test_signup.py [line:39]: 执行测试用例:Register_abnormal001,用例说明:密码少于8位
2023-03-23 14:43:26,761 - INFO signup_page.py [line:26]: 【===开始注册操作===】
2023-03-23 14:43:26,761 - INFO basepage.py [line:27]: 等待"等待用户名输入框"元素,定位方式:('id', 'TANGRAM__PSP_4__userName')
2023-03-23 14:43:26,782 - INFO basepage.py [line:32]: 等待"等待用户名输入框"时长:0:00:00.021064
2023-03-23 14:43:26,782 - INFO basepage.py [line:41]: 查找"清空用户名输入框"元素，元素定位:('id', 'TANGRAM__PSP_4__userName')
2023-03-23 14:43:26,786 - INFO basepage.py [line:89]: 清除"清空用户名输入框",元素定位:('id', 'TANGRAM__PSP_4__userName')
2023-03-23 14:43:26,808 - INFO basepage.py [line:41]: 查找"输入用户名"元素，元素定位:('id', 'TANGRAM__PSP_4__userName')
2023-03-23 14:43:26,811 - INFO basepage.py [line:76]: 在"输入用户名"输入"yogachuan",元素定位:('id', 'TANGRAM__PSP_4__userName')
2023-03-23 14:43:26,878 - INFO basepage.py [line:27]: 等待"等待手机号输入框"元素,定位方式:('id', 'TANGRAM__PSP_4__phone')
2023-03-23 14:43:26,890 - INFO basepage.py [line:32]: 等待"等待手机号输入框"时长:0:00:00.011130
2023-03-23 14:43:26,890 - INFO basepage.py [line:41]: 查找"清空手机号输入框"元素，元素定位:('id', 'TANGRAM__PSP_4__phone')
2023-03-23 14:43:26,893 - INFO basepage.py [line:89]: 清除"清空手机号输入框",元素定位:('id', 'TANGRAM__PSP_4__phone')
2023-03-23 14:43:26,905 - INFO basepage.py [line:41]: 查找"输入手机号"元素，元素定位:('id', 'TANGRAM__PSP_4__phone')
2023-03-23 14:43:26,907 - INFO basepage.py [line:76]: 在"输入手机号"输入"17810200310",元素定位:('id', 'TANGRAM__PSP_4__phone')
2023-03-23 14:43:26,930 - INFO basepage.py [line:27]: 等待"等待密码输入框"元素,定位方式:('id', 'TANGRAM__PSP_4__password')
2023-03-23 14:43:26,938 - INFO basepage.py [line:32]: 等待"等待密码输入框"时长:0:00:00.007806
2023-03-23 14:43:26,938 - INFO basepage.py [line:41]: 查找"清空密码输入框"元素，元素定位:('id', 'TANGRAM__PSP_4__password')
2023-03-23 14:43:26,940 - INFO basepage.py [line:89]: 清除"清空密码输入框",元素定位:('id', 'TANGRAM__PSP_4__password')
2023-03-23 14:43:26,952 - INFO basepage.py [line:41]: 查找"输入密码"元素，元素定位:('id', 'TANGRAM__PSP_4__password')
2023-03-23 14:43:26,954 - INFO basepage.py [line:76]: 在"输入密码"输入"y123456",元素定位:('id', 'TANGRAM__PSP_4__password')
2023-03-23 14:43:26,986 - INFO basepage.py [line:41]: 查找"点击注册输入框"元素，元素定位:('id', 'TANGRAM__PSP_4__verifyCode')
2023-03-23 14:43:26,990 - INFO basepage.py [line:64]: 点击"点击注册输入框",元素定位:('id', 'TANGRAM__PSP_4__verifyCode')
2023-03-23 14:43:27,009 - INFO basepage.py [line:41]: 查找"获取断言文本"元素，元素定位:('class name', 'pwd-strength-detail')
2023-03-23 14:43:27,018 - INFO basepage.py [line:103]: 获取"获取断言文本"元素文本内容，元素定位:('class name', 'pwd-strength-detail')
2023-03-23 14:43:27,023 - INFO basepage.py [line:106]: 获取"获取断言文本"元素文本内容为"密码设置不符合要求",元素定位:('class name', 'pwd-strength-detail')
2023-03-23 14:43:28,028 - INFO signup_page.py [line:42]: 【===结束注册操作===】
2023-03-23 14:43:28,029 - INFO test_signup.py [line:34]: function teardown content
2023-03-23 14:43:28,030 - INFO test_signup.py [line:30]: function setup content
2023-03-23 14:43:28,030 - INFO test_signup.py [line:39]: 执行测试用例:Register_abnormal002,用例说明:密码大于14位
2023-03-23 14:43:28,030 - INFO signup_page.py [line:26]: 【===开始注册操作===】
2023-03-23 14:43:28,030 - INFO basepage.py [line:27]: 等待"等待用户名输入框"元素,定位方式:('id', 'TANGRAM__PSP_4__userName')
2023-03-23 14:43:28,049 - INFO basepage.py [line:32]: 等待"等待用户名输入框"时长:0:00:00.018697
2023-03-23 14:43:28,049 - INFO basepage.py [line:41]: 查找"清空用户名输入框"元素，元素定位:('id', 'TANGRAM__PSP_4__userName')
2023-03-23 14:43:28,054 - INFO basepage.py [line:89]: 清除"清空用户名输入框",元素定位:('id', 'TANGRAM__PSP_4__userName')
2023-03-23 14:43:28,084 - INFO basepage.py [line:41]: 查找"输入用户名"元素，元素定位:('id', 'TANGRAM__PSP_4__userName')
2023-03-23 14:43:28,088 - INFO basepage.py [line:76]: 在"输入用户名"输入"yogachuan",元素定位:('id', 'TANGRAM__PSP_4__userName')
2023-03-23 14:43:28,116 - INFO basepage.py [line:27]: 等待"等待手机号输入框"元素,定位方式:('id', 'TANGRAM__PSP_4__phone')
2023-03-23 14:43:28,122 - INFO basepage.py [line:32]: 等待"等待手机号输入框"时长:0:00:00.006746
2023-03-23 14:43:28,122 - INFO basepage.py [line:41]: 查找"清空手机号输入框"元素，元素定位:('id', 'TANGRAM__PSP_4__phone')
2023-03-23 14:43:28,125 - INFO basepage.py [line:89]: 清除"清空手机号输入框",元素定位:('id', 'TANGRAM__PSP_4__phone')
2023-03-23 14:43:28,136 - INFO basepage.py [line:41]: 查找"输入手机号"元素，元素定位:('id', 'TANGRAM__PSP_4__phone')
2023-03-23 14:43:28,138 - INFO basepage.py [line:76]: 在"输入手机号"输入"17810200310",元素定位:('id', 'TANGRAM__PSP_4__phone')
2023-03-23 14:43:28,166 - INFO basepage.py [line:27]: 等待"等待密码输入框"元素,定位方式:('id', 'TANGRAM__PSP_4__password')
2023-03-23 14:43:28,172 - INFO basepage.py [line:32]: 等待"等待密码输入框"时长:0:00:00.005821
2023-03-23 14:43:28,172 - INFO basepage.py [line:41]: 查找"清空密码输入框"元素，元素定位:('id', 'TANGRAM__PSP_4__password')
2023-03-23 14:43:28,175 - INFO basepage.py [line:89]: 清除"清空密码输入框",元素定位:('id', 'TANGRAM__PSP_4__password')
2023-03-23 14:43:28,192 - INFO basepage.py [line:41]: 查找"输入密码"元素，元素定位:('id', 'TANGRAM__PSP_4__password')
2023-03-23 14:43:28,203 - INFO basepage.py [line:76]: 在"输入密码"输入"y123456789yyyyy",元素定位:('id', 'TANGRAM__PSP_4__password')
2023-03-23 14:43:28,231 - INFO basepage.py [line:41]: 查找"点击注册输入框"元素，元素定位:('id', 'TANGRAM__PSP_4__verifyCode')
2023-03-23 14:43:28,233 - INFO basepage.py [line:64]: 点击"点击注册输入框",元素定位:('id', 'TANGRAM__PSP_4__verifyCode')
2023-03-23 14:43:28,254 - INFO basepage.py [line:41]: 查找"获取断言文本"元素，元素定位:('class name', 'pwd-strength-detail')
2023-03-23 14:43:28,257 - INFO basepage.py [line:103]: 获取"获取断言文本"元素文本内容，元素定位:('class name', 'pwd-strength-detail')
2023-03-23 14:43:28,262 - INFO basepage.py [line:106]: 获取"获取断言文本"元素文本内容为"密码设置不符合要求",元素定位:('class name', 'pwd-strength-detail')
2023-03-23 14:43:29,267 - INFO signup_page.py [line:42]: 【===结束注册操作===】
2023-03-23 14:43:29,267 - INFO test_signup.py [line:34]: function teardown content
2023-03-23 14:43:29,268 - INFO test_signup.py [line:30]: function setup content
2023-03-23 14:43:29,268 - INFO test_signup.py [line:39]: 执行测试用例:Register_abnormal003,用例说明:密码纯数字
2023-03-23 14:43:29,268 - INFO signup_page.py [line:26]: 【===开始注册操作===】
2023-03-23 14:43:29,268 - INFO basepage.py [line:27]: 等待"等待用户名输入框"元素,定位方式:('id', 'TANGRAM__PSP_4__userName')
2023-03-23 14:43:29,287 - INFO basepage.py [line:32]: 等待"等待用户名输入框"时长:0:00:00.018866
2023-03-23 14:43:29,287 - INFO basepage.py [line:41]: 查找"清空用户名输入框"元素，元素定位:('id', 'TANGRAM__PSP_4__userName')
2023-03-23 14:43:29,293 - INFO basepage.py [line:89]: 清除"清空用户名输入框",元素定位:('id', 'TANGRAM__PSP_4__userName')
2023-03-23 14:43:29,322 - INFO basepage.py [line:41]: 查找"输入用户名"元素，元素定位:('id', 'TANGRAM__PSP_4__userName')
2023-03-23 14:43:29,327 - INFO basepage.py [line:76]: 在"输入用户名"输入"yogachuan",元素定位:('id', 'TANGRAM__PSP_4__userName')
2023-03-23 14:43:29,352 - INFO basepage.py [line:27]: 等待"等待手机号输入框"元素,定位方式:('id', 'TANGRAM__PSP_4__phone')
2023-03-23 14:43:29,359 - INFO basepage.py [line:32]: 等待"等待手机号输入框"时长:0:00:00.006775
2023-03-23 14:43:29,359 - INFO basepage.py [line:41]: 查找"清空手机号输入框"元素，元素定位:('id', 'TANGRAM__PSP_4__phone')
2023-03-23 14:43:29,362 - INFO basepage.py [line:89]: 清除"清空手机号输入框",元素定位:('id', 'TANGRAM__PSP_4__phone')
2023-03-23 14:43:29,388 - INFO basepage.py [line:41]: 查找"输入手机号"元素，元素定位:('id', 'TANGRAM__PSP_4__phone')
2023-03-23 14:43:29,391 - INFO basepage.py [line:76]: 在"输入手机号"输入"17810200310",元素定位:('id', 'TANGRAM__PSP_4__phone')
2023-03-23 14:43:29,413 - INFO basepage.py [line:27]: 等待"等待密码输入框"元素,定位方式:('id', 'TANGRAM__PSP_4__password')
2023-03-23 14:43:29,419 - INFO basepage.py [line:32]: 等待"等待密码输入框"时长:0:00:00.005857
2023-03-23 14:43:29,419 - INFO basepage.py [line:41]: 查找"清空密码输入框"元素，元素定位:('id', 'TANGRAM__PSP_4__password')
2023-03-23 14:43:29,422 - INFO basepage.py [line:89]: 清除"清空密码输入框",元素定位:('id', 'TANGRAM__PSP_4__password')
2023-03-23 14:43:29,438 - INFO basepage.py [line:41]: 查找"输入密码"元素，元素定位:('id', 'TANGRAM__PSP_4__password')
2023-03-23 14:43:29,440 - INFO basepage.py [line:76]: 在"输入密码"输入"123456789",元素定位:('id', 'TANGRAM__PSP_4__password')
2023-03-23 14:43:29,468 - INFO basepage.py [line:41]: 查找"点击注册输入框"元素，元素定位:('id', 'TANGRAM__PSP_4__verifyCode')
2023-03-23 14:43:29,470 - INFO basepage.py [line:64]: 点击"点击注册输入框",元素定位:('id', 'TANGRAM__PSP_4__verifyCode')
2023-03-23 14:43:29,489 - INFO basepage.py [line:41]: 查找"获取断言文本"元素，元素定位:('class name', 'pwd-strength-detail')
2023-03-23 14:43:29,492 - INFO basepage.py [line:103]: 获取"获取断言文本"元素文本内容，元素定位:('class name', 'pwd-strength-detail')
2023-03-23 14:43:29,496 - INFO basepage.py [line:106]: 获取"获取断言文本"元素文本内容为"密码设置不符合要求",元素定位:('class name', 'pwd-strength-detail')
2023-03-23 14:43:30,501 - INFO signup_page.py [line:42]: 【===结束注册操作===】
2023-03-23 14:43:30,501 - INFO test_signup.py [line:34]: function teardown content
2023-03-23 14:43:30,502 - INFO test_signup.py [line:30]: function setup content
2023-03-23 14:43:30,502 - INFO test_signup.py [line:39]: 执行测试用例:Register_abnormal004,用例说明:密码纯字母
2023-03-23 14:43:30,502 - INFO signup_page.py [line:26]: 【===开始注册操作===】
2023-03-23 14:43:30,502 - INFO basepage.py [line:27]: 等待"等待用户名输入框"元素,定位方式:('id', 'TANGRAM__PSP_4__userName')
2023-03-23 14:43:30,520 - INFO basepage.py [line:32]: 等待"等待用户名输入框"时长:0:00:00.017393
2023-03-23 14:43:30,520 - INFO basepage.py [line:41]: 查找"清空用户名输入框"元素，元素定位:('id', 'TANGRAM__PSP_4__userName')
2023-03-23 14:43:30,525 - INFO basepage.py [line:89]: 清除"清空用户名输入框",元素定位:('id', 'TANGRAM__PSP_4__userName')
2023-03-23 14:43:30,554 - INFO basepage.py [line:41]: 查找"输入用户名"元素，元素定位:('id', 'TANGRAM__PSP_4__userName')
2023-03-23 14:43:30,558 - INFO basepage.py [line:76]: 在"输入用户名"输入"yogachuan",元素定位:('id', 'TANGRAM__PSP_4__userName')
2023-03-23 14:43:30,586 - INFO basepage.py [line:27]: 等待"等待手机号输入框"元素,定位方式:('id', 'TANGRAM__PSP_4__phone')
2023-03-23 14:43:30,593 - INFO basepage.py [line:32]: 等待"等待手机号输入框"时长:0:00:00.007457
2023-03-23 14:43:30,593 - INFO basepage.py [line:41]: 查找"清空手机号输入框"元素，元素定位:('id', 'TANGRAM__PSP_4__phone')
2023-03-23 14:43:30,596 - INFO basepage.py [line:89]: 清除"清空手机号输入框",元素定位:('id', 'TANGRAM__PSP_4__phone')
2023-03-23 14:43:30,605 - INFO basepage.py [line:41]: 查找"输入手机号"元素，元素定位:('id', 'TANGRAM__PSP_4__phone')
2023-03-23 14:43:30,608 - INFO basepage.py [line:76]: 在"输入手机号"输入"17810200310",元素定位:('id', 'TANGRAM__PSP_4__phone')
2023-03-23 14:43:30,636 - INFO basepage.py [line:27]: 等待"等待密码输入框"元素,定位方式:('id', 'TANGRAM__PSP_4__password')
2023-03-23 14:43:30,643 - INFO basepage.py [line:32]: 等待"等待密码输入框"时长:0:00:00.006137
2023-03-23 14:43:30,643 - INFO basepage.py [line:41]: 查找"清空密码输入框"元素，元素定位:('id', 'TANGRAM__PSP_4__password')
2023-03-23 14:43:30,646 - INFO basepage.py [line:89]: 清除"清空密码输入框",元素定位:('id', 'TANGRAM__PSP_4__password')
2023-03-23 14:43:30,665 - INFO basepage.py [line:41]: 查找"输入密码"元素，元素定位:('id', 'TANGRAM__PSP_4__password')
2023-03-23 14:43:30,667 - INFO basepage.py [line:76]: 在"输入密码"输入"abcdefg",元素定位:('id', 'TANGRAM__PSP_4__password')
2023-03-23 14:43:30,695 - INFO basepage.py [line:41]: 查找"点击注册输入框"元素，元素定位:('id', 'TANGRAM__PSP_4__verifyCode')
2023-03-23 14:43:30,698 - INFO basepage.py [line:64]: 点击"点击注册输入框",元素定位:('id', 'TANGRAM__PSP_4__verifyCode')
2023-03-23 14:43:30,719 - INFO basepage.py [line:41]: 查找"获取断言文本"元素，元素定位:('class name', 'pwd-strength-detail')
2023-03-23 14:43:30,722 - INFO basepage.py [line:103]: 获取"获取断言文本"元素文本内容，元素定位:('class name', 'pwd-strength-detail')
2023-03-23 14:43:30,727 - INFO basepage.py [line:106]: 获取"获取断言文本"元素文本内容为"密码设置不符合要求",元素定位:('class name', 'pwd-strength-detail')
2023-03-23 14:43:31,732 - INFO signup_page.py [line:42]: 【===结束注册操作===】
2023-03-23 14:43:31,733 - INFO test_signup.py [line:34]: function teardown content
2023-03-23 14:43:31,733 - INFO test_signup.py [line:30]: function setup content
2023-03-23 14:43:31,734 - INFO test_signup.py [line:39]: 执行测试用例:Register_abnormal005,用例说明:密码纯符号
2023-03-23 14:43:31,734 - INFO signup_page.py [line:26]: 【===开始注册操作===】
2023-03-23 14:43:31,734 - INFO basepage.py [line:27]: 等待"等待用户名输入框"元素,定位方式:('id', 'TANGRAM__PSP_4__userName')
2023-03-23 14:43:31,753 - INFO basepage.py [line:32]: 等待"等待用户名输入框"时长:0:00:00.019278
2023-03-23 14:43:31,753 - INFO basepage.py [line:41]: 查找"清空用户名输入框"元素，元素定位:('id', 'TANGRAM__PSP_4__userName')
2023-03-23 14:43:31,759 - INFO basepage.py [line:89]: 清除"清空用户名输入框",元素定位:('id', 'TANGRAM__PSP_4__userName')
2023-03-23 14:43:31,789 - INFO basepage.py [line:41]: 查找"输入用户名"元素，元素定位:('id', 'TANGRAM__PSP_4__userName')
2023-03-23 14:43:31,793 - INFO basepage.py [line:76]: 在"输入用户名"输入"yogachuan",元素定位:('id', 'TANGRAM__PSP_4__userName')
2023-03-23 14:43:31,819 - INFO basepage.py [line:27]: 等待"等待手机号输入框"元素,定位方式:('id', 'TANGRAM__PSP_4__phone')
2023-03-23 14:43:31,825 - INFO basepage.py [line:32]: 等待"等待手机号输入框"时长:0:00:00.006713
2023-03-23 14:43:31,825 - INFO basepage.py [line:41]: 查找"清空手机号输入框"元素，元素定位:('id', 'TANGRAM__PSP_4__phone')
2023-03-23 14:43:31,828 - INFO basepage.py [line:89]: 清除"清空手机号输入框",元素定位:('id', 'TANGRAM__PSP_4__phone')
2023-03-23 14:43:31,839 - INFO basepage.py [line:41]: 查找"输入手机号"元素，元素定位:('id', 'TANGRAM__PSP_4__phone')
2023-03-23 14:43:31,841 - INFO basepage.py [line:76]: 在"输入手机号"输入"17810200310",元素定位:('id', 'TANGRAM__PSP_4__phone')
2023-03-23 14:43:31,871 - INFO basepage.py [line:27]: 等待"等待密码输入框"元素,定位方式:('id', 'TANGRAM__PSP_4__password')
2023-03-23 14:43:31,879 - INFO basepage.py [line:32]: 等待"等待密码输入框"时长:0:00:00.007488
2023-03-23 14:43:31,879 - INFO basepage.py [line:41]: 查找"清空密码输入框"元素，元素定位:('id', 'TANGRAM__PSP_4__password')
2023-03-23 14:43:31,881 - INFO basepage.py [line:89]: 清除"清空密码输入框",元素定位:('id', 'TANGRAM__PSP_4__password')
2023-03-23 14:43:31,900 - INFO basepage.py [line:41]: 查找"输入密码"元素，元素定位:('id', 'TANGRAM__PSP_4__password')
2023-03-23 14:43:31,903 - INFO basepage.py [line:76]: 在"输入密码"输入"，，，，，，，，",元素定位:('id', 'TANGRAM__PSP_4__password')
2023-03-23 14:43:31,928 - INFO basepage.py [line:41]: 查找"点击注册输入框"元素，元素定位:('id', 'TANGRAM__PSP_4__verifyCode')
2023-03-23 14:43:31,930 - INFO basepage.py [line:64]: 点击"点击注册输入框",元素定位:('id', 'TANGRAM__PSP_4__verifyCode')
2023-03-23 14:43:31,949 - INFO basepage.py [line:41]: 查找"获取断言文本"元素，元素定位:('class name', 'pwd-strength-detail')
2023-03-23 14:43:31,952 - INFO basepage.py [line:103]: 获取"获取断言文本"元素文本内容，元素定位:('class name', 'pwd-strength-detail')
2023-03-23 14:43:31,956 - INFO basepage.py [line:106]: 获取"获取断言文本"元素文本内容为"密码设置不符合要求",元素定位:('class name', 'pwd-strength-detail')
2023-03-23 14:43:32,962 - INFO signup_page.py [line:42]: 【===结束注册操作===】
2023-03-23 14:43:32,962 - INFO test_signup.py [line:34]: function teardown content
2023-03-23 14:43:32,962 - INFO test_signup.py [line:30]: function setup content
2023-03-23 14:43:32,963 - INFO test_signup.py [line:39]: 执行测试用例:Register_abnormal005,用例说明:密码纯符号
2023-03-23 14:43:32,963 - INFO signup_page.py [line:26]: 【===开始注册操作===】
2023-03-23 14:43:32,963 - INFO basepage.py [line:27]: 等待"等待用户名输入框"元素,定位方式:('id', 'TANGRAM__PSP_4__userName')
2023-03-23 14:43:32,981 - INFO basepage.py [line:32]: 等待"等待用户名输入框"时长:0:00:00.018203
2023-03-23 14:43:32,981 - INFO basepage.py [line:41]: 查找"清空用户名输入框"元素，元素定位:('id', 'TANGRAM__PSP_4__userName')
2023-03-23 14:43:32,987 - INFO basepage.py [line:89]: 清除"清空用户名输入框",元素定位:('id', 'TANGRAM__PSP_4__userName')
2023-03-23 14:43:33,015 - INFO basepage.py [line:41]: 查找"输入用户名"元素，元素定位:('id', 'TANGRAM__PSP_4__userName')
2023-03-23 14:43:33,020 - INFO basepage.py [line:76]: 在"输入用户名"输入"yogachuan",元素定位:('id', 'TANGRAM__PSP_4__userName')
2023-03-23 14:43:33,046 - INFO basepage.py [line:27]: 等待"等待手机号输入框"元素,定位方式:('id', 'TANGRAM__PSP_4__phone')
2023-03-23 14:43:33,053 - INFO basepage.py [line:32]: 等待"等待手机号输入框"时长:0:00:00.006767
2023-03-23 14:43:33,053 - INFO basepage.py [line:41]: 查找"清空手机号输入框"元素，元素定位:('id', 'TANGRAM__PSP_4__phone')
2023-03-23 14:43:33,056 - INFO basepage.py [line:89]: 清除"清空手机号输入框",元素定位:('id', 'TANGRAM__PSP_4__phone')
2023-03-23 14:43:33,066 - INFO basepage.py [line:41]: 查找"输入手机号"元素，元素定位:('id', 'TANGRAM__PSP_4__phone')
2023-03-23 14:43:33,069 - INFO basepage.py [line:76]: 在"输入手机号"输入"17810200310",元素定位:('id', 'TANGRAM__PSP_4__phone')
2023-03-23 14:43:33,091 - INFO basepage.py [line:27]: 等待"等待密码输入框"元素,定位方式:('id', 'TANGRAM__PSP_4__password')
2023-03-23 14:43:33,103 - INFO basepage.py [line:32]: 等待"等待密码输入框"时长:0:00:00.012072
2023-03-23 14:43:33,103 - INFO basepage.py [line:41]: 查找"清空密码输入框"元素，元素定位:('id', 'TANGRAM__PSP_4__password')
2023-03-23 14:43:33,105 - INFO basepage.py [line:89]: 清除"清空密码输入框",元素定位:('id', 'TANGRAM__PSP_4__password')
2023-03-23 14:43:33,121 - INFO basepage.py [line:41]: 查找"输入密码"元素，元素定位:('id', 'TANGRAM__PSP_4__password')
2023-03-23 14:43:33,124 - INFO basepage.py [line:76]: 在"输入密码"输入"。。。。。。。。",元素定位:('id', 'TANGRAM__PSP_4__password')
2023-03-23 14:43:33,155 - INFO basepage.py [line:41]: 查找"点击注册输入框"元素，元素定位:('id', 'TANGRAM__PSP_4__verifyCode')
2023-03-23 14:43:33,159 - INFO basepage.py [line:64]: 点击"点击注册输入框",元素定位:('id', 'TANGRAM__PSP_4__verifyCode')
2023-03-23 14:43:33,171 - INFO basepage.py [line:41]: 查找"获取断言文本"元素，元素定位:('class name', 'pwd-strength-detail')
2023-03-23 14:43:33,174 - INFO basepage.py [line:103]: 获取"获取断言文本"元素文本内容，元素定位:('class name', 'pwd-strength-detail')
2023-03-23 14:43:33,184 - INFO basepage.py [line:106]: 获取"获取断言文本"元素文本内容为"密码设置不符合要求",元素定位:('class name', 'pwd-strength-detail')
2023-03-23 14:43:34,189 - INFO signup_page.py [line:42]: 【===结束注册操作===】
2023-03-23 14:43:34,189 - INFO test_signup.py [line:34]: function teardown content
2023-03-23 14:43:34,190 - INFO test_signup.py [line:30]: function setup content
2023-03-23 14:43:34,190 - INFO test_signup.py [line:39]: 执行测试用例:Register_abnormal005,用例说明:密码纯符号
2023-03-23 14:43:34,190 - INFO signup_page.py [line:26]: 【===开始注册操作===】
2023-03-23 14:43:34,191 - INFO basepage.py [line:27]: 等待"等待用户名输入框"元素,定位方式:('id', 'TANGRAM__PSP_4__userName')
2023-03-23 14:43:34,209 - INFO basepage.py [line:32]: 等待"等待用户名输入框"时长:0:00:00.017969
2023-03-23 14:43:34,209 - INFO basepage.py [line:41]: 查找"清空用户名输入框"元素，元素定位:('id', 'TANGRAM__PSP_4__userName')
2023-03-23 14:43:34,214 - INFO basepage.py [line:89]: 清除"清空用户名输入框",元素定位:('id', 'TANGRAM__PSP_4__userName')
2023-03-23 14:43:34,243 - INFO basepage.py [line:41]: 查找"输入用户名"元素，元素定位:('id', 'TANGRAM__PSP_4__userName')
2023-03-23 14:43:34,248 - INFO basepage.py [line:76]: 在"输入用户名"输入"yogachuan",元素定位:('id', 'TANGRAM__PSP_4__userName')
2023-03-23 14:43:34,273 - INFO basepage.py [line:27]: 等待"等待手机号输入框"元素,定位方式:('id', 'TANGRAM__PSP_4__phone')
2023-03-23 14:43:34,280 - INFO basepage.py [line:32]: 等待"等待手机号输入框"时长:0:00:00.006822
2023-03-23 14:43:34,280 - INFO basepage.py [line:41]: 查找"清空手机号输入框"元素，元素定位:('id', 'TANGRAM__PSP_4__phone')
2023-03-23 14:43:34,283 - INFO basepage.py [line:89]: 清除"清空手机号输入框",元素定位:('id', 'TANGRAM__PSP_4__phone')
2023-03-23 14:43:34,301 - INFO basepage.py [line:41]: 查找"输入手机号"元素，元素定位:('id', 'TANGRAM__PSP_4__phone')
2023-03-23 14:43:34,304 - INFO basepage.py [line:76]: 在"输入手机号"输入"17810200310",元素定位:('id', 'TANGRAM__PSP_4__phone')
2023-03-23 14:43:34,325 - INFO basepage.py [line:27]: 等待"等待密码输入框"元素,定位方式:('id', 'TANGRAM__PSP_4__password')
2023-03-23 14:43:34,331 - INFO basepage.py [line:32]: 等待"等待密码输入框"时长:0:00:00.006032
2023-03-23 14:43:34,331 - INFO basepage.py [line:41]: 查找"清空密码输入框"元素，元素定位:('id', 'TANGRAM__PSP_4__password')
2023-03-23 14:43:34,333 - INFO basepage.py [line:89]: 清除"清空密码输入框",元素定位:('id', 'TANGRAM__PSP_4__password')
2023-03-23 14:43:34,352 - INFO basepage.py [line:41]: 查找"输入密码"元素，元素定位:('id', 'TANGRAM__PSP_4__password')
2023-03-23 14:43:34,354 - INFO basepage.py [line:76]: 在"输入密码"输入"、、、、、、、、",元素定位:('id', 'TANGRAM__PSP_4__password')
2023-03-23 14:43:34,381 - INFO basepage.py [line:41]: 查找"点击注册输入框"元素，元素定位:('id', 'TANGRAM__PSP_4__verifyCode')
2023-03-23 14:43:34,383 - INFO basepage.py [line:64]: 点击"点击注册输入框",元素定位:('id', 'TANGRAM__PSP_4__verifyCode')
2023-03-23 14:43:34,403 - INFO basepage.py [line:41]: 查找"获取断言文本"元素，元素定位:('class name', 'pwd-strength-detail')
2023-03-23 14:43:34,406 - INFO basepage.py [line:103]: 获取"获取断言文本"元素文本内容，元素定位:('class name', 'pwd-strength-detail')
2023-03-23 14:43:34,410 - INFO basepage.py [line:106]: 获取"获取断言文本"元素文本内容为"密码设置不符合要求",元素定位:('class name', 'pwd-strength-detail')
2023-03-23 14:43:35,415 - INFO signup_page.py [line:42]: 【===结束注册操作===】
2023-03-23 14:43:35,416 - INFO test_signup.py [line:34]: function teardown content
2023-03-23 14:43:35,416 - INFO test_signup.py [line:30]: function setup content
2023-03-23 14:43:35,417 - INFO test_signup.py [line:39]: 执行测试用例:Register_abnormal005,用例说明:密码纯符号
2023-03-23 14:43:35,417 - INFO signup_page.py [line:26]: 【===开始注册操作===】
2023-03-23 14:43:35,417 - INFO basepage.py [line:27]: 等待"等待用户名输入框"元素,定位方式:('id', 'TANGRAM__PSP_4__userName')
2023-03-23 14:43:35,437 - INFO basepage.py [line:32]: 等待"等待用户名输入框"时长:0:00:00.019443
2023-03-23 14:43:35,437 - INFO basepage.py [line:41]: 查找"清空用户名输入框"元素，元素定位:('id', 'TANGRAM__PSP_4__userName')
2023-03-23 14:43:35,442 - INFO basepage.py [line:89]: 清除"清空用户名输入框",元素定位:('id', 'TANGRAM__PSP_4__userName')
2023-03-23 14:43:35,472 - INFO basepage.py [line:41]: 查找"输入用户名"元素，元素定位:('id', 'TANGRAM__PSP_4__userName')
2023-03-23 14:43:35,476 - INFO basepage.py [line:76]: 在"输入用户名"输入"yogachuan",元素定位:('id', 'TANGRAM__PSP_4__userName')
2023-03-23 14:43:35,504 - INFO basepage.py [line:27]: 等待"等待手机号输入框"元素,定位方式:('id', 'TANGRAM__PSP_4__phone')
2023-03-23 14:43:35,511 - INFO basepage.py [line:32]: 等待"等待手机号输入框"时长:0:00:00.006679
2023-03-23 14:43:35,511 - INFO basepage.py [line:41]: 查找"清空手机号输入框"元素，元素定位:('id', 'TANGRAM__PSP_4__phone')
2023-03-23 14:43:35,514 - INFO basepage.py [line:89]: 清除"清空手机号输入框",元素定位:('id', 'TANGRAM__PSP_4__phone')
2023-03-23 14:43:35,541 - INFO basepage.py [line:41]: 查找"输入手机号"元素，元素定位:('id', 'TANGRAM__PSP_4__phone')
2023-03-23 14:43:35,544 - INFO basepage.py [line:76]: 在"输入手机号"输入"17810200310",元素定位:('id', 'TANGRAM__PSP_4__phone')
2023-03-23 14:43:35,565 - INFO basepage.py [line:27]: 等待"等待密码输入框"元素,定位方式:('id', 'TANGRAM__PSP_4__password')
2023-03-23 14:43:35,572 - INFO basepage.py [line:32]: 等待"等待密码输入框"时长:0:00:00.006830
2023-03-23 14:43:35,572 - INFO basepage.py [line:41]: 查找"清空密码输入框"元素，元素定位:('id', 'TANGRAM__PSP_4__password')
2023-03-23 14:43:35,574 - INFO basepage.py [line:89]: 清除"清空密码输入框",元素定位:('id', 'TANGRAM__PSP_4__password')
2023-03-23 14:43:35,589 - INFO basepage.py [line:41]: 查找"输入密码"元素，元素定位:('id', 'TANGRAM__PSP_4__password')
2023-03-23 14:43:35,591 - INFO basepage.py [line:76]: 在"输入密码"输入"；；；；；；；；",元素定位:('id', 'TANGRAM__PSP_4__password')
2023-03-23 14:43:35,619 - INFO basepage.py [line:41]: 查找"点击注册输入框"元素，元素定位:('id', 'TANGRAM__PSP_4__verifyCode')
2023-03-23 14:43:35,622 - INFO basepage.py [line:64]: 点击"点击注册输入框",元素定位:('id', 'TANGRAM__PSP_4__verifyCode')
2023-03-23 14:43:35,641 - INFO basepage.py [line:41]: 查找"获取断言文本"元素，元素定位:('class name', 'pwd-strength-detail')
2023-03-23 14:43:35,645 - INFO basepage.py [line:103]: 获取"获取断言文本"元素文本内容，元素定位:('class name', 'pwd-strength-detail')
2023-03-23 14:43:35,648 - INFO basepage.py [line:106]: 获取"获取断言文本"元素文本内容为"密码设置不符合要求",元素定位:('class name', 'pwd-strength-detail')
2023-03-23 14:43:36,653 - INFO signup_page.py [line:42]: 【===结束注册操作===】
2023-03-23 14:43:36,654 - INFO test_signup.py [line:34]: function teardown content
2023-03-23 14:43:36,654 - INFO test_signup.py [line:30]: function setup content
2023-03-23 14:43:36,654 - INFO test_signup.py [line:39]: 执行测试用例:Register_abnormal006,用例说明:密码带空格
2023-03-23 14:43:36,654 - INFO signup_page.py [line:26]: 【===开始注册操作===】
2023-03-23 14:43:36,655 - INFO basepage.py [line:27]: 等待"等待用户名输入框"元素,定位方式:('id', 'TANGRAM__PSP_4__userName')
2023-03-23 14:43:36,674 - INFO basepage.py [line:32]: 等待"等待用户名输入框"时长:0:00:00.019079
2023-03-23 14:43:36,674 - INFO basepage.py [line:41]: 查找"清空用户名输入框"元素，元素定位:('id', 'TANGRAM__PSP_4__userName')
2023-03-23 14:43:36,679 - INFO basepage.py [line:89]: 清除"清空用户名输入框",元素定位:('id', 'TANGRAM__PSP_4__userName')
2023-03-23 14:43:36,709 - INFO basepage.py [line:41]: 查找"输入用户名"元素，元素定位:('id', 'TANGRAM__PSP_4__userName')
2023-03-23 14:43:36,713 - INFO basepage.py [line:76]: 在"输入用户名"输入"yogachuan",元素定位:('id', 'TANGRAM__PSP_4__userName')
2023-03-23 14:43:36,739 - INFO basepage.py [line:27]: 等待"等待手机号输入框"元素,定位方式:('id', 'TANGRAM__PSP_4__phone')
2023-03-23 14:43:36,747 - INFO basepage.py [line:32]: 等待"等待手机号输入框"时长:0:00:00.007358
2023-03-23 14:43:36,747 - INFO basepage.py [line:41]: 查找"清空手机号输入框"元素，元素定位:('id', 'TANGRAM__PSP_4__phone')
2023-03-23 14:43:36,749 - INFO basepage.py [line:89]: 清除"清空手机号输入框",元素定位:('id', 'TANGRAM__PSP_4__phone')
2023-03-23 14:43:36,759 - INFO basepage.py [line:41]: 查找"输入手机号"元素，元素定位:('id', 'TANGRAM__PSP_4__phone')
2023-03-23 14:43:36,769 - INFO basepage.py [line:76]: 在"输入手机号"输入"17810200310",元素定位:('id', 'TANGRAM__PSP_4__phone')
2023-03-23 14:43:36,790 - INFO basepage.py [line:27]: 等待"等待密码输入框"元素,定位方式:('id', 'TANGRAM__PSP_4__password')
2023-03-23 14:43:36,796 - INFO basepage.py [line:32]: 等待"等待密码输入框"时长:0:00:00.006079
2023-03-23 14:43:36,796 - INFO basepage.py [line:41]: 查找"清空密码输入框"元素，元素定位:('id', 'TANGRAM__PSP_4__password')
2023-03-23 14:43:36,798 - INFO basepage.py [line:89]: 清除"清空密码输入框",元素定位:('id', 'TANGRAM__PSP_4__password')
2023-03-23 14:43:36,815 - INFO basepage.py [line:41]: 查找"输入密码"元素，元素定位:('id', 'TANGRAM__PSP_4__password')
2023-03-23 14:43:36,818 - INFO basepage.py [line:76]: 在"输入密码"输入"y123 456789",元素定位:('id', 'TANGRAM__PSP_4__password')
2023-03-23 14:43:36,846 - INFO basepage.py [line:41]: 查找"点击注册输入框"元素，元素定位:('id', 'TANGRAM__PSP_4__verifyCode')
2023-03-23 14:43:36,849 - INFO basepage.py [line:64]: 点击"点击注册输入框",元素定位:('id', 'TANGRAM__PSP_4__verifyCode')
2023-03-23 14:43:36,868 - INFO basepage.py [line:41]: 查找"获取断言文本"元素，元素定位:('class name', 'pwd-strength-detail')
2023-03-23 14:43:36,871 - INFO basepage.py [line:103]: 获取"获取断言文本"元素文本内容，元素定位:('class name', 'pwd-strength-detail')
2023-03-23 14:43:36,874 - INFO basepage.py [line:106]: 获取"获取断言文本"元素文本内容为"密码设置不符合要求",元素定位:('class name', 'pwd-strength-detail')
2023-03-23 14:43:37,879 - INFO signup_page.py [line:42]: 【===结束注册操作===】
2023-03-23 14:43:37,880 - INFO test_signup.py [line:34]: function teardown content
2023-03-23 14:43:37,880 - INFO test_signup.py [line:30]: function setup content
2023-03-23 14:43:37,881 - INFO test_signup.py [line:39]: 执行测试用例:Register_abnormal007,用例说明:密码带中文
2023-03-23 14:43:37,881 - INFO signup_page.py [line:26]: 【===开始注册操作===】
2023-03-23 14:43:37,881 - INFO basepage.py [line:27]: 等待"等待用户名输入框"元素,定位方式:('id', 'TANGRAM__PSP_4__userName')
2023-03-23 14:43:37,899 - INFO basepage.py [line:32]: 等待"等待用户名输入框"时长:0:00:00.018072
2023-03-23 14:43:37,899 - INFO basepage.py [line:41]: 查找"清空用户名输入框"元素，元素定位:('id', 'TANGRAM__PSP_4__userName')
2023-03-23 14:43:37,905 - INFO basepage.py [line:89]: 清除"清空用户名输入框",元素定位:('id', 'TANGRAM__PSP_4__userName')
2023-03-23 14:43:37,934 - INFO basepage.py [line:41]: 查找"输入用户名"元素，元素定位:('id', 'TANGRAM__PSP_4__userName')
2023-03-23 14:43:37,938 - INFO basepage.py [line:76]: 在"输入用户名"输入"yogachuan",元素定位:('id', 'TANGRAM__PSP_4__userName')
2023-03-23 14:43:37,965 - INFO basepage.py [line:27]: 等待"等待手机号输入框"元素,定位方式:('id', 'TANGRAM__PSP_4__phone')
2023-03-23 14:43:37,971 - INFO basepage.py [line:32]: 等待"等待手机号输入框"时长:0:00:00.006365
2023-03-23 14:43:37,972 - INFO basepage.py [line:41]: 查找"清空手机号输入框"元素，元素定位:('id', 'TANGRAM__PSP_4__phone')
2023-03-23 14:43:37,974 - INFO basepage.py [line:89]: 清除"清空手机号输入框",元素定位:('id', 'TANGRAM__PSP_4__phone')
2023-03-23 14:43:37,984 - INFO basepage.py [line:41]: 查找"输入手机号"元素，元素定位:('id', 'TANGRAM__PSP_4__phone')
2023-03-23 14:43:37,987 - INFO basepage.py [line:76]: 在"输入手机号"输入"17810200310",元素定位:('id', 'TANGRAM__PSP_4__phone')
2023-03-23 14:43:38,015 - INFO basepage.py [line:27]: 等待"等待密码输入框"元素,定位方式:('id', 'TANGRAM__PSP_4__password')
2023-03-23 14:43:38,021 - INFO basepage.py [line:32]: 等待"等待密码输入框"时长:0:00:00.005931
2023-03-23 14:43:38,021 - INFO basepage.py [line:41]: 查找"清空密码输入框"元素，元素定位:('id', 'TANGRAM__PSP_4__password')
2023-03-23 14:43:38,024 - INFO basepage.py [line:89]: 清除"清空密码输入框",元素定位:('id', 'TANGRAM__PSP_4__password')
2023-03-23 14:43:38,041 - INFO basepage.py [line:41]: 查找"输入密码"元素，元素定位:('id', 'TANGRAM__PSP_4__password')
2023-03-23 14:43:38,053 - INFO basepage.py [line:76]: 在"输入密码"输入"y12345678哈",元素定位:('id', 'TANGRAM__PSP_4__password')
2023-03-23 14:43:38,073 - INFO basepage.py [line:41]: 查找"点击注册输入框"元素，元素定位:('id', 'TANGRAM__PSP_4__verifyCode')
2023-03-23 14:43:38,076 - INFO basepage.py [line:64]: 点击"点击注册输入框",元素定位:('id', 'TANGRAM__PSP_4__verifyCode')
2023-03-23 14:43:38,093 - INFO basepage.py [line:41]: 查找"获取断言文本"元素，元素定位:('class name', 'pwd-strength-detail')
2023-03-23 14:43:38,097 - INFO basepage.py [line:103]: 获取"获取断言文本"元素文本内容，元素定位:('class name', 'pwd-strength-detail')
2023-03-23 14:43:38,100 - INFO basepage.py [line:106]: 获取"获取断言文本"元素文本内容为"密码设置不符合要求",元素定位:('class name', 'pwd-strength-detail')
2023-03-23 14:43:39,105 - INFO signup_page.py [line:42]: 【===结束注册操作===】
2023-03-23 14:43:39,105 - INFO test_signup.py [line:34]: function teardown content
2023-03-23 14:43:39,105 - INFO test_signup.py [line:24]: Class teardown content
2023-03-23 14:43:39,186 - INFO run.py [line:45]: RunCase执行用例--结束
