2022-11-14 14:38:33,752 - INFO read_data.py [line:24]: 加载 /Users/yoga/Desktop/练手/框架模板/framework/config/setting.json 文件......
2022-11-14 14:38:33,755 - INFO read_data.py [line:27]: 读到数据 ==>>  {'browser_type': 'chrome', 'host': 'https://passport.baidu.com/v2/?reg&tt=1668347090908&overseas=undefined&gid=5D882F4-5ABB-4058-8BD4-6E7CE0ECA9BC&tpl=mn&u=https%3A%2F%2Fwww.baidu.com%2F', 'username': 'yoga', 'pwd': 'yoga'} 
2022-11-14 14:38:33,761 - INFO test_signup.py [line:17]: add_user_data is [['yoga', '13292679672', 'y1234567', '手机已注册'], ['yoga2', '13292679672', 'y1234568', '手机已注册']]
2022-11-14 14:38:33,762 - INFO test_signup.py [line:21]: class setup content
2022-11-14 14:38:33,762 - INFO test_signup.py [line:28]: function setup content
2022-11-14 14:38:36,941 - INFO driver.py [line:45]: 打开链接: https://passport.baidu.com/v2/?reg&tt=1668347090908&overseas=undefined&gid=5D882F4-5ABB-4058-8BD4-6E7CE0ECA9BC&tpl=mn&u=https%3A%2F%2Fwww.baidu.com%2F...
2022-11-14 14:38:36,941 - INFO driver.py [line:46]: WebDriver 初始化完成！
2022-11-14 14:38:36,941 - INFO signup_page.py [line:17]: 【===开始注册操作===】
2022-11-14 14:38:36,941 - INFO basepage.py [line:27]: 等待"等待用户名输入框"元素,定位方式:('id', 'TANGRAM__PSP_4__userName')
2022-11-14 14:38:36,953 - INFO basepage.py [line:32]: 等待"等待用户名输入框"时长:0:00:00.011773
2022-11-14 14:38:36,953 - INFO basepage.py [line:41]: 查找"清空用户名输入框"元素，元素定位:('id', 'TANGRAM__PSP_4__userName')
2022-11-14 14:38:36,956 - INFO basepage.py [line:89]: 清除"清空用户名输入框",元素定位:('id', 'TANGRAM__PSP_4__userName')
2022-11-14 14:38:36,969 - INFO basepage.py [line:41]: 查找"输入用户名"元素，元素定位:('id', 'TANGRAM__PSP_4__userName')
2022-11-14 14:38:36,971 - INFO basepage.py [line:76]: 在"输入用户名"输入"yoga",元素定位:('id', 'TANGRAM__PSP_4__userName')
2022-11-14 14:38:37,036 - INFO basepage.py [line:27]: 等待"等待手机号输入框"元素,定位方式:('id', 'TANGRAM__PSP_4__phone')
2022-11-14 14:38:37,050 - INFO basepage.py [line:32]: 等待"等待手机号输入框"时长:0:00:00.014348
2022-11-14 14:38:37,050 - INFO basepage.py [line:41]: 查找"清空手机号输入框"元素，元素定位:('id', 'TANGRAM__PSP_4__phone')
2022-11-14 14:38:37,053 - INFO basepage.py [line:89]: 清除"清空手机号输入框",元素定位:('id', 'TANGRAM__PSP_4__phone')
2022-11-14 14:38:37,067 - INFO basepage.py [line:41]: 查找"输入手机号"元素，元素定位:('id', 'TANGRAM__PSP_4__phone')
2022-11-14 14:38:37,069 - INFO basepage.py [line:76]: 在"输入手机号"输入"13292679672",元素定位:('id', 'TANGRAM__PSP_4__phone')
2022-11-14 14:38:37,094 - INFO basepage.py [line:27]: 等待"等待密码输入框"元素,定位方式:('id', 'TANGRAM__PSP_4__password')
2022-11-14 14:38:37,102 - INFO basepage.py [line:32]: 等待"等待密码输入框"时长:0:00:00.008075
2022-11-14 14:38:37,102 - INFO basepage.py [line:41]: 查找"清空密码输入框"元素，元素定位:('id', 'TANGRAM__PSP_4__password')
2022-11-14 14:38:37,105 - INFO basepage.py [line:89]: 清除"清空密码输入框",元素定位:('id', 'TANGRAM__PSP_4__password')
2022-11-14 14:38:37,117 - INFO basepage.py [line:41]: 查找"输入密码"元素，元素定位:('id', 'TANGRAM__PSP_4__password')
2022-11-14 14:38:37,119 - INFO basepage.py [line:76]: 在"输入密码"输入"y1234567",元素定位:('id', 'TANGRAM__PSP_4__password')
2022-11-14 14:38:37,153 - INFO basepage.py [line:41]: 查找"注册按钮"元素，元素定位:('id', 'TANGRAM__PSP_4__submit')
2022-11-14 14:38:37,158 - INFO basepage.py [line:64]: 点击"注册按钮",元素定位:('id', 'TANGRAM__PSP_4__submit')
2022-11-14 14:38:39,180 - INFO basepage.py [line:41]: 查找"提示框文本"元素，元素定位:('class name', 'pass-confirmContent-msg')
2022-11-14 14:38:39,195 - INFO basepage.py [line:103]: 获取"提示框文本"元素文本内容，元素定位:('class name', 'pass-confirmContent-msg')
2022-11-14 14:38:39,209 - INFO basepage.py [line:106]: 获取"提示框文本"元素文本内容为"该手机已注册，可以通过密码或扫码方式登录。",元素定位:('class name', 'pass-confirmContent-msg')
2022-11-14 14:38:39,209 - INFO signup_page.py [line:33]: 获取到结果文本该手机已注册，可以通过密码或扫码方式登录。
2022-11-14 14:38:39,209 - INFO basepage.py [line:41]: 查找"取消按钮"元素，元素定位:('id', 'TANGRAM__PSP_30__confirm_cancel')
2022-11-14 14:38:39,218 - INFO basepage.py [line:64]: 点击"取消按钮",元素定位:('id', 'TANGRAM__PSP_30__confirm_cancel')
2022-11-14 14:38:41,269 - INFO signup_page.py [line:36]: 【===结束注册操作===】
2022-11-14 14:38:41,270 - INFO test_signup.py [line:33]: function teardown content
2022-11-14 14:38:41,347 - INFO test_signup.py [line:28]: function setup content
2022-11-14 14:38:41,347 - INFO signup_page.py [line:17]: 【===开始注册操作===】
2022-11-14 14:38:41,347 - INFO basepage.py [line:27]: 等待"等待用户名输入框"元素,定位方式:('id', 'TANGRAM__PSP_4__userName')
2022-11-14 14:38:41,349 - WARNING connectionpool.py [line:812]: Retrying (Retry(total=2, connect=None, read=None, redirect=None, status=None)) after connection broken by 'NewConnectionError('<urllib3.connection.HTTPConnection object at 0x1022083d0>: Failed to establish a new connection: [Errno 61] Connection refused')': /session/0182039adaf85dafb015d37973081992/element
2022-11-14 14:38:41,351 - WARNING connectionpool.py [line:812]: Retrying (Retry(total=1, connect=None, read=None, redirect=None, status=None)) after connection broken by 'NewConnectionError('<urllib3.connection.HTTPConnection object at 0x102208580>: Failed to establish a new connection: [Errno 61] Connection refused')': /session/0182039adaf85dafb015d37973081992/element
2022-11-14 14:38:41,352 - WARNING connectionpool.py [line:812]: Retrying (Retry(total=0, connect=None, read=None, redirect=None, status=None)) after connection broken by 'NewConnectionError('<urllib3.connection.HTTPConnection object at 0x1022087f0>: Failed to establish a new connection: [Errno 61] Connection refused')': /session/0182039adaf85dafb015d37973081992/element
2022-11-14 14:38:41,355 - INFO test_signup.py [line:33]: function teardown content
2022-11-14 14:38:41,356 - WARNING connectionpool.py [line:812]: Retrying (Retry(total=2, connect=None, read=None, redirect=None, status=None)) after connection broken by 'NewConnectionError('<urllib3.connection.HTTPConnection object at 0x102208b20>: Failed to establish a new connection: [Errno 61] Connection refused')': /session/0182039adaf85dafb015d37973081992
2022-11-14 14:38:41,357 - WARNING connectionpool.py [line:812]: Retrying (Retry(total=1, connect=None, read=None, redirect=None, status=None)) after connection broken by 'NewConnectionError('<urllib3.connection.HTTPConnection object at 0x102208d30>: Failed to establish a new connection: [Errno 61] Connection refused')': /session/0182039adaf85dafb015d37973081992
2022-11-14 14:38:41,357 - WARNING connectionpool.py [line:812]: Retrying (Retry(total=0, connect=None, read=None, redirect=None, status=None)) after connection broken by 'NewConnectionError('<urllib3.connection.HTTPConnection object at 0x102208e50>: Failed to establish a new connection: [Errno 61] Connection refused')': /session/0182039adaf85dafb015d37973081992
2022-11-14 14:38:41,364 - INFO test_signup.py [line:25]: Class teardown content
