2022-11-14 11:02:27,954 - INFO run.py [line:32]: RunCase执行用例--开始
2022-11-14 11:02:27,991 - INFO read_data.py [line:23]: 加载 /Users/yoga/Desktop/练手/框架模板/framework/config/setting.json 文件......
2022-11-14 11:02:27,994 - INFO read_data.py [line:26]: 读到数据 ==>>  {'browser_type': 'chrome', 'host': 'https://passport.baidu.com/v2/?reg&tt=1668347090908&overseas=undefined&gid=5D882F4-5ABB-4058-8BD4-6E7CE0ECA9BC&tpl=mn&u=https%3A%2F%2Fwww.baidu.com%2F', 'username': 'yoga', 'pwd': 'yoga'} 
2022-11-14 11:02:28,012 - INFO test_signup.py [line:14]: class setup content
2022-11-14 11:02:28,012 - INFO test_signup.py [line:21]: function setup content
2022-11-14 11:02:31,657 - INFO driver.py [line:45]: 打开链接: https://passport.baidu.com/v2/?reg&tt=1668347090908&overseas=undefined&gid=5D882F4-5ABB-4058-8BD4-6E7CE0ECA9BC&tpl=mn&u=https%3A%2F%2Fwww.baidu.com%2F...
2022-11-14 11:02:31,658 - INFO driver.py [line:46]: WebDriver 初始化完成！
2022-11-14 11:02:31,658 - INFO signup_page.py [line:15]: 【===开始注册操作===】
2022-11-14 11:02:31,658 - INFO basepage.py [line:27]: 等待"等待用户名输入框"元素,定位方式:('id', 'TANGRAM__PSP_4__userName')
2022-11-14 11:02:31,679 - INFO basepage.py [line:32]: 等待"等待用户名输入框"时长:0:00:00.020806
2022-11-14 11:02:31,679 - INFO basepage.py [line:41]: 查找"清空用户名输入框"元素，元素定位:('id', 'TANGRAM__PSP_4__userName')
2022-11-14 11:02:31,683 - INFO basepage.py [line:89]: 清除"清空用户名输入框",元素定位:('id', 'TANGRAM__PSP_4__userName')
2022-11-14 11:02:31,701 - INFO basepage.py [line:41]: 查找"输入用户名"元素，元素定位:('id', 'TANGRAM__PSP_4__userName')
2022-11-14 11:02:31,704 - INFO basepage.py [line:76]: 在"输入用户名"输入"yoga",元素定位:('id', 'TANGRAM__PSP_4__userName')
2022-11-14 11:02:31,774 - INFO basepage.py [line:27]: 等待"等待手机号输入框"元素,定位方式:('id', 'TANGRAM__PSP_4__phone')
2022-11-14 11:02:31,785 - INFO basepage.py [line:32]: 等待"等待手机号输入框"时长:0:00:00.011328
2022-11-14 11:02:31,785 - INFO basepage.py [line:41]: 查找"清空手机号输入框"元素，元素定位:('id', 'TANGRAM__PSP_4__phone')
2022-11-14 11:02:31,788 - INFO basepage.py [line:89]: 清除"清空手机号输入框",元素定位:('id', 'TANGRAM__PSP_4__phone')
2022-11-14 11:02:31,800 - INFO basepage.py [line:41]: 查找"输入手机号"元素，元素定位:('id', 'TANGRAM__PSP_4__phone')
2022-11-14 11:02:31,802 - INFO basepage.py [line:76]: 在"输入手机号"输入"13292679672",元素定位:('id', 'TANGRAM__PSP_4__phone')
2022-11-14 11:02:31,829 - INFO basepage.py [line:27]: 等待"等待密码输入框"元素,定位方式:('id', 'TANGRAM__PSP_4__password')
2022-11-14 11:02:31,838 - INFO basepage.py [line:32]: 等待"等待密码输入框"时长:0:00:00.008828
2022-11-14 11:02:31,838 - INFO basepage.py [line:41]: 查找"清空密码输入框"元素，元素定位:('id', 'TANGRAM__PSP_4__password')
2022-11-14 11:02:31,840 - INFO basepage.py [line:89]: 清除"清空密码输入框",元素定位:('id', 'TANGRAM__PSP_4__password')
2022-11-14 11:02:31,853 - INFO basepage.py [line:41]: 查找"输入密码"元素，元素定位:('id', 'TANGRAM__PSP_4__password')
2022-11-14 11:02:31,855 - INFO basepage.py [line:76]: 在"输入密码"输入"y2571682",元素定位:('id', 'TANGRAM__PSP_4__password')
2022-11-14 11:02:31,893 - INFO basepage.py [line:41]: 查找"点击注册按钮"元素，元素定位:('id', 'TANGRAM__PSP_4__submit')
2022-11-14 11:02:31,899 - INFO basepage.py [line:64]: 点击"点击注册按钮",元素定位:('id', 'TANGRAM__PSP_4__submit')
2022-11-14 11:02:31,915 - INFO signup_page.py [line:29]: 【===结束注册操作===】
2022-11-14 11:02:36,925 - INFO basepage.py [line:41]: 查找"None"元素，元素定位:('class name', 'pass-confirmContent-msg')
2022-11-14 11:02:36,939 - INFO basepage.py [line:103]: 获取"None"元素文本内容，元素定位:('class name', 'pass-confirmContent-msg')
2022-11-14 11:02:36,952 - INFO basepage.py [line:106]: 获取"None"元素文本内容为"该手机已注册，可以通过密码或扫码方式登录。",元素定位:('class name', 'pass-confirmContent-msg')
2022-11-14 11:02:36,953 - INFO test_signup.py [line:26]: function teardown content
2022-11-14 11:02:37,027 - INFO test_signup.py [line:18]: Class teardown content
2022-11-14 11:02:37,036 - INFO run.py [line:43]: RunCase执行用例--结束
