2022-11-14 14:46:20,999 - INFO read_data.py [line:24]: 加载 /Users/yoga/Desktop/练手/框架模板/framework/config/setting.json 文件......
2022-11-14 14:46:21,002 - INFO read_data.py [line:27]: 读到数据 ==>>  {'browser_type': 'chrome', 'host': 'https://passport.baidu.com/v2/?reg&tt=1668347090908&overseas=undefined&gid=5D882F4-5ABB-4058-8BD4-6E7CE0ECA9BC&tpl=mn&u=https%3A%2F%2Fwww.baidu.com%2F', 'username': 'yoga', 'pwd': 'yoga'} 
2022-11-14 14:46:21,008 - INFO test_signup.py [line:17]: add_user_data is [['yoga', '13292679672', 'y1234567', '手机已注册'], ['yoga2', '13292679672', 'y1234568', '手机已注册']]
2022-11-14 14:46:21,009 - INFO test_signup.py [line:21]: class setup content
2022-11-14 14:46:21,009 - INFO test_signup.py [line:28]: function setup content
2022-11-14 14:46:24,094 - INFO driver.py [line:45]: 打开链接: https://passport.baidu.com/v2/?reg&tt=1668347090908&overseas=undefined&gid=5D882F4-5ABB-4058-8BD4-6E7CE0ECA9BC&tpl=mn&u=https%3A%2F%2Fwww.baidu.com%2F...
2022-11-14 14:46:24,094 - INFO driver.py [line:46]: WebDriver 初始化完成！
2022-11-14 14:46:24,094 - INFO signup_page.py [line:17]: 【===开始注册操作===】
2022-11-14 14:46:27,099 - INFO basepage.py [line:41]: 查找"清空用户名输入框"元素，元素定位:('id', 'TANGRAM__PSP_4__userName')
2022-11-14 14:46:27,118 - INFO basepage.py [line:89]: 清除"清空用户名输入框",元素定位:('id', 'TANGRAM__PSP_4__userName')
2022-11-14 14:46:27,144 - INFO basepage.py [line:41]: 查找"输入用户名"元素，元素定位:('id', 'TANGRAM__PSP_4__userName')
2022-11-14 14:46:27,148 - INFO basepage.py [line:76]: 在"输入用户名"输入"yoga",元素定位:('id', 'TANGRAM__PSP_4__userName')
2022-11-14 14:46:27,226 - INFO basepage.py [line:41]: 查找"清空手机号输入框"元素，元素定位:('id', 'TANGRAM__PSP_4__phone')
2022-11-14 14:46:27,232 - INFO basepage.py [line:89]: 清除"清空手机号输入框",元素定位:('id', 'TANGRAM__PSP_4__phone')
2022-11-14 14:46:27,245 - INFO basepage.py [line:41]: 查找"输入手机号"元素，元素定位:('id', 'TANGRAM__PSP_4__phone')
2022-11-14 14:46:27,247 - INFO basepage.py [line:76]: 在"输入手机号"输入"13292679672",元素定位:('id', 'TANGRAM__PSP_4__phone')
2022-11-14 14:46:27,273 - INFO basepage.py [line:41]: 查找"清空密码输入框"元素，元素定位:('id', 'TANGRAM__PSP_4__password')
2022-11-14 14:46:27,277 - INFO basepage.py [line:89]: 清除"清空密码输入框",元素定位:('id', 'TANGRAM__PSP_4__password')
2022-11-14 14:46:27,290 - INFO basepage.py [line:41]: 查找"输入密码"元素，元素定位:('id', 'TANGRAM__PSP_4__password')
2022-11-14 14:46:27,292 - INFO basepage.py [line:76]: 在"输入密码"输入"y1234567",元素定位:('id', 'TANGRAM__PSP_4__password')
2022-11-14 14:46:27,324 - INFO basepage.py [line:41]: 查找"注册按钮"元素，元素定位:('id', 'TANGRAM__PSP_4__submit')
2022-11-14 14:46:27,328 - INFO basepage.py [line:64]: 点击"注册按钮",元素定位:('id', 'TANGRAM__PSP_4__submit')
2022-11-14 14:46:29,352 - INFO basepage.py [line:41]: 查找"提示框文本"元素，元素定位:('class name', 'pass-confirmContent-msg')
2022-11-14 14:46:29,367 - INFO basepage.py [line:103]: 获取"提示框文本"元素文本内容，元素定位:('class name', 'pass-confirmContent-msg')
2022-11-14 14:46:29,382 - INFO basepage.py [line:106]: 获取"提示框文本"元素文本内容为"该手机已注册，可以通过密码或扫码方式登录。",元素定位:('class name', 'pass-confirmContent-msg')
2022-11-14 14:46:29,382 - INFO signup_page.py [line:34]: 获取到结果文本该手机已注册，可以通过密码或扫码方式登录。
2022-11-14 14:46:29,382 - INFO basepage.py [line:41]: 查找"取消按钮"元素，元素定位:('id', 'TANGRAM__PSP_30__confirm_cancel')
2022-11-14 14:46:29,391 - INFO basepage.py [line:64]: 点击"取消按钮",元素定位:('id', 'TANGRAM__PSP_30__confirm_cancel')
2022-11-14 14:46:49,468 - INFO signup_page.py [line:38]: 【===结束注册操作===】
2022-11-14 14:46:49,468 - INFO test_signup.py [line:33]: function teardown content
2022-11-14 14:46:49,559 - INFO test_signup.py [line:28]: function setup content
2022-11-14 14:46:49,559 - INFO signup_page.py [line:17]: 【===开始注册操作===】
2022-11-14 14:46:52,564 - INFO basepage.py [line:41]: 查找"清空用户名输入框"元素，元素定位:('id', 'TANGRAM__PSP_4__userName')
2022-11-14 14:46:52,569 - WARNING connectionpool.py [line:812]: Retrying (Retry(total=2, connect=None, read=None, redirect=None, status=None)) after connection broken by 'NewConnectionError('<urllib3.connection.HTTPConnection object at 0x104a2c790>: Failed to establish a new connection: [Errno 61] Connection refused')': /session/577c7cb0dae06334c7b26a6523f0b5c8/element
2022-11-14 14:46:52,570 - WARNING connectionpool.py [line:812]: Retrying (Retry(total=1, connect=None, read=None, redirect=None, status=None)) after connection broken by 'NewConnectionError('<urllib3.connection.HTTPConnection object at 0x104a46580>: Failed to establish a new connection: [Errno 61] Connection refused')': /session/577c7cb0dae06334c7b26a6523f0b5c8/element
2022-11-14 14:46:52,571 - WARNING connectionpool.py [line:812]: Retrying (Retry(total=0, connect=None, read=None, redirect=None, status=None)) after connection broken by 'NewConnectionError('<urllib3.connection.HTTPConnection object at 0x104a466d0>: Failed to establish a new connection: [Errno 61] Connection refused')': /session/577c7cb0dae06334c7b26a6523f0b5c8/element
2022-11-14 14:46:52,573 - INFO test_signup.py [line:33]: function teardown content
2022-11-14 14:46:52,574 - WARNING connectionpool.py [line:812]: Retrying (Retry(total=2, connect=None, read=None, redirect=None, status=None)) after connection broken by 'NewConnectionError('<urllib3.connection.HTTPConnection object at 0x104a469d0>: Failed to establish a new connection: [Errno 61] Connection refused')': /session/577c7cb0dae06334c7b26a6523f0b5c8
2022-11-14 14:46:52,575 - WARNING connectionpool.py [line:812]: Retrying (Retry(total=1, connect=None, read=None, redirect=None, status=None)) after connection broken by 'NewConnectionError('<urllib3.connection.HTTPConnection object at 0x104a46be0>: Failed to establish a new connection: [Errno 61] Connection refused')': /session/577c7cb0dae06334c7b26a6523f0b5c8
2022-11-14 14:46:52,576 - WARNING connectionpool.py [line:812]: Retrying (Retry(total=0, connect=None, read=None, redirect=None, status=None)) after connection broken by 'NewConnectionError('<urllib3.connection.HTTPConnection object at 0x104a46d00>: Failed to establish a new connection: [Errno 61] Connection refused')': /session/577c7cb0dae06334c7b26a6523f0b5c8
2022-11-14 14:46:52,589 - INFO test_signup.py [line:25]: Class teardown content
