2022-11-14 14:12:43,294 - INFO read_data.py [line:24]: 加载 /Users/yoga/Desktop/练手/框架模板/framework/config/setting.json 文件......
2022-11-14 14:12:43,297 - INFO read_data.py [line:27]: 读到数据 ==>>  {'browser_type': 'chrome', 'host': 'https://passport.baidu.com/v2/?reg&tt=1668347090908&overseas=undefined&gid=5D882F4-5ABB-4058-8BD4-6E7CE0ECA9BC&tpl=mn&u=https%3A%2F%2Fwww.baidu.com%2F', 'username': 'yoga', 'pwd': 'yoga'} 
2022-11-14 14:12:43,306 - INFO test_signup.py [line:17]: add_user_data is [['yoga', '13292679672', 'y1234567', '手机已注册'], ['yoga2', '13292679672', 'y1234568', '手机已注册']]
2022-11-14 14:12:43,306 - INFO test_signup.py [line:21]: class setup content
2022-11-14 14:12:43,307 - INFO test_signup.py [line:28]: function setup content
2022-11-14 14:12:49,792 - INFO driver.py [line:45]: 打开链接: https://passport.baidu.com/v2/?reg&tt=1668347090908&overseas=undefined&gid=5D882F4-5ABB-4058-8BD4-6E7CE0ECA9BC&tpl=mn&u=https%3A%2F%2Fwww.baidu.com%2F...
2022-11-14 14:12:49,793 - INFO driver.py [line:46]: WebDriver 初始化完成！
2022-11-14 14:12:49,793 - INFO signup_page.py [line:15]: 【===开始注册操作===】
2022-11-14 14:12:49,793 - INFO basepage.py [line:27]: 等待"等待用户名输入框"元素,定位方式:('id', 'TANGRAM__PSP_4__userName')
2022-11-14 14:12:49,817 - INFO basepage.py [line:32]: 等待"等待用户名输入框"时长:0:00:00.023874
2022-11-14 14:12:49,818 - INFO basepage.py [line:41]: 查找"清空用户名输入框"元素，元素定位:('id', 'TANGRAM__PSP_4__userName')
2022-11-14 14:12:49,822 - INFO basepage.py [line:89]: 清除"清空用户名输入框",元素定位:('id', 'TANGRAM__PSP_4__userName')
2022-11-14 14:12:49,844 - INFO basepage.py [line:41]: 查找"输入用户名"元素，元素定位:('id', 'TANGRAM__PSP_4__userName')
2022-11-14 14:12:49,847 - INFO basepage.py [line:76]: 在"输入用户名"输入"yoga",元素定位:('id', 'TANGRAM__PSP_4__userName')
2022-11-14 14:12:49,919 - INFO basepage.py [line:27]: 等待"等待手机号输入框"元素,定位方式:('id', 'TANGRAM__PSP_4__phone')
2022-11-14 14:12:49,931 - INFO basepage.py [line:32]: 等待"等待手机号输入框"时长:0:00:00.011300
2022-11-14 14:12:49,931 - INFO basepage.py [line:41]: 查找"清空手机号输入框"元素，元素定位:('id', 'TANGRAM__PSP_4__phone')
2022-11-14 14:12:49,934 - INFO basepage.py [line:89]: 清除"清空手机号输入框",元素定位:('id', 'TANGRAM__PSP_4__phone')
2022-11-14 14:12:49,946 - INFO basepage.py [line:41]: 查找"输入手机号"元素，元素定位:('id', 'TANGRAM__PSP_4__phone')
2022-11-14 14:12:49,949 - INFO basepage.py [line:76]: 在"输入手机号"输入"13292679672",元素定位:('id', 'TANGRAM__PSP_4__phone')
2022-11-14 14:12:49,969 - INFO basepage.py [line:27]: 等待"等待密码输入框"元素,定位方式:('id', 'TANGRAM__PSP_4__password')
2022-11-14 14:12:49,978 - INFO basepage.py [line:32]: 等待"等待密码输入框"时长:0:00:00.008126
2022-11-14 14:12:49,978 - INFO basepage.py [line:41]: 查找"清空密码输入框"元素，元素定位:('id', 'TANGRAM__PSP_4__password')
2022-11-14 14:12:49,980 - INFO basepage.py [line:89]: 清除"清空密码输入框",元素定位:('id', 'TANGRAM__PSP_4__password')
2022-11-14 14:12:49,992 - INFO basepage.py [line:41]: 查找"输入密码"元素，元素定位:('id', 'TANGRAM__PSP_4__password')
2022-11-14 14:12:49,994 - INFO basepage.py [line:76]: 在"输入密码"输入"y1234567",元素定位:('id', 'TANGRAM__PSP_4__password')
2022-11-14 14:12:50,028 - INFO basepage.py [line:41]: 查找"点击注册按钮"元素，元素定位:('id', 'TANGRAM__PSP_4__submit')
2022-11-14 14:12:50,033 - INFO basepage.py [line:64]: 点击"点击注册按钮",元素定位:('id', 'TANGRAM__PSP_4__submit')
2022-11-14 14:12:50,054 - INFO signup_page.py [line:29]: 【===结束注册操作===】
2022-11-14 14:12:55,061 - INFO basepage.py [line:41]: 查找"None"元素，元素定位:('class name', 'pass-confirmContent-msg')
2022-11-14 14:12:55,077 - INFO basepage.py [line:103]: 获取"None"元素文本内容，元素定位:('class name', 'pass-confirmContent-msg')
2022-11-14 14:12:55,090 - INFO basepage.py [line:106]: 获取"None"元素文本内容为"该手机已注册，可以通过密码或扫码方式登录。",元素定位:('class name', 'pass-confirmContent-msg')
2022-11-14 14:12:56,364 - INFO test_signup.py [line:33]: function teardown content
2022-11-14 14:12:56,447 - INFO test_signup.py [line:28]: function setup content
2022-11-14 14:12:56,447 - INFO signup_page.py [line:15]: 【===开始注册操作===】
2022-11-14 14:12:56,447 - INFO basepage.py [line:27]: 等待"等待用户名输入框"元素,定位方式:('id', 'TANGRAM__PSP_4__userName')
2022-11-14 14:12:56,449 - WARNING connectionpool.py [line:812]: Retrying (Retry(total=2, connect=None, read=None, redirect=None, status=None)) after connection broken by 'NewConnectionError('<urllib3.connection.HTTPConnection object at 0x1042ba3d0>: Failed to establish a new connection: [Errno 61] Connection refused')': /session/c56e57aa1730ac135c71f5e3591b9adf/element
2022-11-14 14:12:56,449 - WARNING connectionpool.py [line:812]: Retrying (Retry(total=1, connect=None, read=None, redirect=None, status=None)) after connection broken by 'NewConnectionError('<urllib3.connection.HTTPConnection object at 0x1042ba580>: Failed to establish a new connection: [Errno 61] Connection refused')': /session/c56e57aa1730ac135c71f5e3591b9adf/element
2022-11-14 14:12:56,450 - WARNING connectionpool.py [line:812]: Retrying (Retry(total=0, connect=None, read=None, redirect=None, status=None)) after connection broken by 'NewConnectionError('<urllib3.connection.HTTPConnection object at 0x1042ba7f0>: Failed to establish a new connection: [Errno 61] Connection refused')': /session/c56e57aa1730ac135c71f5e3591b9adf/element
2022-11-14 14:12:56,451 - INFO test_signup.py [line:33]: function teardown content
2022-11-14 14:12:56,452 - WARNING connectionpool.py [line:812]: Retrying (Retry(total=2, connect=None, read=None, redirect=None, status=None)) after connection broken by 'NewConnectionError('<urllib3.connection.HTTPConnection object at 0x1042bab20>: Failed to establish a new connection: [Errno 61] Connection refused')': /session/c56e57aa1730ac135c71f5e3591b9adf
2022-11-14 14:12:56,452 - WARNING connectionpool.py [line:812]: Retrying (Retry(total=1, connect=None, read=None, redirect=None, status=None)) after connection broken by 'NewConnectionError('<urllib3.connection.HTTPConnection object at 0x1042bad30>: Failed to establish a new connection: [Errno 61] Connection refused')': /session/c56e57aa1730ac135c71f5e3591b9adf
2022-11-14 14:12:56,453 - WARNING connectionpool.py [line:812]: Retrying (Retry(total=0, connect=None, read=None, redirect=None, status=None)) after connection broken by 'NewConnectionError('<urllib3.connection.HTTPConnection object at 0x1042bae50>: Failed to establish a new connection: [Errno 61] Connection refused')': /session/c56e57aa1730ac135c71f5e3591b9adf
2022-11-14 14:12:56,460 - INFO test_signup.py [line:25]: Class teardown content
