2022-11-14 14:10:04,068 - INFO read_data.py [line:24]: 加载 /Users/yoga/Desktop/练手/框架模板/framework/config/setting.json 文件......
2022-11-14 14:10:04,071 - INFO read_data.py [line:27]: 读到数据 ==>>  {'browser_type': 'chrome', 'host': 'https://passport.baidu.com/v2/?reg&tt=1668347090908&overseas=undefined&gid=5D882F4-5ABB-4058-8BD4-6E7CE0ECA9BC&tpl=mn&u=https%3A%2F%2Fwww.baidu.com%2F', 'username': 'yoga', 'pwd': 'yoga'} 
2022-11-14 14:10:04,078 - INFO test_signup.py [line:17]: add_user_data is [['yoga', '13292679672', 'y1234567', '手机已注册'], ['yoga2', '13292679672', 'y1234568', '手机已注册']]
2022-11-14 14:10:04,078 - INFO test_signup.py [line:21]: class setup content
2022-11-14 14:10:04,079 - INFO test_signup.py [line:28]: function setup content
2022-11-14 14:10:08,127 - INFO driver.py [line:45]: 打开链接: https://passport.baidu.com/v2/?reg&tt=1668347090908&overseas=undefined&gid=5D882F4-5ABB-4058-8BD4-6E7CE0ECA9BC&tpl=mn&u=https%3A%2F%2Fwww.baidu.com%2F...
2022-11-14 14:10:08,127 - INFO driver.py [line:46]: WebDriver 初始化完成！
2022-11-14 14:10:08,128 - INFO signup_page.py [line:15]: 【===开始注册操作===】
2022-11-14 14:10:08,128 - INFO basepage.py [line:27]: 等待"等待用户名输入框"元素,定位方式:('id', 'TANGRAM__PSP_4__userName')
2022-11-14 14:10:08,139 - INFO basepage.py [line:32]: 等待"等待用户名输入框"时长:0:00:00.011621
2022-11-14 14:10:08,139 - INFO basepage.py [line:41]: 查找"清空用户名输入框"元素，元素定位:('id', 'TANGRAM__PSP_4__userName')
2022-11-14 14:10:08,142 - INFO basepage.py [line:89]: 清除"清空用户名输入框",元素定位:('id', 'TANGRAM__PSP_4__userName')
2022-11-14 14:10:08,158 - INFO basepage.py [line:41]: 查找"输入用户名"元素，元素定位:('id', 'TANGRAM__PSP_4__userName')
2022-11-14 14:10:08,160 - INFO basepage.py [line:76]: 在"输入用户名"输入"yoga",元素定位:('id', 'TANGRAM__PSP_4__userName')
2022-11-14 14:10:08,228 - INFO basepage.py [line:27]: 等待"等待手机号输入框"元素,定位方式:('id', 'TANGRAM__PSP_4__phone')
2022-11-14 14:10:08,240 - INFO basepage.py [line:32]: 等待"等待手机号输入框"时长:0:00:00.011662
2022-11-14 14:10:08,240 - INFO basepage.py [line:41]: 查找"清空手机号输入框"元素，元素定位:('id', 'TANGRAM__PSP_4__phone')
2022-11-14 14:10:08,243 - INFO basepage.py [line:89]: 清除"清空手机号输入框",元素定位:('id', 'TANGRAM__PSP_4__phone')
2022-11-14 14:10:08,256 - INFO basepage.py [line:41]: 查找"输入手机号"元素，元素定位:('id', 'TANGRAM__PSP_4__phone')
2022-11-14 14:10:08,259 - INFO basepage.py [line:76]: 在"输入手机号"输入"13292679672",元素定位:('id', 'TANGRAM__PSP_4__phone')
2022-11-14 14:10:08,285 - INFO basepage.py [line:27]: 等待"等待密码输入框"元素,定位方式:('id', 'TANGRAM__PSP_4__password')
2022-11-14 14:10:08,293 - INFO basepage.py [line:32]: 等待"等待密码输入框"时长:0:00:00.008149
2022-11-14 14:10:08,294 - INFO basepage.py [line:41]: 查找"清空密码输入框"元素，元素定位:('id', 'TANGRAM__PSP_4__password')
2022-11-14 14:10:08,296 - INFO basepage.py [line:89]: 清除"清空密码输入框",元素定位:('id', 'TANGRAM__PSP_4__password')
2022-11-14 14:10:08,308 - INFO basepage.py [line:41]: 查找"输入密码"元素，元素定位:('id', 'TANGRAM__PSP_4__password')
2022-11-14 14:10:08,310 - INFO basepage.py [line:76]: 在"输入密码"输入"y1234567",元素定位:('id', 'TANGRAM__PSP_4__password')
2022-11-14 14:10:08,345 - INFO basepage.py [line:41]: 查找"点击注册按钮"元素，元素定位:('id', 'TANGRAM__PSP_4__submit')
2022-11-14 14:10:08,350 - INFO basepage.py [line:64]: 点击"点击注册按钮",元素定位:('id', 'TANGRAM__PSP_4__submit')
2022-11-14 14:10:08,368 - INFO signup_page.py [line:29]: 【===结束注册操作===】
2022-11-14 14:10:13,377 - INFO basepage.py [line:41]: 查找"None"元素，元素定位:('class name', 'pass-confirmContent-msg')
2022-11-14 14:10:13,392 - INFO basepage.py [line:103]: 获取"None"元素文本内容，元素定位:('class name', 'pass-confirmContent-msg')
2022-11-14 14:10:13,405 - INFO basepage.py [line:106]: 获取"None"元素文本内容为"该手机已注册，可以通过密码或扫码方式登录。",元素定位:('class name', 'pass-confirmContent-msg')
2022-11-14 14:10:14,331 - INFO test_signup.py [line:33]: function teardown content
2022-11-14 14:10:14,408 - INFO test_signup.py [line:28]: function setup content
2022-11-14 14:10:14,408 - INFO signup_page.py [line:15]: 【===开始注册操作===】
2022-11-14 14:10:14,408 - INFO basepage.py [line:27]: 等待"等待用户名输入框"元素,定位方式:('id', 'TANGRAM__PSP_4__userName')
2022-11-14 14:10:14,410 - WARNING connectionpool.py [line:812]: Retrying (Retry(total=2, connect=None, read=None, redirect=None, status=None)) after connection broken by 'NewConnectionError('<urllib3.connection.HTTPConnection object at 0x104077430>: Failed to establish a new connection: [Errno 61] Connection refused')': /session/0bf9656d5fca0053bce4455566f0d091/element
2022-11-14 14:10:14,410 - WARNING connectionpool.py [line:812]: Retrying (Retry(total=1, connect=None, read=None, redirect=None, status=None)) after connection broken by 'NewConnectionError('<urllib3.connection.HTTPConnection object at 0x1040775e0>: Failed to establish a new connection: [Errno 61] Connection refused')': /session/0bf9656d5fca0053bce4455566f0d091/element
2022-11-14 14:10:14,411 - WARNING connectionpool.py [line:812]: Retrying (Retry(total=0, connect=None, read=None, redirect=None, status=None)) after connection broken by 'NewConnectionError('<urllib3.connection.HTTPConnection object at 0x104077850>: Failed to establish a new connection: [Errno 61] Connection refused')': /session/0bf9656d5fca0053bce4455566f0d091/element
2022-11-14 14:10:14,412 - INFO test_signup.py [line:33]: function teardown content
2022-11-14 14:10:14,412 - WARNING connectionpool.py [line:812]: Retrying (Retry(total=2, connect=None, read=None, redirect=None, status=None)) after connection broken by 'NewConnectionError('<urllib3.connection.HTTPConnection object at 0x104077b80>: Failed to establish a new connection: [Errno 61] Connection refused')': /session/0bf9656d5fca0053bce4455566f0d091
2022-11-14 14:10:14,413 - WARNING connectionpool.py [line:812]: Retrying (Retry(total=1, connect=None, read=None, redirect=None, status=None)) after connection broken by 'NewConnectionError('<urllib3.connection.HTTPConnection object at 0x104077d90>: Failed to establish a new connection: [Errno 61] Connection refused')': /session/0bf9656d5fca0053bce4455566f0d091
2022-11-14 14:10:14,414 - WARNING connectionpool.py [line:812]: Retrying (Retry(total=0, connect=None, read=None, redirect=None, status=None)) after connection broken by 'NewConnectionError('<urllib3.connection.HTTPConnection object at 0x104077eb0>: Failed to establish a new connection: [Errno 61] Connection refused')': /session/0bf9656d5fca0053bce4455566f0d091
2022-11-14 14:10:14,422 - INFO test_signup.py [line:25]: Class teardown content
