2022-11-14 14:48:28,776 - INFO read_data.py [line:24]: 加载 /Users/yoga/Desktop/练手/框架模板/framework/config/setting.json 文件......
2022-11-14 14:48:28,778 - INFO read_data.py [line:27]: 读到数据 ==>>  {'browser_type': 'chrome', 'host': 'https://passport.baidu.com/v2/?reg&tt=1668347090908&overseas=undefined&gid=5D882F4-5ABB-4058-8BD4-6E7CE0ECA9BC&tpl=mn&u=https%3A%2F%2Fwww.baidu.com%2F', 'username': 'yoga', 'pwd': 'yoga'} 
2022-11-14 14:48:28,784 - INFO test_signup.py [line:17]: add_user_data is [['yoga', '13292679672', 'y1234567', '手机已注册'], ['yoga2', '13292679672', 'y1234568', '手机已注册']]
2022-11-14 14:48:28,785 - INFO test_signup.py [line:21]: class setup content
2022-11-14 14:48:28,786 - INFO test_signup.py [line:28]: function setup content
2022-11-14 14:48:30,966 - INFO driver.py [line:45]: 打开链接: https://passport.baidu.com/v2/?reg&tt=1668347090908&overseas=undefined&gid=5D882F4-5ABB-4058-8BD4-6E7CE0ECA9BC&tpl=mn&u=https%3A%2F%2Fwww.baidu.com%2F...
2022-11-14 14:48:30,966 - INFO driver.py [line:46]: WebDriver 初始化完成！
2022-11-14 14:48:30,967 - INFO signup_page.py [line:17]: 【===开始注册操作===】
2022-11-14 14:49:47,597 - INFO basepage.py [line:41]: 查找"None"元素，元素定位:('id', 'TANGRAM__PSP_4__userName')
2022-11-14 14:49:56,698 - INFO basepage.py [line:27]: 等待"等待用户名输入框"元素,定位方式:('id', 'TANGRAM__PSP_4__userName')
2022-11-14 14:49:56,714 - INFO basepage.py [line:32]: 等待"等待用户名输入框"时长:0:00:00.016077
2022-11-14 14:50:03,793 - INFO basepage.py [line:41]: 查找"清空用户名输入框"元素，元素定位:('id', 'TANGRAM__PSP_4__userName')
2022-11-14 14:50:03,800 - INFO basepage.py [line:89]: 清除"清空用户名输入框",元素定位:('id', 'TANGRAM__PSP_4__userName')
2022-11-14 14:50:03,820 - INFO basepage.py [line:41]: 查找"输入用户名"元素，元素定位:('id', 'TANGRAM__PSP_4__userName')
2022-11-14 14:50:03,824 - INFO basepage.py [line:76]: 在"输入用户名"输入"yoga",元素定位:('id', 'TANGRAM__PSP_4__userName')
2022-11-14 14:50:03,904 - INFO basepage.py [line:27]: 等待"等待手机号输入框"元素,定位方式:('id', 'TANGRAM__PSP_4__phone')
2022-11-14 14:50:03,915 - INFO basepage.py [line:32]: 等待"等待手机号输入框"时长:0:00:00.011219
2022-11-14 14:50:03,915 - INFO basepage.py [line:41]: 查找"清空手机号输入框"元素，元素定位:('id', 'TANGRAM__PSP_4__phone')
2022-11-14 14:50:03,918 - INFO basepage.py [line:89]: 清除"清空手机号输入框",元素定位:('id', 'TANGRAM__PSP_4__phone')
2022-11-14 14:50:03,931 - INFO basepage.py [line:41]: 查找"输入手机号"元素，元素定位:('id', 'TANGRAM__PSP_4__phone')
2022-11-14 14:50:03,934 - INFO basepage.py [line:76]: 在"输入手机号"输入"13292679672",元素定位:('id', 'TANGRAM__PSP_4__phone')
2022-11-14 14:50:03,957 - INFO basepage.py [line:27]: 等待"等待密码输入框"元素,定位方式:('id', 'TANGRAM__PSP_4__password')
2022-11-14 14:50:03,966 - INFO basepage.py [line:32]: 等待"等待密码输入框"时长:0:00:00.008706
2022-11-14 14:50:03,966 - INFO basepage.py [line:41]: 查找"清空密码输入框"元素，元素定位:('id', 'TANGRAM__PSP_4__password')
2022-11-14 14:50:03,969 - INFO basepage.py [line:89]: 清除"清空密码输入框",元素定位:('id', 'TANGRAM__PSP_4__password')
2022-11-14 14:50:03,981 - INFO basepage.py [line:41]: 查找"输入密码"元素，元素定位:('id', 'TANGRAM__PSP_4__password')
2022-11-14 14:50:03,984 - INFO basepage.py [line:76]: 在"输入密码"输入"y1234567",元素定位:('id', 'TANGRAM__PSP_4__password')
2022-11-14 14:50:04,031 - INFO basepage.py [line:41]: 查找"点击注册按钮"元素，元素定位:('id', 'TANGRAM__PSP_4__submit')
2022-11-14 14:50:04,037 - INFO basepage.py [line:64]: 点击"点击注册按钮",元素定位:('id', 'TANGRAM__PSP_4__submit')
2022-11-14 14:50:06,060 - INFO basepage.py [line:41]: 查找"提示框文本"元素，元素定位:('class name', 'pass-confirmContent-msg')
2022-11-14 14:50:06,078 - INFO basepage.py [line:103]: 获取"提示框文本"元素文本内容，元素定位:('class name', 'pass-confirmContent-msg')
2022-11-14 14:50:06,091 - INFO basepage.py [line:106]: 获取"提示框文本"元素文本内容为"该手机已注册，可以通过密码或扫码方式登录。",元素定位:('class name', 'pass-confirmContent-msg')
2022-11-14 14:50:06,091 - INFO signup_page.py [line:34]: 获取到结果文本该手机已注册，可以通过密码或扫码方式登录。
2022-11-14 14:50:06,091 - INFO basepage.py [line:41]: 查找"点击取消按钮"元素，元素定位:('id', 'TANGRAM__PSP_30__confirm_cancel')
2022-11-14 14:50:06,100 - INFO basepage.py [line:64]: 点击"点击取消按钮",元素定位:('id', 'TANGRAM__PSP_30__confirm_cancel')
2022-11-14 14:50:16,145 - INFO signup_page.py [line:38]: 【===结束注册操作===】
2022-11-14 14:50:16,147 - INFO test_signup.py [line:33]: function teardown content
2022-11-14 14:50:16,269 - INFO test_signup.py [line:28]: function setup content
2022-11-14 14:50:16,270 - INFO signup_page.py [line:17]: 【===开始注册操作===】
2022-11-14 14:50:55,292 - INFO basepage.py [line:41]: 查找"None"元素，元素定位:('id', 'TANGRAM__PSP_4__userName')
2022-11-14 14:50:55,294 - WARNING connectionpool.py [line:812]: Retrying (Retry(total=2, connect=None, read=None, redirect=None, status=None)) after connection broken by 'NewConnectionError('<urllib3.connection.HTTPConnection object at 0x102674520>: Failed to establish a new connection: [Errno 61] Connection refused')': /session/594e290066345f0c917398fbae4970b5/element
2022-11-14 14:50:55,295 - WARNING connectionpool.py [line:812]: Retrying (Retry(total=1, connect=None, read=None, redirect=None, status=None)) after connection broken by 'NewConnectionError('<urllib3.connection.HTTPConnection object at 0x102674f70>: Failed to establish a new connection: [Errno 61] Connection refused')': /session/594e290066345f0c917398fbae4970b5/element
2022-11-14 14:50:55,296 - WARNING connectionpool.py [line:812]: Retrying (Retry(total=0, connect=None, read=None, redirect=None, status=None)) after connection broken by 'NewConnectionError('<urllib3.connection.HTTPConnection object at 0x10268b160>: Failed to establish a new connection: [Errno 61] Connection refused')': /session/594e290066345f0c917398fbae4970b5/element
