2022-11-14 13:58:15,925 - INFO read_data.py [line:24]: 加载 /Users/yoga/Desktop/练手/框架模板/framework/config/setting.json 文件......
2022-11-14 13:58:15,928 - INFO read_data.py [line:27]: 读到数据 ==>>  {'browser_type': 'chrome', 'host': 'https://passport.baidu.com/v2/?reg&tt=1668347090908&overseas=undefined&gid=5D882F4-5ABB-4058-8BD4-6E7CE0ECA9BC&tpl=mn&u=https%3A%2F%2Fwww.baidu.com%2F', 'username': 'yoga', 'pwd': 'yoga'} 
2022-11-14 13:58:15,934 - INFO test_signup.py [line:17]: add_user_data is [['yoga', '13292679672', 'y1234567', '手机已注册'], ['yoga2', '13292679672', 'y1234568', '手机已注册']]
2022-11-14 13:58:15,935 - INFO test_signup.py [line:21]: class setup content
2022-11-14 13:58:15,935 - INFO test_signup.py [line:28]: function setup content
2022-11-14 13:58:27,160 - INFO driver.py [line:45]: 打开链接: https://passport.baidu.com/v2/?reg&tt=1668347090908&overseas=undefined&gid=5D882F4-5ABB-4058-8BD4-6E7CE0ECA9BC&tpl=mn&u=https%3A%2F%2Fwww.baidu.com%2F...
2022-11-14 13:58:27,161 - INFO driver.py [line:46]: WebDriver 初始化完成！
2022-11-14 13:58:27,161 - INFO signup_page.py [line:15]: 【===开始注册操作===】
2022-11-14 13:58:27,161 - INFO basepage.py [line:27]: 等待"等待用户名输入框"元素,定位方式:('id', 'TANGRAM__PSP_4__userName')
2022-11-14 13:58:27,186 - INFO basepage.py [line:32]: 等待"等待用户名输入框"时长:0:00:00.024469
2022-11-14 13:58:27,186 - INFO basepage.py [line:41]: 查找"清空用户名输入框"元素，元素定位:('id', 'TANGRAM__PSP_4__userName')
2022-11-14 13:58:27,190 - INFO basepage.py [line:89]: 清除"清空用户名输入框",元素定位:('id', 'TANGRAM__PSP_4__userName')
2022-11-14 13:58:27,211 - INFO basepage.py [line:41]: 查找"输入用户名"元素，元素定位:('id', 'TANGRAM__PSP_4__userName')
2022-11-14 13:58:27,214 - INFO basepage.py [line:76]: 在"输入用户名"输入"yoga",元素定位:('id', 'TANGRAM__PSP_4__userName')
2022-11-14 13:58:27,286 - INFO basepage.py [line:27]: 等待"等待手机号输入框"元素,定位方式:('id', 'TANGRAM__PSP_4__phone')
2022-11-14 13:58:27,298 - INFO basepage.py [line:32]: 等待"等待手机号输入框"时长:0:00:00.011642
2022-11-14 13:58:27,298 - INFO basepage.py [line:41]: 查找"清空手机号输入框"元素，元素定位:('id', 'TANGRAM__PSP_4__phone')
2022-11-14 13:58:27,300 - INFO basepage.py [line:89]: 清除"清空手机号输入框",元素定位:('id', 'TANGRAM__PSP_4__phone')
2022-11-14 13:58:27,313 - INFO basepage.py [line:41]: 查找"输入手机号"元素，元素定位:('id', 'TANGRAM__PSP_4__phone')
2022-11-14 13:58:27,316 - INFO basepage.py [line:76]: 在"输入手机号"输入"13292679672",元素定位:('id', 'TANGRAM__PSP_4__phone')
2022-11-14 13:58:27,341 - INFO basepage.py [line:27]: 等待"等待密码输入框"元素,定位方式:('id', 'TANGRAM__PSP_4__password')
2022-11-14 13:58:27,350 - INFO basepage.py [line:32]: 等待"等待密码输入框"时长:0:00:00.008547
2022-11-14 13:58:27,350 - INFO basepage.py [line:41]: 查找"清空密码输入框"元素，元素定位:('id', 'TANGRAM__PSP_4__password')
2022-11-14 13:58:27,353 - INFO basepage.py [line:89]: 清除"清空密码输入框",元素定位:('id', 'TANGRAM__PSP_4__password')
2022-11-14 13:58:27,365 - INFO basepage.py [line:41]: 查找"输入密码"元素，元素定位:('id', 'TANGRAM__PSP_4__password')
2022-11-14 13:58:27,368 - INFO basepage.py [line:76]: 在"输入密码"输入"y1234567",元素定位:('id', 'TANGRAM__PSP_4__password')
2022-11-14 13:58:27,404 - INFO basepage.py [line:41]: 查找"点击注册按钮"元素，元素定位:('id', 'TANGRAM__PSP_4__submit')
2022-11-14 13:58:27,408 - INFO basepage.py [line:64]: 点击"点击注册按钮",元素定位:('id', 'TANGRAM__PSP_4__submit')
2022-11-14 13:58:27,425 - INFO signup_page.py [line:29]: 【===结束注册操作===】
2022-11-14 13:58:32,434 - INFO basepage.py [line:41]: 查找"None"元素，元素定位:('class name', 'pass-confirmContent-msg')
2022-11-14 13:58:32,450 - INFO basepage.py [line:103]: 获取"None"元素文本内容，元素定位:('class name', 'pass-confirmContent-msg')
2022-11-14 13:58:32,464 - INFO basepage.py [line:106]: 获取"None"元素文本内容为"该手机已注册，可以通过密码或扫码方式登录。",元素定位:('class name', 'pass-confirmContent-msg')
2022-11-14 13:58:32,464 - INFO test_signup.py [line:31]: function teardown content
2022-11-14 13:58:32,538 - INFO test_signup.py [line:28]: function setup content
2022-11-14 13:58:32,539 - INFO signup_page.py [line:15]: 【===开始注册操作===】
2022-11-14 13:58:32,539 - INFO basepage.py [line:27]: 等待"等待用户名输入框"元素,定位方式:('id', 'TANGRAM__PSP_4__userName')
2022-11-14 13:58:32,541 - WARNING connectionpool.py [line:812]: Retrying (Retry(total=2, connect=None, read=None, redirect=None, status=None)) after connection broken by 'NewConnectionError('<urllib3.connection.HTTPConnection object at 0x104294670>: Failed to establish a new connection: [Errno 61] Connection refused')': /session/1e47c686e3cb85abb94b596800469dde/element
2022-11-14 13:58:32,542 - WARNING connectionpool.py [line:812]: Retrying (Retry(total=1, connect=None, read=None, redirect=None, status=None)) after connection broken by 'NewConnectionError('<urllib3.connection.HTTPConnection object at 0x104294430>: Failed to establish a new connection: [Errno 61] Connection refused')': /session/1e47c686e3cb85abb94b596800469dde/element
2022-11-14 13:58:32,543 - WARNING connectionpool.py [line:812]: Retrying (Retry(total=0, connect=None, read=None, redirect=None, status=None)) after connection broken by 'NewConnectionError('<urllib3.connection.HTTPConnection object at 0x104294820>: Failed to establish a new connection: [Errno 61] Connection refused')': /session/1e47c686e3cb85abb94b596800469dde/element
2022-11-14 13:58:32,543 - INFO test_signup.py [line:31]: function teardown content
2022-11-14 13:58:32,544 - WARNING connectionpool.py [line:812]: Retrying (Retry(total=2, connect=None, read=None, redirect=None, status=None)) after connection broken by 'NewConnectionError('<urllib3.connection.HTTPConnection object at 0x104294b50>: Failed to establish a new connection: [Errno 61] Connection refused')': /session/1e47c686e3cb85abb94b596800469dde
2022-11-14 13:58:32,544 - WARNING connectionpool.py [line:812]: Retrying (Retry(total=1, connect=None, read=None, redirect=None, status=None)) after connection broken by 'NewConnectionError('<urllib3.connection.HTTPConnection object at 0x104294d60>: Failed to establish a new connection: [Errno 61] Connection refused')': /session/1e47c686e3cb85abb94b596800469dde
2022-11-14 13:58:32,545 - WARNING connectionpool.py [line:812]: Retrying (Retry(total=0, connect=None, read=None, redirect=None, status=None)) after connection broken by 'NewConnectionError('<urllib3.connection.HTTPConnection object at 0x104294e80>: Failed to establish a new connection: [Errno 61] Connection refused')': /session/1e47c686e3cb85abb94b596800469dde
2022-11-14 13:58:32,554 - INFO test_signup.py [line:25]: Class teardown content
