2022-11-14 15:10:45,741 - INFO read_data.py [line:24]: 加载 /Users/yoga/Desktop/练手/框架模板/framework/config/setting.json 文件......
2022-11-14 15:10:45,744 - INFO read_data.py [line:27]: 读到数据 ==>>  {'browser_type': 'chrome', 'host': 'https://passport.baidu.com/v2/?reg&tt=1668347090908&overseas=undefined&gid=5D882F4-5ABB-4058-8BD4-6E7CE0ECA9BC&tpl=mn&u=https%3A%2F%2Fwww.baidu.com%2F', 'username': 'yoga', 'pwd': 'yoga'} 
2022-11-14 15:10:45,751 - INFO test_signup.py [line:17]: add_user_data is [['yoga', '13292679672', 'y1234567', '手机已注册'], ['yoga2', '13292679672', 'y1234568', '手机已注册']]
2022-11-14 15:10:45,751 - INFO test_signup.py [line:21]: class setup content
2022-11-14 15:10:45,752 - INFO test_signup.py [line:28]: function setup content
2022-11-14 15:10:49,294 - INFO driver.py [line:45]: 打开链接: https://passport.baidu.com/v2/?reg&tt=1668347090908&overseas=undefined&gid=5D882F4-5ABB-4058-8BD4-6E7CE0ECA9BC&tpl=mn&u=https%3A%2F%2Fwww.baidu.com%2F...
2022-11-14 15:10:49,294 - INFO driver.py [line:46]: WebDriver 初始化完成！
2022-11-14 15:10:49,294 - INFO signup_page.py [line:17]: 【===开始注册操作===】
2022-11-14 15:10:52,299 - INFO basepage.py [line:26]: 等待"等待用户名输入框"元素,定位方式:('id', 'TANGRAM__PSP_4__userName')
2022-11-14 15:10:52,331 - INFO basepage.py [line:31]: 等待"等待用户名输入框"时长:0:00:00.031703
2022-11-14 15:10:52,332 - INFO basepage.py [line:40]: 查找"清空用户名输入框"元素，元素定位:('id', 'TANGRAM__PSP_4__userName')
2022-11-14 15:10:52,336 - INFO basepage.py [line:88]: 清除"清空用户名输入框",元素定位:('id', 'TANGRAM__PSP_4__userName')
2022-11-14 15:10:52,358 - INFO basepage.py [line:40]: 查找"输入用户名"元素，元素定位:('id', 'TANGRAM__PSP_4__userName')
2022-11-14 15:10:52,362 - INFO basepage.py [line:75]: 在"输入用户名"输入"yoga",元素定位:('id', 'TANGRAM__PSP_4__userName')
2022-11-14 15:10:52,434 - INFO basepage.py [line:26]: 等待"等待手机号输入框"元素,定位方式:('id', 'TANGRAM__PSP_4__phone')
2022-11-14 15:10:52,447 - INFO basepage.py [line:31]: 等待"等待手机号输入框"时长:0:00:00.012144
2022-11-14 15:10:52,447 - INFO basepage.py [line:40]: 查找"清空手机号输入框"元素，元素定位:('id', 'TANGRAM__PSP_4__phone')
2022-11-14 15:10:52,449 - INFO basepage.py [line:88]: 清除"清空手机号输入框",元素定位:('id', 'TANGRAM__PSP_4__phone')
2022-11-14 15:10:52,462 - INFO basepage.py [line:40]: 查找"输入手机号"元素，元素定位:('id', 'TANGRAM__PSP_4__phone')
2022-11-14 15:10:52,464 - INFO basepage.py [line:75]: 在"输入手机号"输入"13292679672",元素定位:('id', 'TANGRAM__PSP_4__phone')
2022-11-14 15:10:52,494 - INFO basepage.py [line:26]: 等待"等待密码输入框"元素,定位方式:('id', 'TANGRAM__PSP_4__password')
2022-11-14 15:10:52,502 - INFO basepage.py [line:31]: 等待"等待密码输入框"时长:0:00:00.008147
2022-11-14 15:10:52,502 - INFO basepage.py [line:40]: 查找"清空密码输入框"元素，元素定位:('id', 'TANGRAM__PSP_4__password')
2022-11-14 15:10:52,504 - INFO basepage.py [line:88]: 清除"清空密码输入框",元素定位:('id', 'TANGRAM__PSP_4__password')
2022-11-14 15:10:52,518 - INFO basepage.py [line:40]: 查找"输入密码"元素，元素定位:('id', 'TANGRAM__PSP_4__password')
2022-11-14 15:10:52,521 - INFO basepage.py [line:75]: 在"输入密码"输入"y1234567",元素定位:('id', 'TANGRAM__PSP_4__password')
2022-11-14 15:10:52,566 - INFO basepage.py [line:40]: 查找"点击注册按钮"元素，元素定位:('id', 'TANGRAM__PSP_4__submit')
2022-11-14 15:10:52,572 - INFO basepage.py [line:63]: 点击"点击注册按钮",元素定位:('id', 'TANGRAM__PSP_4__submit')
2022-11-14 15:10:54,596 - INFO basepage.py [line:40]: 查找"提示框文本"元素，元素定位:('class name', 'pass-confirmContent-msg')
2022-11-14 15:10:54,611 - INFO basepage.py [line:102]: 获取"提示框文本"元素文本内容，元素定位:('class name', 'pass-confirmContent-msg')
2022-11-14 15:10:54,625 - INFO basepage.py [line:105]: 获取"提示框文本"元素文本内容为"该手机已注册，可以通过密码或扫码方式登录。",元素定位:('class name', 'pass-confirmContent-msg')
2022-11-14 15:10:54,625 - INFO signup_page.py [line:34]: 获取到结果文本该手机已注册，可以通过密码或扫码方式登录。
2022-11-14 15:10:54,625 - INFO basepage.py [line:40]: 查找"点击取消按钮"元素，元素定位:('id', 'TANGRAM__PSP_30__confirm_cancel')
2022-11-14 15:10:54,633 - INFO basepage.py [line:63]: 点击"点击取消按钮",元素定位:('id', 'TANGRAM__PSP_30__confirm_cancel')
2022-11-14 15:10:56,720 - INFO signup_page.py [line:38]: 【===结束注册操作===】
2022-11-14 15:10:56,720 - INFO test_signup.py [line:33]: function teardown content
2022-11-14 15:10:56,801 - INFO test_signup.py [line:28]: function setup content
2022-11-14 15:10:56,801 - INFO signup_page.py [line:17]: 【===开始注册操作===】
2022-11-14 15:10:59,807 - INFO basepage.py [line:26]: 等待"等待用户名输入框"元素,定位方式:('id', 'TANGRAM__PSP_4__userName')
2022-11-14 15:10:59,811 - WARNING connectionpool.py [line:812]: Retrying (Retry(total=2, connect=None, read=None, redirect=None, status=None)) after connection broken by 'NewConnectionError('<urllib3.connection.HTTPConnection object at 0x10659b400>: Failed to establish a new connection: [Errno 61] Connection refused')': /session/2278f02bf4aa28abddb1bde65ed92f9c/element
2022-11-14 15:10:59,813 - WARNING connectionpool.py [line:812]: Retrying (Retry(total=1, connect=None, read=None, redirect=None, status=None)) after connection broken by 'NewConnectionError('<urllib3.connection.HTTPConnection object at 0x10659b5b0>: Failed to establish a new connection: [Errno 61] Connection refused')': /session/2278f02bf4aa28abddb1bde65ed92f9c/element
2022-11-14 15:10:59,815 - WARNING connectionpool.py [line:812]: Retrying (Retry(total=0, connect=None, read=None, redirect=None, status=None)) after connection broken by 'NewConnectionError('<urllib3.connection.HTTPConnection object at 0x10659b820>: Failed to establish a new connection: [Errno 61] Connection refused')': /session/2278f02bf4aa28abddb1bde65ed92f9c/element
2022-11-14 15:10:59,816 - INFO test_signup.py [line:33]: function teardown content
2022-11-14 15:10:59,818 - WARNING connectionpool.py [line:812]: Retrying (Retry(total=2, connect=None, read=None, redirect=None, status=None)) after connection broken by 'NewConnectionError('<urllib3.connection.HTTPConnection object at 0x10659bb50>: Failed to establish a new connection: [Errno 61] Connection refused')': /session/2278f02bf4aa28abddb1bde65ed92f9c
2022-11-14 15:10:59,820 - WARNING connectionpool.py [line:812]: Retrying (Retry(total=1, connect=None, read=None, redirect=None, status=None)) after connection broken by 'NewConnectionError('<urllib3.connection.HTTPConnection object at 0x10659bd60>: Failed to establish a new connection: [Errno 61] Connection refused')': /session/2278f02bf4aa28abddb1bde65ed92f9c
2022-11-14 15:10:59,821 - WARNING connectionpool.py [line:812]: Retrying (Retry(total=0, connect=None, read=None, redirect=None, status=None)) after connection broken by 'NewConnectionError('<urllib3.connection.HTTPConnection object at 0x10659be80>: Failed to establish a new connection: [Errno 61] Connection refused')': /session/2278f02bf4aa28abddb1bde65ed92f9c
2022-11-14 15:10:59,833 - INFO test_signup.py [line:25]: Class teardown content
