2022-11-14 14:29:50,075 - INFO read_data.py [line:24]: 加载 /Users/yoga/Desktop/练手/框架模板/framework/config/setting.json 文件......
2022-11-14 14:29:50,078 - INFO read_data.py [line:27]: 读到数据 ==>>  {'browser_type': 'chrome', 'host': 'https://passport.baidu.com/v2/?reg&tt=1668347090908&overseas=undefined&gid=5D882F4-5ABB-4058-8BD4-6E7CE0ECA9BC&tpl=mn&u=https%3A%2F%2Fwww.baidu.com%2F', 'username': 'yoga', 'pwd': 'yoga'} 
2022-11-14 14:29:50,084 - INFO test_signup.py [line:17]: add_user_data is [['yoga', '13292679672', 'y1234567', '手机已注册'], ['yoga2', '13292679672', 'y1234568', '手机已注册']]
2022-11-14 14:29:50,085 - INFO test_signup.py [line:21]: class setup content
2022-11-14 14:29:50,085 - INFO test_signup.py [line:28]: function setup content
2022-11-14 14:29:53,061 - INFO driver.py [line:45]: 打开链接: https://passport.baidu.com/v2/?reg&tt=1668347090908&overseas=undefined&gid=5D882F4-5ABB-4058-8BD4-6E7CE0ECA9BC&tpl=mn&u=https%3A%2F%2Fwww.baidu.com%2F...
2022-11-14 14:29:53,062 - INFO driver.py [line:46]: WebDriver 初始化完成！
2022-11-14 14:29:53,062 - INFO signup_page.py [line:17]: 【===开始注册操作===】
2022-11-14 14:29:53,062 - INFO basepage.py [line:27]: 等待"等待用户名输入框"元素,定位方式:('id', 'TANGRAM__PSP_4__userName')
2022-11-14 14:29:53,075 - INFO basepage.py [line:32]: 等待"等待用户名输入框"时长:0:00:00.013308
2022-11-14 14:29:53,075 - INFO basepage.py [line:41]: 查找"清空用户名输入框"元素，元素定位:('id', 'TANGRAM__PSP_4__userName')
2022-11-14 14:29:53,078 - INFO basepage.py [line:89]: 清除"清空用户名输入框",元素定位:('id', 'TANGRAM__PSP_4__userName')
2022-11-14 14:29:53,091 - INFO basepage.py [line:41]: 查找"输入用户名"元素，元素定位:('id', 'TANGRAM__PSP_4__userName')
2022-11-14 14:29:53,093 - INFO basepage.py [line:76]: 在"输入用户名"输入"yoga",元素定位:('id', 'TANGRAM__PSP_4__userName')
2022-11-14 14:29:53,170 - INFO basepage.py [line:27]: 等待"等待手机号输入框"元素,定位方式:('id', 'TANGRAM__PSP_4__phone')
2022-11-14 14:29:53,182 - INFO basepage.py [line:32]: 等待"等待手机号输入框"时长:0:00:00.011619
2022-11-14 14:29:53,182 - INFO basepage.py [line:41]: 查找"清空手机号输入框"元素，元素定位:('id', 'TANGRAM__PSP_4__phone')
2022-11-14 14:29:53,185 - INFO basepage.py [line:89]: 清除"清空手机号输入框",元素定位:('id', 'TANGRAM__PSP_4__phone')
2022-11-14 14:29:53,197 - INFO basepage.py [line:41]: 查找"输入手机号"元素，元素定位:('id', 'TANGRAM__PSP_4__phone')
2022-11-14 14:29:53,200 - INFO basepage.py [line:76]: 在"输入手机号"输入"13292679672",元素定位:('id', 'TANGRAM__PSP_4__phone')
2022-11-14 14:29:53,233 - INFO basepage.py [line:27]: 等待"等待密码输入框"元素,定位方式:('id', 'TANGRAM__PSP_4__password')
2022-11-14 14:29:53,242 - INFO basepage.py [line:32]: 等待"等待密码输入框"时长:0:00:00.008781
2022-11-14 14:29:53,242 - INFO basepage.py [line:41]: 查找"清空密码输入框"元素，元素定位:('id', 'TANGRAM__PSP_4__password')
2022-11-14 14:29:53,245 - INFO basepage.py [line:89]: 清除"清空密码输入框",元素定位:('id', 'TANGRAM__PSP_4__password')
2022-11-14 14:29:53,257 - INFO basepage.py [line:41]: 查找"输入密码"元素，元素定位:('id', 'TANGRAM__PSP_4__password')
2022-11-14 14:29:53,260 - INFO basepage.py [line:76]: 在"输入密码"输入"y1234567",元素定位:('id', 'TANGRAM__PSP_4__password')
2022-11-14 14:29:53,299 - INFO basepage.py [line:41]: 查找"点击注册按钮"元素，元素定位:('id', 'TANGRAM__PSP_4__submit')
2022-11-14 14:29:53,305 - INFO basepage.py [line:64]: 点击"点击注册按钮",元素定位:('id', 'TANGRAM__PSP_4__submit')
2022-11-14 14:29:55,328 - INFO basepage.py [line:41]: 查找"None"元素，元素定位:('class name', 'pass-confirmContent-msg')
2022-11-14 14:29:55,343 - INFO basepage.py [line:103]: 获取"None"元素文本内容，元素定位:('class name', 'pass-confirmContent-msg')
2022-11-14 14:29:55,357 - INFO basepage.py [line:106]: 获取"None"元素文本内容为"该手机已注册，可以通过密码或扫码方式登录。",元素定位:('class name', 'pass-confirmContent-msg')
2022-11-14 14:29:55,357 - INFO signup_page.py [line:33]: 获取到结果文本该手机已注册，可以通过密码或扫码方式登录。
2022-11-14 14:29:55,357 - INFO basepage.py [line:41]: 查找"点击取消按钮"元素，元素定位:('id', 'TANGRAM__PSP_30__confirm_cancel')
2022-11-14 14:29:55,365 - INFO basepage.py [line:64]: 点击"点击取消按钮",元素定位:('id', 'TANGRAM__PSP_30__confirm_cancel')
2022-11-14 14:29:55,450 - INFO signup_page.py [line:36]: 【===结束注册操作===】
2022-11-14 14:29:55,450 - INFO test_signup.py [line:33]: function teardown content
2022-11-14 14:29:55,522 - INFO test_signup.py [line:28]: function setup content
2022-11-14 14:29:55,522 - INFO signup_page.py [line:17]: 【===开始注册操作===】
2022-11-14 14:29:55,522 - INFO basepage.py [line:27]: 等待"等待用户名输入框"元素,定位方式:('id', 'TANGRAM__PSP_4__userName')
2022-11-14 14:29:55,524 - WARNING connectionpool.py [line:812]: Retrying (Retry(total=2, connect=None, read=None, redirect=None, status=None)) after connection broken by 'NewConnectionError('<urllib3.connection.HTTPConnection object at 0x103da8430>: Failed to establish a new connection: [Errno 61] Connection refused')': /session/89cb1af70a909f2f5b24ac018cb6fe70/element
2022-11-14 14:29:55,529 - WARNING connectionpool.py [line:812]: Retrying (Retry(total=1, connect=None, read=None, redirect=None, status=None)) after connection broken by 'NewConnectionError('<urllib3.connection.HTTPConnection object at 0x103da85e0>: Failed to establish a new connection: [Errno 61] Connection refused')': /session/89cb1af70a909f2f5b24ac018cb6fe70/element
2022-11-14 14:29:55,532 - WARNING connectionpool.py [line:812]: Retrying (Retry(total=0, connect=None, read=None, redirect=None, status=None)) after connection broken by 'NewConnectionError('<urllib3.connection.HTTPConnection object at 0x103da8850>: Failed to establish a new connection: [Errno 61] Connection refused')': /session/89cb1af70a909f2f5b24ac018cb6fe70/element
2022-11-14 14:29:55,532 - INFO test_signup.py [line:33]: function teardown content
2022-11-14 14:29:55,533 - WARNING connectionpool.py [line:812]: Retrying (Retry(total=2, connect=None, read=None, redirect=None, status=None)) after connection broken by 'NewConnectionError('<urllib3.connection.HTTPConnection object at 0x103da8b80>: Failed to establish a new connection: [Errno 61] Connection refused')': /session/89cb1af70a909f2f5b24ac018cb6fe70
2022-11-14 14:29:55,533 - WARNING connectionpool.py [line:812]: Retrying (Retry(total=1, connect=None, read=None, redirect=None, status=None)) after connection broken by 'NewConnectionError('<urllib3.connection.HTTPConnection object at 0x103da8d90>: Failed to establish a new connection: [Errno 61] Connection refused')': /session/89cb1af70a909f2f5b24ac018cb6fe70
2022-11-14 14:29:55,534 - WARNING connectionpool.py [line:812]: Retrying (Retry(total=0, connect=None, read=None, redirect=None, status=None)) after connection broken by 'NewConnectionError('<urllib3.connection.HTTPConnection object at 0x103da8eb0>: Failed to establish a new connection: [Errno 61] Connection refused')': /session/89cb1af70a909f2f5b24ac018cb6fe70
2022-11-14 14:29:55,541 - INFO test_signup.py [line:25]: Class teardown content
